{"uid":"4b4757e66a1912dae1a509f688f20b0f","children":[{"name":"Product defects","children":[{"name":"Unexpected error:\n    <*shell.ErrWithCmdOutput | 0xc000532408>: {\n        Underlying: <*exec.ExitError | 0xc0004ee1a0>{\n            ProcessState: {\n                pid: 6092,\n                status: 256,\n                rusage: {\n                    Utime: {Sec: 0, Usec: 150451},\n                    Stime: {Sec: 0, Usec: 59388},\n                    Maxrss: 78632,\n                    Ixrss: 0,\n                    Idrss: 0,\n                    Isrss: 0,\n                    Minflt: 5057,\n                    Majflt: 0,\n                    Nswap: 0,\n                    Inblock: 0,\n                    Oublock: 13616,\n                    Msgsnd: 0,\n                    Msgrcv: 0,\n                    Nsignals: 0,\n                    Nvcsw: 1001,\n                    Nivcsw: 446,\n                },\n            },\n            Stderr: nil,\n        },\n        Output: {\n            stdout: {\n                Lines: nil,\n                merged: {\n                    Mutex: {state: 0, sema: 0},\n                    Lines: [\n                        \"error: resource mapping not found for name: \\\"profile4\\\" namespace: \\\"\\\" from \\\"/tmp/%20QosProfile%20tests%20QosProfile%20Create%20validation%20Creates%20qosprofile2940049709\\\": no matches for kind \\\"SliceQoSConfig\\\" in version \\\"controller.kubeslice.io/v1alpha1\\\"\",\n                        \"ensure CRDs are installed first\",\n                    ],\n                },\n            },\n            stderr: {\n                Lines: [\n                    \"error: resource mapping not found for name: \\\"profile4\\\" namespace: \\\"\\\" from \\\"/tmp/%20QosProfile%20tests%20QosProfile%20Create%20validation%20Creates%20qosprofile2940049709\\\": no matches for kind \\\"SliceQoSConfig\\\" in version \\\"controller.kubeslice.io/v1alpha1\\\"\",\n                    \"ensure CRDs are installed first\",\n                ],\n                merged: {\n                    Mutex: {state: 0, sema: 0},\n                    Lines: [\n                        \"error: resource mapping not found for name: \\\"profile4\\\" namespace: \\\"\\\" from \\\"/tmp/%20QosProfile%20tests%20QosProfile%20Create%20validation%20Creates%20qosprofile2940049709\\\": no matches for kind \\\"SliceQoSConfig\\\" in version \\\"controller.kubeslice.io/v1alpha1\\\"\",\n                        \"ensure CRDs are installed first\",\n                    ],\n                },\n            },\n            merged: {\n                Mutex: {state: 0, sema: 0},\n                Lines: [\n                    \"error: resource mapping not found for name: \\\"profile4\\\" namespace: \\\"\\\" from \\\"/tmp/%20QosProfile%20tests%20QosProfile%20Create%20validation%20Creates%20qosprofile2940049709\\\": no matches for kind \\\"SliceQoSConfig\\\" in version \\\"controller.kubeslice.io/v1alpha1\\\"\",\n                    \"ensure CRDs are installed first\",\n                ],\n            },\n        },\n    }\n    error while running command: exit status 1; error: resource mapping not found for name: \"profile4\" namespace: \"\" from \"/tmp/%20QosProfile%20tests%20QosProfile%20Create%20validation%20Creates%20qosprofile2940049709\": no matches for kind \"SliceQoSConfig\" in version \"controller.kubeslice.io/v1alpha1\"\n    ensure CRDs are installed first\noccurred","children":[{"name":"[It]  QosProfile tests QosProfile Create validation Creates qosprofile","uid":"6613b1c42f5fa37b","parentUid":"1e491fce9635d28553d95115248ab09f","status":"failed","time":{"start":1660145110000,"stop":1660145117576,"duration":7576},"flaky":false,"newFailed":false,"newPassed":false,"newBroken":false,"retriesCount":0,"retriesStatusChange":false,"parameters":[]}],"uid":"1e491fce9635d28553d95115248ab09f"},{"name":"Unexpected error:\n    <*shell.ErrWithCmdOutput | 0xc0008103a8>: {\n        Underlying: <*exec.ExitError | 0xc000888fa0>{\n            ProcessState: {\n                pid: 6222,\n                status: 256,\n                rusage: {\n                    Utime: {Sec: 0, Usec: 163153},\n                    Stime: {Sec: 0, Usec: 19896},\n                    Maxrss: 74364,\n                    Ixrss: 0,\n                    Idrss: 0,\n                    Isrss: 0,\n                    Minflt: 6187,\n                    Majflt: 0,\n                    Nswap: 0,\n                    Inblock: 0,\n                    Oublock: 13376,\n                    Msgsnd: 0,\n                    Msgrcv: 0,\n                    Nsignals: 0,\n                    Nvcsw: 364,\n                    Nivcsw: 361,\n                },\n            },\n            Stderr: nil,\n        },\n        Output: {\n            stdout: {\n                Lines: nil,\n                merged: {\n                    Mutex: {state: 0, sema: 0},\n                    Lines: [\n                        \"The Project \\\"projectupdatetest\\\" is invalid: project namespace: Invalid value: \\\"kubeslice-projectupdatetest\\\": already exists\",\n                    ],\n                },\n            },\n            stderr: {\n                Lines: [\n                    \"The Project \\\"projectupdatetest\\\" is invalid: project namespace: Invalid value: \\\"kubeslice-projectupdatetest\\\": already exists\",\n                ],\n                merged: {\n                    Mutex: {state: 0, sema: 0},\n                    Lines: [\n                        \"The Project \\\"projectupdatetest\\\" is invalid: project namespace: Invalid value: \\\"kubeslice-projectupdatetest\\\": already exists\",\n                    ],\n                },\n            },\n            merged: {\n                Mutex: {state: 0, sema: 0},\n                Lines: [\n                    \"The Project \\\"projectupdatetest\\\" is invalid: project namespace: Invalid value: \\\"kubeslice-projectupdatetest\\\": already exists\",\n                ],\n            },\n        },\n    }\n    error while running command: exit status 1; The Project \"projectupdatetest\" is invalid: project namespace: Invalid value: \"kubeslice-projectupdatetest\": already exists\noccurred","children":[{"name":"[It] Project CR test Project Update Should update successfully when Project Applied while removing a service account name in Write users","uid":"62ded4bc1fc0a2fa","parentUid":"6b6257f1dd7cc31cdf98cc53088485da","status":"failed","time":{"start":1660145110000,"stop":1660145170244,"duration":60244},"flaky":false,"newFailed":false,"newPassed":false,"newBroken":false,"retriesCount":0,"retriesStatusChange":false,"parameters":[]}],"uid":"6b6257f1dd7cc31cdf98cc53088485da"},{"name":"Timed out after 120.000s.\nExpected an error to have occurred.  Got:\n    <nil>: nil","children":[{"name":"[It] Cluster negative tests Worker Cluster Registration with Wrong endpoint","uid":"9be3fa1bdf0c1131","parentUid":"3c45fbfc621afa268aa7568ec6c0596d","status":"failed","time":{"start":1660145110000,"stop":1660145569198,"duration":459198},"flaky":false,"newFailed":false,"newPassed":false,"newBroken":false,"retriesCount":0,"retriesStatusChange":false,"parameters":[]}],"uid":"3c45fbfc621afa268aa7568ec6c0596d"},{"name":"Unexpected error:\n    <*shell.ErrWithCmdOutput | 0xc000532030>: {\n        Underlying: <*exec.ExitError | 0xc00014a040>{\n            ProcessState: {\n                pid: 6203,\n                status: 256,\n                rusage: {\n                    Utime: {Sec: 0, Usec: 155782},\n                    Stime: {Sec: 0, Usec: 32796},\n                    Maxrss: 73384,\n                    Ixrss: 0,\n                    Idrss: 0,\n                    Isrss: 0,\n                    Minflt: 4618,\n                    Majflt: 0,\n                    Nswap: 0,\n                    Inblock: 0,\n                    Oublock: 13376,\n                    Msgsnd: 0,\n                    Msgrcv: 0,\n                    Nsignals: 0,\n                    Nvcsw: 428,\n                    Nivcsw: 249,\n                },\n            },\n            Stderr: nil,\n        },\n        Output: {\n            stdout: {\n                Lines: nil,\n                merged: {\n                    Mutex: {state: 0, sema: 0},\n                    Lines: [\n                        \"The Project \\\"projectupdatetest\\\" is invalid: project namespace: Invalid value: \\\"kubeslice-projectupdatetest\\\": already exists\",\n                    ],\n                },\n            },\n            stderr: {\n                Lines: [\n                    \"The Project \\\"projectupdatetest\\\" is invalid: project namespace: Invalid value: \\\"kubeslice-projectupdatetest\\\": already exists\",\n                ],\n                merged: {\n                    Mutex: {state: 0, sema: 0},\n                    Lines: [\n                        \"The Project \\\"projectupdatetest\\\" is invalid: project namespace: Invalid value: \\\"kubeslice-projectupdatetest\\\": already exists\",\n                    ],\n                },\n            },\n            merged: {\n                Mutex: {state: 0, sema: 0},\n                Lines: [\n                    \"The Project \\\"projectupdatetest\\\" is invalid: project namespace: Invalid value: \\\"kubeslice-projectupdatetest\\\": already exists\",\n                ],\n            },\n        },\n    }\n    error while running command: exit status 1; The Project \"projectupdatetest\" is invalid: project namespace: Invalid value: \"kubeslice-projectupdatetest\": already exists\noccurred","children":[{"name":"[It] Project CR test Project Update Should update successfully when Project applied with valid service account name in Write users","uid":"3fa20d483604cbce","parentUid":"2f2c25b84f67daa3a9437906453eb5d8","status":"failed","time":{"start":1660145110000,"stop":1660145170255,"duration":60255},"flaky":false,"newFailed":false,"newPassed":false,"newBroken":false,"retriesCount":0,"retriesStatusChange":false,"parameters":[]}],"uid":"2f2c25b84f67daa3a9437906453eb5d8"},{"name":"Unexpected error:\n    <*shell.ErrWithCmdOutput | 0xc0003a1ad0>: {\n        Underlying: <*exec.ExitError | 0xc00049cec0>{\n            ProcessState: {\n                pid: 6241,\n                status: 256,\n                rusage: {\n                    Utime: {Sec: 0, Usec: 149900},\n                    Stime: {Sec: 0, Usec: 72809},\n                    Maxrss: 82512,\n                    Ixrss: 0,\n                    Idrss: 0,\n                    Isrss: 0,\n                    Minflt: 6131,\n                    Majflt: 0,\n                    Nswap: 0,\n                    Inblock: 0,\n                    Oublock: 13376,\n                    Msgsnd: 0,\n                    Msgrcv: 0,\n                    Nsignals: 0,\n                    Nvcsw: 454,\n                    Nivcsw: 178,\n                },\n            },\n            Stderr: nil,\n        },\n        Output: {\n            stdout: {\n                Lines: nil,\n                merged: {\n                    Mutex: {state: 0, sema: 0},\n                    Lines: [\n                        \"The Project \\\"projectupdatetest\\\" is invalid: project namespace: Invalid value: \\\"kubeslice-projectupdatetest\\\": already exists\",\n                    ],\n                },\n            },\n            stderr: {\n                Lines: [\n                    \"The Project \\\"projectupdatetest\\\" is invalid: project namespace: Invalid value: \\\"kubeslice-projectupdatetest\\\": already exists\",\n                ],\n                merged: {\n                    Mutex: {state: 0, sema: 0},\n                    Lines: [\n                        \"The Project \\\"projectupdatetest\\\" is invalid: project namespace: Invalid value: \\\"kubeslice-projectupdatetest\\\": already exists\",\n                    ],\n                },\n            },\n            merged: {\n                Mutex: {state: 0, sema: 0},\n                Lines: [\n                    \"The Project \\\"projectupdatetest\\\" is invalid: project namespace: Invalid value: \\\"kubeslice-projectupdatetest\\\": already exists\",\n                ],\n            },\n        },\n    }\n    error while running command: exit status 1; The Project \"projectupdatetest\" is invalid: project namespace: Invalid value: \"kubeslice-projectupdatetest\": already exists\noccurred","children":[{"name":"[It] Project CR test Project Update Should fail when Project is Applied with service account name as blank in Read users","uid":"b7d1ef421cb847ca","parentUid":"c008ceb4ff39433c752d3178c6f10dfd","status":"failed","time":{"start":1660145110000,"stop":1660145170319,"duration":60319},"flaky":false,"newFailed":false,"newPassed":false,"newBroken":false,"retriesCount":0,"retriesStatusChange":false,"parameters":[]}],"uid":"c008ceb4ff39433c752d3178c6f10dfd"},{"name":"Unexpected error:\n    <*shell.ErrWithCmdOutput | 0xc000532360>: {\n        Underlying: <*exec.ExitError | 0xc0007d90c0>{\n            ProcessState: {\n                pid: 6262,\n                status: 256,\n                rusage: {\n                    Utime: {Sec: 0, Usec: 157784},\n                    Stime: {Sec: 0, Usec: 38380},\n                    Maxrss: 81996,\n                    Ixrss: 0,\n                    Idrss: 0,\n                    Isrss: 0,\n                    Minflt: 4083,\n                    Majflt: 2,\n                    Nswap: 0,\n                    Inblock: 384,\n                    Oublock: 13376,\n                    Msgsnd: 0,\n                    Msgrcv: 0,\n                    Nsignals: 0,\n                    Nvcsw: 354,\n                    Nivcsw: 351,\n                },\n            },\n            Stderr: nil,\n        },\n        Output: {\n            stdout: {\n                Lines: nil,\n                merged: {\n                    Mutex: {state: 0, sema: 0},\n                    Lines: [\n                        \"The Project \\\"projectupdatetest\\\" is invalid: project namespace: Invalid value: \\\"kubeslice-projectupdatetest\\\": already exists\",\n                    ],\n                },\n            },\n            stderr: {\n                Lines: [\n                    \"The Project \\\"projectupdatetest\\\" is invalid: project namespace: Invalid value: \\\"kubeslice-projectupdatetest\\\": already exists\",\n                ],\n                merged: {\n                    Mutex: {state: 0, sema: 0},\n                    Lines: [\n                        \"The Project \\\"projectupdatetest\\\" is invalid: project namespace: Invalid value: \\\"kubeslice-projectupdatetest\\\": already exists\",\n                    ],\n                },\n            },\n            merged: {\n                Mutex: {state: 0, sema: 0},\n                Lines: [\n                    \"The Project \\\"projectupdatetest\\\" is invalid: project namespace: Invalid value: \\\"kubeslice-projectupdatetest\\\": already exists\",\n                ],\n            },\n        },\n    }\n    error while running command: exit status 1; The Project \"projectupdatetest\" is invalid: project namespace: Invalid value: \"kubeslice-projectupdatetest\": already exists\noccurred","children":[{"name":"[It] Project CR test Project Update Should fail when Project is applied with service account name as blank in Write users","uid":"5b55d3f1351e02cc","parentUid":"455f2e5846480135ff30e0195ad541b8","status":"failed","time":{"start":1660145110000,"stop":1660145170250,"duration":60250},"flaky":false,"newFailed":false,"newPassed":false,"newBroken":false,"retriesCount":0,"retriesStatusChange":false,"parameters":[]}],"uid":"455f2e5846480135ff30e0195ad541b8"},{"name":"Unexpected error:\n    <*shell.ErrWithCmdOutput | 0xc0001fe030>: {\n        Underlying: <*exec.ExitError | 0xc0007d4000>{\n            ProcessState: {\n                pid: 6139,\n                status: 256,\n                rusage: {\n                    Utime: {Sec: 2, Usec: 291447},\n                    Stime: {Sec: 0, Usec: 149794},\n                    Maxrss: 83624,\n                    Ixrss: 0,\n                    Idrss: 0,\n                    Isrss: 0,\n                    Minflt: 9364,\n                    Majflt: 10,\n                    Nswap: 0,\n                    Inblock: 1016,\n                    Oublock: 14424,\n                    Msgsnd: 0,\n                    Msgrcv: 0,\n                    Nsignals: 0,\n                    Nvcsw: 4946,\n                    Nivcsw: 2749,\n                },\n            },\n            Stderr: nil,\n        },\n        Output: {\n            stdout: {\n                Lines: nil,\n                merged: {\n                    Mutex: {state: 0, sema: 0},\n                    Lines: [\n                        \"install.go:178: [debug] Original chart version: \\\"\\\"\",\n                        \"install.go:195: [debug] CHART PATH: /root/.cache/helm/repository/kubeslice-worker-0.4.1.tgz\",\n                        \"\",\n                        \"client.go:128: [debug] creating 1 resource(s)\",\n                        \"client.go:128: [debug] creating 1 resource(s)\",\n                        \"client.go:128: [debug] creating 1 resource(s)\",\n                        \"client.go:128: [debug] creating 1 resource(s)\",\n                        \"client.go:128: [debug] creating 1 resource(s)\",\n                        \"install.go:165: [debug] Clearing discovery cache\",\n                        \"wait.go:48: [debug] beginning wait for 5 resources with timeout of 1m0s\",\n                        \"client.go:128: [debug] creating 1 resource(s)\",\n                        \"client.go:310: [debug] Starting delete for \\\"kubeslice-preinstall\\\" ServiceAccount\",\n                        \"client.go:339: [debug] serviceaccounts \\\"kubeslice-preinstall\\\" not found\",\n                        \"client.go:128: [debug] creating 1 resource(s)\",\n                        \"client.go:310: [debug] Starting delete for \\\"kubeslice-preinstall-role\\\" ClusterRole\",\n                        \"client.go:339: [debug] clusterroles.rbac.authorization.k8s.io \\\"kubeslice-preinstall-role\\\" not found\",\n                        \"client.go:128: [debug] creating 1 resource(s)\",\n                        \"client.go:310: [debug] Starting delete for \\\"kubeslice-preinstall-rolebinding\\\" ClusterRoleBinding\",\n                        \"client.go:339: [debug] clusterrolebindings.rbac.authorization.k8s.io \\\"kubeslice-preinstall-rolebinding\\\" not found\",\n                        \"client.go:128: [debug] creating 1 resource(s)\",\n                        \"client.go:310: [debug] Starting delete for \\\"kubeslice-worker-preinstall-configmap\\\" ConfigMap\",\n                        \"client.go:339: [debug] configmaps \\\"kubeslice-worker-preinstall-configmap\\\" not found\",\n                        \"client.go:128: [debug] creating 1 resource(s)\",\n                        \"client.go:310: [debug] Starting delete for \\\"kubeslice-worker-preinstall-job\\\" Job\",\n                        \"client.go:339: [debug] jobs.batch \\\"kubeslice-worker-preinstall-job\\\" not found\",\n                        \"client.go:128: [debug] creating 1 resource(s)\",\n                        \"client.go:540: [debug] Watching for changes to Job kubeslice-worker-preinstall-job with timeout of 2m0s\",\n                        \"client.go:568: [debug] Add/Modify event for kubeslice-worker-preinstall-job: ADDED\",\n                        \"client.go:607: [debug] kubeslice-worker-preinstall-job: Jobs active: 0, jobs failed: 0, jobs succeeded: 0\",\n                        \"client.go:568: [debug] Add/Modify event for kubeslice-worker-preinstall-job: MODIFIED\",\n                        \"client.go:607: [debug] kubeslice-worker-preinstall-job: Jobs active: 1, jobs failed: 0, jobs succeeded: 0\",\n                        \"client.go:568:...\n\nGomega truncated this representation as it exceeds 'format.MaxLength'.\nConsider having the object provide a custom 'GomegaStringer' representation\nor adjust the parameters in Gomega's 'format' package.\n\nLearn more here: https://onsi.github.io/gomega/#adjusting-output\n\n    error while running command: exit status 1; install.go:178: [debug] Original chart version: \"\"\n    install.go:195: [debug] CHART PATH: /root/.cache/helm/repository/kubeslice-worker-0.4.1.tgz\n    \n    client.go:128: [debug] creating 1 resource(s)\n    client.go:128: [debug] creating 1 resource(s)\n    client.go:128: [debug] creating 1 resource(s)\n    client.go:128: [debug] creating 1 resource(s)\n    client.go:128: [debug] creating 1 resource(s)\n    install.go:165: [debug] Clearing discovery cache\n    wait.go:48: [debug] beginning wait for 5 resources with timeout of 1m0s\n    client.go:128: [debug] creating 1 resource(s)\n    client.go:310: [debug] Starting delete for \"kubeslice-preinstall\" ServiceAccount\n    client.go:339: [debug] serviceaccounts \"kubeslice-preinstall\" not found\n    client.go:128: [debug] creating 1 resource(s)\n    client.go:310: [debug] Starting delete for \"kubeslice-preinstall-role\" ClusterRole\n    client.go:339: [debug] clusterroles.rbac.authorization.k8s.io \"kubeslice-preinstall-role\" not found\n    client.go:128: [debug] creating 1 resource(s)\n    client.go:310: [debug] Starting delete for \"kubeslice-preinstall-rolebinding\" ClusterRoleBinding\n    client.go:339: [debug] clusterrolebindings.rbac.authorization.k8s.io \"kubeslice-preinstall-rolebinding\" not found\n    client.go:128: [debug] creating 1 resource(s)\n    client.go:310: [debug] Starting delete for \"kubeslice-worker-preinstall-configmap\" ConfigMap\n    client.go:339: [debug] configmaps \"kubeslice-worker-preinstall-configmap\" not found\n    client.go:128: [debug] creating 1 resource(s)\n    client.go:310: [debug] Starting delete for \"kubeslice-worker-preinstall-job\" Job\n    client.go:339: [debug] jobs.batch \"kubeslice-worker-preinstall-job\" not found\n    client.go:128: [debug] creating 1 resource(s)\n    client.go:540: [debug] Watching for changes to Job kubeslice-worker-preinstall-job with timeout of 2m0s\n    client.go:568: [debug] Add/Modify event for kubeslice-worker-preinstall-job: ADDED\n    client.go:607: [debug] kubeslice-worker-preinstall-job: Jobs active: 0, jobs failed: 0, jobs succeeded: 0\n    client.go:568: [debug] Add/Modify event for kubeslice-worker-preinstall-job: MODIFIED\n    client.go:607: [debug] kubeslice-worker-preinstall-job: Jobs active: 1, jobs failed: 0, jobs succeeded: 0\n    client.go:568: [debug] Add/Modify event for kubeslice-worker-preinstall-job: MODIFIED\n    client.go:607: [debug] kubeslice-worker-preinstall-job: Jobs active: 1, jobs failed: 1, jobs succeeded: 0\n    client.go:568: [debug] Add/Modify event for kubeslice-worker-preinstall-job: MODIFIED\n    client.go:607: [debug] kubeslice-worker-preinstall-job: Jobs active: 1, jobs failed: 2, jobs succeeded: 0\n    client.go:310: [debug] Starting delete for \"kubeslice-worker-preinstall-job\" Job\n    install.go:441: [debug] Install failed and atomic is set, uninstalling release\n    uninstall.go:95: [debug] uninstall: Deleting kubeslice-worker\n    client.go:310: [debug] Starting delete for \"jaeger\" Service\n    client.go:310: [debug] Starting delete for \"kubeslice-dns\" Service\n    client.go:310: [debug] Starting delete for \"kubeslice-webhook-service\" Service\n    client.go:310: [debug] Starting delete for \"nsm-admission-webhook-svc\" Service\n    client.go:339: [debug] services \"jaeger\" not found\n    client.go:339: [debug] services \"kubeslice-webhook-service\" not found\n    client.go:339: [debug] services \"nsm-admission-webhook-svc\" not found\n    client.go:339: [debug] services \"kubeslice-dns\" not found\n    client.go:310: [debug] Starting delete for \"kubeslice-operator\" Deployment\n    client.go:310: [debug] Starting delete for \"jaeger\" Deployment\n    client.go:310: [debug] Starting delete for \"nsm-admission-webhook\" Deployment\n    client.go:310: [debug] Starting delete for \"prefix-service\" Deployment\n    client.go:310: [debug] Starting delete for \"kubeslice-dns\" Deployment\n    client.go:339: [debug] deployments.apps \"kubeslice-dns\" not found\n    client.go:339: [debug] deployments.apps \"kubeslice-operator\" not found\n    client.go:339: [debug] deployments.apps \"prefix-service\" not found\n    client.go:339: [debug] deployments.apps \"nsm-admission-webhook\" not found\n    client.go:339: [debug] deployments.apps \"jaeger\" not found\n    client.go:310: [debug] Starting delete for \"kubeslice-netop\" DaemonSet\n    client.go:310: [debug] Starting delete for \"nsm-kernel-forwarder\" DaemonSet\n    client.go:310: [debug] Starting delete for \"nsmgr\" DaemonSet\n    client.go:339: [debug] daemonsets.apps \"nsmgr\" not found\n    client.go:339: [debug] daemonsets.apps \"nsm-kernel-forwarder\" not found\n    client.go:339: [debug] daemonsets.apps \"kubeslice-netop\" not found\n    client.go:310: [debug] Starting delete for \"kubeslice-leader-election-rolebinding\" RoleBinding\n    client.go:339: [debug] rolebindings.rbac.authorization.k8s.io \"kubeslice-leader-election-rolebinding\" not found\n    client.go:310: [debug] Starting delete for \"kubeslice-leader-election-role\" Role\n    client.go:339: [debug] roles.rbac.authorization.k8s.io \"kubeslice-leader-election-role\" not found\n    client.go:310: [debug] Starting delete for \"kubeslice-kubernetes-dashboard\" ClusterRoleBinding\n    client.go:310: [debug] Starting delete for \"nsm-role-binding\" ClusterRoleBinding\n    client.go:310: [debug] Starting delete for \"kubeslice-dns-rolebinding\" ClusterRoleBinding\n    client.go:310: [debug] Starting delete for \"kubeslice-manager-rolebinding\" ClusterRoleBinding\n    client.go:310: [debug] Starting delete for \"kubeslice-proxy-rolebinding\" ClusterRoleBinding\n    client.go:339: [debug] clusterrolebindings.rbac.authorization.k8s.io \"kubeslice-kubernetes-dashboard\" not found\n    client.go:339: [debug] clusterrolebindings.rbac.authorization.k8s.io \"kubeslice-proxy-rolebinding\" not found\n    client.go:339: [debug] clusterrolebindings.rbac.authorization.k8s.io \"kubeslice-dns-rolebinding\" not found\n    client.go:339: [debug] clusterrolebindings.rbac.authorization.k8s.io \"nsm-role-binding\" not found\n    client.go:339: [debug] clusterrolebindings.rbac.authorization.k8s.io \"kubeslice-manager-rolebinding\" not found\n    client.go:310: [debug] Starting delete for \"kubeslice-kubernetes-dashboard\" ClusterRole\n    client.go:310: [debug] Starting delete for \"kubeslice-dns-role\" ClusterRole\n    client.go:310: [debug] Starting delete for \"nsm-role\" ClusterRole\n    client.go:310: [debug] Starting delete for \"kubeslice-manager-role\" ClusterRole\n    client.go:310: [debug] Starting delete for \"kubeslice-metrics-reader\" ClusterRole\n    client.go:310: [debug] Starting delete for \"kubeslice-proxy-role\" ClusterRole\n    client.go:310: [debug] Starting delete for \"aggregate-network-services-view\" ClusterRole\n    client.go:339: [debug] clusterroles.rbac.authorization.k8s.io \"nsm-role\" not found\n    client.go:339: [debug] clusterroles.rbac.authorization.k8s.io \"kubeslice-kubernetes-dashboard\" not found\n    client.go:339: [debug] clusterroles.rbac.authorization.k8s.io \"kubeslice-proxy-role\" not found\n    client.go:339: [debug] clusterroles.rbac.authorization.k8s.io \"kubeslice-dns-role\" not found\n    client.go:339: [debug] clusterroles.rbac.authorization.k8s.io \"kubeslice-metrics-reader\" not found\n    client.go:339: [debug] clusterroles.rbac.authorization.k8s.io \"kubeslice-manager-role\" not found\n    client.go:339: [debug] clusterroles.rbac.authorization.k8s.io \"aggregate-network-services-view\" not found\n    client.go:310: [debug] Starting delete for \"networkservices.networkservicemesh.io\" CustomResourceDefinition\n    client.go:310: [debug] Starting delete for \"networkserviceendpoints.networkservicemesh.io\" CustomResourceDefinition\n    client.go:310: [debug] Starting delete for \"networkservicemanagers.networkservicemesh.io\" CustomResourceDefinition\n    client.go:339: [debug] customresourcedefinitions.apiextensions.k8s.io \"networkserviceendpoints.networkservicemesh.io\" not found\n    client.go:339: [debug] customresourcedefinitions.apiextensions.k8s.io \"networkservicemanagers.networkservicemesh.io\" not found\n    client.go:339: [debug] customresourcedefinitions.apiextensions.k8s.io \"networkservices.networkservicemesh.io\" not found\n    client.go:310: [debug] Starting delete for \"kubeslice-manager-config\" ConfigMap\n    client.go:310: [debug] Starting delete for \"nsm-config\" ConfigMap\n    client.go:339: [debug] configmaps \"kubeslice-manager-config\" not found\n    client.go:339: [debug] configmaps \"nsm-config\" not found\n    client.go:310: [debug] Starting delete for \"kubeslice-admission-webhook-certs\" Secret\n    client.go:310: [debug] Starting delete for \"nsm-admission-webhook-certs\" Secret\n    client.go:310: [debug] Starting delete for \"kubeslice-hub\" Secret\n    client.go:339: [debug] secrets \"nsm-admission-webhook-certs\" not found\n    client.go:339: [debug] secrets \"kubeslice-hub\" not found\n    client.go:339: [debug] secrets \"kubeslice-admission-webhook-certs\" not found\n    client.go:310: [debug] Starting delete for \"kubeslice-kubernetes-dashboard\" ServiceAccount\n    client.go:310: [debug] Starting delete for \"nse-acc\" ServiceAccount\n    client.go:310: [debug] Starting delete for \"nsc-acc\" ServiceAccount\n    client.go:310: [debug] Starting delete for \"forward-plane-acc\" ServiceAccount\n    client.go:310: [debug] Starting delete for \"nsmgr-acc\" ServiceAccount\n    client.go:310: [debug] Starting delete for \"kubeslice-dns\" ServiceAccount\n    client.go:310: [debug] Starting delete for \"kubeslice-controller-manager\" ServiceAccount\n    client.go:310: [debug] Starting delete for \"kubeslice-netop\" ServiceAccount\n    client.go:310: [debug] Starting delete for \"vpn-gateway-server\" ServiceAccount\n    client.go:310: [debug] Starting delete for \"vpn-gateway-client\" ServiceAccount\n    client.go:310: [debug] Starting delete for \"slice-router\" ServiceAccount\n    client.go:339: [debug] serviceaccounts \"nsc-acc\" not found\n    client.go:339: [debug] serviceaccounts \"kubeslice-kubernetes-dashboard\" not found\n    client.go:339: [debug] serviceaccounts \"vpn-gateway-client\" not found\n    client.go:339: [debug] serviceaccounts \"vpn-gateway-server\" not found\n    client.go:339: [debug] serviceaccounts \"forward-plane-acc\" not found\n    client.go:339: [debug] serviceaccounts \"nsmgr-acc\" not found\n    client.go:339: [debug] serviceaccounts \"slice-router\" not found\n    client.go:339: [debug] serviceaccounts \"kubeslice-dns\" not found\n    client.go:339: [debug] serviceaccounts \"nse-acc\" not found\n    client.go:339: [debug] serviceaccounts \"kubeslice-netop\" not found\n    client.go:339: [debug] serviceaccounts \"kubeslice-controller-manager\" not found\n    client.go:310: [debug] Starting delete for \"kubeslice-mutating-webhook-configuration\" MutatingWebhookConfiguration\n    client.go:310: [debug] Starting delete for \"nsm-admission-webhook-cfg\" MutatingWebhookConfiguration\n    client.go:339: [debug] mutatingwebhookconfigurations.admissionregistration.k8s.io \"nsm-admission-webhook-cfg\" not found\n    client.go:339: [debug] mutatingwebhookconfigurations.admissionregistration.k8s.io \"kubeslice-mutating-webhook-configuration\" not found\n    uninstall.go:144: [debug] purge requested for kubeslice-worker\n    Error: INSTALLATION FAILED: release kubeslice-worker failed, and has been uninstalled due to atomic being set: failed pre-install: timed out waiting for the condition\n    helm.go:84: [debug] failed pre-install: timed out waiting for the condition\n    release kubeslice-worker failed, and has been uninstalled due to atomic being set\n    helm.sh/helm/v3/pkg/action.(*Install).failRelease\n    \thelm.sh/helm/v3/pkg/action/install.go:449\n    helm.sh/helm/v3/pkg/action.(*Install).reportToRun\n    \thelm.sh/helm/v3/pkg/action/install.go:433\n    helm.sh/helm/v3/pkg/action.(*Install).performInstall\n    \thelm.sh/helm/v3/pkg/action/install.go:361\n    runtime.goexit\n    \truntime/asm_amd64.s:1581\n    INSTALLATION FAILED\n    main.newInstallCmd.func2\n    \thelm.sh/helm/v3/cmd/helm/install.go:127\n    github.com/spf13/cobra.(*Command).execute\n    \tgithub.com/spf13/cobra@v1.4.0/command.go:856\n    github.com/spf13/cobra.(*Command).ExecuteC\n    \tgithub.com/spf13/cobra@v1.4.0/command.go:974\n    github.com/spf13/cobra.(*Command).Execute\n    \tgithub.com/spf13/cobra@v1.4.0/command.go:902\n    main.main\n    \thelm.sh/helm/v3/cmd/helm/helm.go:83\n    runtime.main\n    \truntime/proc.go:255\n    runtime.goexit\n    \truntime/asm_amd64.s:1581\noccurred","children":[{"name":"[It] Cluster CR tests Cluster CR validation Register worker cluster","uid":"371208622a8808b2","parentUid":"ab0528a02749192f5f94e4665852f0ec","status":"failed","time":{"start":1660145110000,"stop":1660145448159,"duration":338159},"flaky":false,"newFailed":false,"newPassed":false,"newBroken":false,"retriesCount":0,"retriesStatusChange":false,"parameters":[]}],"uid":"ab0528a02749192f5f94e4665852f0ec"},{"name":"Unexpected error:\n    <*shell.ErrWithCmdOutput | 0xc0003a1500>: {\n        Underlying: <*exec.ExitError | 0xc0006c5e60>{\n            ProcessState: {\n                pid: 6343,\n                status: 256,\n                rusage: {\n                    Utime: {Sec: 0, Usec: 153963},\n                    Stime: {Sec: 0, Usec: 20258},\n                    Maxrss: 79204,\n                    Ixrss: 0,\n                    Idrss: 0,\n                    Isrss: 0,\n                    Minflt: 4732,\n                    Majflt: 0,\n                    Nswap: 0,\n                    Inblock: 0,\n                    Oublock: 13392,\n                    Msgsnd: 0,\n                    Msgrcv: 0,\n                    Nsignals: 0,\n                    Nvcsw: 355,\n                    Nivcsw: 266,\n                },\n            },\n            Stderr: nil,\n        },\n        Output: {\n            stdout: {\n                Lines: nil,\n                merged: {\n                    Mutex: {state: 0, sema: 0},\n                    Lines: [\n                        \"The Project \\\"projectdeletetest\\\" is invalid: project namespace: Invalid value: \\\"kubeslice-projectdeletetest\\\": already exists\",\n                    ],\n                },\n            },\n            stderr: {\n                Lines: [\n                    \"The Project \\\"projectdeletetest\\\" is invalid: project namespace: Invalid value: \\\"kubeslice-projectdeletetest\\\": already exists\",\n                ],\n                merged: {\n                    Mutex: {state: 0, sema: 0},\n                    Lines: [\n                        \"The Project \\\"projectdeletetest\\\" is invalid: project namespace: Invalid value: \\\"kubeslice-projectdeletetest\\\": already exists\",\n                    ],\n                },\n            },\n            merged: {\n                Mutex: {state: 0, sema: 0},\n                Lines: [\n                    \"The Project \\\"projectdeletetest\\\" is invalid: project namespace: Invalid value: \\\"kubeslice-projectdeletetest\\\": already exists\",\n                ],\n            },\n        },\n    }\n    error while running command: exit status 1; The Project \"projectdeletetest\" is invalid: project namespace: Invalid value: \"kubeslice-projectdeletetest\": already exists\noccurred","children":[{"name":"[It] Project CR test Project Deletion Should Delete an existing project successfully","uid":"a299f1aaabeaba43","parentUid":"ee5afe4fb7d1a556073947ddb8bbbde7","status":"failed","time":{"start":1660145110000,"stop":1660145170232,"duration":60232},"flaky":true,"newFailed":true,"newPassed":false,"newBroken":false,"retriesCount":0,"retriesStatusChange":false,"parameters":[]}],"uid":"ee5afe4fb7d1a556073947ddb8bbbde7"},{"name":"Unexpected error:\n    <*shell.ErrWithCmdOutput | 0xc000810e10>: {\n        Underlying: <*exec.ExitError | 0xc000685fc0>{\n            ProcessState: {\n                pid: 6231,\n                status: 256,\n                rusage: {\n                    Utime: {Sec: 0, Usec: 132954},\n                    Stime: {Sec: 0, Usec: 48750},\n                    Maxrss: 72660,\n                    Ixrss: 0,\n                    Idrss: 0,\n                    Isrss: 0,\n                    Minflt: 3359,\n                    Majflt: 0,\n                    Nswap: 0,\n                    Inblock: 0,\n                    Oublock: 13376,\n                    Msgsnd: 0,\n                    Msgrcv: 0,\n                    Nsignals: 0,\n                    Nvcsw: 471,\n                    Nivcsw: 301,\n                },\n            },\n            Stderr: nil,\n        },\n        Output: {\n            stdout: {\n                Lines: nil,\n                merged: {\n                    Mutex: {state: 0, sema: 0},\n                    Lines: [\n                        \"The Project \\\"projectupdatetest\\\" is invalid: project namespace: Invalid value: \\\"kubeslice-projectupdatetest\\\": already exists\",\n                    ],\n                },\n            },\n            stderr: {\n                Lines: [\n                    \"The Project \\\"projectupdatetest\\\" is invalid: project namespace: Invalid value: \\\"kubeslice-projectupdatetest\\\": already exists\",\n                ],\n                merged: {\n                    Mutex: {state: 0, sema: 0},\n                    Lines: [\n                        \"The Project \\\"projectupdatetest\\\" is invalid: project namespace: Invalid value: \\\"kubeslice-projectupdatetest\\\": already exists\",\n                    ],\n                },\n            },\n            merged: {\n                Mutex: {state: 0, sema: 0},\n                Lines: [\n                    \"The Project \\\"projectupdatetest\\\" is invalid: project namespace: Invalid value: \\\"kubeslice-projectupdatetest\\\": already exists\",\n                ],\n            },\n        },\n    }\n    error while running command: exit status 1; The Project \"projectupdatetest\" is invalid: project namespace: Invalid value: \"kubeslice-projectupdatetest\": already exists\noccurred","children":[{"name":"[It] Project CR test Project Update Should fail when Project is Applied with service account name as combination of special characters in Read users","uid":"3d1be6be762ba98","parentUid":"a8b5ac5917e6c9e2f1c5b355cd0389ec","status":"failed","time":{"start":1660145110000,"stop":1660145170248,"duration":60248},"flaky":false,"newFailed":false,"newPassed":false,"newBroken":false,"retriesCount":0,"retriesStatusChange":false,"parameters":[]}],"uid":"a8b5ac5917e6c9e2f1c5b355cd0389ec"},{"name":"Unexpected error:\n    <*shell.ErrWithCmdOutput | 0xc0008104c8>: {\n        Underlying: <*exec.ExitError | 0xc000840fa0>{\n            ProcessState: {\n                pid: 6107,\n                status: 256,\n                rusage: {\n                    Utime: {Sec: 0, Usec: 156466},\n                    Stime: {Sec: 0, Usec: 56167},\n                    Maxrss: 78100,\n                    Ixrss: 0,\n                    Idrss: 0,\n                    Isrss: 0,\n                    Minflt: 3919,\n                    Majflt: 0,\n                    Nswap: 0,\n                    Inblock: 0,\n                    Oublock: 13616,\n                    Msgsnd: 0,\n                    Msgrcv: 0,\n                    Nsignals: 0,\n                    Nvcsw: 892,\n                    Nivcsw: 451,\n                },\n            },\n            Stderr: nil,\n        },\n        Output: {\n            stdout: {\n                Lines: nil,\n                merged: {\n                    Mutex: {state: 0, sema: 0},\n                    Lines: [\n                        \"error: resource mapping not found for name: \\\"profile4\\\" namespace: \\\"\\\" from \\\"/tmp/%20QosProfile%20tests%20QosProfile%20delete%20validation%20Delete%20qos%20profile%20-%20negative%20scenario2687826274\\\": no matches for kind \\\"SliceQoSConfig\\\" in version \\\"controller.kubeslice.io/v1alpha1\\\"\",\n                        \"ensure CRDs are installed first\",\n                    ],\n                },\n            },\n            stderr: {\n                Lines: [\n                    \"error: resource mapping not found for name: \\\"profile4\\\" namespace: \\\"\\\" from \\\"/tmp/%20QosProfile%20tests%20QosProfile%20delete%20validation%20Delete%20qos%20profile%20-%20negative%20scenario2687826274\\\": no matches for kind \\\"SliceQoSConfig\\\" in version \\\"controller.kubeslice.io/v1alpha1\\\"\",\n                    \"ensure CRDs are installed first\",\n                ],\n                merged: {\n                    Mutex: {state: 0, sema: 0},\n                    Lines: [\n                        \"error: resource mapping not found for name: \\\"profile4\\\" namespace: \\\"\\\" from \\\"/tmp/%20QosProfile%20tests%20QosProfile%20delete%20validation%20Delete%20qos%20profile%20-%20negative%20scenario2687826274\\\": no matches for kind \\\"SliceQoSConfig\\\" in version \\\"controller.kubeslice.io/v1alpha1\\\"\",\n                        \"ensure CRDs are installed first\",\n                    ],\n                },\n            },\n            merged: {\n                Mutex: {state: 0, sema: 0},\n                Lines: [\n                    \"error: resource mapping not found for name: \\\"profile4\\\" namespace: \\\"\\\" from \\\"/tmp/%20QosProfile%20tests%20QosProfile%20delete%20validation%20Delete%20qos%20profile%20-%20negative%20scenario2687826274\\\": no matches for kind \\\"SliceQoSConfig\\\" in version \\\"controller.kubeslice.io/v1alpha1\\\"\",\n                    \"ensure CRDs are installed first\",\n                ],\n            },\n        },\n    }\n    error while running command: exit status 1; error: resource mapping not found for name: \"profile4\" namespace: \"\" from \"/tmp/%20QosProfile%20tests%20QosProfile%20delete%20validation%20Delete%20qos%20profile%20-%20negative%20scenario2687826274\": no matches for kind \"SliceQoSConfig\" in version \"controller.kubeslice.io/v1alpha1\"\n    ensure CRDs are installed first\noccurred","children":[{"name":"[It]  QosProfile tests QosProfile delete validation Delete qos profile - negative scenario","uid":"5cf443230f7fd33b","parentUid":"cd8978cc6abe1b37bfd6bff68d7c8262","status":"failed","time":{"start":1660145110000,"stop":1660145114542,"duration":4542},"flaky":false,"newFailed":false,"newPassed":false,"newBroken":false,"retriesCount":0,"retriesStatusChange":false,"parameters":[]}],"uid":"cd8978cc6abe1b37bfd6bff68d7c8262"},{"name":"Timed out after 60.001s.\nExpected an error to have occurred.  Got:\n    <nil>: nil","children":[{"name":"[It] Project CR test Project Update Should Update successfullyy when Project is Applied with valid service account name in Read users","uid":"c20f3633ed017e5f","parentUid":"c3605d3c35f7c6c4b2c288f323d39711","status":"failed","time":{"start":1660145110000,"stop":1660145172019,"duration":62019},"flaky":false,"newFailed":false,"newPassed":false,"newBroken":false,"retriesCount":0,"retriesStatusChange":false,"parameters":[]}],"uid":"c3605d3c35f7c6c4b2c288f323d39711"},{"name":"Unexpected error:\n    <*shell.ErrWithCmdOutput | 0xc00000e258>: {\n        Underlying: <*exec.ExitError | 0xc00062bc40>{\n            ProcessState: {\n                pid: 6212,\n                status: 256,\n                rusage: {\n                    Utime: {Sec: 0, Usec: 148586},\n                    Stime: {Sec: 0, Usec: 33019},\n                    Maxrss: 78848,\n                    Ixrss: 0,\n                    Idrss: 0,\n                    Isrss: 0,\n                    Minflt: 4060,\n                    Majflt: 0,\n                    Nswap: 0,\n                    Inblock: 0,\n                    Oublock: 13376,\n                    Msgsnd: 0,\n                    Msgrcv: 0,\n                    Nsignals: 0,\n                    Nvcsw: 428,\n                    Nivcsw: 299,\n                },\n            },\n            Stderr: nil,\n        },\n        Output: {\n            stdout: {\n                Lines: nil,\n                merged: {\n                    Mutex: {state: 0, sema: 0},\n                    Lines: [\n                        \"The Project \\\"projectupdatetest\\\" is invalid: project namespace: Invalid value: \\\"kubeslice-projectupdatetest\\\": already exists\",\n                    ],\n                },\n            },\n            stderr: {\n                Lines: [\n                    \"The Project \\\"projectupdatetest\\\" is invalid: project namespace: Invalid value: \\\"kubeslice-projectupdatetest\\\": already exists\",\n                ],\n                merged: {\n                    Mutex: {state: 0, sema: 0},\n                    Lines: [\n                        \"The Project \\\"projectupdatetest\\\" is invalid: project namespace: Invalid value: \\\"kubeslice-projectupdatetest\\\": already exists\",\n                    ],\n                },\n            },\n            merged: {\n                Mutex: {state: 0, sema: 0},\n                Lines: [\n                    \"The Project \\\"projectupdatetest\\\" is invalid: project namespace: Invalid value: \\\"kubeslice-projectupdatetest\\\": already exists\",\n                ],\n            },\n        },\n    }\n    error while running command: exit status 1; The Project \"projectupdatetest\" is invalid: project namespace: Invalid value: \"kubeslice-projectupdatetest\": already exists\noccurred","children":[{"name":"[It] Project CR test Project Update Should update successfully when Project Applied while removing a service account name in Read users","uid":"100fe7088c53f7b6","parentUid":"73d0ffd5ad6031972134d074a7bd1d52","status":"failed","time":{"start":1660145110000,"stop":1660145170230,"duration":60230},"flaky":false,"newFailed":false,"newPassed":false,"newBroken":false,"retriesCount":0,"retriesStatusChange":false,"parameters":[]}],"uid":"73d0ffd5ad6031972134d074a7bd1d52"},{"name":"Unexpected error:\n    <*shell.ErrWithCmdOutput | 0xc000811920>: {\n        Underlying: <*exec.ExitError | 0xc0005352c0>{\n            ProcessState: {\n                pid: 6252,\n                status: 256,\n                rusage: {\n                    Utime: {Sec: 0, Usec: 135526},\n                    Stime: {Sec: 0, Usec: 49282},\n                    Maxrss: 75420,\n                    Ixrss: 0,\n                    Idrss: 0,\n                    Isrss: 0,\n                    Minflt: 3896,\n                    Majflt: 0,\n                    Nswap: 0,\n                    Inblock: 0,\n                    Oublock: 13376,\n                    Msgsnd: 0,\n                    Msgrcv: 0,\n                    Nsignals: 0,\n                    Nvcsw: 322,\n                    Nivcsw: 199,\n                },\n            },\n            Stderr: nil,\n        },\n        Output: {\n            stdout: {\n                Lines: nil,\n                merged: {\n                    Mutex: {state: 0, sema: 0},\n                    Lines: [\n                        \"The Project \\\"projectupdatetest\\\" is invalid: project namespace: Invalid value: \\\"kubeslice-projectupdatetest\\\": already exists\",\n                    ],\n                },\n            },\n            stderr: {\n                Lines: [\n                    \"The Project \\\"projectupdatetest\\\" is invalid: project namespace: Invalid value: \\\"kubeslice-projectupdatetest\\\": already exists\",\n                ],\n                merged: {\n                    Mutex: {state: 0, sema: 0},\n                    Lines: [\n                        \"The Project \\\"projectupdatetest\\\" is invalid: project namespace: Invalid value: \\\"kubeslice-projectupdatetest\\\": already exists\",\n                    ],\n                },\n            },\n            merged: {\n                Mutex: {state: 0, sema: 0},\n                Lines: [\n                    \"The Project \\\"projectupdatetest\\\" is invalid: project namespace: Invalid value: \\\"kubeslice-projectupdatetest\\\": already exists\",\n                ],\n            },\n        },\n    }\n    error while running command: exit status 1; The Project \"projectupdatetest\" is invalid: project namespace: Invalid value: \"kubeslice-projectupdatetest\": already exists\noccurred","children":[{"name":"[It] Project CR test Project Update Should fail when Project is Applied with service account name as combination of special characters in Write users","uid":"84e64a49fdc0bd2e","parentUid":"0f00c41f9a0de790964cc0912f8210cf","status":"failed","time":{"start":1660145110000,"stop":1660145170240,"duration":60240},"flaky":false,"newFailed":false,"newPassed":false,"newBroken":false,"retriesCount":0,"retriesStatusChange":false,"parameters":[]}],"uid":"0f00c41f9a0de790964cc0912f8210cf"},{"name":"Timed out after 60.000s.\nExpected an error to have occurred.  Got:\n    <nil>: nil","children":[{"name":"[It] Project CR test Project Deletion Should fail when deleting a project that does not exist","uid":"38d61a4c058ec797","parentUid":"e1a88608c5bcfcf2888de6205e8787ce","status":"failed","time":{"start":1660145110000,"stop":1660145171662,"duration":61662},"flaky":true,"newFailed":true,"newPassed":false,"newBroken":false,"retriesCount":0,"retriesStatusChange":false,"parameters":[]}],"uid":"e1a88608c5bcfcf2888de6205e8787ce"},{"name":"Timed out after 210.007s.\nExpected an error to have occurred.  Got:\n    <nil>: nil","children":[{"name":"[AfterSuite]","uid":"13a8957077bfe3d3","parentUid":"ed472d1e401f756b9cf6c6e9b95d52ab","status":"failed","time":{"start":1660146582000,"stop":1660146792476,"duration":210476},"flaky":false,"newFailed":false,"newPassed":false,"newBroken":false,"retriesCount":0,"retriesStatusChange":false,"parameters":[]}],"uid":"ed472d1e401f756b9cf6c6e9b95d52ab"},{"name":"Unexpected error:\n    <*shell.ErrWithCmdOutput | 0xc0004d9038>: {\n        Underlying: <*exec.ExitError | 0xc0007733e0>{\n            ProcessState: {\n                pid: 6412,\n                status: 256,\n                rusage: {\n                    Utime: {Sec: 1, Usec: 177155},\n                    Stime: {Sec: 0, Usec: 164801},\n                    Maxrss: 87336,\n                    Ixrss: 0,\n                    Idrss: 0,\n                    Isrss: 0,\n                    Minflt: 12536,\n                    Majflt: 1,\n                    Nswap: 0,\n                    Inblock: 256,\n                    Oublock: 15224,\n                    Msgsnd: 0,\n                    Msgrcv: 0,\n                    Nsignals: 0,\n                    Nvcsw: 2827,\n                    Nivcsw: 2043,\n                },\n            },\n            Stderr: nil,\n        },\n        Output: {\n            stdout: {\n                Lines: nil,\n                merged: {\n                    Mutex: {state: 0, sema: 0},\n                    Lines: [\n                        \"install.go:178: [debug] Original chart version: \\\"\\\"\",\n                        \"install.go:195: [debug] CHART PATH: /root/.cache/helm/repository/kubeslice-worker-0.4.1.tgz\",\n                        \"\",\n                        \"client.go:128: [debug] creating 1 resource(s)\",\n                        \"install.go:151: [debug] CRD serviceexports.networking.kubeslice.io is already present. Skipping.\",\n                        \"client.go:128: [debug] creating 1 resource(s)\",\n                        \"install.go:151: [debug] CRD serviceimports.networking.kubeslice.io is already present. Skipping.\",\n                        \"client.go:128: [debug] creating 1 resource(s)\",\n                        \"install.go:151: [debug] CRD slice.networking.kubeslice.io is already present. Skipping.\",\n                        \"client.go:128: [debug] creating 1 resource(s)\",\n                        \"install.go:151: [debug] CRD slicegateways.networking.kubeslice.io is already present. Skipping.\",\n                        \"client.go:128: [debug] creating 1 resource(s)\",\n                        \"install.go:151: [debug] CRD sliceresourcequotas.networking.kubeslice.io is already present. Skipping.\",\n                        \"client.go:128: [debug] creating 1 resource(s)\",\n                        \"Error: INSTALLATION FAILED: create: failed to create: secrets \\\"sh.helm.release.v1.kubeslice-worker.v1\\\" is forbidden: unable to create new content in namespace kubeslice-system because it is being terminated\",\n                        \"helm.go:84: [debug] secrets \\\"sh.helm.release.v1.kubeslice-worker.v1\\\" is forbidden: unable to create new content in namespace kubeslice-system because it is being terminated\",\n                        \"create: failed to create\",\n                        \"helm.sh/helm/v3/pkg/storage/driver.(*Secrets).Create\",\n                        \"\\thelm.sh/helm/v3/pkg/storage/driver/secrets.go:164\",\n                        \"helm.sh/helm/v3/pkg/storage.(*Storage).Create\",\n                        \"\\thelm.sh/helm/v3/pkg/storage/storage.go:69\",\n                        \"helm.sh/helm/v3/pkg/action.(*Install).RunWithContext\",\n                        \"\\thelm.sh/helm/v3/pkg/action/install.go:340\",\n                        \"main.runInstall\",\n                        \"\\thelm.sh/helm/v3/cmd/helm/install.go:264\",\n                        \"main.newInstallCmd.func2\",\n                        \"\\thelm.sh/helm/v3/cmd/helm/install.go:125\",\n                        \"github.com/spf13/cobra.(*Command).execute\",\n                        \"\\tgithub.com/spf13/cobra@v1.4.0/command.go:856\",\n                        \"github.com/spf13/cobra.(*Command).ExecuteC\",\n                        \"\\tgithub.com/spf13/cobra@v1.4.0/command.go:974\",\n                        \"github.com/spf13/cobra.(*Command).Execute\",\n                        \"\\tgithub.com/spf13/cobra@v1.4.0/command.go:902\",\n                        \"main.main\",\n                        \"\\thelm.sh/helm/v3/cmd/helm/helm.go:83\",\n                        \"runtime.main\",\n         ...\n\nGomega truncated this representation as it exceeds 'format.MaxLength'.\nConsider having the object provide a custom 'GomegaStringer' representation\nor adjust the parameters in Gomega's 'format' package.\n\nLearn more here: https://onsi.github.io/gomega/#adjusting-output\n\n    error while running command: exit status 1; install.go:178: [debug] Original chart version: \"\"\n    install.go:195: [debug] CHART PATH: /root/.cache/helm/repository/kubeslice-worker-0.4.1.tgz\n    \n    client.go:128: [debug] creating 1 resource(s)\n    install.go:151: [debug] CRD serviceexports.networking.kubeslice.io is already present. Skipping.\n    client.go:128: [debug] creating 1 resource(s)\n    install.go:151: [debug] CRD serviceimports.networking.kubeslice.io is already present. Skipping.\n    client.go:128: [debug] creating 1 resource(s)\n    install.go:151: [debug] CRD slice.networking.kubeslice.io is already present. Skipping.\n    client.go:128: [debug] creating 1 resource(s)\n    install.go:151: [debug] CRD slicegateways.networking.kubeslice.io is already present. Skipping.\n    client.go:128: [debug] creating 1 resource(s)\n    install.go:151: [debug] CRD sliceresourcequotas.networking.kubeslice.io is already present. Skipping.\n    client.go:128: [debug] creating 1 resource(s)\n    Error: INSTALLATION FAILED: create: failed to create: secrets \"sh.helm.release.v1.kubeslice-worker.v1\" is forbidden: unable to create new content in namespace kubeslice-system because it is being terminated\n    helm.go:84: [debug] secrets \"sh.helm.release.v1.kubeslice-worker.v1\" is forbidden: unable to create new content in namespace kubeslice-system because it is being terminated\n    create: failed to create\n    helm.sh/helm/v3/pkg/storage/driver.(*Secrets).Create\n    \thelm.sh/helm/v3/pkg/storage/driver/secrets.go:164\n    helm.sh/helm/v3/pkg/storage.(*Storage).Create\n    \thelm.sh/helm/v3/pkg/storage/storage.go:69\n    helm.sh/helm/v3/pkg/action.(*Install).RunWithContext\n    \thelm.sh/helm/v3/pkg/action/install.go:340\n    main.runInstall\n    \thelm.sh/helm/v3/cmd/helm/install.go:264\n    main.newInstallCmd.func2\n    \thelm.sh/helm/v3/cmd/helm/install.go:125\n    github.com/spf13/cobra.(*Command).execute\n    \tgithub.com/spf13/cobra@v1.4.0/command.go:856\n    github.com/spf13/cobra.(*Command).ExecuteC\n    \tgithub.com/spf13/cobra@v1.4.0/command.go:974\n    github.com/spf13/cobra.(*Command).Execute\n    \tgithub.com/spf13/cobra@v1.4.0/command.go:902\n    main.main\n    \thelm.sh/helm/v3/cmd/helm/helm.go:83\n    runtime.main\n    \truntime/proc.go:255\n    runtime.goexit\n    \truntime/asm_amd64.s:1581\n    INSTALLATION FAILED\n    main.newInstallCmd.func2\n    \thelm.sh/helm/v3/cmd/helm/install.go:127\n    github.com/spf13/cobra.(*Command).execute\n    \tgithub.com/spf13/cobra@v1.4.0/command.go:856\n    github.com/spf13/cobra.(*Command).ExecuteC\n    \tgithub.com/spf13/cobra@v1.4.0/command.go:974\n    github.com/spf13/cobra.(*Command).Execute\n    \tgithub.com/spf13/cobra@v1.4.0/command.go:902\n    main.main\n    \thelm.sh/helm/v3/cmd/helm/helm.go:83\n    runtime.main\n    \truntime/proc.go:255\n    runtime.goexit\n    \truntime/asm_amd64.s:1581\noccurred","children":[{"name":"[BeforeSuite]","uid":"da6db45bf4335fdf","parentUid":"ee6bb326c905f12f3ce4b2d37a9e38a0","status":"failed","time":{"start":1660146582000,"stop":1660146698382,"duration":116382},"flaky":false,"newFailed":false,"newPassed":false,"newBroken":false,"retriesCount":0,"retriesStatusChange":false,"parameters":[]}],"uid":"ee6bb326c905f12f3ce4b2d37a9e38a0"}],"uid":"8fb3a91ba5aaf9de24cc8a92edc82b5d"}],"name":"categories"}