{"uid":"4b4757e66a1912dae1a509f688f20b0f","children":[{"name":"Product defects","children":[{"name":"Timed out after 60.000s.\nExpected\n    <bool>: false\nto be true","children":[{"name":"[It] Project CR test Project Update Should fail when Project is Applied with service account name as combination of special characters in Read users","uid":"6e83070c448530a0","parentUid":"cad0674b2306dd77b62a2ba0a795baef","status":"failed","time":{"start":1663181177000,"stop":1663181244461,"duration":67461},"flaky":true,"newFailed":false,"newPassed":false,"newBroken":false,"retriesCount":0,"retriesStatusChange":false,"parameters":[]},{"name":"[It] Project CR test Project Update Should update successfully when Project applied with valid service account name in Write users","uid":"c7eb196f30cb7fb7","parentUid":"cad0674b2306dd77b62a2ba0a795baef","status":"failed","time":{"start":1663181177000,"stop":1663181298315,"duration":121315},"flaky":true,"newFailed":false,"newPassed":false,"newBroken":false,"retriesCount":0,"retriesStatusChange":false,"parameters":[]},{"name":"[It] Project CR test Project Update Should update successfully when Project Applied while removing a service account name in Write users","uid":"f68f71c9dcd32869","parentUid":"cad0674b2306dd77b62a2ba0a795baef","status":"failed","time":{"start":1663181177000,"stop":1663181245322,"duration":68322},"flaky":true,"newFailed":false,"newPassed":false,"newBroken":false,"retriesCount":0,"retriesStatusChange":false,"parameters":[]},{"name":"[It] Project CR test Project Deletion Should fail when deleting a project that does not exist","uid":"2e7ed745a46ba623","parentUid":"cad0674b2306dd77b62a2ba0a795baef","status":"failed","time":{"start":1663181177000,"stop":1663181244265,"duration":67265},"flaky":true,"newFailed":false,"newPassed":false,"newBroken":false,"retriesCount":0,"retriesStatusChange":false,"parameters":[]},{"name":"[It] Project CR test Project Update Should fail when Project is Applied with service account name as combination of special characters in Write users","uid":"59b2531ec91ffb89","parentUid":"cad0674b2306dd77b62a2ba0a795baef","status":"failed","time":{"start":1663181177000,"stop":1663181243653,"duration":66653},"flaky":true,"newFailed":false,"newPassed":false,"newBroken":false,"retriesCount":0,"retriesStatusChange":false,"parameters":[]},{"name":"[It] Project CR test Project Update Should Update successfullyy when Project is Applied with valid service account name in Read users","uid":"353818b1f6284827","parentUid":"cad0674b2306dd77b62a2ba0a795baef","status":"failed","time":{"start":1663181177000,"stop":1663181244478,"duration":67478},"flaky":true,"newFailed":false,"newPassed":false,"newBroken":false,"retriesCount":0,"retriesStatusChange":false,"parameters":[]},{"name":"[It] Project CR test Project Update Should update successfully when Project Applied while removing a service account name in Read users","uid":"94c46e93b9300c1f","parentUid":"cad0674b2306dd77b62a2ba0a795baef","status":"failed","time":{"start":1663181177000,"stop":1663181243621,"duration":66621},"flaky":true,"newFailed":false,"newPassed":false,"newBroken":false,"retriesCount":0,"retriesStatusChange":false,"parameters":[]},{"name":"[It] Project CR test Project Update Should fail when Project is applied with service account name as blank in Write users","uid":"d6646a4dfe382358","parentUid":"cad0674b2306dd77b62a2ba0a795baef","status":"failed","time":{"start":1663181177000,"stop":1663181298288,"duration":121288},"flaky":true,"newFailed":false,"newPassed":false,"newBroken":false,"retriesCount":0,"retriesStatusChange":false,"parameters":[]}],"uid":"cad0674b2306dd77b62a2ba0a795baef"},{"name":"Unexpected error:\n    <*shell.ErrWithCmdOutput | 0xc00000e2e8>: {\n        Underlying: <*exec.ExitError | 0xc00068e580>{\n            ProcessState: {\n                pid: 10966,\n                status: 256,\n                rusage: {\n                    Utime: {Sec: 0, Usec: 151877},\n                    Stime: {Sec: 0, Usec: 59269},\n                    Maxrss: 83540,\n                    Ixrss: 0,\n                    Idrss: 0,\n                    Isrss: 0,\n                    Minflt: 5331,\n                    Majflt: 0,\n                    Nswap: 0,\n                    Inblock: 0,\n                    Oublock: 12880,\n                    Msgsnd: 0,\n                    Msgrcv: 0,\n                    Nsignals: 0,\n                    Nvcsw: 245,\n                    Nivcsw: 192,\n                },\n            },\n            Stderr: nil,\n        },\n        Output: {\n            stdout: {\n                Lines: nil,\n                merged: {\n                    Mutex: {state: 0, sema: 0},\n                    Lines: [\n                        \"Error from server (InternalError): error when creating \\\"/tmp/Project%20CR%20test%20Project%20Creation%20Should%20update%20Project%20while%20applying%20valid%20manifest%20with%20existing%20Project%20name1767266291\\\": Internal error occurred: failed calling webhook \\\"mproject.kb.io\\\": failed to call webhook: Post \\\"https://kubeslice-controller-webhook-service.kubeslice-controller.svc:443/mutate-controller-kubeslice-io-v1alpha1-project?timeout=10s\\\": dial tcp 10.96.37.28:443: connect: connection refused\",\n                    ],\n                },\n            },\n            stderr: {\n                Lines: [\n                    \"Error from server (InternalError): error when creating \\\"/tmp/Project%20CR%20test%20Project%20Creation%20Should%20update%20Project%20while%20applying%20valid%20manifest%20with%20existing%20Project%20name1767266291\\\": Internal error occurred: failed calling webhook \\\"mproject.kb.io\\\": failed to call webhook: Post \\\"https://kubeslice-controller-webhook-service.kubeslice-controller.svc:443/mutate-controller-kubeslice-io-v1alpha1-project?timeout=10s\\\": dial tcp 10.96.37.28:443: connect: connection refused\",\n                ],\n                merged: {\n                    Mutex: {state: 0, sema: 0},\n                    Lines: [\n                        \"Error from server (InternalError): error when creating \\\"/tmp/Project%20CR%20test%20Project%20Creation%20Should%20update%20Project%20while%20applying%20valid%20manifest%20with%20existing%20Project%20name1767266291\\\": Internal error occurred: failed calling webhook \\\"mproject.kb.io\\\": failed to call webhook: Post \\\"https://kubeslice-controller-webhook-service.kubeslice-controller.svc:443/mutate-controller-kubeslice-io-v1alpha1-project?timeout=10s\\\": dial tcp 10.96.37.28:443: connect: connection refused\",\n                    ],\n                },\n            },\n            merged: {\n                Mutex: {state: 0, sema: 0},\n                Lines: [\n                    \"Error from server (InternalError): error when creating \\\"/tmp/Project%20CR%20test%20Project%20Creation%20Should%20update%20Project%20while%20applying%20valid%20manifest%20with%20existing%20Project%20name1767266291\\\": Internal error occurred: failed calling webhook \\\"mproject.kb.io\\\": failed to call webhook: Post \\\"https://kubeslice-controller-webhook-service.kubeslice-controller.svc:443/mutate-controller-kubeslice-io-v1alpha1-project?timeout=10s\\\": dial tcp 10.96.37.28:443: connect: connection refused\",\n                ],\n            },\n        },\n    }\n    error while running command: exit status 1; Error from server (InternalError): error when creating \"/tmp/Project%20CR%20test%20Project%20Creation%20Should%20update%20Project%20while%20applying%20valid%20manifest%20with%20existing%20Project%20name1767266291\": Internal error occurred: failed calling webhook \"mproject.kb.io\": failed to call webhook: Post \"https://kubeslice-controller-webhook-service.kubeslice-controller.svc:443/mutate-controller-kubeslice-io-v1alpha1-project?timeout=10s\": dial tcp 10.96.37.28:443: connect: connection refused\noccurred","children":[{"name":"[It] Project CR test Project Creation Should update Project while applying valid manifest with existing Project name","uid":"f39a09cdec40cafc","parentUid":"1b42376ad9e4ab4fabba01c71d363d9f","status":"failed","time":{"start":1663181177000,"stop":1663181177264,"duration":264},"flaky":true,"newFailed":false,"newPassed":false,"newBroken":false,"retriesCount":0,"retriesStatusChange":false,"parameters":[]}],"uid":"1b42376ad9e4ab4fabba01c71d363d9f"},{"name":"Timed out after 60.001s.\nExpected\n    <bool>: false\nto be true","children":[{"name":"[It] Project CR test Project Deletion Should Delete an existing project successfully","uid":"9de4f83e66dc9817","parentUid":"bdb6f7322995205e885b5ea7481ccb7f","status":"failed","time":{"start":1663181177000,"stop":1663181247838,"duration":70838},"flaky":true,"newFailed":false,"newPassed":false,"newBroken":false,"retriesCount":0,"retriesStatusChange":false,"parameters":[]},{"name":"[It] Project CR test Project Update Should fail when Project is Applied with service account name as blank in Read users","uid":"c0d8f749b505ee89","parentUid":"bdb6f7322995205e885b5ea7481ccb7f","status":"failed","time":{"start":1663181177000,"stop":1663181298299,"duration":121299},"flaky":true,"newFailed":false,"newPassed":false,"newBroken":false,"retriesCount":0,"retriesStatusChange":false,"parameters":[]}],"uid":"bdb6f7322995205e885b5ea7481ccb7f"},{"name":"Unexpected error:\n    <*shell.ErrWithCmdOutput | 0xc000398be8>: {\n        Underlying: <*exec.ExitError | 0xc000673da0>{\n            ProcessState: {\n                pid: 10940,\n                status: 256,\n                rusage: {\n                    Utime: {Sec: 0, Usec: 180890},\n                    Stime: {Sec: 0, Usec: 51121},\n                    Maxrss: 81024,\n                    Ixrss: 0,\n                    Idrss: 0,\n                    Isrss: 0,\n                    Minflt: 8713,\n                    Majflt: 0,\n                    Nswap: 0,\n                    Inblock: 0,\n                    Oublock: 12880,\n                    Msgsnd: 0,\n                    Msgrcv: 0,\n                    Nsignals: 0,\n                    Nvcsw: 378,\n                    Nivcsw: 221,\n                },\n            },\n            Stderr: nil,\n        },\n        Output: {\n            stdout: {\n                Lines: nil,\n                merged: {\n                    Mutex: {state: 0, sema: 0},\n                    Lines: [\n                        \"Error from server (InternalError): error when creating \\\"/tmp/Cluster%20negative%20tests%20Worker%20Cluster%20Registration%20with%20Wrong%20endpoint2062989870\\\": Internal error occurred: failed calling webhook \\\"mproject.kb.io\\\": failed to call webhook: Post \\\"https://kubeslice-controller-webhook-service.kubeslice-controller.svc:443/mutate-controller-kubeslice-io-v1alpha1-project?timeout=10s\\\": dial tcp 10.96.37.28:443: connect: connection refused\",\n                    ],\n                },\n            },\n            stderr: {\n                Lines: [\n                    \"Error from server (InternalError): error when creating \\\"/tmp/Cluster%20negative%20tests%20Worker%20Cluster%20Registration%20with%20Wrong%20endpoint2062989870\\\": Internal error occurred: failed calling webhook \\\"mproject.kb.io\\\": failed to call webhook: Post \\\"https://kubeslice-controller-webhook-service.kubeslice-controller.svc:443/mutate-controller-kubeslice-io-v1alpha1-project?timeout=10s\\\": dial tcp 10.96.37.28:443: connect: connection refused\",\n                ],\n                merged: {\n                    Mutex: {state: 0, sema: 0},\n                    Lines: [\n                        \"Error from server (InternalError): error when creating \\\"/tmp/Cluster%20negative%20tests%20Worker%20Cluster%20Registration%20with%20Wrong%20endpoint2062989870\\\": Internal error occurred: failed calling webhook \\\"mproject.kb.io\\\": failed to call webhook: Post \\\"https://kubeslice-controller-webhook-service.kubeslice-controller.svc:443/mutate-controller-kubeslice-io-v1alpha1-project?timeout=10s\\\": dial tcp 10.96.37.28:443: connect: connection refused\",\n                    ],\n                },\n            },\n            merged: {\n                Mutex: {state: 0, sema: 0},\n                Lines: [\n                    \"Error from server (InternalError): error when creating \\\"/tmp/Cluster%20negative%20tests%20Worker%20Cluster%20Registration%20with%20Wrong%20endpoint2062989870\\\": Internal error occurred: failed calling webhook \\\"mproject.kb.io\\\": failed to call webhook: Post \\\"https://kubeslice-controller-webhook-service.kubeslice-controller.svc:443/mutate-controller-kubeslice-io-v1alpha1-project?timeout=10s\\\": dial tcp 10.96.37.28:443: connect: connection refused\",\n                ],\n            },\n        },\n    }\n    error while running command: exit status 1; Error from server (InternalError): error when creating \"/tmp/Cluster%20negative%20tests%20Worker%20Cluster%20Registration%20with%20Wrong%20endpoint2062989870\": Internal error occurred: failed calling webhook \"mproject.kb.io\": failed to call webhook: Post \"https://kubeslice-controller-webhook-service.kubeslice-controller.svc:443/mutate-controller-kubeslice-io-v1alpha1-project?timeout=10s\": dial tcp 10.96.37.28:443: connect: connection refused\noccurred","children":[{"name":"[It] Cluster negative tests Worker Cluster Registration with Wrong endpoint","uid":"86e1bc2def3ea359","parentUid":"c8e538572cb7b911154cf28adfc35b52","status":"failed","time":{"start":1663181177000,"stop":1663181177402,"duration":402},"flaky":false,"newFailed":false,"newPassed":false,"newBroken":false,"retriesCount":0,"retriesStatusChange":false,"parameters":[]}],"uid":"c8e538572cb7b911154cf28adfc35b52"},{"name":"Unexpected error:\n    <*shell.ErrWithCmdOutput | 0xc00000e6d8>: {\n        Underlying: <*exec.ExitError | 0xc00068ed80>{\n            ProcessState: {\n                pid: 10976,\n                status: 256,\n                rusage: {\n                    Utime: {Sec: 0, Usec: 180885},\n                    Stime: {Sec: 0, Usec: 39323},\n                    Maxrss: 82784,\n                    Ixrss: 0,\n                    Idrss: 0,\n                    Isrss: 0,\n                    Minflt: 5186,\n                    Majflt: 0,\n                    Nswap: 0,\n                    Inblock: 0,\n                    Oublock: 12880,\n                    Msgsnd: 0,\n                    Msgrcv: 0,\n                    Nsignals: 0,\n                    Nvcsw: 303,\n                    Nivcsw: 326,\n                },\n            },\n            Stderr: nil,\n        },\n        Output: {\n            stdout: {\n                Lines: nil,\n                merged: {\n                    Mutex: {state: 0, sema: 0},\n                    Lines: [\n                        \"Error from server (InternalError): error when creating \\\"/tmp/Project%20CR%20test%20Project%20Creation%20Should%20create%20Multiple%20Projects%20in%20controller%20using%20valid%20manifest3553899119\\\": Internal error occurred: failed calling webhook \\\"mproject.kb.io\\\": failed to call webhook: Post \\\"https://kubeslice-controller-webhook-service.kubeslice-controller.svc:443/mutate-controller-kubeslice-io-v1alpha1-project?timeout=10s\\\": dial tcp 10.96.37.28:443: connect: connection refused\",\n                    ],\n                },\n            },\n            stderr: {\n                Lines: [\n                    \"Error from server (InternalError): error when creating \\\"/tmp/Project%20CR%20test%20Project%20Creation%20Should%20create%20Multiple%20Projects%20in%20controller%20using%20valid%20manifest3553899119\\\": Internal error occurred: failed calling webhook \\\"mproject.kb.io\\\": failed to call webhook: Post \\\"https://kubeslice-controller-webhook-service.kubeslice-controller.svc:443/mutate-controller-kubeslice-io-v1alpha1-project?timeout=10s\\\": dial tcp 10.96.37.28:443: connect: connection refused\",\n                ],\n                merged: {\n                    Mutex: {state: 0, sema: 0},\n                    Lines: [\n                        \"Error from server (InternalError): error when creating \\\"/tmp/Project%20CR%20test%20Project%20Creation%20Should%20create%20Multiple%20Projects%20in%20controller%20using%20valid%20manifest3553899119\\\": Internal error occurred: failed calling webhook \\\"mproject.kb.io\\\": failed to call webhook: Post \\\"https://kubeslice-controller-webhook-service.kubeslice-controller.svc:443/mutate-controller-kubeslice-io-v1alpha1-project?timeout=10s\\\": dial tcp 10.96.37.28:443: connect: connection refused\",\n                    ],\n                },\n            },\n            merged: {\n                Mutex: {state: 0, sema: 0},\n                Lines: [\n                    \"Error from server (InternalError): error when creating \\\"/tmp/Project%20CR%20test%20Project%20Creation%20Should%20create%20Multiple%20Projects%20in%20controller%20using%20valid%20manifest3553899119\\\": Internal error occurred: failed calling webhook \\\"mproject.kb.io\\\": failed to call webhook: Post \\\"https://kubeslice-controller-webhook-service.kubeslice-controller.svc:443/mutate-controller-kubeslice-io-v1alpha1-project?timeout=10s\\\": dial tcp 10.96.37.28:443: connect: connection refused\",\n                ],\n            },\n        },\n    }\n    error while running command: exit status 1; Error from server (InternalError): error when creating \"/tmp/Project%20CR%20test%20Project%20Creation%20Should%20create%20Multiple%20Projects%20in%20controller%20using%20valid%20manifest3553899119\": Internal error occurred: failed calling webhook \"mproject.kb.io\": failed to call webhook: Post \"https://kubeslice-controller-webhook-service.kubeslice-controller.svc:443/mutate-controller-kubeslice-io-v1alpha1-project?timeout=10s\": dial tcp 10.96.37.28:443: connect: connection refused\noccurred","children":[{"name":"[It] Project CR test Project Creation Should create Multiple Projects in controller using valid manifest","uid":"6c993d2494e9361","parentUid":"10ff2b1ef85f17851cea2f6ae325fa46","status":"failed","time":{"start":1663181177000,"stop":1663181177270,"duration":270},"flaky":true,"newFailed":false,"newPassed":false,"newBroken":false,"retriesCount":0,"retriesStatusChange":false,"parameters":[]}],"uid":"10ff2b1ef85f17851cea2f6ae325fa46"},{"name":"Unexpected error:\n    <*shell.ErrWithCmdOutput | 0xc00000e048>: {\n        Underlying: <*exec.ExitError | 0xc00068e040>{\n            ProcessState: {\n                pid: 10957,\n                status: 256,\n                rusage: {\n                    Utime: {Sec: 0, Usec: 180334},\n                    Stime: {Sec: 0, Usec: 53280},\n                    Maxrss: 81020,\n                    Ixrss: 0,\n                    Idrss: 0,\n                    Isrss: 0,\n                    Minflt: 8670,\n                    Majflt: 0,\n                    Nswap: 0,\n                    Inblock: 0,\n                    Oublock: 12880,\n                    Msgsnd: 0,\n                    Msgrcv: 0,\n                    Nsignals: 0,\n                    Nvcsw: 427,\n                    Nivcsw: 329,\n                },\n            },\n            Stderr: nil,\n        },\n        Output: {\n            stdout: {\n                Lines: nil,\n                merged: {\n                    Mutex: {state: 0, sema: 0},\n                    Lines: [\n                        \"Error from server (InternalError): error when creating \\\"/tmp/Project%20CR%20test%20Project%20Creation%20Should%20create%20Project%20while%20using%20valid%20manifest4174318331\\\": Internal error occurred: failed calling webhook \\\"mproject.kb.io\\\": failed to call webhook: Post \\\"https://kubeslice-controller-webhook-service.kubeslice-controller.svc:443/mutate-controller-kubeslice-io-v1alpha1-project?timeout=10s\\\": dial tcp 10.96.37.28:443: connect: connection refused\",\n                    ],\n                },\n            },\n            stderr: {\n                Lines: [\n                    \"Error from server (InternalError): error when creating \\\"/tmp/Project%20CR%20test%20Project%20Creation%20Should%20create%20Project%20while%20using%20valid%20manifest4174318331\\\": Internal error occurred: failed calling webhook \\\"mproject.kb.io\\\": failed to call webhook: Post \\\"https://kubeslice-controller-webhook-service.kubeslice-controller.svc:443/mutate-controller-kubeslice-io-v1alpha1-project?timeout=10s\\\": dial tcp 10.96.37.28:443: connect: connection refused\",\n                ],\n                merged: {\n                    Mutex: {state: 0, sema: 0},\n                    Lines: [\n                        \"Error from server (InternalError): error when creating \\\"/tmp/Project%20CR%20test%20Project%20Creation%20Should%20create%20Project%20while%20using%20valid%20manifest4174318331\\\": Internal error occurred: failed calling webhook \\\"mproject.kb.io\\\": failed to call webhook: Post \\\"https://kubeslice-controller-webhook-service.kubeslice-controller.svc:443/mutate-controller-kubeslice-io-v1alpha1-project?timeout=10s\\\": dial tcp 10.96.37.28:443: connect: connection refused\",\n                    ],\n                },\n            },\n            merged: {\n                Mutex: {state: 0, sema: 0},\n                Lines: [\n                    \"Error from server (InternalError): error when creating \\\"/tmp/Project%20CR%20test%20Project%20Creation%20Should%20create%20Project%20while%20using%20valid%20manifest4174318331\\\": Internal error occurred: failed calling webhook \\\"mproject.kb.io\\\": failed to call webhook: Post \\\"https://kubeslice-controller-webhook-service.kubeslice-controller.svc:443/mutate-controller-kubeslice-io-v1alpha1-project?timeout=10s\\\": dial tcp 10.96.37.28:443: connect: connection refused\",\n                ],\n            },\n        },\n    }\n    error while running command: exit status 1; Error from server (InternalError): error when creating \"/tmp/Project%20CR%20test%20Project%20Creation%20Should%20create%20Project%20while%20using%20valid%20manifest4174318331\": Internal error occurred: failed calling webhook \"mproject.kb.io\": failed to call webhook: Post \"https://kubeslice-controller-webhook-service.kubeslice-controller.svc:443/mutate-controller-kubeslice-io-v1alpha1-project?timeout=10s\": dial tcp 10.96.37.28:443: connect: connection refused\noccurred","children":[{"name":"[It] Project CR test Project Creation Should create Project while using valid manifest","uid":"583495adf986ae4a","parentUid":"cd9783be2a21bc0f374f8bc1425adb33","status":"failed","time":{"start":1663181177000,"stop":1663181177291,"duration":291},"flaky":true,"newFailed":false,"newPassed":false,"newBroken":false,"retriesCount":0,"retriesStatusChange":false,"parameters":[]}],"uid":"cd9783be2a21bc0f374f8bc1425adb33"},{"name":"Unexpected error:\n    <*shell.ErrWithCmdOutput | 0xc00000e3d8>: {\n        Underlying: <*exec.ExitError | 0xc00068e900>{\n            ProcessState: {\n                pid: 10931,\n                status: 256,\n                rusage: {\n                    Utime: {Sec: 0, Usec: 163419},\n                    Stime: {Sec: 0, Usec: 53111},\n                    Maxrss: 81172,\n                    Ixrss: 0,\n                    Idrss: 0,\n                    Isrss: 0,\n                    Minflt: 7243,\n                    Majflt: 0,\n                    Nswap: 0,\n                    Inblock: 0,\n                    Oublock: 12880,\n                    Msgsnd: 0,\n                    Msgrcv: 0,\n                    Nsignals: 0,\n                    Nvcsw: 271,\n                    Nivcsw: 218,\n                },\n            },\n            Stderr: nil,\n        },\n        Output: {\n            stdout: {\n                Lines: nil,\n                merged: {\n                    Mutex: {state: 0, sema: 0},\n                    Lines: [\n                        \"Error from server (InternalError): error when creating \\\"/tmp/Cluster%20CR%20tests%20Cluster%20CR%20validation%20Creates%20cluster%20secrets876728067\\\": Internal error occurred: failed calling webhook \\\"mproject.kb.io\\\": failed to call webhook: Post \\\"https://kubeslice-controller-webhook-service.kubeslice-controller.svc:443/mutate-controller-kubeslice-io-v1alpha1-project?timeout=10s\\\": dial tcp 10.96.37.28:443: connect: connection refused\",\n                    ],\n                },\n            },\n            stderr: {\n                Lines: [\n                    \"Error from server (InternalError): error when creating \\\"/tmp/Cluster%20CR%20tests%20Cluster%20CR%20validation%20Creates%20cluster%20secrets876728067\\\": Internal error occurred: failed calling webhook \\\"mproject.kb.io\\\": failed to call webhook: Post \\\"https://kubeslice-controller-webhook-service.kubeslice-controller.svc:443/mutate-controller-kubeslice-io-v1alpha1-project?timeout=10s\\\": dial tcp 10.96.37.28:443: connect: connection refused\",\n                ],\n                merged: {\n                    Mutex: {state: 0, sema: 0},\n                    Lines: [\n                        \"Error from server (InternalError): error when creating \\\"/tmp/Cluster%20CR%20tests%20Cluster%20CR%20validation%20Creates%20cluster%20secrets876728067\\\": Internal error occurred: failed calling webhook \\\"mproject.kb.io\\\": failed to call webhook: Post \\\"https://kubeslice-controller-webhook-service.kubeslice-controller.svc:443/mutate-controller-kubeslice-io-v1alpha1-project?timeout=10s\\\": dial tcp 10.96.37.28:443: connect: connection refused\",\n                    ],\n                },\n            },\n            merged: {\n                Mutex: {state: 0, sema: 0},\n                Lines: [\n                    \"Error from server (InternalError): error when creating \\\"/tmp/Cluster%20CR%20tests%20Cluster%20CR%20validation%20Creates%20cluster%20secrets876728067\\\": Internal error occurred: failed calling webhook \\\"mproject.kb.io\\\": failed to call webhook: Post \\\"https://kubeslice-controller-webhook-service.kubeslice-controller.svc:443/mutate-controller-kubeslice-io-v1alpha1-project?timeout=10s\\\": dial tcp 10.96.37.28:443: connect: connection refused\",\n                ],\n            },\n        },\n    }\n    error while running command: exit status 1; Error from server (InternalError): error when creating \"/tmp/Cluster%20CR%20tests%20Cluster%20CR%20validation%20Creates%20cluster%20secrets876728067\": Internal error occurred: failed calling webhook \"mproject.kb.io\": failed to call webhook: Post \"https://kubeslice-controller-webhook-service.kubeslice-controller.svc:443/mutate-controller-kubeslice-io-v1alpha1-project?timeout=10s\": dial tcp 10.96.37.28:443: connect: connection refused\noccurred","children":[{"name":"[It] Cluster CR tests Cluster CR validation Creates cluster secrets","uid":"b03cca9ef6c29a3f","parentUid":"aa484c12ce38aa0be257c0b9bee21141","status":"failed","time":{"start":1663181177000,"stop":1663181177260,"duration":260},"flaky":false,"newFailed":false,"newPassed":false,"newBroken":false,"retriesCount":0,"retriesStatusChange":false,"parameters":[]}],"uid":"aa484c12ce38aa0be257c0b9bee21141"}],"uid":"8fb3a91ba5aaf9de24cc8a92edc82b5d"}],"name":"categories"}