{"uid":"ab0dc788a12e13b5","name":"[It] Project CR test Project Creation Should update Project while applying valid manifest with existing Project name","historyId":"Hub Suite:Hub Suite#[It] Project CR test Project Creation Should update Project while applying valid manifest with existing Project name","time":{"start":1663041865000,"stop":1663041869823,"duration":4823},"status":"passed","flaky":false,"newFailed":false,"newBroken":false,"newPassed":true,"retriesCount":0,"retriesStatusChange":false,"beforeStages":[],"testStage":{"steps":[{"name":"","time":{},"steps":[],"attachments":[],"parameters":[],"stepsCount":0,"attachmentsCount":0,"shouldDisplayMessage":false,"hasContent":false},{"name":"Report Entries:","time":{},"steps":[],"attachments":[],"parameters":[],"stepsCount":0,"attachmentsCount":0,"shouldDisplayMessage":false,"hasContent":false},{"name":"By Step","time":{},"steps":[],"attachments":[],"parameters":[],"stepsCount":0,"attachmentsCount":0,"shouldDisplayMessage":false,"hasContent":false},{"name":"/e2e/tests/hub/t_project_create_test.go:106","time":{},"steps":[],"attachments":[],"parameters":[],"stepsCount":0,"attachmentsCount":0,"shouldDisplayMessage":false,"hasContent":false},{"name":"2022-09-13T04:24:19.127867446Z","time":{},"steps":[],"attachments":[],"parameters":[],"stepsCount":0,"attachmentsCount":0,"shouldDisplayMessage":false,"hasContent":false},{"name":"&{Text:Creates Project using exisitng yaml Duration:0s}","time":{},"steps":[],"attachments":[],"parameters":[],"stepsCount":0,"attachmentsCount":0,"shouldDisplayMessage":false,"hasContent":false},{"name":"--","time":{},"steps":[],"attachments":[],"parameters":[],"stepsCount":0,"attachmentsCount":0,"shouldDisplayMessage":false,"hasContent":false},{"name":"By Step","time":{},"steps":[],"attachments":[],"parameters":[],"stepsCount":0,"attachmentsCount":0,"shouldDisplayMessage":false,"hasContent":false},{"name":"/e2e/tests/hub/t_project_create_test.go:111","time":{},"steps":[],"attachments":[],"parameters":[],"stepsCount":0,"attachmentsCount":0,"shouldDisplayMessage":false,"hasContent":false},{"name":"2022-09-13T04:24:19.395282448Z","time":{},"steps":[],"attachments":[],"parameters":[],"stepsCount":0,"attachmentsCount":0,"shouldDisplayMessage":false,"hasContent":false},{"name":"&{Text:Waiting for exisitng project reconciliation Duration:0s}","time":{},"steps":[],"attachments":[],"parameters":[],"stepsCount":0,"attachmentsCount":0,"shouldDisplayMessage":false,"hasContent":false},{"name":"--","time":{},"steps":[],"attachments":[],"parameters":[],"stepsCount":0,"attachmentsCount":0,"shouldDisplayMessage":false,"hasContent":false},{"name":"By Step","time":{},"steps":[],"attachments":[],"parameters":[],"stepsCount":0,"attachmentsCount":0,"shouldDisplayMessage":false,"hasContent":false},{"name":"/e2e/tests/hub/t_project_create_test.go:88","time":{},"steps":[],"attachments":[],"parameters":[],"stepsCount":0,"attachmentsCount":0,"shouldDisplayMessage":false,"hasContent":false},{"name":"2022-09-13T04:24:20.746488278Z","time":{},"steps":[],"attachments":[],"parameters":[],"stepsCount":0,"attachmentsCount":0,"shouldDisplayMessage":false,"hasContent":false},{"name":"&{Text:Uninstall the newly created project Duration:0s}","time":{},"steps":[],"attachments":[],"parameters":[],"stepsCount":0,"attachmentsCount":0,"shouldDisplayMessage":false,"hasContent":false},{"name":"--","time":{},"steps":[],"attachments":[],"parameters":[],"stepsCount":0,"attachmentsCount":0,"shouldDisplayMessage":false,"hasContent":false},{"name":"By Step","time":{},"steps":[],"attachments":[],"parameters":[],"stepsCount":0,"attachmentsCount":0,"shouldDisplayMessage":false,"hasContent":false},{"name":"/e2e/tests/hub/t_project_create_test.go:91","time":{},"steps":[],"attachments":[],"parameters":[],"stepsCount":0,"attachmentsCount":0,"shouldDisplayMessage":false,"hasContent":false},{"name":"2022-09-13T04:24:20.93252628Z","time":{},"steps":[],"attachments":[],"parameters":[],"stepsCount":0,"attachmentsCount":0,"shouldDisplayMessage":false,"hasContent":false},{"name":"&{Text:Waiting for project deletion Duration:0s}","time":{},"steps":[],"attachments":[],"parameters":[],"stepsCount":0,"attachmentsCount":0,"shouldDisplayMessage":false,"hasContent":false}],"attachments":[],"parameters":[],"stepsCount":21,"attachmentsCount":0,"shouldDisplayMessage":false,"hasContent":true},"afterStages":[],"labels":[{"name":"resultFormat","value":"junit"},{"name":"suite","value":"Hub Suite"},{"name":"testClass","value":"Hub Suite"},{"name":"package","value":"Hub Suite"}],"parameters":[],"links":[],"hidden":false,"retry":false,"extra":{"severity":"normal","retries":[],"categories":[],"history":{"statistic":{"failed":14,"broken":0,"skipped":0,"passed":178,"unknown":0,"total":192},"items":[{"uid":"6336c193e7aa4d5c","status":"failed","statusDetails":"Unexpected error:\n    <*shell.ErrWithCmdOutput | 0xc00066e558>: {\n        Underlying: <*exec.ExitError | 0xc00084ca20>{\n            ProcessState: {\n                pid: 10067,\n                status: 256,\n                rusage: {\n                    Utime: {Sec: 0, Usec: 217805},\n                    Stime: {Sec: 0, Usec: 75242},\n                    Maxrss: 76176,\n                    Ixrss: 0,\n                    Idrss: 0,\n                    Isrss: 0,\n                    Minflt: 3579,\n                    Majflt: 0,\n                    Nswap: 0,\n                    Inblock: 0,\n                    Oublock: 13344,\n                    Msgsnd: 0,\n                    Msgrcv: 0,\n                    Nsignals: 0,\n                    Nvcsw: 319,\n                    Nivcsw: 591,\n                },\n            },\n            Stderr: nil,\n        },\n        Output: {\n            stdout: {\n                Lines: nil,\n                merged: {\n                    Mutex: {state: 0, sema: 0},\n                    Lines: [\n                        \"Error from server (InternalError): error when creating \\\"/tmp/Project%20CR%20test%20Project%20Creation%20Should%20update%20Project%20while%20applying%20valid%20manifest%20with%20existing%20Project%20name3989923984\\\": Internal error occurred: failed calling webhook \\\"mproject.kb.io\\\": failed to call webhook: Post \\\"https://kubeslice-controller-webhook-service.kubeslice-controller.svc:443/mutate-controller-kubeslice-io-v1alpha1-project?timeout=10s\\\": dial tcp 10.96.217.78:443: connect: connection refused\",\n                    ],\n                },\n            },\n            stderr: {\n                Lines: [\n                    \"Error from server (InternalError): error when creating \\\"/tmp/Project%20CR%20test%20Project%20Creation%20Should%20update%20Project%20while%20applying%20valid%20manifest%20with%20existing%20Project%20name3989923984\\\": Internal error occurred: failed calling webhook \\\"mproject.kb.io\\\": failed to call webhook: Post \\\"https://kubeslice-controller-webhook-service.kubeslice-controller.svc:443/mutate-controller-kubeslice-io-v1alpha1-project?timeout=10s\\\": dial tcp 10.96.217.78:443: connect: connection refused\",\n                ],\n                merged: {\n                    Mutex: {state: 0, sema: 0},\n                    Lines: [\n                        \"Error from server (InternalError): error when creating \\\"/tmp/Project%20CR%20test%20Project%20Creation%20Should%20update%20Project%20while%20applying%20valid%20manifest%20with%20existing%20Project%20name3989923984\\\": Internal error occurred: failed calling webhook \\\"mproject.kb.io\\\": failed to call webhook: Post \\\"https://kubeslice-controller-webhook-service.kubeslice-controller.svc:443/mutate-controller-kubeslice-io-v1alpha1-project?timeout=10s\\\": dial tcp 10.96.217.78:443: connect: connection refused\",\n                    ],\n                },\n            },\n            merged: {\n                Mutex: {state: 0, sema: 0},\n                Lines: [\n                    \"Error from server (InternalError): error when creating \\\"/tmp/Project%20CR%20test%20Project%20Creation%20Should%20update%20Project%20while%20applying%20valid%20manifest%20with%20existing%20Project%20name3989923984\\\": Internal error occurred: failed calling webhook \\\"mproject.kb.io\\\": failed to call webhook: Post \\\"https://kubeslice-controller-webhook-service.kubeslice-controller.svc:443/mutate-controller-kubeslice-io-v1alpha1-project?timeout=10s\\\": dial tcp 10.96.217.78:443: connect: connection refused\",\n                ],\n            },\n        },\n    }\n    error while running command: exit status 1; Error from server (InternalError): error when creating \"/tmp/Project%20CR%20test%20Project%20Creation%20Should%20update%20Project%20while%20applying%20valid%20manifest%20with%20existing%20Project%20name3989923984\": Internal error occurred: failed calling webhook \"mproject.kb.io\": failed to call webhook: Post \"https://kubeslice-controller-webhook-service.kubeslice-controller.svc:443/mutate-controller-kubeslice-io-v1alpha1-project?timeout=10s\": dial tcp 10.96.217.78:443: connect: connection refused\noccurred","time":{"start":1663039902000,"stop":1663039902324,"duration":324}},{"uid":"f7668d25102206ad","status":"passed","time":{"start":1663009431000,"stop":1663009435678,"duration":4678}},{"uid":"275a91518e1f6f3b","status":"passed","time":{"start":1662978562000,"stop":1662978566864,"duration":4864}},{"uid":"a27708931223790f","status":"passed","time":{"start":1662702362000,"stop":1662702366713,"duration":4713}},{"uid":"7f0c18e64daaedb4","status":"failed","statusDetails":"Timed out after 60.001s.\nExpected\n    <bool>: false\nto be true","time":{"start":1662553059000,"stop":1662553125594,"duration":66594}},{"uid":"c569854e32d9e840","status":"failed","statusDetails":"Unexpected error:\n    <*shell.ErrWithCmdOutput | 0xc0005a4438>: {\n        Underlying: <*exec.ExitError | 0xc00065d100>{\n            ProcessState: {\n                pid: 10935,\n                status: 256,\n                rusage: {\n                    Utime: {Sec: 0, Usec: 204117},\n                    Stime: {Sec: 0, Usec: 32018},\n                    Maxrss: 72456,\n                    Ixrss: 0,\n                    Idrss: 0,\n                    Isrss: 0,\n                    Minflt: 7974,\n                    Majflt: 0,\n                    Nswap: 0,\n                    Inblock: 0,\n                    Oublock: 12880,\n                    Msgsnd: 0,\n                    Msgrcv: 0,\n                    Nsignals: 0,\n                    Nvcsw: 239,\n                    Nivcsw: 277,\n                },\n            },\n            Stderr: nil,\n        },\n        Output: {\n            stdout: {\n                Lines: nil,\n                merged: {\n                    Mutex: {state: 0, sema: 0},\n                    Lines: [\n                        \"Error from server (InternalError): error when creating \\\"/tmp/Project%20CR%20test%20Project%20Creation%20Should%20update%20Project%20while%20applying%20valid%20manifest%20with%20existing%20Project%20name495982649\\\": Internal error occurred: failed calling webhook \\\"mproject.kb.io\\\": failed to call webhook: Post \\\"https://kubeslice-controller-webhook-service.kubeslice-controller.svc:443/mutate-controller-kubeslice-io-v1alpha1-project?timeout=10s\\\": dial tcp 10.96.123.224:443: connect: connection refused\",\n                    ],\n                },\n            },\n            stderr: {\n                Lines: [\n                    \"Error from server (InternalError): error when creating \\\"/tmp/Project%20CR%20test%20Project%20Creation%20Should%20update%20Project%20while%20applying%20valid%20manifest%20with%20existing%20Project%20name495982649\\\": Internal error occurred: failed calling webhook \\\"mproject.kb.io\\\": failed to call webhook: Post \\\"https://kubeslice-controller-webhook-service.kubeslice-controller.svc:443/mutate-controller-kubeslice-io-v1alpha1-project?timeout=10s\\\": dial tcp 10.96.123.224:443: connect: connection refused\",\n                ],\n                merged: {\n                    Mutex: {state: 0, sema: 0},\n                    Lines: [\n                        \"Error from server (InternalError): error when creating \\\"/tmp/Project%20CR%20test%20Project%20Creation%20Should%20update%20Project%20while%20applying%20valid%20manifest%20with%20existing%20Project%20name495982649\\\": Internal error occurred: failed calling webhook \\\"mproject.kb.io\\\": failed to call webhook: Post \\\"https://kubeslice-controller-webhook-service.kubeslice-controller.svc:443/mutate-controller-kubeslice-io-v1alpha1-project?timeout=10s\\\": dial tcp 10.96.123.224:443: connect: connection refused\",\n                    ],\n                },\n            },\n            merged: {\n                Mutex: {state: 0, sema: 0},\n                Lines: [\n                    \"Error from server (InternalError): error when creating \\\"/tmp/Project%20CR%20test%20Project%20Creation%20Should%20update%20Project%20while%20applying%20valid%20manifest%20with%20existing%20Project%20name495982649\\\": Internal error occurred: failed calling webhook \\\"mproject.kb.io\\\": failed to call webhook: Post \\\"https://kubeslice-controller-webhook-service.kubeslice-controller.svc:443/mutate-controller-kubeslice-io-v1alpha1-project?timeout=10s\\\": dial tcp 10.96.123.224:443: connect: connection refused\",\n                ],\n            },\n        },\n    }\n    error while running command: exit status 1; Error from server (InternalError): error when creating \"/tmp/Project%20CR%20test%20Project%20Creation%20Should%20update%20Project%20while%20applying%20valid%20manifest%20with%20existing%20Project%20name495982649\": Internal error occurred: failed calling webhook \"mproject.kb.io\": failed to call webhook: Post \"https://kubeslice-controller-webhook-service.kubeslice-controller.svc:443/mutate-controller-kubeslice-io-v1alpha1-project?timeout=10s\": dial tcp 10.96.123.224:443: connect: connection refused\noccurred","time":{"start":1662553042000,"stop":1662553042275,"duration":275}},{"uid":"d4cf2266ad916618","status":"passed","time":{"start":1662467486000,"stop":1662467490631,"duration":4631}},{"uid":"5848e4aae3ee99a3","status":"failed","statusDetails":"Unexpected error:\n    <*shell.ErrWithCmdOutput | 0xc000352de0>: {\n        Underlying: <*exec.ExitError | 0xc000887380>{\n            ProcessState: {\n                pid: 10979,\n                status: 256,\n                rusage: {\n                    Utime: {Sec: 0, Usec: 205291},\n                    Stime: {Sec: 0, Usec: 64405},\n                    Maxrss: 85776,\n                    Ixrss: 0,\n                    Idrss: 0,\n                    Isrss: 0,\n                    Minflt: 4169,\n                    Majflt: 0,\n                    Nswap: 0,\n                    Inblock: 0,\n                    Oublock: 12880,\n                    Msgsnd: 0,\n                    Msgrcv: 0,\n                    Nsignals: 0,\n                    Nvcsw: 344,\n                    Nivcsw: 606,\n                },\n            },\n            Stderr: nil,\n        },\n        Output: {\n            stdout: {\n                Lines: nil,\n                merged: {\n                    Mutex: {state: 0, sema: 0},\n                    Lines: [\n                        \"Error from server (InternalError): error when creating \\\"/tmp/Project%20CR%20test%20Project%20Creation%20Should%20update%20Project%20while%20applying%20valid%20manifest%20with%20existing%20Project%20name1445506112\\\": Internal error occurred: failed calling webhook \\\"mproject.kb.io\\\": failed to call webhook: Post \\\"https://kubeslice-controller-webhook-service.kubeslice-controller.svc:443/mutate-controller-kubeslice-io-v1alpha1-project?timeout=10s\\\": dial tcp 10.96.14.145:443: connect: connection refused\",\n                    ],\n                },\n            },\n            stderr: {\n                Lines: [\n                    \"Error from server (InternalError): error when creating \\\"/tmp/Project%20CR%20test%20Project%20Creation%20Should%20update%20Project%20while%20applying%20valid%20manifest%20with%20existing%20Project%20name1445506112\\\": Internal error occurred: failed calling webhook \\\"mproject.kb.io\\\": failed to call webhook: Post \\\"https://kubeslice-controller-webhook-service.kubeslice-controller.svc:443/mutate-controller-kubeslice-io-v1alpha1-project?timeout=10s\\\": dial tcp 10.96.14.145:443: connect: connection refused\",\n                ],\n                merged: {\n                    Mutex: {state: 0, sema: 0},\n                    Lines: [\n                        \"Error from server (InternalError): error when creating \\\"/tmp/Project%20CR%20test%20Project%20Creation%20Should%20update%20Project%20while%20applying%20valid%20manifest%20with%20existing%20Project%20name1445506112\\\": Internal error occurred: failed calling webhook \\\"mproject.kb.io\\\": failed to call webhook: Post \\\"https://kubeslice-controller-webhook-service.kubeslice-controller.svc:443/mutate-controller-kubeslice-io-v1alpha1-project?timeout=10s\\\": dial tcp 10.96.14.145:443: connect: connection refused\",\n                    ],\n                },\n            },\n            merged: {\n                Mutex: {state: 0, sema: 0},\n                Lines: [\n                    \"Error from server (InternalError): error when creating \\\"/tmp/Project%20CR%20test%20Project%20Creation%20Should%20update%20Project%20while%20applying%20valid%20manifest%20with%20existing%20Project%20name1445506112\\\": Internal error occurred: failed calling webhook \\\"mproject.kb.io\\\": failed to call webhook: Post \\\"https://kubeslice-controller-webhook-service.kubeslice-controller.svc:443/mutate-controller-kubeslice-io-v1alpha1-project?timeout=10s\\\": dial tcp 10.96.14.145:443: connect: connection refused\",\n                ],\n            },\n        },\n    }\n    error while running command: exit status 1; Error from server (InternalError): error when creating \"/tmp/Project%20CR%20test%20Project%20Creation%20Should%20update%20Project%20while%20applying%20valid%20manifest%20with%20existing%20Project%20name1445506112\": Internal error occurred: failed calling webhook \"mproject.kb.io\": failed to call webhook: Post \"https://kubeslice-controller-webhook-service.kubeslice-controller.svc:443/mutate-controller-kubeslice-io-v1alpha1-project?timeout=10s\": dial tcp 10.96.14.145:443: connect: connection refused\noccurred","time":{"start":1662374048000,"stop":1662374048437,"duration":437}},{"uid":"2ee84a97fc323aef","status":"failed","statusDetails":"Unexpected error:\n    <*shell.ErrWithCmdOutput | 0xc000352678>: {\n        Underlying: <*exec.ExitError | 0xc00096d6a0>{\n            ProcessState: {\n                pid: 7226,\n                status: 256,\n                rusage: {\n                    Utime: {Sec: 0, Usec: 195815},\n                    Stime: {Sec: 0, Usec: 66660},\n                    Maxrss: 90600,\n                    Ixrss: 0,\n                    Idrss: 0,\n                    Isrss: 0,\n                    Minflt: 4062,\n                    Majflt: 0,\n                    Nswap: 0,\n                    Inblock: 0,\n                    Oublock: 13344,\n                    Msgsnd: 0,\n                    Msgrcv: 0,\n                    Nsignals: 0,\n                    Nvcsw: 411,\n                    Nivcsw: 277,\n                },\n            },\n            Stderr: nil,\n        },\n        Output: {\n            stdout: {\n                Lines: nil,\n                merged: {\n                    Mutex: {state: 0, sema: 0},\n                    Lines: [\n                        \"Error from server (InternalError): error when creating \\\"/tmp/Project%20CR%20test%20Project%20Creation%20Should%20update%20Project%20while%20applying%20valid%20manifest%20with%20existing%20Project%20name3441437962\\\": Internal error occurred: failed calling webhook \\\"mproject.kb.io\\\": failed to call webhook: Post \\\"https://kubeslice-controller-webhook-service.kubeslice-controller.svc:443/mutate-controller-kubeslice-io-v1alpha1-project?timeout=10s\\\": dial tcp 10.96.241.207:443: connect: connection refused\",\n                    ],\n                },\n            },\n            stderr: {\n                Lines: [\n                    \"Error from server (InternalError): error when creating \\\"/tmp/Project%20CR%20test%20Project%20Creation%20Should%20update%20Project%20while%20applying%20valid%20manifest%20with%20existing%20Project%20name3441437962\\\": Internal error occurred: failed calling webhook \\\"mproject.kb.io\\\": failed to call webhook: Post \\\"https://kubeslice-controller-webhook-service.kubeslice-controller.svc:443/mutate-controller-kubeslice-io-v1alpha1-project?timeout=10s\\\": dial tcp 10.96.241.207:443: connect: connection refused\",\n                ],\n                merged: {\n                    Mutex: {state: 0, sema: 0},\n                    Lines: [\n                        \"Error from server (InternalError): error when creating \\\"/tmp/Project%20CR%20test%20Project%20Creation%20Should%20update%20Project%20while%20applying%20valid%20manifest%20with%20existing%20Project%20name3441437962\\\": Internal error occurred: failed calling webhook \\\"mproject.kb.io\\\": failed to call webhook: Post \\\"https://kubeslice-controller-webhook-service.kubeslice-controller.svc:443/mutate-controller-kubeslice-io-v1alpha1-project?timeout=10s\\\": dial tcp 10.96.241.207:443: connect: connection refused\",\n                    ],\n                },\n            },\n            merged: {\n                Mutex: {state: 0, sema: 0},\n                Lines: [\n                    \"Error from server (InternalError): error when creating \\\"/tmp/Project%20CR%20test%20Project%20Creation%20Should%20update%20Project%20while%20applying%20valid%20manifest%20with%20existing%20Project%20name3441437962\\\": Internal error occurred: failed calling webhook \\\"mproject.kb.io\\\": failed to call webhook: Post \\\"https://kubeslice-controller-webhook-service.kubeslice-controller.svc:443/mutate-controller-kubeslice-io-v1alpha1-project?timeout=10s\\\": dial tcp 10.96.241.207:443: connect: connection refused\",\n                ],\n            },\n        },\n    }\n    error while running command: exit status 1; Error from server (InternalError): error when creating \"/tmp/Project%20CR%20test%20Project%20Creation%20Should%20update%20Project%20while%20applying%20valid%20manifest%20with%20existing%20Project%20name3441437962\": Internal error occurred: failed calling webhook \"mproject.kb.io\": failed to call webhook: Post \"https://kubeslice-controller-webhook-service.kubeslice-controller.svc:443/mutate-controller-kubeslice-io-v1alpha1-project?timeout=10s\": dial tcp 10.96.241.207:443: connect: connection refused\noccurred","time":{"start":1662374250000,"stop":1662374250369,"duration":369}},{"uid":"dec90895c45a12c8","status":"passed","time":{"start":1662361116000,"stop":1662361120691,"duration":4691}},{"uid":"e88ee616607a31b3","status":"passed","time":{"start":1662347286000,"stop":1662347290704,"duration":4704}},{"uid":"13e7c2aab62b2b70","status":"passed","time":{"start":1662049179000,"stop":1662049183953,"duration":4953}},{"uid":"3d17ba4ee8ce6664","status":"passed","time":{"start":1662048808000,"stop":1662048812760,"duration":4760}},{"uid":"4f0efff4d251d1c5","status":"passed","time":{"start":1662036991000,"stop":1662036995665,"duration":4665}},{"uid":"f5cb5362c8c11c18","status":"failed","statusDetails":"Timed out after 60.000s.\nExpected\n    <bool>: false\nto be true","time":{"start":1662031654000,"stop":1662031720734,"duration":66734}},{"uid":"e3b4f1e93ebed26d","status":"passed","time":{"start":1662027354000,"stop":1662027358826,"duration":4826}},{"uid":"d71ace9186983b83","status":"failed","statusDetails":"Timed out after 60.000s.\nExpected\n    <bool>: false\nto be true","time":{"start":1661952242000,"stop":1661952308678,"duration":66678}},{"uid":"a5c8633cf29677b","status":"passed","time":{"start":1661863163000,"stop":1661863167765,"duration":4765}},{"uid":"9cac1d9c9104b504","status":"passed","time":{"start":1661862437000,"stop":1661862441671,"duration":4671}},{"uid":"fc8fae74c202fff4","status":"passed","time":{"start":1661862282000,"stop":1661862286816,"duration":4816}}]},"tags":[]},"source":"ab0dc788a12e13b5.json","parameterValues":[]}