{"uid":"d7e26e5ec18d1799","name":"[It]  QosProfile tests QosProfile Create validation Creates qosprofile","historyId":"Worker Suite:Worker Suite#[It]  QosProfile tests QosProfile Create validation Creates qosprofile","time":{"start":1661578505000,"stop":1661578505425,"duration":425},"status":"failed","statusMessage":"Unexpected error:\n    <*shell.ErrWithCmdOutput | 0xc000866e10>: {\n        Underlying: <*exec.ExitError | 0xc0001705a0>{\n            ProcessState: {\n                pid: 7215,\n                status: 256,\n                rusage: {\n                    Utime: {Sec: 0, Usec: 283655},\n                    Stime: {Sec: 0, Usec: 147820},\n                    Maxrss: 88092,\n                    Ixrss: 0,\n                    Idrss: 0,\n                    Isrss: 0,\n                    Minflt: 7354,\n                    Majflt: 0,\n                    Nswap: 0,\n                    Inblock: 0,\n                    Oublock: 16256,\n                    Msgsnd: 0,\n                    Msgrcv: 0,\n                    Nsignals: 0,\n                    Nvcsw: 608,\n                    Nivcsw: 769,\n                },\n            },\n            Stderr: nil,\n        },\n        Output: {\n            stdout: {\n                Lines: nil,\n                merged: {\n                    Mutex: {state: 0, sema: 0},\n                    Lines: [\n                        \"Error from server (InternalError): error when creating \\\"/tmp/%20QosProfile%20tests%20QosProfile%20Create%20validation%20Creates%20qosprofile644429197\\\": Internal error occurred: failed calling webhook \\\"msliceqosconfig.kb.io\\\": failed to call webhook: the server could not find the requested resource\",\n                    ],\n                },\n            },\n            stderr: {\n                Lines: [\n                    \"Error from server (InternalError): error when creating \\\"/tmp/%20QosProfile%20tests%20QosProfile%20Create%20validation%20Creates%20qosprofile644429197\\\": Internal error occurred: failed calling webhook \\\"msliceqosconfig.kb.io\\\": failed to call webhook: the server could not find the requested resource\",\n                ],\n                merged: {\n                    Mutex: {state: 0, sema: 0},\n                    Lines: [\n                        \"Error from server (InternalError): error when creating \\\"/tmp/%20QosProfile%20tests%20QosProfile%20Create%20validation%20Creates%20qosprofile644429197\\\": Internal error occurred: failed calling webhook \\\"msliceqosconfig.kb.io\\\": failed to call webhook: the server could not find the requested resource\",\n                    ],\n                },\n            },\n            merged: {\n                Mutex: {state: 0, sema: 0},\n                Lines: [\n                    \"Error from server (InternalError): error when creating \\\"/tmp/%20QosProfile%20tests%20QosProfile%20Create%20validation%20Creates%20qosprofile644429197\\\": Internal error occurred: failed calling webhook \\\"msliceqosconfig.kb.io\\\": failed to call webhook: the server could not find the requested resource\",\n                ],\n            },\n        },\n    }\n    error while running command: exit status 1; Error from server (InternalError): error when creating \"/tmp/%20QosProfile%20tests%20QosProfile%20Create%20validation%20Creates%20qosprofile644429197\": Internal error occurred: failed calling webhook \"msliceqosconfig.kb.io\": failed to call webhook: the server could not find the requested resource\noccurred","statusTrace":"/e2e/tests/worker/t_qos_test.go:37\ngithub.com/kubeslice/kubeslice-e2e-automation/tests/worker_test.glob..func8.2.1()\n\t/e2e/tests/worker/t_qos_test.go:37 +0x1b3","flaky":false,"newFailed":false,"newBroken":false,"newPassed":false,"retriesCount":0,"retriesStatusChange":false,"beforeStages":[],"testStage":{"steps":[{"name":"","time":{},"steps":[],"attachments":[],"parameters":[],"stepsCount":0,"attachmentsCount":0,"shouldDisplayMessage":false,"hasContent":false},{"name":"Report Entries:","time":{},"steps":[],"attachments":[],"parameters":[],"stepsCount":0,"attachmentsCount":0,"shouldDisplayMessage":false,"hasContent":false},{"name":"By Step","time":{},"steps":[],"attachments":[],"parameters":[],"stepsCount":0,"attachmentsCount":0,"shouldDisplayMessage":false,"hasContent":false},{"name":"/e2e/tests/worker/t_qos_test.go:34","time":{},"steps":[],"attachments":[],"parameters":[],"stepsCount":0,"attachmentsCount":0,"shouldDisplayMessage":false,"hasContent":false},{"name":"2022-08-27T05:38:10.88983299Z","time":{},"steps":[],"attachments":[],"parameters":[],"stepsCount":0,"attachmentsCount":0,"shouldDisplayMessage":false,"hasContent":false},{"name":"&{Text:Deploying QosProfile Duration:0s}","time":{},"steps":[],"attachments":[],"parameters":[],"stepsCount":0,"attachmentsCount":0,"shouldDisplayMessage":false,"hasContent":false}],"attachments":[],"parameters":[],"stepsCount":6,"attachmentsCount":0,"shouldDisplayMessage":false,"hasContent":true},"afterStages":[],"labels":[{"name":"resultFormat","value":"junit"},{"name":"suite","value":"Worker Suite"},{"name":"testClass","value":"Worker Suite"},{"name":"package","value":"Worker Suite"}],"parameters":[],"links":[],"hidden":false,"retry":false,"extra":{"severity":"normal","retries":[],"categories":[{"name":"Product defects","matchedStatuses":[],"flaky":false}],"history":{"statistic":{"failed":2,"broken":0,"skipped":0,"passed":0,"unknown":0,"total":2},"items":[{"uid":"b2526d8eff8749cd","status":"failed","statusDetails":"Unexpected error:\n    <*shell.ErrWithCmdOutput | 0xc00083b320>: {\n        Underlying: <*exec.ExitError | 0xc000680760>{\n            ProcessState: {\n                pid: 7326,\n                status: 256,\n                rusage: {\n                    Utime: {Sec: 0, Usec: 246465},\n                    Stime: {Sec: 0, Usec: 53400},\n                    Maxrss: 88600,\n                    Ixrss: 0,\n                    Idrss: 0,\n                    Isrss: 0,\n                    Minflt: 3743,\n                    Majflt: 0,\n                    Nswap: 0,\n                    Inblock: 0,\n                    Oublock: 16256,\n                    Msgsnd: 0,\n                    Msgrcv: 0,\n                    Nsignals: 0,\n                    Nvcsw: 421,\n                    Nivcsw: 411,\n                },\n            },\n            Stderr: nil,\n        },\n        Output: {\n            stdout: {\n                Lines: nil,\n                merged: {\n                    Mutex: {state: 0, sema: 0},\n                    Lines: [\n                        \"Error from server (InternalError): error when creating \\\"/tmp/%20QosProfile%20tests%20QosProfile%20Create%20validation%20Creates%20qosprofile491100803\\\": Internal error occurred: failed calling webhook \\\"msliceqosconfig.kb.io\\\": failed to call webhook: the server could not find the requested resource\",\n                    ],\n                },\n            },\n            stderr: {\n                Lines: [\n                    \"Error from server (InternalError): error when creating \\\"/tmp/%20QosProfile%20tests%20QosProfile%20Create%20validation%20Creates%20qosprofile491100803\\\": Internal error occurred: failed calling webhook \\\"msliceqosconfig.kb.io\\\": failed to call webhook: the server could not find the requested resource\",\n                ],\n                merged: {\n                    Mutex: {state: 0, sema: 0},\n                    Lines: [\n                        \"Error from server (InternalError): error when creating \\\"/tmp/%20QosProfile%20tests%20QosProfile%20Create%20validation%20Creates%20qosprofile491100803\\\": Internal error occurred: failed calling webhook \\\"msliceqosconfig.kb.io\\\": failed to call webhook: the server could not find the requested resource\",\n                    ],\n                },\n            },\n            merged: {\n                Mutex: {state: 0, sema: 0},\n                Lines: [\n                    \"Error from server (InternalError): error when creating \\\"/tmp/%20QosProfile%20tests%20QosProfile%20Create%20validation%20Creates%20qosprofile491100803\\\": Internal error occurred: failed calling webhook \\\"msliceqosconfig.kb.io\\\": failed to call webhook: the server could not find the requested resource\",\n                ],\n            },\n        },\n    }\n    error while running command: exit status 1; Error from server (InternalError): error when creating \"/tmp/%20QosProfile%20tests%20QosProfile%20Create%20validation%20Creates%20qosprofile491100803\": Internal error occurred: failed calling webhook \"msliceqosconfig.kb.io\": failed to call webhook: the server could not find the requested resource\noccurred","time":{"start":1661572479000,"stop":1661572479300,"duration":300}}]},"tags":[]},"source":"d7e26e5ec18d1799.json","parameterValues":[]}