{"uid":"4b4757e66a1912dae1a509f688f20b0f","children":[{"name":"Product defects","children":[{"name":"Timed out after 120.001s.\nExpected an error to have occurred.  Got:\n    <nil>: nil","children":[{"name":"[It] Cluster negative tests Worker Cluster Registration with Wrong endpoint","uid":"98cef60366e7606b","parentUid":"96e24c0bb9b908fdd9c47b5d4a9cb2bb","status":"failed","time":{"start":1660104760000,"stop":1660105098487,"duration":338487},"flaky":true,"newFailed":false,"newPassed":false,"newBroken":false,"retriesCount":0,"retriesStatusChange":false,"parameters":[]}],"uid":"96e24c0bb9b908fdd9c47b5d4a9cb2bb"},{"name":"Timed out after 60.000s.\nExpected an error to have occurred.  Got:\n    <nil>: nil","children":[{"name":"[It] Project CR test Project Creation Should create Project while using valid manifest","uid":"61a3e357ea2cca8c","parentUid":"e1a88608c5bcfcf2888de6205e8787ce","status":"failed","time":{"start":1660104760000,"stop":1660104821559,"duration":61559},"flaky":true,"newFailed":false,"newPassed":false,"newBroken":false,"retriesCount":0,"retriesStatusChange":false,"parameters":[]},{"name":"[It] Project CR test Project Deletion Should fail when deleting a project that does not exist","uid":"6d020fa9a4403eb","parentUid":"e1a88608c5bcfcf2888de6205e8787ce","status":"failed","time":{"start":1660104760000,"stop":1660104821672,"duration":61672},"flaky":true,"newFailed":true,"newPassed":false,"newBroken":false,"retriesCount":0,"retriesStatusChange":false,"parameters":[]},{"name":"[It] Project CR test Project Update Should Update successfullyy when Project is Applied with valid service account name in Read users","uid":"be7cad5cbb43baa0","parentUid":"e1a88608c5bcfcf2888de6205e8787ce","status":"failed","time":{"start":1660104760000,"stop":1660104822113,"duration":62113},"flaky":true,"newFailed":false,"newPassed":false,"newBroken":false,"retriesCount":0,"retriesStatusChange":false,"parameters":[]}],"uid":"e1a88608c5bcfcf2888de6205e8787ce"},{"name":"Unexpected error:\n    <*shell.ErrWithCmdOutput | 0xc000353a58>: {\n        Underlying: <*exec.ExitError | 0xc0004233a0>{\n            ProcessState: {\n                pid: 6117,\n                status: 256,\n                rusage: {\n                    Utime: {Sec: 0, Usec: 116564},\n                    Stime: {Sec: 0, Usec: 58282},\n                    Maxrss: 73060,\n                    Ixrss: 0,\n                    Idrss: 0,\n                    Isrss: 0,\n                    Minflt: 3586,\n                    Majflt: 1,\n                    Nswap: 0,\n                    Inblock: 128,\n                    Oublock: 13376,\n                    Msgsnd: 0,\n                    Msgrcv: 0,\n                    Nsignals: 0,\n                    Nvcsw: 502,\n                    Nivcsw: 340,\n                },\n            },\n            Stderr: nil,\n        },\n        Output: {\n            stdout: {\n                Lines: nil,\n                merged: {\n                    Mutex: {state: 0, sema: 0},\n                    Lines: [\n                        \"The Project \\\"projecttest\\\" is invalid: project namespace: Invalid value: \\\"kubeslice-projecttest\\\": already exists\",\n                    ],\n                },\n            },\n            stderr: {\n                Lines: [\n                    \"The Project \\\"projecttest\\\" is invalid: project namespace: Invalid value: \\\"kubeslice-projecttest\\\": already exists\",\n                ],\n                merged: {\n                    Mutex: {state: 0, sema: 0},\n                    Lines: [\n                        \"The Project \\\"projecttest\\\" is invalid: project namespace: Invalid value: \\\"kubeslice-projecttest\\\": already exists\",\n                    ],\n                },\n            },\n            merged: {\n                Mutex: {state: 0, sema: 0},\n                Lines: [\n                    \"The Project \\\"projecttest\\\" is invalid: project namespace: Invalid value: \\\"kubeslice-projecttest\\\": already exists\",\n                ],\n            },\n        },\n    }\n    error while running command: exit status 1; The Project \"projecttest\" is invalid: project namespace: Invalid value: \"kubeslice-projecttest\": already exists\noccurred","children":[{"name":"[It] Project CR test Project Creation Should update Project while applying valid manifest with existing Project name","uid":"1924dcad5906e2fb","parentUid":"c68432824e09dc5fdc65f3afb7c1be18","status":"failed","time":{"start":1660104760000,"stop":1660104820255,"duration":60255},"flaky":true,"newFailed":false,"newPassed":false,"newBroken":false,"retriesCount":0,"retriesStatusChange":false,"parameters":[]}],"uid":"c68432824e09dc5fdc65f3afb7c1be18"},{"name":"Unexpected error:\n    <*shell.ErrWithCmdOutput | 0xc000130c00>: {\n        Underlying: <*exec.ExitError | 0xc0006c0420>{\n            ProcessState: {\n                pid: 6326,\n                status: 256,\n                rusage: {\n                    Utime: {Sec: 0, Usec: 181820},\n                    Stime: {Sec: 0, Usec: 43478},\n                    Maxrss: 74008,\n                    Ixrss: 0,\n                    Idrss: 0,\n                    Isrss: 0,\n                    Minflt: 13565,\n                    Majflt: 0,\n                    Nswap: 0,\n                    Inblock: 0,\n                    Oublock: 13392,\n                    Msgsnd: 0,\n                    Msgrcv: 0,\n                    Nsignals: 0,\n                    Nvcsw: 526,\n                    Nivcsw: 355,\n                },\n            },\n            Stderr: nil,\n        },\n        Output: {\n            stdout: {\n                Lines: nil,\n                merged: {\n                    Mutex: {state: 0, sema: 0},\n                    Lines: [\n                        \"The Project \\\"projectupdatetest\\\" is invalid: project namespace: Invalid value: \\\"kubeslice-projectupdatetest\\\": already exists\",\n                    ],\n                },\n            },\n            stderr: {\n                Lines: [\n                    \"The Project \\\"projectupdatetest\\\" is invalid: project namespace: Invalid value: \\\"kubeslice-projectupdatetest\\\": already exists\",\n                ],\n                merged: {\n                    Mutex: {state: 0, sema: 0},\n                    Lines: [\n                        \"The Project \\\"projectupdatetest\\\" is invalid: project namespace: Invalid value: \\\"kubeslice-projectupdatetest\\\": already exists\",\n                    ],\n                },\n            },\n            merged: {\n                Mutex: {state: 0, sema: 0},\n                Lines: [\n                    \"The Project \\\"projectupdatetest\\\" is invalid: project namespace: Invalid value: \\\"kubeslice-projectupdatetest\\\": already exists\",\n                ],\n            },\n        },\n    }\n    error while running command: exit status 1; The Project \"projectupdatetest\" is invalid: project namespace: Invalid value: \"kubeslice-projectupdatetest\": already exists\noccurred","children":[{"name":"[It] Project CR test Project Update Should fail when Project is Applied with service account name as combination of special characters in Write users","uid":"3a8f74dd82546b16","parentUid":"9adfa09b498037b6e13c19ca7131dcca","status":"failed","time":{"start":1660104760000,"stop":1660104820321,"duration":60321},"flaky":true,"newFailed":false,"newPassed":false,"newBroken":false,"retriesCount":0,"retriesStatusChange":false,"parameters":[]}],"uid":"9adfa09b498037b6e13c19ca7131dcca"},{"name":"Unexpected error:\n    <*shell.ErrWithCmdOutput | 0xc0007d4f18>: {\n        Underlying: <*exec.ExitError | 0xc000512760>{\n            ProcessState: {\n                pid: 6290,\n                status: 256,\n                rusage: {\n                    Utime: {Sec: 0, Usec: 145295},\n                    Stime: {Sec: 0, Usec: 43195},\n                    Maxrss: 75844,\n                    Ixrss: 0,\n                    Idrss: 0,\n                    Isrss: 0,\n                    Minflt: 7399,\n                    Majflt: 0,\n                    Nswap: 0,\n                    Inblock: 0,\n                    Oublock: 13392,\n                    Msgsnd: 0,\n                    Msgrcv: 0,\n                    Nsignals: 0,\n                    Nvcsw: 292,\n                    Nivcsw: 484,\n                },\n            },\n            Stderr: nil,\n        },\n        Output: {\n            stdout: {\n                Lines: nil,\n                merged: {\n                    Mutex: {state: 0, sema: 0},\n                    Lines: [\n                        \"The Project \\\"projectupdatetest\\\" is invalid: project namespace: Invalid value: \\\"kubeslice-projectupdatetest\\\": already exists\",\n                    ],\n                },\n            },\n            stderr: {\n                Lines: [\n                    \"The Project \\\"projectupdatetest\\\" is invalid: project namespace: Invalid value: \\\"kubeslice-projectupdatetest\\\": already exists\",\n                ],\n                merged: {\n                    Mutex: {state: 0, sema: 0},\n                    Lines: [\n                        \"The Project \\\"projectupdatetest\\\" is invalid: project namespace: Invalid value: \\\"kubeslice-projectupdatetest\\\": already exists\",\n                    ],\n                },\n            },\n            merged: {\n                Mutex: {state: 0, sema: 0},\n                Lines: [\n                    \"The Project \\\"projectupdatetest\\\" is invalid: project namespace: Invalid value: \\\"kubeslice-projectupdatetest\\\": already exists\",\n                ],\n            },\n        },\n    }\n    error while running command: exit status 1; The Project \"projectupdatetest\" is invalid: project namespace: Invalid value: \"kubeslice-projectupdatetest\": already exists\noccurred","children":[{"name":"[It] Project CR test Project Update Should update successfully when Project Applied while removing a service account name in Read users","uid":"4d87063f475f4627","parentUid":"e4f715b7a9818a2962d2c801a2ede40c","status":"failed","time":{"start":1660104760000,"stop":1660104820270,"duration":60270},"flaky":true,"newFailed":false,"newPassed":false,"newBroken":false,"retriesCount":0,"retriesStatusChange":false,"parameters":[]}],"uid":"e4f715b7a9818a2962d2c801a2ede40c"},{"name":"Timed out after 60.001s.\nExpected an error to have occurred.  Got:\n    <nil>: nil","children":[{"name":"[It] Project CR test Project Creation Should create Multiple Projects in controller using valid manifest","uid":"5c45e4acb58c60e7","parentUid":"c3605d3c35f7c6c4b2c288f323d39711","status":"failed","time":{"start":1660104760000,"stop":1660104881591,"duration":121591},"flaky":true,"newFailed":false,"newPassed":false,"newBroken":false,"retriesCount":0,"retriesStatusChange":false,"parameters":[]},{"name":"[It] Project CR test Project Creation Should fail while creating service accounts as combination of special characters","uid":"a9bdaf8c6de7576d","parentUid":"c3605d3c35f7c6c4b2c288f323d39711","status":"failed","time":{"start":1660104760000,"stop":1660104820241,"duration":60241},"flaky":true,"newFailed":false,"newPassed":false,"newBroken":false,"retriesCount":0,"retriesStatusChange":false,"parameters":[]}],"uid":"c3605d3c35f7c6c4b2c288f323d39711"},{"name":"Unexpected error:\n    <*shell.ErrWithCmdOutput | 0xc0007d4048>: {\n        Underlying: <*exec.ExitError | 0xc0007a0060>{\n            ProcessState: {\n                pid: 6308,\n                status: 256,\n                rusage: {\n                    Utime: {Sec: 0, Usec: 127626},\n                    Stime: {Sec: 0, Usec: 63813},\n                    Maxrss: 68820,\n                    Ixrss: 0,\n                    Idrss: 0,\n                    Isrss: 0,\n                    Minflt: 10681,\n                    Majflt: 0,\n                    Nswap: 0,\n                    Inblock: 0,\n                    Oublock: 13392,\n                    Msgsnd: 0,\n                    Msgrcv: 0,\n                    Nsignals: 0,\n                    Nvcsw: 416,\n                    Nivcsw: 341,\n                },\n            },\n            Stderr: nil,\n        },\n        Output: {\n            stdout: {\n                Lines: nil,\n                merged: {\n                    Mutex: {state: 0, sema: 0},\n                    Lines: [\n                        \"The Project \\\"projectupdatetest\\\" is invalid: project namespace: Invalid value: \\\"kubeslice-projectupdatetest\\\": already exists\",\n                    ],\n                },\n            },\n            stderr: {\n                Lines: [\n                    \"The Project \\\"projectupdatetest\\\" is invalid: project namespace: Invalid value: \\\"kubeslice-projectupdatetest\\\": already exists\",\n                ],\n                merged: {\n                    Mutex: {state: 0, sema: 0},\n                    Lines: [\n                        \"The Project \\\"projectupdatetest\\\" is invalid: project namespace: Invalid value: \\\"kubeslice-projectupdatetest\\\": already exists\",\n                    ],\n                },\n            },\n            merged: {\n                Mutex: {state: 0, sema: 0},\n                Lines: [\n                    \"The Project \\\"projectupdatetest\\\" is invalid: project namespace: Invalid value: \\\"kubeslice-projectupdatetest\\\": already exists\",\n                ],\n            },\n        },\n    }\n    error while running command: exit status 1; The Project \"projectupdatetest\" is invalid: project namespace: Invalid value: \"kubeslice-projectupdatetest\": already exists\noccurred","children":[{"name":"[It] Project CR test Project Update Should fail when Project is Applied with service account name as combination of special characters in Read users","uid":"657ccb66db2aeb72","parentUid":"571c7d8bbcaf638ebe2f7ccaf3b9ad99","status":"failed","time":{"start":1660104760000,"stop":1660104820264,"duration":60264},"flaky":true,"newFailed":false,"newPassed":false,"newBroken":false,"retriesCount":0,"retriesStatusChange":false,"parameters":[]}],"uid":"571c7d8bbcaf638ebe2f7ccaf3b9ad99"},{"name":"Unexpected error:\n    <*shell.ErrWithCmdOutput | 0xc000864450>: {\n        Underlying: <*exec.ExitError | 0xc0006d0e80>{\n            ProcessState: {\n                pid: 6281,\n                status: 256,\n                rusage: {\n                    Utime: {Sec: 0, Usec: 115535},\n                    Stime: {Sec: 0, Usec: 63743},\n                    Maxrss: 75512,\n                    Ixrss: 0,\n                    Idrss: 0,\n                    Isrss: 0,\n                    Minflt: 7635,\n                    Majflt: 1,\n                    Nswap: 0,\n                    Inblock: 64,\n                    Oublock: 13392,\n                    Msgsnd: 0,\n                    Msgrcv: 0,\n                    Nsignals: 0,\n                    Nvcsw: 408,\n                    Nivcsw: 330,\n                },\n            },\n            Stderr: nil,\n        },\n        Output: {\n            stdout: {\n                Lines: nil,\n                merged: {\n                    Mutex: {state: 0, sema: 0},\n                    Lines: [\n                        \"The Project \\\"projectupdatetest\\\" is invalid: project namespace: Invalid value: \\\"kubeslice-projectupdatetest\\\": already exists\",\n                    ],\n                },\n            },\n            stderr: {\n                Lines: [\n                    \"The Project \\\"projectupdatetest\\\" is invalid: project namespace: Invalid value: \\\"kubeslice-projectupdatetest\\\": already exists\",\n                ],\n                merged: {\n                    Mutex: {state: 0, sema: 0},\n                    Lines: [\n                        \"The Project \\\"projectupdatetest\\\" is invalid: project namespace: Invalid value: \\\"kubeslice-projectupdatetest\\\": already exists\",\n                    ],\n                },\n            },\n            merged: {\n                Mutex: {state: 0, sema: 0},\n                Lines: [\n                    \"The Project \\\"projectupdatetest\\\" is invalid: project namespace: Invalid value: \\\"kubeslice-projectupdatetest\\\": already exists\",\n                ],\n            },\n        },\n    }\n    error while running command: exit status 1; The Project \"projectupdatetest\" is invalid: project namespace: Invalid value: \"kubeslice-projectupdatetest\": already exists\noccurred","children":[{"name":"[It] Project CR test Project Update Should update successfully when Project applied with valid service account name in Write users","uid":"7a2ca23b8f91ad21","parentUid":"8d543f6454c11e897d246b877260bd79","status":"failed","time":{"start":1660104760000,"stop":1660104820258,"duration":60258},"flaky":true,"newFailed":false,"newPassed":false,"newBroken":false,"retriesCount":0,"retriesStatusChange":false,"parameters":[]}],"uid":"8d543f6454c11e897d246b877260bd79"},{"name":"Unexpected error:\n    <*shell.ErrWithCmdOutput | 0xc000353200>: {\n        Underlying: <*exec.ExitError | 0xc0006a50e0>{\n            ProcessState: {\n                pid: 6299,\n                status: 256,\n                rusage: {\n                    Utime: {Sec: 0, Usec: 141717},\n                    Stime: {Sec: 0, Usec: 49792},\n                    Maxrss: 78080,\n                    Ixrss: 0,\n                    Idrss: 0,\n                    Isrss: 0,\n                    Minflt: 10832,\n                    Majflt: 0,\n                    Nswap: 0,\n                    Inblock: 0,\n                    Oublock: 13392,\n                    Msgsnd: 0,\n                    Msgrcv: 0,\n                    Nsignals: 0,\n                    Nvcsw: 356,\n                    Nivcsw: 610,\n                },\n            },\n            Stderr: nil,\n        },\n        Output: {\n            stdout: {\n                Lines: nil,\n                merged: {\n                    Mutex: {state: 0, sema: 0},\n                    Lines: [\n                        \"The Project \\\"projectupdatetest\\\" is invalid: project namespace: Invalid value: \\\"kubeslice-projectupdatetest\\\": already exists\",\n                    ],\n                },\n            },\n            stderr: {\n                Lines: [\n                    \"The Project \\\"projectupdatetest\\\" is invalid: project namespace: Invalid value: \\\"kubeslice-projectupdatetest\\\": already exists\",\n                ],\n                merged: {\n                    Mutex: {state: 0, sema: 0},\n                    Lines: [\n                        \"The Project \\\"projectupdatetest\\\" is invalid: project namespace: Invalid value: \\\"kubeslice-projectupdatetest\\\": already exists\",\n                    ],\n                },\n            },\n            merged: {\n                Mutex: {state: 0, sema: 0},\n                Lines: [\n                    \"The Project \\\"projectupdatetest\\\" is invalid: project namespace: Invalid value: \\\"kubeslice-projectupdatetest\\\": already exists\",\n                ],\n            },\n        },\n    }\n    error while running command: exit status 1; The Project \"projectupdatetest\" is invalid: project namespace: Invalid value: \"kubeslice-projectupdatetest\": already exists\noccurred","children":[{"name":"[It] Project CR test Project Update Should update successfully when Project Applied while removing a service account name in Write users","uid":"ffa67a4db7b07016","parentUid":"74f2eeafb8770dd823085d37b3d750a5","status":"failed","time":{"start":1660104760000,"stop":1660104820277,"duration":60277},"flaky":true,"newFailed":false,"newPassed":false,"newBroken":false,"retriesCount":0,"retriesStatusChange":false,"parameters":[]}],"uid":"74f2eeafb8770dd823085d37b3d750a5"},{"name":"Unexpected error:\n    <*shell.ErrWithCmdOutput | 0xc0004bfad0>: {\n        Underlying: <*exec.ExitError | 0xc000449fc0>{\n            ProcessState: {\n                pid: 5986,\n                status: 256,\n                rusage: {\n                    Utime: {Sec: 0, Usec: 141499},\n                    Stime: {Sec: 0, Usec: 78610},\n                    Maxrss: 78548,\n                    Ixrss: 0,\n                    Idrss: 0,\n                    Isrss: 0,\n                    Minflt: 10522,\n                    Majflt: 0,\n                    Nswap: 0,\n                    Inblock: 0,\n                    Oublock: 13616,\n                    Msgsnd: 0,\n                    Msgrcv: 0,\n                    Nsignals: 0,\n                    Nvcsw: 938,\n                    Nivcsw: 423,\n                },\n            },\n            Stderr: nil,\n        },\n        Output: {\n            stdout: {\n                Lines: nil,\n                merged: {\n                    Mutex: {state: 0, sema: 0},\n                    Lines: [\n                        \"error: resource mapping not found for name: \\\"profile4\\\" namespace: \\\"\\\" from \\\"/tmp/%20QosProfile%20tests%20QosProfile%20Create%20validation%20Creates%20qosprofile1283148996\\\": no matches for kind \\\"SliceQoSConfig\\\" in version \\\"controller.kubeslice.io/v1alpha1\\\"\",\n                        \"ensure CRDs are installed first\",\n                    ],\n                },\n            },\n            stderr: {\n                Lines: [\n                    \"error: resource mapping not found for name: \\\"profile4\\\" namespace: \\\"\\\" from \\\"/tmp/%20QosProfile%20tests%20QosProfile%20Create%20validation%20Creates%20qosprofile1283148996\\\": no matches for kind \\\"SliceQoSConfig\\\" in version \\\"controller.kubeslice.io/v1alpha1\\\"\",\n                    \"ensure CRDs are installed first\",\n                ],\n                merged: {\n                    Mutex: {state: 0, sema: 0},\n                    Lines: [\n                        \"error: resource mapping not found for name: \\\"profile4\\\" namespace: \\\"\\\" from \\\"/tmp/%20QosProfile%20tests%20QosProfile%20Create%20validation%20Creates%20qosprofile1283148996\\\": no matches for kind \\\"SliceQoSConfig\\\" in version \\\"controller.kubeslice.io/v1alpha1\\\"\",\n                        \"ensure CRDs are installed first\",\n                    ],\n                },\n            },\n            merged: {\n                Mutex: {state: 0, sema: 0},\n                Lines: [\n                    \"error: resource mapping not found for name: \\\"profile4\\\" namespace: \\\"\\\" from \\\"/tmp/%20QosProfile%20tests%20QosProfile%20Create%20validation%20Creates%20qosprofile1283148996\\\": no matches for kind \\\"SliceQoSConfig\\\" in version \\\"controller.kubeslice.io/v1alpha1\\\"\",\n                    \"ensure CRDs are installed first\",\n                ],\n            },\n        },\n    }\n    error while running command: exit status 1; error: resource mapping not found for name: \"profile4\" namespace: \"\" from \"/tmp/%20QosProfile%20tests%20QosProfile%20Create%20validation%20Creates%20qosprofile1283148996\": no matches for kind \"SliceQoSConfig\" in version \"controller.kubeslice.io/v1alpha1\"\n    ensure CRDs are installed first\noccurred","children":[{"name":"[It]  QosProfile tests QosProfile Create validation Creates qosprofile","uid":"3eda2fcc984127a1","parentUid":"25dffb71e1761b8d3396bd0ce3376f26","status":"failed","time":{"start":1660104760000,"stop":1660104768439,"duration":8439},"flaky":false,"newFailed":false,"newPassed":false,"newBroken":false,"retriesCount":0,"retriesStatusChange":false,"parameters":[]}],"uid":"25dffb71e1761b8d3396bd0ce3376f26"},{"name":"Unexpected error:\n    <*shell.ErrWithCmdOutput | 0xc000130540>: {\n        Underlying: <*exec.ExitError | 0xc0006c0000>{\n            ProcessState: {\n                pid: 6031,\n                status: 256,\n                rusage: {\n                    Utime: {Sec: 1, Usec: 905814},\n                    Stime: {Sec: 0, Usec: 162449},\n                    Maxrss: 86316,\n                    Ixrss: 0,\n                    Idrss: 0,\n                    Isrss: 0,\n                    Minflt: 15364,\n                    Majflt: 14,\n                    Nswap: 0,\n                    Inblock: 1840,\n                    Oublock: 13808,\n                    Msgsnd: 0,\n                    Msgrcv: 0,\n                    Nsignals: 0,\n                    Nvcsw: 5297,\n                    Nivcsw: 2886,\n                },\n            },\n            Stderr: nil,\n        },\n        Output: {\n            stdout: {\n                Lines: nil,\n                merged: {\n                    Mutex: {state: 0, sema: 0},\n                    Lines: [\n                        \"WARNING: Kubernetes configuration file is group-readable. This is insecure. Location: /e2e/assets/kubeconfig/kinde2e.yaml\",\n                        \"WARNING: Kubernetes configuration file is world-readable. This is insecure. Location: /e2e/assets/kubeconfig/kinde2e.yaml\",\n                        \"install.go:178: [debug] Original chart version: \\\"\\\"\",\n                        \"install.go:195: [debug] CHART PATH: /root/.cache/helm/repository/kubeslice-worker-0.4.0.tgz\",\n                        \"\",\n                        \"client.go:128: [debug] creating 1 resource(s)\",\n                        \"client.go:128: [debug] creating 1 resource(s)\",\n                        \"client.go:128: [debug] creating 1 resource(s)\",\n                        \"client.go:128: [debug] creating 1 resource(s)\",\n                        \"client.go:128: [debug] creating 1 resource(s)\",\n                        \"install.go:165: [debug] Clearing discovery cache\",\n                        \"wait.go:48: [debug] beginning wait for 5 resources with timeout of 1m0s\",\n                        \"client.go:128: [debug] creating 1 resource(s)\",\n                        \"client.go:128: [debug] creating 1 resource(s)\",\n                        \"client.go:128: [debug] creating 1 resource(s)\",\n                        \"client.go:128: [debug] creating 1 resource(s)\",\n                        \"client.go:128: [debug] creating 1 resource(s)\",\n                        \"client.go:128: [debug] creating 1 resource(s)\",\n                        \"client.go:540: [debug] Watching for changes to Job kubeslice-worker-preinstall-job with timeout of 2m0s\",\n                        \"client.go:568: [debug] Add/Modify event for kubeslice-worker-preinstall-job: ADDED\",\n                        \"client.go:607: [debug] kubeslice-worker-preinstall-job: Jobs active: 0, jobs failed: 0, jobs succeeded: 0\",\n                        \"client.go:568: [debug] Add/Modify event for kubeslice-worker-preinstall-job: MODIFIED\",\n                        \"client.go:607: [debug] kubeslice-worker-preinstall-job: Jobs active: 1, jobs failed: 0, jobs succeeded: 0\",\n                        \"client.go:568: [debug] Add/Modify event for kubeslice-worker-preinstall-job: MODIFIED\",\n                        \"client.go:607: [debug] kubeslice-worker-preinstall-job: Jobs active: 1, jobs failed: 1, jobs succeeded: 0\",\n                        \"client.go:568: [debug] Add/Modify event for kubeslice-worker-preinstall-job: MODIFIED\",\n                        \"client.go:607: [debug] kubeslice-worker-preinstall-job: Jobs active: 1, jobs failed: 2, jobs succeeded: 0\",\n                        \"client.go:568: [debug] Add/Modify event for kubeslice-worker-preinstall-job: MODIFIED\",\n                        \"client.go:607: [debug] kubeslice-worker-preinstall-job: Jobs active: 1, jobs failed: 3, jobs succeeded: 0\",\n                        \"client.go:310: [debug] Starting delete for \\\"kubeslice-worker-preinstall-job\\\" Job\",\n                        \"install.go:441: [debug] Install failed a...\n\nGomega truncated this representation as it exceeds 'format.MaxLength'.\nConsider having the object provide a custom 'GomegaStringer' representation\nor adjust the parameters in Gomega's 'format' package.\n\nLearn more here: https://onsi.github.io/gomega/#adjusting-output\n\n    error while running command: exit status 1; WARNING: Kubernetes configuration file is group-readable. This is insecure. Location: /e2e/assets/kubeconfig/kinde2e.yaml\n    WARNING: Kubernetes configuration file is world-readable. This is insecure. Location: /e2e/assets/kubeconfig/kinde2e.yaml\n    install.go:178: [debug] Original chart version: \"\"\n    install.go:195: [debug] CHART PATH: /root/.cache/helm/repository/kubeslice-worker-0.4.0.tgz\n    \n    client.go:128: [debug] creating 1 resource(s)\n    client.go:128: [debug] creating 1 resource(s)\n    client.go:128: [debug] creating 1 resource(s)\n    client.go:128: [debug] creating 1 resource(s)\n    client.go:128: [debug] creating 1 resource(s)\n    install.go:165: [debug] Clearing discovery cache\n    wait.go:48: [debug] beginning wait for 5 resources with timeout of 1m0s\n    client.go:128: [debug] creating 1 resource(s)\n    client.go:128: [debug] creating 1 resource(s)\n    client.go:128: [debug] creating 1 resource(s)\n    client.go:128: [debug] creating 1 resource(s)\n    client.go:128: [debug] creating 1 resource(s)\n    client.go:128: [debug] creating 1 resource(s)\n    client.go:540: [debug] Watching for changes to Job kubeslice-worker-preinstall-job with timeout of 2m0s\n    client.go:568: [debug] Add/Modify event for kubeslice-worker-preinstall-job: ADDED\n    client.go:607: [debug] kubeslice-worker-preinstall-job: Jobs active: 0, jobs failed: 0, jobs succeeded: 0\n    client.go:568: [debug] Add/Modify event for kubeslice-worker-preinstall-job: MODIFIED\n    client.go:607: [debug] kubeslice-worker-preinstall-job: Jobs active: 1, jobs failed: 0, jobs succeeded: 0\n    client.go:568: [debug] Add/Modify event for kubeslice-worker-preinstall-job: MODIFIED\n    client.go:607: [debug] kubeslice-worker-preinstall-job: Jobs active: 1, jobs failed: 1, jobs succeeded: 0\n    client.go:568: [debug] Add/Modify event for kubeslice-worker-preinstall-job: MODIFIED\n    client.go:607: [debug] kubeslice-worker-preinstall-job: Jobs active: 1, jobs failed: 2, jobs succeeded: 0\n    client.go:568: [debug] Add/Modify event for kubeslice-worker-preinstall-job: MODIFIED\n    client.go:607: [debug] kubeslice-worker-preinstall-job: Jobs active: 1, jobs failed: 3, jobs succeeded: 0\n    client.go:310: [debug] Starting delete for \"kubeslice-worker-preinstall-job\" Job\n    install.go:441: [debug] Install failed and atomic is set, uninstalling release\n    uninstall.go:95: [debug] uninstall: Deleting kubeslice-worker\n    client.go:310: [debug] Starting delete for \"jaeger\" Service\n    client.go:310: [debug] Starting delete for \"kubeslice-webhook-service\" Service\n    client.go:310: [debug] Starting delete for \"nsm-admission-webhook-svc\" Service\n    client.go:310: [debug] Starting delete for \"kubeslice-dns\" Service\n    client.go:339: [debug] services \"jaeger\" not found\n    client.go:339: [debug] services \"nsm-admission-webhook-svc\" not found\n    client.go:339: [debug] services \"kubeslice-dns\" not found\n    client.go:339: [debug] services \"kubeslice-webhook-service\" not found\n    client.go:310: [debug] Starting delete for \"kubeslice-operator\" Deployment\n    client.go:310: [debug] Starting delete for \"jaeger\" Deployment\n    client.go:310: [debug] Starting delete for \"prefix-service\" Deployment\n    client.go:310: [debug] Starting delete for \"kubeslice-dns\" Deployment\n    client.go:310: [debug] Starting delete for \"nsm-admission-webhook\" Deployment\n    client.go:339: [debug] deployments.apps \"kubeslice-operator\" not found\n    client.go:339: [debug] deployments.apps \"prefix-service\" not found\n    client.go:339: [debug] deployments.apps \"jaeger\" not found\n    client.go:339: [debug] deployments.apps \"nsm-admission-webhook\" not found\n    client.go:339: [debug] deployments.apps \"kubeslice-dns\" not found\n    client.go:310: [debug] Starting delete for \"kubeslice-netop\" DaemonSet\n    client.go:310: [debug] Starting delete for \"nsm-kernel-forwarder\" DaemonSet\n    client.go:310: [debug] Starting delete for \"nsmgr\" DaemonSet\n    client.go:339: [debug] daemonsets.apps \"nsm-kernel-forwarder\" not found\n    client.go:339: [debug] daemonsets.apps \"kubeslice-netop\" not found\n    client.go:339: [debug] daemonsets.apps \"nsmgr\" not found\n    client.go:310: [debug] Starting delete for \"kubeslice-leader-election-rolebinding\" RoleBinding\n    client.go:339: [debug] rolebindings.rbac.authorization.k8s.io \"kubeslice-leader-election-rolebinding\" not found\n    client.go:310: [debug] Starting delete for \"kubeslice-leader-election-role\" Role\n    client.go:339: [debug] roles.rbac.authorization.k8s.io \"kubeslice-leader-election-role\" not found\n    client.go:310: [debug] Starting delete for \"kubeslice-kubernetes-dashboard\" ClusterRoleBinding\n    client.go:310: [debug] Starting delete for \"nsm-role-binding\" ClusterRoleBinding\n    client.go:310: [debug] Starting delete for \"kubeslice-proxy-rolebinding\" ClusterRoleBinding\n    client.go:310: [debug] Starting delete for \"kubeslice-manager-rolebinding\" ClusterRoleBinding\n    client.go:310: [debug] Starting delete for \"kubeslice-dns-rolebinding\" ClusterRoleBinding\n    client.go:339: [debug] clusterrolebindings.rbac.authorization.k8s.io \"kubeslice-dns-rolebinding\" not found\n    client.go:339: [debug] clusterrolebindings.rbac.authorization.k8s.io \"kubeslice-kubernetes-dashboard\" not found\n    client.go:339: [debug] clusterrolebindings.rbac.authorization.k8s.io \"kubeslice-manager-rolebinding\" not found\n    client.go:339: [debug] clusterrolebindings.rbac.authorization.k8s.io \"kubeslice-proxy-rolebinding\" not found\n    client.go:339: [debug] clusterrolebindings.rbac.authorization.k8s.io \"nsm-role-binding\" not found\n    client.go:310: [debug] Starting delete for \"kubeslice-kubernetes-dashboard\" ClusterRole\n    client.go:310: [debug] Starting delete for \"nsm-role\" ClusterRole\n    client.go:310: [debug] Starting delete for \"aggregate-network-services-view\" ClusterRole\n    client.go:310: [debug] Starting delete for \"kubeslice-dns-role\" ClusterRole\n    client.go:310: [debug] Starting delete for \"kubeslice-manager-role\" ClusterRole\n    client.go:310: [debug] Starting delete for \"kubeslice-metrics-reader\" ClusterRole\n    client.go:310: [debug] Starting delete for \"kubeslice-proxy-role\" ClusterRole\n    client.go:339: [debug] clusterroles.rbac.authorization.k8s.io \"kubeslice-metrics-reader\" not found\n    client.go:339: [debug] clusterroles.rbac.authorization.k8s.io \"nsm-role\" not found\n    client.go:339: [debug] clusterroles.rbac.authorization.k8s.io \"kubeslice-manager-role\" not found\n    client.go:339: [debug] clusterroles.rbac.authorization.k8s.io \"kubeslice-dns-role\" not found\n    client.go:339: [debug] clusterroles.rbac.authorization.k8s.io \"kubeslice-kubernetes-dashboard\" not found\n    client.go:339: [debug] clusterroles.rbac.authorization.k8s.io \"aggregate-network-services-view\" not found\n    client.go:339: [debug] clusterroles.rbac.authorization.k8s.io \"kubeslice-proxy-role\" not found\n    client.go:310: [debug] Starting delete for \"networkserviceendpoints.networkservicemesh.io\" CustomResourceDefinition\n    client.go:310: [debug] Starting delete for \"networkservicemanagers.networkservicemesh.io\" CustomResourceDefinition\n    client.go:310: [debug] Starting delete for \"networkservices.networkservicemesh.io\" CustomResourceDefinition\n    client.go:339: [debug] customresourcedefinitions.apiextensions.k8s.io \"networkserviceendpoints.networkservicemesh.io\" not found\n    client.go:339: [debug] customresourcedefinitions.apiextensions.k8s.io \"networkservicemanagers.networkservicemesh.io\" not found\n    client.go:339: [debug] customresourcedefinitions.apiextensions.k8s.io \"networkservices.networkservicemesh.io\" not found\n    client.go:310: [debug] Starting delete for \"kubeslice-manager-config\" ConfigMap\n    client.go:310: [debug] Starting delete for \"nsm-config\" ConfigMap\n    client.go:339: [debug] configmaps \"kubeslice-manager-config\" not found\n    client.go:339: [debug] configmaps \"nsm-config\" not found\n    client.go:310: [debug] Starting delete for \"kubeslice-admission-webhook-certs\" Secret\n    client.go:310: [debug] Starting delete for \"nsm-admission-webhook-certs\" Secret\n    client.go:310: [debug] Starting delete for \"kubeslice-hub\" Secret\n    client.go:339: [debug] secrets \"nsm-admission-webhook-certs\" not found\n    client.go:339: [debug] secrets \"kubeslice-admission-webhook-certs\" not found\n    client.go:339: [debug] secrets \"kubeslice-hub\" not found\n    client.go:310: [debug] Starting delete for \"nse-acc\" ServiceAccount\n    client.go:310: [debug] Starting delete for \"kubeslice-controller-manager\" ServiceAccount\n    client.go:310: [debug] Starting delete for \"nsc-acc\" ServiceAccount\n    client.go:310: [debug] Starting delete for \"kubeslice-kubernetes-dashboard\" ServiceAccount\n    client.go:310: [debug] Starting delete for \"nsmgr-acc\" ServiceAccount\n    client.go:310: [debug] Starting delete for \"forward-plane-acc\" ServiceAccount\n    client.go:310: [debug] Starting delete for \"kubeslice-dns\" ServiceAccount\n    client.go:310: [debug] Starting delete for \"kubeslice-netop\" ServiceAccount\n    client.go:310: [debug] Starting delete for \"vpn-gateway-server\" ServiceAccount\n    client.go:310: [debug] Starting delete for \"vpn-gateway-client\" ServiceAccount\n    client.go:310: [debug] Starting delete for \"slice-router\" ServiceAccount\n    client.go:339: [debug] serviceaccounts \"nse-acc\" not found\n    client.go:339: [debug] serviceaccounts \"slice-router\" not found\n    client.go:339: [debug] serviceaccounts \"kubeslice-netop\" not found\n    client.go:339: [debug] serviceaccounts \"kubeslice-kubernetes-dashboard\" not found\n    client.go:339: [debug] serviceaccounts \"forward-plane-acc\" not found\n    client.go:339: [debug] serviceaccounts \"vpn-gateway-client\" not found\n    client.go:339: [debug] serviceaccounts \"vpn-gateway-server\" not found\n    client.go:339: [debug] serviceaccounts \"kubeslice-dns\" not found\n    client.go:339: [debug] serviceaccounts \"nsmgr-acc\" not found\n    client.go:339: [debug] serviceaccounts \"kubeslice-controller-manager\" not found\n    client.go:339: [debug] serviceaccounts \"nsc-acc\" not found\n    client.go:310: [debug] Starting delete for \"kubeslice-mutating-webhook-configuration\" MutatingWebhookConfiguration\n    client.go:310: [debug] Starting delete for \"nsm-admission-webhook-cfg\" MutatingWebhookConfiguration\n    client.go:339: [debug] mutatingwebhookconfigurations.admissionregistration.k8s.io \"nsm-admission-webhook-cfg\" not found\n    client.go:339: [debug] mutatingwebhookconfigurations.admissionregistration.k8s.io \"kubeslice-mutating-webhook-configuration\" not found\n    uninstall.go:144: [debug] purge requested for kubeslice-worker\n    Error: INSTALLATION FAILED: release kubeslice-worker failed, and has been uninstalled due to atomic being set: failed pre-install: timed out waiting for the condition\n    helm.go:84: [debug] failed pre-install: timed out waiting for the condition\n    release kubeslice-worker failed, and has been uninstalled due to atomic being set\n    helm.sh/helm/v3/pkg/action.(*Install).failRelease\n    \thelm.sh/helm/v3/pkg/action/install.go:449\n    helm.sh/helm/v3/pkg/action.(*Install).reportToRun\n    \thelm.sh/helm/v3/pkg/action/install.go:433\n    helm.sh/helm/v3/pkg/action.(*Install).performInstall\n    \thelm.sh/helm/v3/pkg/action/install.go:361\n    runtime.goexit\n    \truntime/asm_amd64.s:1581\n    INSTALLATION FAILED\n    main.newInstallCmd.func2\n    \thelm.sh/helm/v3/cmd/helm/install.go:127\n    github.com/spf13/cobra.(*Command).execute\n    \tgithub.com/spf13/cobra@v1.4.0/command.go:856\n    github.com/spf13/cobra.(*Command).ExecuteC\n    \tgithub.com/spf13/cobra@v1.4.0/command.go:974\n    github.com/spf13/cobra.(*Command).Execute\n    \tgithub.com/spf13/cobra@v1.4.0/command.go:902\n    main.main\n    \thelm.sh/helm/v3/cmd/helm/helm.go:83\n    runtime.main\n    \truntime/proc.go:255\n    runtime.goexit\n    \truntime/asm_amd64.s:1581\noccurred","children":[{"name":"[It] Cluster CR tests Cluster CR validation Register worker cluster","uid":"4dc373f4267c235","parentUid":"bf4329e0bfad6d7451601e47bcbeb0a5","status":"failed","time":{"start":1660104760000,"stop":1660105097166,"duration":337166},"flaky":true,"newFailed":false,"newPassed":false,"newBroken":false,"retriesCount":0,"retriesStatusChange":false,"parameters":[]}],"uid":"bf4329e0bfad6d7451601e47bcbeb0a5"},{"name":"Unexpected error:\n    <*shell.ErrWithCmdOutput | 0xc000442030>: {\n        Underlying: <*exec.ExitError | 0xc0007b60e0>{\n            ProcessState: {\n                pid: 6001,\n                status: 256,\n                rusage: {\n                    Utime: {Sec: 0, Usec: 158078},\n                    Stime: {Sec: 0, Usec: 60799},\n                    Maxrss: 74468,\n                    Ixrss: 0,\n                    Idrss: 0,\n                    Isrss: 0,\n                    Minflt: 10064,\n                    Majflt: 0,\n                    Nswap: 0,\n                    Inblock: 0,\n                    Oublock: 13616,\n                    Msgsnd: 0,\n                    Msgrcv: 0,\n                    Nsignals: 0,\n                    Nvcsw: 767,\n                    Nivcsw: 491,\n                },\n            },\n            Stderr: nil,\n        },\n        Output: {\n            stdout: {\n                Lines: nil,\n                merged: {\n                    Mutex: {state: 0, sema: 0},\n                    Lines: [\n                        \"error: resource mapping not found for name: \\\"profile4\\\" namespace: \\\"\\\" from \\\"/tmp/%20QosProfile%20tests%20QosProfile%20delete%20validation%20Delete%20qos%20profile%20-%20negative%20scenario1985936476\\\": no matches for kind \\\"SliceQoSConfig\\\" in version \\\"controller.kubeslice.io/v1alpha1\\\"\",\n                        \"ensure CRDs are installed first\",\n                    ],\n                },\n            },\n            stderr: {\n                Lines: [\n                    \"error: resource mapping not found for name: \\\"profile4\\\" namespace: \\\"\\\" from \\\"/tmp/%20QosProfile%20tests%20QosProfile%20delete%20validation%20Delete%20qos%20profile%20-%20negative%20scenario1985936476\\\": no matches for kind \\\"SliceQoSConfig\\\" in version \\\"controller.kubeslice.io/v1alpha1\\\"\",\n                    \"ensure CRDs are installed first\",\n                ],\n                merged: {\n                    Mutex: {state: 0, sema: 0},\n                    Lines: [\n                        \"error: resource mapping not found for name: \\\"profile4\\\" namespace: \\\"\\\" from \\\"/tmp/%20QosProfile%20tests%20QosProfile%20delete%20validation%20Delete%20qos%20profile%20-%20negative%20scenario1985936476\\\": no matches for kind \\\"SliceQoSConfig\\\" in version \\\"controller.kubeslice.io/v1alpha1\\\"\",\n                        \"ensure CRDs are installed first\",\n                    ],\n                },\n            },\n            merged: {\n                Mutex: {state: 0, sema: 0},\n                Lines: [\n                    \"error: resource mapping not found for name: \\\"profile4\\\" namespace: \\\"\\\" from \\\"/tmp/%20QosProfile%20tests%20QosProfile%20delete%20validation%20Delete%20qos%20profile%20-%20negative%20scenario1985936476\\\": no matches for kind \\\"SliceQoSConfig\\\" in version \\\"controller.kubeslice.io/v1alpha1\\\"\",\n                    \"ensure CRDs are installed first\",\n                ],\n            },\n        },\n    }\n    error while running command: exit status 1; error: resource mapping not found for name: \"profile4\" namespace: \"\" from \"/tmp/%20QosProfile%20tests%20QosProfile%20delete%20validation%20Delete%20qos%20profile%20-%20negative%20scenario1985936476\": no matches for kind \"SliceQoSConfig\" in version \"controller.kubeslice.io/v1alpha1\"\n    ensure CRDs are installed first\noccurred","children":[{"name":"[It]  QosProfile tests QosProfile delete validation Delete qos profile - negative scenario","uid":"50831e9a46c58133","parentUid":"651ef0609638619c058f99da24ade7c8","status":"failed","time":{"start":1660104760000,"stop":1660104764534,"duration":4534},"flaky":false,"newFailed":false,"newPassed":false,"newBroken":false,"retriesCount":0,"retriesStatusChange":false,"parameters":[]}],"uid":"651ef0609638619c058f99da24ade7c8"},{"name":"Unexpected error:\n    <*shell.ErrWithCmdOutput | 0xc000864f78>: {\n        Underlying: <*exec.ExitError | 0xc0006485c0>{\n            ProcessState: {\n                pid: 6317,\n                status: 256,\n                rusage: {\n                    Utime: {Sec: 0, Usec: 134367},\n                    Stime: {Sec: 0, Usec: 50387},\n                    Maxrss: 76040,\n                    Ixrss: 0,\n                    Idrss: 0,\n                    Isrss: 0,\n                    Minflt: 9294,\n                    Majflt: 0,\n                    Nswap: 0,\n                    Inblock: 0,\n                    Oublock: 13392,\n                    Msgsnd: 0,\n                    Msgrcv: 0,\n                    Nsignals: 0,\n                    Nvcsw: 394,\n                    Nivcsw: 324,\n                },\n            },\n            Stderr: nil,\n        },\n        Output: {\n            stdout: {\n                Lines: nil,\n                merged: {\n                    Mutex: {state: 0, sema: 0},\n                    Lines: [\n                        \"The Project \\\"projectupdatetest\\\" is invalid: project namespace: Invalid value: \\\"kubeslice-projectupdatetest\\\": already exists\",\n                    ],\n                },\n            },\n            stderr: {\n                Lines: [\n                    \"The Project \\\"projectupdatetest\\\" is invalid: project namespace: Invalid value: \\\"kubeslice-projectupdatetest\\\": already exists\",\n                ],\n                merged: {\n                    Mutex: {state: 0, sema: 0},\n                    Lines: [\n                        \"The Project \\\"projectupdatetest\\\" is invalid: project namespace: Invalid value: \\\"kubeslice-projectupdatetest\\\": already exists\",\n                    ],\n                },\n            },\n            merged: {\n                Mutex: {state: 0, sema: 0},\n                Lines: [\n                    \"The Project \\\"projectupdatetest\\\" is invalid: project namespace: Invalid value: \\\"kubeslice-projectupdatetest\\\": already exists\",\n                ],\n            },\n        },\n    }\n    error while running command: exit status 1; The Project \"projectupdatetest\" is invalid: project namespace: Invalid value: \"kubeslice-projectupdatetest\": already exists\noccurred","children":[{"name":"[It] Project CR test Project Update Should fail when Project is Applied with service account name as blank in Read users","uid":"7b4acf8dfe655038","parentUid":"c5a61d9a7e2de70e88378e60da31884d","status":"failed","time":{"start":1660104760000,"stop":1660104820280,"duration":60280},"flaky":true,"newFailed":false,"newPassed":false,"newBroken":false,"retriesCount":0,"retriesStatusChange":false,"parameters":[]}],"uid":"c5a61d9a7e2de70e88378e60da31884d"},{"name":"Unexpected error:\n    <*shell.ErrWithCmdOutput | 0xc0007d5ba8>: {\n        Underlying: <*exec.ExitError | 0xc0007a05e0>{\n            ProcessState: {\n                pid: 6336,\n                status: 256,\n                rusage: {\n                    Utime: {Sec: 0, Usec: 168829},\n                    Stime: {Sec: 0, Usec: 40197},\n                    Maxrss: 79732,\n                    Ixrss: 0,\n                    Idrss: 0,\n                    Isrss: 0,\n                    Minflt: 14102,\n                    Majflt: 0,\n                    Nswap: 0,\n                    Inblock: 0,\n                    Oublock: 13392,\n                    Msgsnd: 0,\n                    Msgrcv: 0,\n                    Nsignals: 0,\n                    Nvcsw: 444,\n                    Nivcsw: 295,\n                },\n            },\n            Stderr: nil,\n        },\n        Output: {\n            stdout: {\n                Lines: nil,\n                merged: {\n                    Mutex: {state: 0, sema: 0},\n                    Lines: [\n                        \"The Project \\\"projectupdatetest\\\" is invalid: project namespace: Invalid value: \\\"kubeslice-projectupdatetest\\\": already exists\",\n                    ],\n                },\n            },\n            stderr: {\n                Lines: [\n                    \"The Project \\\"projectupdatetest\\\" is invalid: project namespace: Invalid value: \\\"kubeslice-projectupdatetest\\\": already exists\",\n                ],\n                merged: {\n                    Mutex: {state: 0, sema: 0},\n                    Lines: [\n                        \"The Project \\\"projectupdatetest\\\" is invalid: project namespace: Invalid value: \\\"kubeslice-projectupdatetest\\\": already exists\",\n                    ],\n                },\n            },\n            merged: {\n                Mutex: {state: 0, sema: 0},\n                Lines: [\n                    \"The Project \\\"projectupdatetest\\\" is invalid: project namespace: Invalid value: \\\"kubeslice-projectupdatetest\\\": already exists\",\n                ],\n            },\n        },\n    }\n    error while running command: exit status 1; The Project \"projectupdatetest\" is invalid: project namespace: Invalid value: \"kubeslice-projectupdatetest\": already exists\noccurred","children":[{"name":"[It] Project CR test Project Update Should fail when Project is applied with service account name as blank in Write users","uid":"eca4402b3c4545e3","parentUid":"0de76643ba82088385b9496301140c51","status":"failed","time":{"start":1660104760000,"stop":1660104820282,"duration":60282},"flaky":true,"newFailed":false,"newPassed":false,"newBroken":false,"retriesCount":0,"retriesStatusChange":false,"parameters":[]}],"uid":"0de76643ba82088385b9496301140c51"},{"name":"Unexpected error:\n    <*shell.ErrWithCmdOutput | 0xc0004be180>: {\n        Underlying: <*exec.ExitError | 0xc0006c4040>{\n            ProcessState: {\n                pid: 6077,\n                status: 256,\n                rusage: {\n                    Utime: {Sec: 0, Usec: 118194},\n                    Stime: {Sec: 0, Usec: 54876},\n                    Maxrss: 80540,\n                    Ixrss: 0,\n                    Idrss: 0,\n                    Isrss: 0,\n                    Minflt: 4097,\n                    Majflt: 1,\n                    Nswap: 0,\n                    Inblock: 256,\n                    Oublock: 13376,\n                    Msgsnd: 0,\n                    Msgrcv: 0,\n                    Nsignals: 0,\n                    Nvcsw: 352,\n                    Nivcsw: 160,\n                },\n            },\n            Stderr: nil,\n        },\n        Output: {\n            stdout: {\n                Lines: nil,\n                merged: {\n                    Mutex: {state: 0, sema: 0},\n                    Lines: [\n                        \"The Project \\\"projectdeletetest\\\" is invalid: project namespace: Invalid value: \\\"kubeslice-projectdeletetest\\\": already exists\",\n                    ],\n                },\n            },\n            stderr: {\n                Lines: [\n                    \"The Project \\\"projectdeletetest\\\" is invalid: project namespace: Invalid value: \\\"kubeslice-projectdeletetest\\\": already exists\",\n                ],\n                merged: {\n                    Mutex: {state: 0, sema: 0},\n                    Lines: [\n                        \"The Project \\\"projectdeletetest\\\" is invalid: project namespace: Invalid value: \\\"kubeslice-projectdeletetest\\\": already exists\",\n                    ],\n                },\n            },\n            merged: {\n                Mutex: {state: 0, sema: 0},\n                Lines: [\n                    \"The Project \\\"projectdeletetest\\\" is invalid: project namespace: Invalid value: \\\"kubeslice-projectdeletetest\\\": already exists\",\n                ],\n            },\n        },\n    }\n    error while running command: exit status 1; The Project \"projectdeletetest\" is invalid: project namespace: Invalid value: \"kubeslice-projectdeletetest\": already exists\noccurred","children":[{"name":"[It] Project CR test Project Deletion Should Delete an existing project successfully","uid":"5cd4f8c21ba54212","parentUid":"347020294a600cc1adb4b9a9ba84bb9c","status":"failed","time":{"start":1660104760000,"stop":1660104820252,"duration":60252},"flaky":true,"newFailed":true,"newPassed":false,"newBroken":false,"retriesCount":0,"retriesStatusChange":false,"parameters":[]}],"uid":"347020294a600cc1adb4b9a9ba84bb9c"},{"name":"Timed out after 210.007s.\nExpected an error to have occurred.  Got:\n    <nil>: nil","children":[{"name":"[AfterSuite]","uid":"f5c3dcab970438e3","parentUid":"ed472d1e401f756b9cf6c6e9b95d52ab","status":"failed","time":{"start":1660106395000,"stop":1660106605441,"duration":210441},"flaky":true,"newFailed":false,"newPassed":false,"newBroken":false,"retriesCount":0,"retriesStatusChange":false,"parameters":[]}],"uid":"ed472d1e401f756b9cf6c6e9b95d52ab"},{"name":"Unexpected error:\n    <*shell.ErrWithCmdOutput | 0xc00052e018>: {\n        Underlying: <*exec.ExitError | 0xc000492000>{\n            ProcessState: {\n                pid: 6408,\n                status: 256,\n                rusage: {\n                    Utime: {Sec: 1, Usec: 774969},\n                    Stime: {Sec: 0, Usec: 213803},\n                    Maxrss: 88340,\n                    Ixrss: 0,\n                    Idrss: 0,\n                    Isrss: 0,\n                    Minflt: 14407,\n                    Majflt: 0,\n                    Nswap: 0,\n                    Inblock: 0,\n                    Oublock: 15216,\n                    Msgsnd: 0,\n                    Msgrcv: 0,\n                    Nsignals: 0,\n                    Nvcsw: 2777,\n                    Nivcsw: 2207,\n                },\n            },\n            Stderr: nil,\n        },\n        Output: {\n            stdout: {\n                Lines: nil,\n                merged: {\n                    Mutex: {state: 0, sema: 0},\n                    Lines: [\n                        \"WARNING: Kubernetes configuration file is group-readable. This is insecure. Location: /e2e/assets/kubeconfig/kinde2e.yaml\",\n                        \"WARNING: Kubernetes configuration file is world-readable. This is insecure. Location: /e2e/assets/kubeconfig/kinde2e.yaml\",\n                        \"install.go:178: [debug] Original chart version: \\\"\\\"\",\n                        \"install.go:195: [debug] CHART PATH: /root/.cache/helm/repository/kubeslice-worker-0.4.0.tgz\",\n                        \"\",\n                        \"client.go:128: [debug] creating 1 resource(s)\",\n                        \"install.go:151: [debug] CRD serviceexports.networking.kubeslice.io is already present. Skipping.\",\n                        \"client.go:128: [debug] creating 1 resource(s)\",\n                        \"install.go:151: [debug] CRD serviceimports.networking.kubeslice.io is already present. Skipping.\",\n                        \"client.go:128: [debug] creating 1 resource(s)\",\n                        \"install.go:151: [debug] CRD slice.networking.kubeslice.io is already present. Skipping.\",\n                        \"client.go:128: [debug] creating 1 resource(s)\",\n                        \"install.go:151: [debug] CRD slicegateways.networking.kubeslice.io is already present. Skipping.\",\n                        \"client.go:128: [debug] creating 1 resource(s)\",\n                        \"install.go:151: [debug] CRD sliceresourcequotas.networking.kubeslice.io is already present. Skipping.\",\n                        \"client.go:128: [debug] creating 1 resource(s)\",\n                        \"Error: INSTALLATION FAILED: create: failed to create: secrets \\\"sh.helm.release.v1.kubeslice-worker.v1\\\" is forbidden: unable to create new content in namespace kubeslice-system because it is being terminated\",\n                        \"helm.go:84: [debug] secrets \\\"sh.helm.release.v1.kubeslice-worker.v1\\\" is forbidden: unable to create new content in namespace kubeslice-system because it is being terminated\",\n                        \"create: failed to create\",\n                        \"helm.sh/helm/v3/pkg/storage/driver.(*Secrets).Create\",\n                        \"\\thelm.sh/helm/v3/pkg/storage/driver/secrets.go:164\",\n                        \"helm.sh/helm/v3/pkg/storage.(*Storage).Create\",\n                        \"\\thelm.sh/helm/v3/pkg/storage/storage.go:69\",\n                        \"helm.sh/helm/v3/pkg/action.(*Install).RunWithContext\",\n                        \"\\thelm.sh/helm/v3/pkg/action/install.go:340\",\n                        \"main.runInstall\",\n                        \"\\thelm.sh/helm/v3/cmd/helm/install.go:264\",\n                        \"main.newInstallCmd.func2\",\n                        \"\\thelm.sh/helm/v3/cmd/helm/install.go:125\",\n                        \"github.com/spf13/cobra.(*Command).execute\",\n                        \"\\tgithub.com/spf13/cobra@v1.4.0/command.go:856\",\n                        \"github.com/spf13/cobra.(*Command).ExecuteC\",\n                        \"\\tgithub.com/spf13/cobra@v1.4.0/command.go:974\"...\n\nGomega truncated this representation as it exceeds 'format.MaxLength'.\nConsider having the object provide a custom 'GomegaStringer' representation\nor adjust the parameters in Gomega's 'format' package.\n\nLearn more here: https://onsi.github.io/gomega/#adjusting-output\n\n    error while running command: exit status 1; WARNING: Kubernetes configuration file is group-readable. This is insecure. Location: /e2e/assets/kubeconfig/kinde2e.yaml\n    WARNING: Kubernetes configuration file is world-readable. This is insecure. Location: /e2e/assets/kubeconfig/kinde2e.yaml\n    install.go:178: [debug] Original chart version: \"\"\n    install.go:195: [debug] CHART PATH: /root/.cache/helm/repository/kubeslice-worker-0.4.0.tgz\n    \n    client.go:128: [debug] creating 1 resource(s)\n    install.go:151: [debug] CRD serviceexports.networking.kubeslice.io is already present. Skipping.\n    client.go:128: [debug] creating 1 resource(s)\n    install.go:151: [debug] CRD serviceimports.networking.kubeslice.io is already present. Skipping.\n    client.go:128: [debug] creating 1 resource(s)\n    install.go:151: [debug] CRD slice.networking.kubeslice.io is already present. Skipping.\n    client.go:128: [debug] creating 1 resource(s)\n    install.go:151: [debug] CRD slicegateways.networking.kubeslice.io is already present. Skipping.\n    client.go:128: [debug] creating 1 resource(s)\n    install.go:151: [debug] CRD sliceresourcequotas.networking.kubeslice.io is already present. Skipping.\n    client.go:128: [debug] creating 1 resource(s)\n    Error: INSTALLATION FAILED: create: failed to create: secrets \"sh.helm.release.v1.kubeslice-worker.v1\" is forbidden: unable to create new content in namespace kubeslice-system because it is being terminated\n    helm.go:84: [debug] secrets \"sh.helm.release.v1.kubeslice-worker.v1\" is forbidden: unable to create new content in namespace kubeslice-system because it is being terminated\n    create: failed to create\n    helm.sh/helm/v3/pkg/storage/driver.(*Secrets).Create\n    \thelm.sh/helm/v3/pkg/storage/driver/secrets.go:164\n    helm.sh/helm/v3/pkg/storage.(*Storage).Create\n    \thelm.sh/helm/v3/pkg/storage/storage.go:69\n    helm.sh/helm/v3/pkg/action.(*Install).RunWithContext\n    \thelm.sh/helm/v3/pkg/action/install.go:340\n    main.runInstall\n    \thelm.sh/helm/v3/cmd/helm/install.go:264\n    main.newInstallCmd.func2\n    \thelm.sh/helm/v3/cmd/helm/install.go:125\n    github.com/spf13/cobra.(*Command).execute\n    \tgithub.com/spf13/cobra@v1.4.0/command.go:856\n    github.com/spf13/cobra.(*Command).ExecuteC\n    \tgithub.com/spf13/cobra@v1.4.0/command.go:974\n    github.com/spf13/cobra.(*Command).Execute\n    \tgithub.com/spf13/cobra@v1.4.0/command.go:902\n    main.main\n    \thelm.sh/helm/v3/cmd/helm/helm.go:83\n    runtime.main\n    \truntime/proc.go:255\n    runtime.goexit\n    \truntime/asm_amd64.s:1581\n    INSTALLATION FAILED\n    main.newInstallCmd.func2\n    \thelm.sh/helm/v3/cmd/helm/install.go:127\n    github.com/spf13/cobra.(*Command).execute\n    \tgithub.com/spf13/cobra@v1.4.0/command.go:856\n    github.com/spf13/cobra.(*Command).ExecuteC\n    \tgithub.com/spf13/cobra@v1.4.0/command.go:974\n    github.com/spf13/cobra.(*Command).Execute\n    \tgithub.com/spf13/cobra@v1.4.0/command.go:902\n    main.main\n    \thelm.sh/helm/v3/cmd/helm/helm.go:83\n    runtime.main\n    \truntime/proc.go:255\n    runtime.goexit\n    \truntime/asm_amd64.s:1581\noccurred","children":[{"name":"[BeforeSuite]","uid":"c2b16fc92d65d0ec","parentUid":"1160fc7adc07e719edad7d0e421bec76","status":"failed","time":{"start":1660106395000,"stop":1660106505307,"duration":110307},"flaky":true,"newFailed":false,"newPassed":false,"newBroken":false,"retriesCount":0,"retriesStatusChange":false,"parameters":[]}],"uid":"1160fc7adc07e719edad7d0e421bec76"}],"uid":"8fb3a91ba5aaf9de24cc8a92edc82b5d"}],"name":"categories"}