{"uid":"4b4757e66a1912dae1a509f688f20b0f","children":[{"name":"Product defects","children":[{"name":"Unexpected error:\n    <*shell.ErrWithCmdOutput | 0xc000623ed8>: {\n        Underlying: <*exec.ExitError | 0xc000757020>{\n            ProcessState: {\n                pid: 6206,\n                status: 256,\n                rusage: {\n                    Utime: {Sec: 0, Usec: 159193},\n                    Stime: {Sec: 0, Usec: 58650},\n                    Maxrss: 75888,\n                    Ixrss: 0,\n                    Idrss: 0,\n                    Isrss: 0,\n                    Minflt: 4890,\n                    Majflt: 0,\n                    Nswap: 0,\n                    Inblock: 0,\n                    Oublock: 13616,\n                    Msgsnd: 0,\n                    Msgrcv: 0,\n                    Nsignals: 0,\n                    Nvcsw: 836,\n                    Nivcsw: 536,\n                },\n            },\n            Stderr: nil,\n        },\n        Output: {\n            stdout: {\n                Lines: nil,\n                merged: {\n                    Mutex: {state: 0, sema: 0},\n                    Lines: [\n                        \"error: resource mapping not found for name: \\\"profile4\\\" namespace: \\\"\\\" from \\\"/tmp/%20QosProfile%20tests%20QosProfile%20delete%20validation%20Delete%20qos%20profile%20-%20negative%20scenario3904806138\\\": no matches for kind \\\"SliceQoSConfig\\\" in version \\\"controller.kubeslice.io/v1alpha1\\\"\",\n                        \"ensure CRDs are installed first\",\n                    ],\n                },\n            },\n            stderr: {\n                Lines: [\n                    \"error: resource mapping not found for name: \\\"profile4\\\" namespace: \\\"\\\" from \\\"/tmp/%20QosProfile%20tests%20QosProfile%20delete%20validation%20Delete%20qos%20profile%20-%20negative%20scenario3904806138\\\": no matches for kind \\\"SliceQoSConfig\\\" in version \\\"controller.kubeslice.io/v1alpha1\\\"\",\n                    \"ensure CRDs are installed first\",\n                ],\n                merged: {\n                    Mutex: {state: 0, sema: 0},\n                    Lines: [\n                        \"error: resource mapping not found for name: \\\"profile4\\\" namespace: \\\"\\\" from \\\"/tmp/%20QosProfile%20tests%20QosProfile%20delete%20validation%20Delete%20qos%20profile%20-%20negative%20scenario3904806138\\\": no matches for kind \\\"SliceQoSConfig\\\" in version \\\"controller.kubeslice.io/v1alpha1\\\"\",\n                        \"ensure CRDs are installed first\",\n                    ],\n                },\n            },\n            merged: {\n                Mutex: {state: 0, sema: 0},\n                Lines: [\n                    \"error: resource mapping not found for name: \\\"profile4\\\" namespace: \\\"\\\" from \\\"/tmp/%20QosProfile%20tests%20QosProfile%20delete%20validation%20Delete%20qos%20profile%20-%20negative%20scenario3904806138\\\": no matches for kind \\\"SliceQoSConfig\\\" in version \\\"controller.kubeslice.io/v1alpha1\\\"\",\n                    \"ensure CRDs are installed first\",\n                ],\n            },\n        },\n    }\n    error while running command: exit status 1; error: resource mapping not found for name: \"profile4\" namespace: \"\" from \"/tmp/%20QosProfile%20tests%20QosProfile%20delete%20validation%20Delete%20qos%20profile%20-%20negative%20scenario3904806138\": no matches for kind \"SliceQoSConfig\" in version \"controller.kubeslice.io/v1alpha1\"\n    ensure CRDs are installed first\noccurred","children":[{"name":"[It]  QosProfile tests QosProfile delete validation Delete qos profile - negative scenario","uid":"27b7a8769cd98fa3","parentUid":"56f41f3097169b17dca787f462a21489","status":"failed","time":{"start":1660044532000,"stop":1660044536616,"duration":4616},"flaky":false,"newFailed":false,"newPassed":false,"newBroken":false,"retriesCount":0,"retriesStatusChange":false,"parameters":[]}],"uid":"56f41f3097169b17dca787f462a21489"},{"name":"\n\tError Trace:\tnamespace.go:70\n\t            \t\t\t\tt_cluster_negative_test.go:88\n\t            \t\t\t\tsuite.go:596\n\t            \t\t\t\tasm_amd64.s:1581\n\tError:      \tReceived unexpected error:\n\t            \tnamespaces \"kubeslice-system\" not found\n\tTest:       \tCluster negative tests Worker Cluster Registration with Wrong endpoint\n","children":[{"name":"[It] Cluster negative tests Worker Cluster Registration with Wrong endpoint","uid":"2e7cc4339712dc14","parentUid":"44d33c46e1f54762d400fd75ba5c2cb7","status":"failed","time":{"start":1660044532000,"stop":1660044544971,"duration":12971},"flaky":false,"newFailed":false,"newPassed":false,"newBroken":false,"retriesCount":0,"retriesStatusChange":false,"parameters":[]}],"uid":"44d33c46e1f54762d400fd75ba5c2cb7"},{"name":"Unexpected error:\n    <*shell.ErrWithCmdOutput | 0xc00000f7a0>: {\n        Underlying: <*exec.ExitError | 0xc00014b260>{\n            ProcessState: {\n                pid: 6191,\n                status: 256,\n                rusage: {\n                    Utime: {Sec: 0, Usec: 137062},\n                    Stime: {Sec: 0, Usec: 75163},\n                    Maxrss: 82920,\n                    Ixrss: 0,\n                    Idrss: 0,\n                    Isrss: 0,\n                    Minflt: 6128,\n                    Majflt: 0,\n                    Nswap: 0,\n                    Inblock: 0,\n                    Oublock: 13616,\n                    Msgsnd: 0,\n                    Msgrcv: 0,\n                    Nsignals: 0,\n                    Nvcsw: 751,\n                    Nivcsw: 491,\n                },\n            },\n            Stderr: nil,\n        },\n        Output: {\n            stdout: {\n                Lines: nil,\n                merged: {\n                    Mutex: {state: 0, sema: 0},\n                    Lines: [\n                        \"error: resource mapping not found for name: \\\"profile4\\\" namespace: \\\"\\\" from \\\"/tmp/%20QosProfile%20tests%20QosProfile%20Create%20validation%20Creates%20qosprofile2761086443\\\": no matches for kind \\\"SliceQoSConfig\\\" in version \\\"controller.kubeslice.io/v1alpha1\\\"\",\n                        \"ensure CRDs are installed first\",\n                    ],\n                },\n            },\n            stderr: {\n                Lines: [\n                    \"error: resource mapping not found for name: \\\"profile4\\\" namespace: \\\"\\\" from \\\"/tmp/%20QosProfile%20tests%20QosProfile%20Create%20validation%20Creates%20qosprofile2761086443\\\": no matches for kind \\\"SliceQoSConfig\\\" in version \\\"controller.kubeslice.io/v1alpha1\\\"\",\n                    \"ensure CRDs are installed first\",\n                ],\n                merged: {\n                    Mutex: {state: 0, sema: 0},\n                    Lines: [\n                        \"error: resource mapping not found for name: \\\"profile4\\\" namespace: \\\"\\\" from \\\"/tmp/%20QosProfile%20tests%20QosProfile%20Create%20validation%20Creates%20qosprofile2761086443\\\": no matches for kind \\\"SliceQoSConfig\\\" in version \\\"controller.kubeslice.io/v1alpha1\\\"\",\n                        \"ensure CRDs are installed first\",\n                    ],\n                },\n            },\n            merged: {\n                Mutex: {state: 0, sema: 0},\n                Lines: [\n                    \"error: resource mapping not found for name: \\\"profile4\\\" namespace: \\\"\\\" from \\\"/tmp/%20QosProfile%20tests%20QosProfile%20Create%20validation%20Creates%20qosprofile2761086443\\\": no matches for kind \\\"SliceQoSConfig\\\" in version \\\"controller.kubeslice.io/v1alpha1\\\"\",\n                    \"ensure CRDs are installed first\",\n                ],\n            },\n        },\n    }\n    error while running command: exit status 1; error: resource mapping not found for name: \"profile4\" namespace: \"\" from \"/tmp/%20QosProfile%20tests%20QosProfile%20Create%20validation%20Creates%20qosprofile2761086443\": no matches for kind \"SliceQoSConfig\" in version \"controller.kubeslice.io/v1alpha1\"\n    ensure CRDs are installed first\noccurred","children":[{"name":"[It]  QosProfile tests QosProfile Create validation Creates qosprofile","uid":"7b044782467108de","parentUid":"b3de1dd917ed11c4ea1ada08913d026a","status":"failed","time":{"start":1660044532000,"stop":1660044539588,"duration":7588},"flaky":false,"newFailed":false,"newPassed":false,"newBroken":false,"retriesCount":0,"retriesStatusChange":false,"parameters":[]}],"uid":"b3de1dd917ed11c4ea1ada08913d026a"},{"name":"Unexpected error:\n    <*shell.ErrWithCmdOutput | 0xc000622b88>: {\n        Underlying: <*exec.ExitError | 0xc0006b5260>{\n            ProcessState: {\n                pid: 6177,\n                status: 256,\n                rusage: {\n                    Utime: {Sec: 0, Usec: 49946},\n                    Stime: {Sec: 0, Usec: 4540},\n                    Maxrss: 43144,\n                    Ixrss: 0,\n                    Idrss: 0,\n                    Isrss: 0,\n                    Minflt: 1977,\n                    Majflt: 0,\n                    Nswap: 0,\n                    Inblock: 0,\n                    Oublock: 0,\n                    Msgsnd: 0,\n                    Msgrcv: 0,\n                    Nsignals: 0,\n                    Nvcsw: 142,\n                    Nivcsw: 51,\n                },\n            },\n            Stderr: nil,\n        },\n        Output: {\n            stdout: {\n                Lines: nil,\n                merged: {\n                    Mutex: {state: 0, sema: 0},\n                    Lines: [\n                        \"WARNING: Kubernetes configuration file is group-readable. This is insecure. Location: /e2e/assets/kubeconfig/kinde2e.yaml\",\n                        \"WARNING: Kubernetes configuration file is world-readable. This is insecure. Location: /e2e/assets/kubeconfig/kinde2e.yaml\",\n                        \"install.go:178: [debug] Original chart version: \\\"\\\"\",\n                        \"Error: INSTALLATION FAILED: looks like \\\"https://raw.githubusercontent.com/kubeslice/dev-charts/gh-pages/\\\" is not a valid chart repository or cannot be reached: failed to fetch https://raw.githubusercontent.com/kubeslice/dev-charts/gh-pages/index.yaml : 404 Not Found\",\n                        \"helm.go:84: [debug] failed to fetch https://raw.githubusercontent.com/kubeslice/dev-charts/gh-pages/index.yaml : 404 Not Found\",\n                        \"helm.sh/helm/v3/pkg/getter.(*HTTPGetter).get\",\n                        \"\\thelm.sh/helm/v3/pkg/getter/httpgetter.go:92\",\n                        \"helm.sh/helm/v3/pkg/getter.(*HTTPGetter).Get\",\n                        \"\\thelm.sh/helm/v3/pkg/getter/httpgetter.go:45\",\n                        \"helm.sh/helm/v3/pkg/repo.(*ChartRepository).DownloadIndexFile\",\n                        \"\\thelm.sh/helm/v3/pkg/repo/chartrepo.go:128\",\n                        \"helm.sh/helm/v3/pkg/repo.FindChartInAuthAndTLSAndPassRepoURL\",\n                        \"\\thelm.sh/helm/v3/pkg/repo/chartrepo.go:252\",\n                        \"helm.sh/helm/v3/pkg/action.(*ChartPathOptions).LocateChart\",\n                        \"\\thelm.sh/helm/v3/pkg/action/install.go:719\",\n                        \"main.runInstall\",\n                        \"\\thelm.sh/helm/v3/cmd/helm/install.go:190\",\n                        \"main.newInstallCmd.func2\",\n                        \"\\thelm.sh/helm/v3/cmd/helm/install.go:125\",\n                        \"github.com/spf13/cobra.(*Command).execute\",\n                        \"\\tgithub.com/spf13/cobra@v1.4.0/command.go:856\",\n                        \"github.com/spf13/cobra.(*Command).ExecuteC\",\n                        \"\\tgithub.com/spf13/cobra@v1.4.0/command.go:974\",\n                        \"github.com/spf13/cobra.(*Command).Execute\",\n                        \"\\tgithub.com/spf13/cobra@v1.4.0/command.go:902\",\n                        \"main.main\",\n                        \"\\thelm.sh/helm/v3/cmd/helm/helm.go:83\",\n                        \"runtime.main\",\n                        \"\\truntime/proc.go:255\",\n                        \"runtime.goexit\",\n                        \"\\truntime/asm_amd64.s:1581\",\n                        \"looks like \\\"https://raw.githubusercontent.com/kubeslice/dev-charts/gh-pages/\\\" is not a valid chart repository or cannot be reached\",\n                        \"helm.sh/helm/v3/pkg/repo.FindChartInAuthAndTLSAndPassRepoURL\",\n                        \"\\thelm.sh/helm/v3/pkg/repo/chartrepo.go:254\",\n                        \"helm.sh/helm/v3/pkg/action.(*ChartPathOptions).LocateChart\",\n                        \"\\thelm.sh/helm/v3/pkg/action/install.go:719\",\n                        \"main.r...\n\nGomega truncated this representation as it exceeds 'format.MaxLength'.\nConsider having the object provide a custom 'GomegaStringer' representation\nor adjust the parameters in Gomega's 'format' package.\n\nLearn more here: https://onsi.github.io/gomega/#adjusting-output\n\n    error while running command: exit status 1; WARNING: Kubernetes configuration file is group-readable. This is insecure. Location: /e2e/assets/kubeconfig/kinde2e.yaml\n    WARNING: Kubernetes configuration file is world-readable. This is insecure. Location: /e2e/assets/kubeconfig/kinde2e.yaml\n    install.go:178: [debug] Original chart version: \"\"\n    Error: INSTALLATION FAILED: looks like \"https://raw.githubusercontent.com/kubeslice/dev-charts/gh-pages/\" is not a valid chart repository or cannot be reached: failed to fetch https://raw.githubusercontent.com/kubeslice/dev-charts/gh-pages/index.yaml : 404 Not Found\n    helm.go:84: [debug] failed to fetch https://raw.githubusercontent.com/kubeslice/dev-charts/gh-pages/index.yaml : 404 Not Found\n    helm.sh/helm/v3/pkg/getter.(*HTTPGetter).get\n    \thelm.sh/helm/v3/pkg/getter/httpgetter.go:92\n    helm.sh/helm/v3/pkg/getter.(*HTTPGetter).Get\n    \thelm.sh/helm/v3/pkg/getter/httpgetter.go:45\n    helm.sh/helm/v3/pkg/repo.(*ChartRepository).DownloadIndexFile\n    \thelm.sh/helm/v3/pkg/repo/chartrepo.go:128\n    helm.sh/helm/v3/pkg/repo.FindChartInAuthAndTLSAndPassRepoURL\n    \thelm.sh/helm/v3/pkg/repo/chartrepo.go:252\n    helm.sh/helm/v3/pkg/action.(*ChartPathOptions).LocateChart\n    \thelm.sh/helm/v3/pkg/action/install.go:719\n    main.runInstall\n    \thelm.sh/helm/v3/cmd/helm/install.go:190\n    main.newInstallCmd.func2\n    \thelm.sh/helm/v3/cmd/helm/install.go:125\n    github.com/spf13/cobra.(*Command).execute\n    \tgithub.com/spf13/cobra@v1.4.0/command.go:856\n    github.com/spf13/cobra.(*Command).ExecuteC\n    \tgithub.com/spf13/cobra@v1.4.0/command.go:974\n    github.com/spf13/cobra.(*Command).Execute\n    \tgithub.com/spf13/cobra@v1.4.0/command.go:902\n    main.main\n    \thelm.sh/helm/v3/cmd/helm/helm.go:83\n    runtime.main\n    \truntime/proc.go:255\n    runtime.goexit\n    \truntime/asm_amd64.s:1581\n    looks like \"https://raw.githubusercontent.com/kubeslice/dev-charts/gh-pages/\" is not a valid chart repository or cannot be reached\n    helm.sh/helm/v3/pkg/repo.FindChartInAuthAndTLSAndPassRepoURL\n    \thelm.sh/helm/v3/pkg/repo/chartrepo.go:254\n    helm.sh/helm/v3/pkg/action.(*ChartPathOptions).LocateChart\n    \thelm.sh/helm/v3/pkg/action/install.go:719\n    main.runInstall\n    \thelm.sh/helm/v3/cmd/helm/install.go:190\n    main.newInstallCmd.func2\n    \thelm.sh/helm/v3/cmd/helm/install.go:125\n    github.com/spf13/cobra.(*Command).execute\n    \tgithub.com/spf13/cobra@v1.4.0/command.go:856\n    github.com/spf13/cobra.(*Command).ExecuteC\n    \tgithub.com/spf13/cobra@v1.4.0/command.go:974\n    github.com/spf13/cobra.(*Command).Execute\n    \tgithub.com/spf13/cobra@v1.4.0/command.go:902\n    main.main\n    \thelm.sh/helm/v3/cmd/helm/helm.go:83\n    runtime.main\n    \truntime/proc.go:255\n    runtime.goexit\n    \truntime/asm_amd64.s:1581\n    INSTALLATION FAILED\n    main.newInstallCmd.func2\n    \thelm.sh/helm/v3/cmd/helm/install.go:127\n    github.com/spf13/cobra.(*Command).execute\n    \tgithub.com/spf13/cobra@v1.4.0/command.go:856\n    github.com/spf13/cobra.(*Command).ExecuteC\n    \tgithub.com/spf13/cobra@v1.4.0/command.go:974\n    github.com/spf13/cobra.(*Command).Execute\n    \tgithub.com/spf13/cobra@v1.4.0/command.go:902\n    main.main\n    \thelm.sh/helm/v3/cmd/helm/helm.go:83\n    runtime.main\n    \truntime/proc.go:255\n    runtime.goexit\n    \truntime/asm_amd64.s:1581\noccurred","children":[{"name":"[It] Cluster CR tests Cluster CR validation Register worker cluster","uid":"86c68e0fe83836b9","parentUid":"e597129dee27b8256ab2b89717e6fe99","status":"failed","time":{"start":1660044532000,"stop":1660044540378,"duration":8378},"flaky":false,"newFailed":false,"newPassed":false,"newBroken":false,"retriesCount":0,"retriesStatusChange":false,"parameters":[]}],"uid":"e597129dee27b8256ab2b89717e6fe99"},{"name":"Unexpected error:\n    <*shell.ErrWithCmdOutput | 0xc0008aa018>: {\n        Underlying: <*exec.ExitError | 0xc0000d0000>{\n            ProcessState: {\n                pid: 6723,\n                status: 256,\n                rusage: {\n                    Utime: {Sec: 0, Usec: 45519},\n                    Stime: {Sec: 0, Usec: 18966},\n                    Maxrss: 43560,\n                    Ixrss: 0,\n                    Idrss: 0,\n                    Isrss: 0,\n                    Minflt: 2482,\n                    Majflt: 0,\n                    Nswap: 0,\n                    Inblock: 0,\n                    Oublock: 0,\n                    Msgsnd: 0,\n                    Msgrcv: 0,\n                    Nsignals: 0,\n                    Nvcsw: 187,\n                    Nivcsw: 108,\n                },\n            },\n            Stderr: nil,\n        },\n        Output: {\n            stdout: {\n                Lines: nil,\n                merged: {\n                    Mutex: {state: 0, sema: 0},\n                    Lines: [\n                        \"WARNING: Kubernetes configuration file is group-readable. This is insecure. Location: /e2e/assets/kubeconfig/kinde2e.yaml\",\n                        \"WARNING: Kubernetes configuration file is world-readable. This is insecure. Location: /e2e/assets/kubeconfig/kinde2e.yaml\",\n                        \"install.go:178: [debug] Original chart version: \\\"\\\"\",\n                        \"Error: INSTALLATION FAILED: looks like \\\"https://raw.githubusercontent.com/kubeslice/dev-charts/gh-pages/\\\" is not a valid chart repository or cannot be reached: failed to fetch https://raw.githubusercontent.com/kubeslice/dev-charts/gh-pages/index.yaml : 404 Not Found\",\n                        \"helm.go:84: [debug] failed to fetch https://raw.githubusercontent.com/kubeslice/dev-charts/gh-pages/index.yaml : 404 Not Found\",\n                        \"helm.sh/helm/v3/pkg/getter.(*HTTPGetter).get\",\n                        \"\\thelm.sh/helm/v3/pkg/getter/httpgetter.go:92\",\n                        \"helm.sh/helm/v3/pkg/getter.(*HTTPGetter).Get\",\n                        \"\\thelm.sh/helm/v3/pkg/getter/httpgetter.go:45\",\n                        \"helm.sh/helm/v3/pkg/repo.(*ChartRepository).DownloadIndexFile\",\n                        \"\\thelm.sh/helm/v3/pkg/repo/chartrepo.go:128\",\n                        \"helm.sh/helm/v3/pkg/repo.FindChartInAuthAndTLSAndPassRepoURL\",\n                        \"\\thelm.sh/helm/v3/pkg/repo/chartrepo.go:252\",\n                        \"helm.sh/helm/v3/pkg/action.(*ChartPathOptions).LocateChart\",\n                        \"\\thelm.sh/helm/v3/pkg/action/install.go:719\",\n                        \"main.runInstall\",\n                        \"\\thelm.sh/helm/v3/cmd/helm/install.go:190\",\n                        \"main.newInstallCmd.func2\",\n                        \"\\thelm.sh/helm/v3/cmd/helm/install.go:125\",\n                        \"github.com/spf13/cobra.(*Command).execute\",\n                        \"\\tgithub.com/spf13/cobra@v1.4.0/command.go:856\",\n                        \"github.com/spf13/cobra.(*Command).ExecuteC\",\n                        \"\\tgithub.com/spf13/cobra@v1.4.0/command.go:974\",\n                        \"github.com/spf13/cobra.(*Command).Execute\",\n                        \"\\tgithub.com/spf13/cobra@v1.4.0/command.go:902\",\n                        \"main.main\",\n                        \"\\thelm.sh/helm/v3/cmd/helm/helm.go:83\",\n                        \"runtime.main\",\n                        \"\\truntime/proc.go:255\",\n                        \"runtime.goexit\",\n                        \"\\truntime/asm_amd64.s:1581\",\n                        \"looks like \\\"https://raw.githubusercontent.com/kubeslice/dev-charts/gh-pages/\\\" is not a valid chart repository or cannot be reached\",\n                        \"helm.sh/helm/v3/pkg/repo.FindChartInAuthAndTLSAndPassRepoURL\",\n                        \"\\thelm.sh/helm/v3/pkg/repo/chartrepo.go:254\",\n                        \"helm.sh/helm/v3/pkg/action.(*ChartPathOptions).LocateChart\",\n                        \"\\thelm.sh/helm/v3/pkg/action/install.go:719\",\n                        \"main...\n\nGomega truncated this representation as it exceeds 'format.MaxLength'.\nConsider having the object provide a custom 'GomegaStringer' representation\nor adjust the parameters in Gomega's 'format' package.\n\nLearn more here: https://onsi.github.io/gomega/#adjusting-output\n\n    error while running command: exit status 1; WARNING: Kubernetes configuration file is group-readable. This is insecure. Location: /e2e/assets/kubeconfig/kinde2e.yaml\n    WARNING: Kubernetes configuration file is world-readable. This is insecure. Location: /e2e/assets/kubeconfig/kinde2e.yaml\n    install.go:178: [debug] Original chart version: \"\"\n    Error: INSTALLATION FAILED: looks like \"https://raw.githubusercontent.com/kubeslice/dev-charts/gh-pages/\" is not a valid chart repository or cannot be reached: failed to fetch https://raw.githubusercontent.com/kubeslice/dev-charts/gh-pages/index.yaml : 404 Not Found\n    helm.go:84: [debug] failed to fetch https://raw.githubusercontent.com/kubeslice/dev-charts/gh-pages/index.yaml : 404 Not Found\n    helm.sh/helm/v3/pkg/getter.(*HTTPGetter).get\n    \thelm.sh/helm/v3/pkg/getter/httpgetter.go:92\n    helm.sh/helm/v3/pkg/getter.(*HTTPGetter).Get\n    \thelm.sh/helm/v3/pkg/getter/httpgetter.go:45\n    helm.sh/helm/v3/pkg/repo.(*ChartRepository).DownloadIndexFile\n    \thelm.sh/helm/v3/pkg/repo/chartrepo.go:128\n    helm.sh/helm/v3/pkg/repo.FindChartInAuthAndTLSAndPassRepoURL\n    \thelm.sh/helm/v3/pkg/repo/chartrepo.go:252\n    helm.sh/helm/v3/pkg/action.(*ChartPathOptions).LocateChart\n    \thelm.sh/helm/v3/pkg/action/install.go:719\n    main.runInstall\n    \thelm.sh/helm/v3/cmd/helm/install.go:190\n    main.newInstallCmd.func2\n    \thelm.sh/helm/v3/cmd/helm/install.go:125\n    github.com/spf13/cobra.(*Command).execute\n    \tgithub.com/spf13/cobra@v1.4.0/command.go:856\n    github.com/spf13/cobra.(*Command).ExecuteC\n    \tgithub.com/spf13/cobra@v1.4.0/command.go:974\n    github.com/spf13/cobra.(*Command).Execute\n    \tgithub.com/spf13/cobra@v1.4.0/command.go:902\n    main.main\n    \thelm.sh/helm/v3/cmd/helm/helm.go:83\n    runtime.main\n    \truntime/proc.go:255\n    runtime.goexit\n    \truntime/asm_amd64.s:1581\n    looks like \"https://raw.githubusercontent.com/kubeslice/dev-charts/gh-pages/\" is not a valid chart repository or cannot be reached\n    helm.sh/helm/v3/pkg/repo.FindChartInAuthAndTLSAndPassRepoURL\n    \thelm.sh/helm/v3/pkg/repo/chartrepo.go:254\n    helm.sh/helm/v3/pkg/action.(*ChartPathOptions).LocateChart\n    \thelm.sh/helm/v3/pkg/action/install.go:719\n    main.runInstall\n    \thelm.sh/helm/v3/cmd/helm/install.go:190\n    main.newInstallCmd.func2\n    \thelm.sh/helm/v3/cmd/helm/install.go:125\n    github.com/spf13/cobra.(*Command).execute\n    \tgithub.com/spf13/cobra@v1.4.0/command.go:856\n    github.com/spf13/cobra.(*Command).ExecuteC\n    \tgithub.com/spf13/cobra@v1.4.0/command.go:974\n    github.com/spf13/cobra.(*Command).Execute\n    \tgithub.com/spf13/cobra@v1.4.0/command.go:902\n    main.main\n    \thelm.sh/helm/v3/cmd/helm/helm.go:83\n    runtime.main\n    \truntime/proc.go:255\n    runtime.goexit\n    \truntime/asm_amd64.s:1581\n    INSTALLATION FAILED\n    main.newInstallCmd.func2\n    \thelm.sh/helm/v3/cmd/helm/install.go:127\n    github.com/spf13/cobra.(*Command).execute\n    \tgithub.com/spf13/cobra@v1.4.0/command.go:856\n    github.com/spf13/cobra.(*Command).ExecuteC\n    \tgithub.com/spf13/cobra@v1.4.0/command.go:974\n    github.com/spf13/cobra.(*Command).Execute\n    \tgithub.com/spf13/cobra@v1.4.0/command.go:902\n    main.main\n    \thelm.sh/helm/v3/cmd/helm/helm.go:83\n    runtime.main\n    \truntime/proc.go:255\n    runtime.goexit\n    \truntime/asm_amd64.s:1581\noccurred","children":[{"name":"[BeforeSuite]","uid":"68df0277f5500edd","parentUid":"5fb1da271fbcafdebe87c240dd308de6","status":"failed","time":{"start":1660044680000,"stop":1660044773485,"duration":93485},"flaky":false,"newFailed":false,"newPassed":false,"newBroken":false,"retriesCount":0,"retriesStatusChange":false,"parameters":[]}],"uid":"5fb1da271fbcafdebe87c240dd308de6"}],"uid":"8fb3a91ba5aaf9de24cc8a92edc82b5d"}],"name":"categories"}