{"uid":"740df70581351feb","name":"[It] Project CR test Project Update Should fail when Project is Applied with service account name as combination of special characters in Write users","historyId":"Hub Suite:Hub Suite#[It] Project CR test Project Update Should fail when Project is Applied with service account name as combination of special characters in Write users","time":{"start":1663221163000,"stop":1663221167910,"duration":4910},"status":"passed","flaky":false,"newFailed":false,"newBroken":false,"newPassed":true,"retriesCount":0,"retriesStatusChange":false,"beforeStages":[],"testStage":{"steps":[{"name":"","time":{},"steps":[],"attachments":[],"parameters":[],"stepsCount":0,"attachmentsCount":0,"shouldDisplayMessage":false,"hasContent":false},{"name":"Report Entries:","time":{},"steps":[],"attachments":[],"parameters":[],"stepsCount":0,"attachmentsCount":0,"shouldDisplayMessage":false,"hasContent":false},{"name":"By Step","time":{},"steps":[],"attachments":[],"parameters":[],"stepsCount":0,"attachmentsCount":0,"shouldDisplayMessage":false,"hasContent":false},{"name":"/e2e/tests/hub/t_project_update_test.go:86","time":{},"steps":[],"attachments":[],"parameters":[],"stepsCount":0,"attachmentsCount":0,"shouldDisplayMessage":false,"hasContent":false},{"name":"2022-09-15T06:19:03.402030021Z","time":{},"steps":[],"attachments":[],"parameters":[],"stepsCount":0,"attachmentsCount":0,"shouldDisplayMessage":false,"hasContent":false},{"name":"&{Text:Creates Project using yaml Duration:0s}","time":{},"steps":[],"attachments":[],"parameters":[],"stepsCount":0,"attachmentsCount":0,"shouldDisplayMessage":false,"hasContent":false},{"name":"--","time":{},"steps":[],"attachments":[],"parameters":[],"stepsCount":0,"attachmentsCount":0,"shouldDisplayMessage":false,"hasContent":false},{"name":"By Step","time":{},"steps":[],"attachments":[],"parameters":[],"stepsCount":0,"attachmentsCount":0,"shouldDisplayMessage":false,"hasContent":false},{"name":"/e2e/tests/hub/t_project_update_test.go:91","time":{},"steps":[],"attachments":[],"parameters":[],"stepsCount":0,"attachmentsCount":0,"shouldDisplayMessage":false,"hasContent":false},{"name":"2022-09-15T06:19:03.612648515Z","time":{},"steps":[],"attachments":[],"parameters":[],"stepsCount":0,"attachmentsCount":0,"shouldDisplayMessage":false,"hasContent":false},{"name":"&{Text:Waiting for project reconciliation Duration:0s}","time":{},"steps":[],"attachments":[],"parameters":[],"stepsCount":0,"attachmentsCount":0,"shouldDisplayMessage":false,"hasContent":false},{"name":"--","time":{},"steps":[],"attachments":[],"parameters":[],"stepsCount":0,"attachmentsCount":0,"shouldDisplayMessage":false,"hasContent":false},{"name":"By Step","time":{},"steps":[],"attachments":[],"parameters":[],"stepsCount":0,"attachmentsCount":0,"shouldDisplayMessage":false,"hasContent":false},{"name":"/e2e/tests/hub/t_project_update_test.go:191","time":{},"steps":[],"attachments":[],"parameters":[],"stepsCount":0,"attachmentsCount":0,"shouldDisplayMessage":false,"hasContent":false},{"name":"2022-09-15T06:19:04.916878478Z","time":{},"steps":[],"attachments":[],"parameters":[],"stepsCount":0,"attachmentsCount":0,"shouldDisplayMessage":false,"hasContent":false},{"name":"&{Text:Updates the existing Project Duration:0s}","time":{},"steps":[],"attachments":[],"parameters":[],"stepsCount":0,"attachmentsCount":0,"shouldDisplayMessage":false,"hasContent":false},{"name":"--","time":{},"steps":[],"attachments":[],"parameters":[],"stepsCount":0,"attachmentsCount":0,"shouldDisplayMessage":false,"hasContent":false},{"name":"By Step","time":{},"steps":[],"attachments":[],"parameters":[],"stepsCount":0,"attachmentsCount":0,"shouldDisplayMessage":false,"hasContent":false},{"name":"/e2e/tests/hub/t_project_update_test.go:97","time":{},"steps":[],"attachments":[],"parameters":[],"stepsCount":0,"attachmentsCount":0,"shouldDisplayMessage":false,"hasContent":false},{"name":"2022-09-15T06:19:05.117482348Z","time":{},"steps":[],"attachments":[],"parameters":[],"stepsCount":0,"attachmentsCount":0,"shouldDisplayMessage":false,"hasContent":false},{"name":"&{Text:Uninstall the newly created project Duration:0s}","time":{},"steps":[],"attachments":[],"parameters":[],"stepsCount":0,"attachmentsCount":0,"shouldDisplayMessage":false,"hasContent":false},{"name":"--","time":{},"steps":[],"attachments":[],"parameters":[],"stepsCount":0,"attachmentsCount":0,"shouldDisplayMessage":false,"hasContent":false},{"name":"By Step","time":{},"steps":[],"attachments":[],"parameters":[],"stepsCount":0,"attachmentsCount":0,"shouldDisplayMessage":false,"hasContent":false},{"name":"/e2e/tests/hub/t_project_update_test.go:100","time":{},"steps":[],"attachments":[],"parameters":[],"stepsCount":0,"attachmentsCount":0,"shouldDisplayMessage":false,"hasContent":false},{"name":"2022-09-15T06:19:05.295393213Z","time":{},"steps":[],"attachments":[],"parameters":[],"stepsCount":0,"attachmentsCount":0,"shouldDisplayMessage":false,"hasContent":false},{"name":"&{Text:Waiting for project deletion Duration:0s}","time":{},"steps":[],"attachments":[],"parameters":[],"stepsCount":0,"attachmentsCount":0,"shouldDisplayMessage":false,"hasContent":false}],"attachments":[],"parameters":[],"stepsCount":26,"attachmentsCount":0,"shouldDisplayMessage":false,"hasContent":true},"afterStages":[],"labels":[{"name":"resultFormat","value":"junit"},{"name":"suite","value":"Hub Suite"},{"name":"testClass","value":"Hub Suite"},{"name":"package","value":"Hub Suite"}],"parameters":[],"links":[],"hidden":false,"retry":false,"extra":{"severity":"normal","retries":[],"categories":[],"history":{"statistic":{"failed":20,"broken":0,"skipped":0,"passed":175,"unknown":0,"total":195},"items":[{"uid":"2d17ccbc1ceb1772","status":"failed","statusDetails":"Timed out after 60.001s.\nExpected\n    <bool>: false\nto be true","time":{"start":1663221793000,"stop":1663221860490,"duration":67490}},{"uid":"6ed9201fabe7ce7d","status":"failed","statusDetails":"Timed out after 60.001s.\nExpected\n    <bool>: false\nto be true","time":{"start":1663214989000,"stop":1663215110373,"duration":121373}},{"uid":"59b2531ec91ffb89","status":"failed","statusDetails":"Timed out after 60.000s.\nExpected\n    <bool>: false\nto be true","time":{"start":1663181177000,"stop":1663181243653,"duration":66653}},{"uid":"f90a52bec784bc","status":"failed","statusDetails":"Unexpected error:\n    <*shell.ErrWithCmdOutput | 0xc000388588>: {\n        Underlying: <*exec.ExitError | 0xc00080e580>{\n            ProcessState: {\n                pid: 7596,\n                status: 256,\n                rusage: {\n                    Utime: {Sec: 0, Usec: 189277},\n                    Stime: {Sec: 0, Usec: 82294},\n                    Maxrss: 83984,\n                    Ixrss: 0,\n                    Idrss: 0,\n                    Isrss: 0,\n                    Minflt: 5115,\n                    Majflt: 0,\n                    Nswap: 0,\n                    Inblock: 0,\n                    Oublock: 12880,\n                    Msgsnd: 0,\n                    Msgrcv: 0,\n                    Nsignals: 0,\n                    Nvcsw: 431,\n                    Nivcsw: 286,\n                },\n            },\n            Stderr: nil,\n        },\n        Output: {\n            stdout: {\n                Lines: nil,\n                merged: {\n                    Mutex: {state: 0, sema: 0},\n                    Lines: [\n                        \"Error from server (InternalError): error when creating \\\"/tmp/Project%20CR%20test%20Project%20Update%20Should%20fail%20when%20Project%20is%20Applied%20with%20service%20account%20name%20as%20combination%20of%20special%20characters%20in%20Write%20users2930702950\\\": Internal error occurred: failed calling webhook \\\"mproject.kb.io\\\": failed to call webhook: Post \\\"https://kubeslice-controller-webhook-service.kubeslice-controller.svc:443/mutate-controller-kubeslice-io-v1alpha1-project?timeout=10s\\\": dial tcp 10.96.166.127:443: connect: connection refused\",\n                    ],\n                },\n            },\n            stderr: {\n                Lines: [\n                    \"Error from server (InternalError): error when creating \\\"/tmp/Project%20CR%20test%20Project%20Update%20Should%20fail%20when%20Project%20is%20Applied%20with%20service%20account%20name%20as%20combination%20of%20special%20characters%20in%20Write%20users2930702950\\\": Internal error occurred: failed calling webhook \\\"mproject.kb.io\\\": failed to call webhook: Post \\\"https://kubeslice-controller-webhook-service.kubeslice-controller.svc:443/mutate-controller-kubeslice-io-v1alpha1-project?timeout=10s\\\": dial tcp 10.96.166.127:443: connect: connection refused\",\n                ],\n                merged: {\n                    Mutex: {state: 0, sema: 0},\n                    Lines: [\n                        \"Error from server (InternalError): error when creating \\\"/tmp/Project%20CR%20test%20Project%20Update%20Should%20fail%20when%20Project%20is%20Applied%20with%20service%20account%20name%20as%20combination%20of%20special%20characters%20in%20Write%20users2930702950\\\": Internal error occurred: failed calling webhook \\\"mproject.kb.io\\\": failed to call webhook: Post \\\"https://kubeslice-controller-webhook-service.kubeslice-controller.svc:443/mutate-controller-kubeslice-io-v1alpha1-project?timeout=10s\\\": dial tcp 10.96.166.127:443: connect: connection refused\",\n                    ],\n                },\n            },\n            merged: {\n                Mutex: {state: 0, sema: 0},\n                Lines: [\n                    \"Error from server (InternalError): error when creating \\\"/tmp/Project%20CR%20test%20Project%20Update%20Should%20fail%20when%20Project%20is%20Applied%20with%20service%20account%20name%20as%20combination%20of%20special%20characters%20in%20Write%20users2930702950\\\": Internal error occurred: failed calling webhook \\\"mproject.kb.io\\\": failed to call webhook: Post \\\"https://kubeslice-controller-webhook-service.kubeslice-controller.svc:443/mutate-controller-kubeslice-io-v1alpha1-project?timeout=10s\\\": dial tcp 10.96.166.127:443: connect: connection refused\",\n                ],\n            },\n        },\n    }\n    error while running command: exit status 1; Error from server (InternalError): error when creating \"/tmp/Project%20CR%20test%20Project%20Update%20Should%20fail%20when%20Project%20is%20Applied%20with%20service%20account%20name%20as%20combination%20of%20special%20characters%20in%20Write%20users2930702950\": Internal error occurred: failed calling webhook \"mproject.kb.io\": failed to call webhook: Post \"https://kubeslice-controller-webhook-service.kubeslice-controller.svc:443/mutate-controller-kubeslice-io-v1alpha1-project?timeout=10s\": dial tcp 10.96.166.127:443: connect: connection refused\noccurred","time":{"start":1663179164000,"stop":1663179164352,"duration":352}},{"uid":"9e987bcfc14f0ac2","status":"passed","time":{"start":1663042493000,"stop":1663042498848,"duration":5848}},{"uid":"3dbaf710354b1717","status":"passed","time":{"start":1663041865000,"stop":1663041870127,"duration":5127}},{"uid":"ffb722c260af130a","status":"failed","statusDetails":"Timed out after 60.001s.\nExpected\n    <bool>: false\nto be true","time":{"start":1663039902000,"stop":1663039968585,"duration":66585}},{"uid":"849ab66d2de6922f","status":"passed","time":{"start":1663009431000,"stop":1663009436005,"duration":5005}},{"uid":"302552c30cb81a42","status":"passed","time":{"start":1662978562000,"stop":1662978567042,"duration":5042}},{"uid":"2660d1395ce3ef60","status":"passed","time":{"start":1662702362000,"stop":1662702366876,"duration":4876}},{"uid":"f2cf220bf3dd46d","status":"failed","statusDetails":"Timed out after 60.001s.\nExpected\n    <bool>: false\nto be true","time":{"start":1662553059000,"stop":1662553180312,"duration":121312}},{"uid":"c30afc5e8cf52a5b","status":"failed","statusDetails":"Timed out after 60.001s.\nExpected\n    <bool>: false\nto be true","time":{"start":1662553042000,"stop":1662553108666,"duration":66666}},{"uid":"5660074127f5186c","status":"passed","time":{"start":1662467486000,"stop":1662467490916,"duration":4916}},{"uid":"218dda9f40bbe56d","status":"failed","statusDetails":"Timed out after 60.000s.\nExpected\n    <bool>: false\nto be true","time":{"start":1662374048000,"stop":1662374115439,"duration":67439}},{"uid":"c816c1131ad42008","status":"failed","statusDetails":"Unexpected error:\n    <*shell.ErrWithCmdOutput | 0xc00087df68>: {\n        Underlying: <*exec.ExitError | 0xc00062d440>{\n            ProcessState: {\n                pid: 7198,\n                status: 256,\n                rusage: {\n                    Utime: {Sec: 0, Usec: 225653},\n                    Stime: {Sec: 0, Usec: 46833},\n                    Maxrss: 79288,\n                    Ixrss: 0,\n                    Idrss: 0,\n                    Isrss: 0,\n                    Minflt: 3635,\n                    Majflt: 0,\n                    Nswap: 0,\n                    Inblock: 0,\n                    Oublock: 13344,\n                    Msgsnd: 0,\n                    Msgrcv: 0,\n                    Nsignals: 0,\n                    Nvcsw: 345,\n                    Nivcsw: 284,\n                },\n            },\n            Stderr: nil,\n        },\n        Output: {\n            stdout: {\n                Lines: nil,\n                merged: {\n                    Mutex: {state: 0, sema: 0},\n                    Lines: [\n                        \"Error from server (InternalError): error when creating \\\"/tmp/Project%20CR%20test%20Project%20Update%20Should%20fail%20when%20Project%20is%20Applied%20with%20service%20account%20name%20as%20combination%20of%20special%20characters%20in%20Write%20users3835299507\\\": Internal error occurred: failed calling webhook \\\"mproject.kb.io\\\": failed to call webhook: Post \\\"https://kubeslice-controller-webhook-service.kubeslice-controller.svc:443/mutate-controller-kubeslice-io-v1alpha1-project?timeout=10s\\\": dial tcp 10.96.241.207:443: connect: connection refused\",\n                    ],\n                },\n            },\n            stderr: {\n                Lines: [\n                    \"Error from server (InternalError): error when creating \\\"/tmp/Project%20CR%20test%20Project%20Update%20Should%20fail%20when%20Project%20is%20Applied%20with%20service%20account%20name%20as%20combination%20of%20special%20characters%20in%20Write%20users3835299507\\\": Internal error occurred: failed calling webhook \\\"mproject.kb.io\\\": failed to call webhook: Post \\\"https://kubeslice-controller-webhook-service.kubeslice-controller.svc:443/mutate-controller-kubeslice-io-v1alpha1-project?timeout=10s\\\": dial tcp 10.96.241.207:443: connect: connection refused\",\n                ],\n                merged: {\n                    Mutex: {state: 0, sema: 0},\n                    Lines: [\n                        \"Error from server (InternalError): error when creating \\\"/tmp/Project%20CR%20test%20Project%20Update%20Should%20fail%20when%20Project%20is%20Applied%20with%20service%20account%20name%20as%20combination%20of%20special%20characters%20in%20Write%20users3835299507\\\": Internal error occurred: failed calling webhook \\\"mproject.kb.io\\\": failed to call webhook: Post \\\"https://kubeslice-controller-webhook-service.kubeslice-controller.svc:443/mutate-controller-kubeslice-io-v1alpha1-project?timeout=10s\\\": dial tcp 10.96.241.207:443: connect: connection refused\",\n                    ],\n                },\n            },\n            merged: {\n                Mutex: {state: 0, sema: 0},\n                Lines: [\n                    \"Error from server (InternalError): error when creating \\\"/tmp/Project%20CR%20test%20Project%20Update%20Should%20fail%20when%20Project%20is%20Applied%20with%20service%20account%20name%20as%20combination%20of%20special%20characters%20in%20Write%20users3835299507\\\": Internal error occurred: failed calling webhook \\\"mproject.kb.io\\\": failed to call webhook: Post \\\"https://kubeslice-controller-webhook-service.kubeslice-controller.svc:443/mutate-controller-kubeslice-io-v1alpha1-project?timeout=10s\\\": dial tcp 10.96.241.207:443: connect: connection refused\",\n                ],\n            },\n        },\n    }\n    error while running command: exit status 1; Error from server (InternalError): error when creating \"/tmp/Project%20CR%20test%20Project%20Update%20Should%20fail%20when%20Project%20is%20Applied%20with%20service%20account%20name%20as%20combination%20of%20special%20characters%20in%20Write%20users3835299507\": Internal error occurred: failed calling webhook \"mproject.kb.io\": failed to call webhook: Post \"https://kubeslice-controller-webhook-service.kubeslice-controller.svc:443/mutate-controller-kubeslice-io-v1alpha1-project?timeout=10s\": dial tcp 10.96.241.207:443: connect: connection refused\noccurred","time":{"start":1662374250000,"stop":1662374250333,"duration":333}},{"uid":"5f9df3998edf9edb","status":"passed","time":{"start":1662361116000,"stop":1662361120894,"duration":4894}},{"uid":"13b7a0f26613d644","status":"passed","time":{"start":1662347286000,"stop":1662347290882,"duration":4882}},{"uid":"509f25007cfa705c","status":"passed","time":{"start":1662049179000,"stop":1662049184258,"duration":5258}},{"uid":"b04e043f10d43351","status":"passed","time":{"start":1662048808000,"stop":1662048813991,"duration":5991}},{"uid":"32e099325fc1800b","status":"passed","time":{"start":1662036991000,"stop":1662036996874,"duration":5874}}]},"tags":[]},"source":"740df70581351feb.json","parameterValues":[]}