{"uid":"4b4757e66a1912dae1a509f688f20b0f","children":[{"name":"Product defects","children":[{"name":"Unexpected error:\n    <*shell.ErrWithCmdOutput | 0xc0008daa38>: {\n        Underlying: <*exec.ExitError | 0xc000795ec0>{\n            ProcessState: {\n                pid: 6345,\n                status: 256,\n                rusage: {\n                    Utime: {Sec: 0, Usec: 169006},\n                    Stime: {Sec: 0, Usec: 37099},\n                    Maxrss: 73244,\n                    Ixrss: 0,\n                    Idrss: 0,\n                    Isrss: 0,\n                    Minflt: 10457,\n                    Majflt: 0,\n                    Nswap: 0,\n                    Inblock: 0,\n                    Oublock: 13392,\n                    Msgsnd: 0,\n                    Msgrcv: 0,\n                    Nsignals: 0,\n                    Nvcsw: 392,\n                    Nivcsw: 329,\n                },\n            },\n            Stderr: nil,\n        },\n        Output: {\n            stdout: {\n                Lines: nil,\n                merged: {\n                    Mutex: {state: 0, sema: 0},\n                    Lines: [\n                        \"The Project \\\"projectupdatetest\\\" is invalid: project namespace: Invalid value: \\\"kubeslice-projectupdatetest\\\": already exists\",\n                    ],\n                },\n            },\n            stderr: {\n                Lines: [\n                    \"The Project \\\"projectupdatetest\\\" is invalid: project namespace: Invalid value: \\\"kubeslice-projectupdatetest\\\": already exists\",\n                ],\n                merged: {\n                    Mutex: {state: 0, sema: 0},\n                    Lines: [\n                        \"The Project \\\"projectupdatetest\\\" is invalid: project namespace: Invalid value: \\\"kubeslice-projectupdatetest\\\": already exists\",\n                    ],\n                },\n            },\n            merged: {\n                Mutex: {state: 0, sema: 0},\n                Lines: [\n                    \"The Project \\\"projectupdatetest\\\" is invalid: project namespace: Invalid value: \\\"kubeslice-projectupdatetest\\\": already exists\",\n                ],\n            },\n        },\n    }\n    error while running command: exit status 1; The Project \"projectupdatetest\" is invalid: project namespace: Invalid value: \"kubeslice-projectupdatetest\": already exists\noccurred","children":[{"name":"[It] Project CR test Project Update Should fail when Project is Applied with service account name as blank in Read users","uid":"2a139f2782d56d40","parentUid":"f0ff85ff64627efd94c9dbc55e6e35b1","status":"failed","time":{"start":1660142645000,"stop":1660142705253,"duration":60253},"flaky":false,"newFailed":false,"newPassed":false,"newBroken":false,"retriesCount":0,"retriesStatusChange":false,"parameters":[]}],"uid":"f0ff85ff64627efd94c9dbc55e6e35b1"},{"name":"Timed out after 120.001s.\nExpected an error to have occurred.  Got:\n    <nil>: nil","children":[{"name":"[It] Cluster negative tests Worker Cluster Registration with Wrong endpoint","uid":"23cf9d88dc9349e0","parentUid":"96e24c0bb9b908fdd9c47b5d4a9cb2bb","status":"failed","time":{"start":1660142645000,"stop":1660143106804,"duration":461804},"flaky":false,"newFailed":false,"newPassed":false,"newBroken":false,"retriesCount":0,"retriesStatusChange":false,"parameters":[]}],"uid":"96e24c0bb9b908fdd9c47b5d4a9cb2bb"},{"name":"Unexpected error:\n    <*shell.ErrWithCmdOutput | 0xc0005d6360>: {\n        Underlying: <*exec.ExitError | 0xc00014ab20>{\n            ProcessState: {\n                pid: 6058,\n                status: 256,\n                rusage: {\n                    Utime: {Sec: 0, Usec: 162965},\n                    Stime: {Sec: 0, Usec: 62679},\n                    Maxrss: 80064,\n                    Ixrss: 0,\n                    Idrss: 0,\n                    Isrss: 0,\n                    Minflt: 8290,\n                    Majflt: 0,\n                    Nswap: 0,\n                    Inblock: 0,\n                    Oublock: 13616,\n                    Msgsnd: 0,\n                    Msgrcv: 0,\n                    Nsignals: 0,\n                    Nvcsw: 761,\n                    Nivcsw: 477,\n                },\n            },\n            Stderr: nil,\n        },\n        Output: {\n            stdout: {\n                Lines: nil,\n                merged: {\n                    Mutex: {state: 0, sema: 0},\n                    Lines: [\n                        \"error: resource mapping not found for name: \\\"profile4\\\" namespace: \\\"\\\" from \\\"/tmp/%20QosProfile%20tests%20QosProfile%20delete%20validation%20Delete%20qos%20profile%20-%20negative%20scenario3392838470\\\": no matches for kind \\\"SliceQoSConfig\\\" in version \\\"controller.kubeslice.io/v1alpha1\\\"\",\n                        \"ensure CRDs are installed first\",\n                    ],\n                },\n            },\n            stderr: {\n                Lines: [\n                    \"error: resource mapping not found for name: \\\"profile4\\\" namespace: \\\"\\\" from \\\"/tmp/%20QosProfile%20tests%20QosProfile%20delete%20validation%20Delete%20qos%20profile%20-%20negative%20scenario3392838470\\\": no matches for kind \\\"SliceQoSConfig\\\" in version \\\"controller.kubeslice.io/v1alpha1\\\"\",\n                    \"ensure CRDs are installed first\",\n                ],\n                merged: {\n                    Mutex: {state: 0, sema: 0},\n                    Lines: [\n                        \"error: resource mapping not found for name: \\\"profile4\\\" namespace: \\\"\\\" from \\\"/tmp/%20QosProfile%20tests%20QosProfile%20delete%20validation%20Delete%20qos%20profile%20-%20negative%20scenario3392838470\\\": no matches for kind \\\"SliceQoSConfig\\\" in version \\\"controller.kubeslice.io/v1alpha1\\\"\",\n                        \"ensure CRDs are installed first\",\n                    ],\n                },\n            },\n            merged: {\n                Mutex: {state: 0, sema: 0},\n                Lines: [\n                    \"error: resource mapping not found for name: \\\"profile4\\\" namespace: \\\"\\\" from \\\"/tmp/%20QosProfile%20tests%20QosProfile%20delete%20validation%20Delete%20qos%20profile%20-%20negative%20scenario3392838470\\\": no matches for kind \\\"SliceQoSConfig\\\" in version \\\"controller.kubeslice.io/v1alpha1\\\"\",\n                    \"ensure CRDs are installed first\",\n                ],\n            },\n        },\n    }\n    error while running command: exit status 1; error: resource mapping not found for name: \"profile4\" namespace: \"\" from \"/tmp/%20QosProfile%20tests%20QosProfile%20delete%20validation%20Delete%20qos%20profile%20-%20negative%20scenario3392838470\": no matches for kind \"SliceQoSConfig\" in version \"controller.kubeslice.io/v1alpha1\"\n    ensure CRDs are installed first\noccurred","children":[{"name":"[It]  QosProfile tests QosProfile delete validation Delete qos profile - negative scenario","uid":"626676254810d72c","parentUid":"d8e53a6e20da985d8e1f96e1d539d6b7","status":"failed","time":{"start":1660142645000,"stop":1660142649532,"duration":4532},"flaky":false,"newFailed":false,"newPassed":false,"newBroken":false,"retriesCount":0,"retriesStatusChange":false,"parameters":[]}],"uid":"d8e53a6e20da985d8e1f96e1d539d6b7"},{"name":"Unexpected error:\n    <*shell.ErrWithCmdOutput | 0xc0001e8030>: {\n        Underlying: <*exec.ExitError | 0xc0005d4040>{\n            ProcessState: {\n                pid: 6363,\n                status: 256,\n                rusage: {\n                    Utime: {Sec: 0, Usec: 150638},\n                    Stime: {Sec: 0, Usec: 67390},\n                    Maxrss: 79392,\n                    Ixrss: 0,\n                    Idrss: 0,\n                    Isrss: 0,\n                    Minflt: 13225,\n                    Majflt: 0,\n                    Nswap: 0,\n                    Inblock: 0,\n                    Oublock: 13392,\n                    Msgsnd: 0,\n                    Msgrcv: 0,\n                    Nsignals: 0,\n                    Nvcsw: 372,\n                    Nivcsw: 269,\n                },\n            },\n            Stderr: nil,\n        },\n        Output: {\n            stdout: {\n                Lines: nil,\n                merged: {\n                    Mutex: {state: 0, sema: 0},\n                    Lines: [\n                        \"The Project \\\"projectupdatetest\\\" is invalid: project namespace: Invalid value: \\\"kubeslice-projectupdatetest\\\": already exists\",\n                    ],\n                },\n            },\n            stderr: {\n                Lines: [\n                    \"The Project \\\"projectupdatetest\\\" is invalid: project namespace: Invalid value: \\\"kubeslice-projectupdatetest\\\": already exists\",\n                ],\n                merged: {\n                    Mutex: {state: 0, sema: 0},\n                    Lines: [\n                        \"The Project \\\"projectupdatetest\\\" is invalid: project namespace: Invalid value: \\\"kubeslice-projectupdatetest\\\": already exists\",\n                    ],\n                },\n            },\n            merged: {\n                Mutex: {state: 0, sema: 0},\n                Lines: [\n                    \"The Project \\\"projectupdatetest\\\" is invalid: project namespace: Invalid value: \\\"kubeslice-projectupdatetest\\\": already exists\",\n                ],\n            },\n        },\n    }\n    error while running command: exit status 1; The Project \"projectupdatetest\" is invalid: project namespace: Invalid value: \"kubeslice-projectupdatetest\": already exists\noccurred","children":[{"name":"[It] Project CR test Project Update Should fail when Project is applied with service account name as blank in Write users","uid":"b27b6aa75b80d0f2","parentUid":"a8940c7b600c11409c9f597d225083a3","status":"failed","time":{"start":1660142645000,"stop":1660142705271,"duration":60271},"flaky":false,"newFailed":false,"newPassed":false,"newBroken":false,"retriesCount":0,"retriesStatusChange":false,"parameters":[]}],"uid":"a8940c7b600c11409c9f597d225083a3"},{"name":"Unexpected error:\n    <*shell.ErrWithCmdOutput | 0xc0001e8d08>: {\n        Underlying: <*exec.ExitError | 0xc000629660>{\n            ProcessState: {\n                pid: 6308,\n                status: 256,\n                rusage: {\n                    Utime: {Sec: 0, Usec: 146677},\n                    Stime: {Sec: 0, Usec: 71356},\n                    Maxrss: 77360,\n                    Ixrss: 0,\n                    Idrss: 0,\n                    Isrss: 0,\n                    Minflt: 12361,\n                    Majflt: 0,\n                    Nswap: 0,\n                    Inblock: 0,\n                    Oublock: 13392,\n                    Msgsnd: 0,\n                    Msgrcv: 0,\n                    Nsignals: 0,\n                    Nvcsw: 365,\n                    Nivcsw: 320,\n                },\n            },\n            Stderr: nil,\n        },\n        Output: {\n            stdout: {\n                Lines: nil,\n                merged: {\n                    Mutex: {state: 0, sema: 0},\n                    Lines: [\n                        \"The Project \\\"projectupdatetest\\\" is invalid: project namespace: Invalid value: \\\"kubeslice-projectupdatetest\\\": already exists\",\n                    ],\n                },\n            },\n            stderr: {\n                Lines: [\n                    \"The Project \\\"projectupdatetest\\\" is invalid: project namespace: Invalid value: \\\"kubeslice-projectupdatetest\\\": already exists\",\n                ],\n                merged: {\n                    Mutex: {state: 0, sema: 0},\n                    Lines: [\n                        \"The Project \\\"projectupdatetest\\\" is invalid: project namespace: Invalid value: \\\"kubeslice-projectupdatetest\\\": already exists\",\n                    ],\n                },\n            },\n            merged: {\n                Mutex: {state: 0, sema: 0},\n                Lines: [\n                    \"The Project \\\"projectupdatetest\\\" is invalid: project namespace: Invalid value: \\\"kubeslice-projectupdatetest\\\": already exists\",\n                ],\n            },\n        },\n    }\n    error while running command: exit status 1; The Project \"projectupdatetest\" is invalid: project namespace: Invalid value: \"kubeslice-projectupdatetest\": already exists\noccurred","children":[{"name":"[It] Project CR test Project Update Should update successfully when Project applied with valid service account name in Write users","uid":"ef12a8b79b8527a8","parentUid":"e7ef681c831f5e35dacba56bd14e7618","status":"failed","time":{"start":1660142645000,"stop":1660142705291,"duration":60291},"flaky":false,"newFailed":false,"newPassed":false,"newBroken":false,"retriesCount":0,"retriesStatusChange":false,"parameters":[]}],"uid":"e7ef681c831f5e35dacba56bd14e7618"},{"name":"Unexpected error:\n    <*shell.ErrWithCmdOutput | 0xc00066b578>: {\n        Underlying: <*exec.ExitError | 0xc0005892c0>{\n            ProcessState: {\n                pid: 6354,\n                status: 256,\n                rusage: {\n                    Utime: {Sec: 0, Usec: 139900},\n                    Stime: {Sec: 0, Usec: 59957},\n                    Maxrss: 77424,\n                    Ixrss: 0,\n                    Idrss: 0,\n                    Isrss: 0,\n                    Minflt: 10595,\n                    Majflt: 0,\n                    Nswap: 0,\n                    Inblock: 0,\n                    Oublock: 13392,\n                    Msgsnd: 0,\n                    Msgrcv: 0,\n                    Nsignals: 0,\n                    Nvcsw: 430,\n                    Nivcsw: 398,\n                },\n            },\n            Stderr: nil,\n        },\n        Output: {\n            stdout: {\n                Lines: nil,\n                merged: {\n                    Mutex: {state: 0, sema: 0},\n                    Lines: [\n                        \"The Project \\\"projectupdatetest\\\" is invalid: project namespace: Invalid value: \\\"kubeslice-projectupdatetest\\\": already exists\",\n                    ],\n                },\n            },\n            stderr: {\n                Lines: [\n                    \"The Project \\\"projectupdatetest\\\" is invalid: project namespace: Invalid value: \\\"kubeslice-projectupdatetest\\\": already exists\",\n                ],\n                merged: {\n                    Mutex: {state: 0, sema: 0},\n                    Lines: [\n                        \"The Project \\\"projectupdatetest\\\" is invalid: project namespace: Invalid value: \\\"kubeslice-projectupdatetest\\\": already exists\",\n                    ],\n                },\n            },\n            merged: {\n                Mutex: {state: 0, sema: 0},\n                Lines: [\n                    \"The Project \\\"projectupdatetest\\\" is invalid: project namespace: Invalid value: \\\"kubeslice-projectupdatetest\\\": already exists\",\n                ],\n            },\n        },\n    }\n    error while running command: exit status 1; The Project \"projectupdatetest\" is invalid: project namespace: Invalid value: \"kubeslice-projectupdatetest\": already exists\noccurred","children":[{"name":"[It] Project CR test Project Update Should fail when Project is Applied with service account name as combination of special characters in Write users","uid":"c98d3d8013bb8815","parentUid":"d81de6740208eaf8482090a8bf79a7e5","status":"failed","time":{"start":1660142645000,"stop":1660142705254,"duration":60254},"flaky":false,"newFailed":false,"newPassed":false,"newBroken":false,"retriesCount":0,"retriesStatusChange":false,"parameters":[]}],"uid":"d81de6740208eaf8482090a8bf79a7e5"},{"name":"Timed out after 60.001s.\nExpected an error to have occurred.  Got:\n    <nil>: nil","children":[{"name":"[It] Project CR test Project Update Should Update successfullyy when Project is Applied with valid service account name in Read users","uid":"c4c488eba3ddd48e","parentUid":"c3605d3c35f7c6c4b2c288f323d39711","status":"failed","time":{"start":1660142645000,"stop":1660142707261,"duration":62261},"flaky":false,"newFailed":false,"newPassed":false,"newBroken":false,"retriesCount":0,"retriesStatusChange":false,"parameters":[]}],"uid":"c3605d3c35f7c6c4b2c288f323d39711"},{"name":"Unexpected error:\n    <*shell.ErrWithCmdOutput | 0xc00066a270>: {\n        Underlying: <*exec.ExitError | 0xc00086e0a0>{\n            ProcessState: {\n                pid: 6326,\n                status: 256,\n                rusage: {\n                    Utime: {Sec: 0, Usec: 158553},\n                    Stime: {Sec: 0, Usec: 50273},\n                    Maxrss: 80680,\n                    Ixrss: 0,\n                    Idrss: 0,\n                    Isrss: 0,\n                    Minflt: 9301,\n                    Majflt: 0,\n                    Nswap: 0,\n                    Inblock: 8,\n                    Oublock: 13392,\n                    Msgsnd: 0,\n                    Msgrcv: 0,\n                    Nsignals: 0,\n                    Nvcsw: 419,\n                    Nivcsw: 272,\n                },\n            },\n            Stderr: nil,\n        },\n        Output: {\n            stdout: {\n                Lines: nil,\n                merged: {\n                    Mutex: {state: 0, sema: 0},\n                    Lines: [\n                        \"The Project \\\"projectupdatetest\\\" is invalid: project namespace: Invalid value: \\\"kubeslice-projectupdatetest\\\": already exists\",\n                    ],\n                },\n            },\n            stderr: {\n                Lines: [\n                    \"The Project \\\"projectupdatetest\\\" is invalid: project namespace: Invalid value: \\\"kubeslice-projectupdatetest\\\": already exists\",\n                ],\n                merged: {\n                    Mutex: {state: 0, sema: 0},\n                    Lines: [\n                        \"The Project \\\"projectupdatetest\\\" is invalid: project namespace: Invalid value: \\\"kubeslice-projectupdatetest\\\": already exists\",\n                    ],\n                },\n            },\n            merged: {\n                Mutex: {state: 0, sema: 0},\n                Lines: [\n                    \"The Project \\\"projectupdatetest\\\" is invalid: project namespace: Invalid value: \\\"kubeslice-projectupdatetest\\\": already exists\",\n                ],\n            },\n        },\n    }\n    error while running command: exit status 1; The Project \"projectupdatetest\" is invalid: project namespace: Invalid value: \"kubeslice-projectupdatetest\": already exists\noccurred","children":[{"name":"[It] Project CR test Project Update Should update successfully when Project Applied while removing a service account name in Write users","uid":"5db9532dbc7b0683","parentUid":"575ddace52145819ea4929cc9b0f510c","status":"failed","time":{"start":1660142645000,"stop":1660142705263,"duration":60263},"flaky":false,"newFailed":false,"newPassed":false,"newBroken":false,"retriesCount":0,"retriesStatusChange":false,"parameters":[]}],"uid":"575ddace52145819ea4929cc9b0f510c"},{"name":"Unexpected error:\n    <*shell.ErrWithCmdOutput | 0xc00066bb90>: {\n        Underlying: <*exec.ExitError | 0xc000657300>{\n            ProcessState: {\n                pid: 6335,\n                status: 256,\n                rusage: {\n                    Utime: {Sec: 0, Usec: 165566},\n                    Stime: {Sec: 0, Usec: 47927},\n                    Maxrss: 73616,\n                    Ixrss: 0,\n                    Idrss: 0,\n                    Isrss: 0,\n                    Minflt: 9135,\n                    Majflt: 0,\n                    Nswap: 0,\n                    Inblock: 0,\n                    Oublock: 13392,\n                    Msgsnd: 0,\n                    Msgrcv: 0,\n                    Nsignals: 0,\n                    Nvcsw: 423,\n                    Nivcsw: 333,\n                },\n            },\n            Stderr: nil,\n        },\n        Output: {\n            stdout: {\n                Lines: nil,\n                merged: {\n                    Mutex: {state: 0, sema: 0},\n                    Lines: [\n                        \"The Project \\\"projectupdatetest\\\" is invalid: project namespace: Invalid value: \\\"kubeslice-projectupdatetest\\\": already exists\",\n                    ],\n                },\n            },\n            stderr: {\n                Lines: [\n                    \"The Project \\\"projectupdatetest\\\" is invalid: project namespace: Invalid value: \\\"kubeslice-projectupdatetest\\\": already exists\",\n                ],\n                merged: {\n                    Mutex: {state: 0, sema: 0},\n                    Lines: [\n                        \"The Project \\\"projectupdatetest\\\" is invalid: project namespace: Invalid value: \\\"kubeslice-projectupdatetest\\\": already exists\",\n                    ],\n                },\n            },\n            merged: {\n                Mutex: {state: 0, sema: 0},\n                Lines: [\n                    \"The Project \\\"projectupdatetest\\\" is invalid: project namespace: Invalid value: \\\"kubeslice-projectupdatetest\\\": already exists\",\n                ],\n            },\n        },\n    }\n    error while running command: exit status 1; The Project \"projectupdatetest\" is invalid: project namespace: Invalid value: \"kubeslice-projectupdatetest\": already exists\noccurred","children":[{"name":"[It] Project CR test Project Update Should fail when Project is Applied with service account name as combination of special characters in Read users","uid":"775b7459222985de","parentUid":"7b3469aaadf60a79d6c3e92ab4671d4b","status":"failed","time":{"start":1660142645000,"stop":1660142705268,"duration":60268},"flaky":false,"newFailed":false,"newPassed":false,"newBroken":false,"retriesCount":0,"retriesStatusChange":false,"parameters":[]}],"uid":"7b3469aaadf60a79d6c3e92ab4671d4b"},{"name":"Unexpected error:\n    <*shell.ErrWithCmdOutput | 0xc0001e8180>: {\n        Underlying: <*exec.ExitError | 0xc000627240>{\n            ProcessState: {\n                pid: 6317,\n                status: 256,\n                rusage: {\n                    Utime: {Sec: 0, Usec: 143117},\n                    Stime: {Sec: 0, Usec: 60259},\n                    Maxrss: 67092,\n                    Ixrss: 0,\n                    Idrss: 0,\n                    Isrss: 0,\n                    Minflt: 8865,\n                    Majflt: 0,\n                    Nswap: 0,\n                    Inblock: 0,\n                    Oublock: 13392,\n                    Msgsnd: 0,\n                    Msgrcv: 0,\n                    Nsignals: 0,\n                    Nvcsw: 386,\n                    Nivcsw: 289,\n                },\n            },\n            Stderr: nil,\n        },\n        Output: {\n            stdout: {\n                Lines: nil,\n                merged: {\n                    Mutex: {state: 0, sema: 0},\n                    Lines: [\n                        \"The Project \\\"projectupdatetest\\\" is invalid: project namespace: Invalid value: \\\"kubeslice-projectupdatetest\\\": already exists\",\n                    ],\n                },\n            },\n            stderr: {\n                Lines: [\n                    \"The Project \\\"projectupdatetest\\\" is invalid: project namespace: Invalid value: \\\"kubeslice-projectupdatetest\\\": already exists\",\n                ],\n                merged: {\n                    Mutex: {state: 0, sema: 0},\n                    Lines: [\n                        \"The Project \\\"projectupdatetest\\\" is invalid: project namespace: Invalid value: \\\"kubeslice-projectupdatetest\\\": already exists\",\n                    ],\n                },\n            },\n            merged: {\n                Mutex: {state: 0, sema: 0},\n                Lines: [\n                    \"The Project \\\"projectupdatetest\\\" is invalid: project namespace: Invalid value: \\\"kubeslice-projectupdatetest\\\": already exists\",\n                ],\n            },\n        },\n    }\n    error while running command: exit status 1; The Project \"projectupdatetest\" is invalid: project namespace: Invalid value: \"kubeslice-projectupdatetest\": already exists\noccurred","children":[{"name":"[It] Project CR test Project Update Should update successfully when Project Applied while removing a service account name in Read users","uid":"8e9c87b9967caa39","parentUid":"0ab84340d62926cb3205dbae9bcae918","status":"failed","time":{"start":1660142645000,"stop":1660142705274,"duration":60274},"flaky":false,"newFailed":false,"newPassed":false,"newBroken":false,"retriesCount":0,"retriesStatusChange":false,"parameters":[]}],"uid":"0ab84340d62926cb3205dbae9bcae918"},{"name":"Unexpected error:\n    <*shell.ErrWithCmdOutput | 0xc0005d64b0>: {\n        Underlying: <*exec.ExitError | 0xc00061d520>{\n            ProcessState: {\n                pid: 6242,\n                status: 256,\n                rusage: {\n                    Utime: {Sec: 1, Usec: 480502},\n                    Stime: {Sec: 0, Usec: 132762},\n                    Maxrss: 89276,\n                    Ixrss: 0,\n                    Idrss: 0,\n                    Isrss: 0,\n                    Minflt: 6322,\n                    Majflt: 7,\n                    Nswap: 0,\n                    Inblock: 544,\n                    Oublock: 15144,\n                    Msgsnd: 0,\n                    Msgrcv: 0,\n                    Nsignals: 0,\n                    Nvcsw: 2926,\n                    Nivcsw: 1813,\n                },\n            },\n            Stderr: nil,\n        },\n        Output: {\n            stdout: {\n                Lines: nil,\n                merged: {\n                    Mutex: {state: 0, sema: 0},\n                    Lines: [\n                        \"WARNING: Kubernetes configuration file is group-readable. This is insecure. Location: /e2e/assets/kubeconfig/kinde2e.yaml\",\n                        \"WARNING: Kubernetes configuration file is world-readable. This is insecure. Location: /e2e/assets/kubeconfig/kinde2e.yaml\",\n                        \"install.go:178: [debug] Original chart version: \\\"\\\"\",\n                        \"install.go:195: [debug] CHART PATH: /root/.cache/helm/repository/kubeslice-worker-0.4.1.tgz\",\n                        \"\",\n                        \"client.go:128: [debug] creating 1 resource(s)\",\n                        \"install.go:151: [debug] CRD serviceexports.networking.kubeslice.io is already present. Skipping.\",\n                        \"client.go:128: [debug] creating 1 resource(s)\",\n                        \"install.go:151: [debug] CRD serviceimports.networking.kubeslice.io is already present. Skipping.\",\n                        \"client.go:128: [debug] creating 1 resource(s)\",\n                        \"install.go:151: [debug] CRD slice.networking.kubeslice.io is already present. Skipping.\",\n                        \"client.go:128: [debug] creating 1 resource(s)\",\n                        \"install.go:151: [debug] CRD slicegateways.networking.kubeslice.io is already present. Skipping.\",\n                        \"client.go:128: [debug] creating 1 resource(s)\",\n                        \"install.go:151: [debug] CRD sliceresourcequotas.networking.kubeslice.io is already present. Skipping.\",\n                        \"client.go:128: [debug] creating 1 resource(s)\",\n                        \"Error: INSTALLATION FAILED: create: failed to create: secrets \\\"sh.helm.release.v1.kubeslice-worker.v1\\\" is forbidden: unable to create new content in namespace kubeslice-system because it is being terminated\",\n                        \"helm.go:84: [debug] secrets \\\"sh.helm.release.v1.kubeslice-worker.v1\\\" is forbidden: unable to create new content in namespace kubeslice-system because it is being terminated\",\n                        \"create: failed to create\",\n                        \"helm.sh/helm/v3/pkg/storage/driver.(*Secrets).Create\",\n                        \"\\thelm.sh/helm/v3/pkg/storage/driver/secrets.go:164\",\n                        \"helm.sh/helm/v3/pkg/storage.(*Storage).Create\",\n                        \"\\thelm.sh/helm/v3/pkg/storage/storage.go:69\",\n                        \"helm.sh/helm/v3/pkg/action.(*Install).RunWithContext\",\n                        \"\\thelm.sh/helm/v3/pkg/action/install.go:340\",\n                        \"main.runInstall\",\n                        \"\\thelm.sh/helm/v3/cmd/helm/install.go:264\",\n                        \"main.newInstallCmd.func2\",\n                        \"\\thelm.sh/helm/v3/cmd/helm/install.go:125\",\n                        \"github.com/spf13/cobra.(*Command).execute\",\n                        \"\\tgithub.com/spf13/cobra@v1.4.0/command.go:856\",\n                        \"github.com/spf13/cobra.(*Command).ExecuteC\",\n                        \"\\tgithub.com/spf13/cobra@v1.4.0/command.go:974...\n\nGomega truncated this representation as it exceeds 'format.MaxLength'.\nConsider having the object provide a custom 'GomegaStringer' representation\nor adjust the parameters in Gomega's 'format' package.\n\nLearn more here: https://onsi.github.io/gomega/#adjusting-output\n\n    error while running command: exit status 1; WARNING: Kubernetes configuration file is group-readable. This is insecure. Location: /e2e/assets/kubeconfig/kinde2e.yaml\n    WARNING: Kubernetes configuration file is world-readable. This is insecure. Location: /e2e/assets/kubeconfig/kinde2e.yaml\n    install.go:178: [debug] Original chart version: \"\"\n    install.go:195: [debug] CHART PATH: /root/.cache/helm/repository/kubeslice-worker-0.4.1.tgz\n    \n    client.go:128: [debug] creating 1 resource(s)\n    install.go:151: [debug] CRD serviceexports.networking.kubeslice.io is already present. Skipping.\n    client.go:128: [debug] creating 1 resource(s)\n    install.go:151: [debug] CRD serviceimports.networking.kubeslice.io is already present. Skipping.\n    client.go:128: [debug] creating 1 resource(s)\n    install.go:151: [debug] CRD slice.networking.kubeslice.io is already present. Skipping.\n    client.go:128: [debug] creating 1 resource(s)\n    install.go:151: [debug] CRD slicegateways.networking.kubeslice.io is already present. Skipping.\n    client.go:128: [debug] creating 1 resource(s)\n    install.go:151: [debug] CRD sliceresourcequotas.networking.kubeslice.io is already present. Skipping.\n    client.go:128: [debug] creating 1 resource(s)\n    Error: INSTALLATION FAILED: create: failed to create: secrets \"sh.helm.release.v1.kubeslice-worker.v1\" is forbidden: unable to create new content in namespace kubeslice-system because it is being terminated\n    helm.go:84: [debug] secrets \"sh.helm.release.v1.kubeslice-worker.v1\" is forbidden: unable to create new content in namespace kubeslice-system because it is being terminated\n    create: failed to create\n    helm.sh/helm/v3/pkg/storage/driver.(*Secrets).Create\n    \thelm.sh/helm/v3/pkg/storage/driver/secrets.go:164\n    helm.sh/helm/v3/pkg/storage.(*Storage).Create\n    \thelm.sh/helm/v3/pkg/storage/storage.go:69\n    helm.sh/helm/v3/pkg/action.(*Install).RunWithContext\n    \thelm.sh/helm/v3/pkg/action/install.go:340\n    main.runInstall\n    \thelm.sh/helm/v3/cmd/helm/install.go:264\n    main.newInstallCmd.func2\n    \thelm.sh/helm/v3/cmd/helm/install.go:125\n    github.com/spf13/cobra.(*Command).execute\n    \tgithub.com/spf13/cobra@v1.4.0/command.go:856\n    github.com/spf13/cobra.(*Command).ExecuteC\n    \tgithub.com/spf13/cobra@v1.4.0/command.go:974\n    github.com/spf13/cobra.(*Command).Execute\n    \tgithub.com/spf13/cobra@v1.4.0/command.go:902\n    main.main\n    \thelm.sh/helm/v3/cmd/helm/helm.go:83\n    runtime.main\n    \truntime/proc.go:255\n    runtime.goexit\n    \truntime/asm_amd64.s:1581\n    INSTALLATION FAILED\n    main.newInstallCmd.func2\n    \thelm.sh/helm/v3/cmd/helm/install.go:127\n    github.com/spf13/cobra.(*Command).execute\n    \tgithub.com/spf13/cobra@v1.4.0/command.go:856\n    github.com/spf13/cobra.(*Command).ExecuteC\n    \tgithub.com/spf13/cobra@v1.4.0/command.go:974\n    github.com/spf13/cobra.(*Command).Execute\n    \tgithub.com/spf13/cobra@v1.4.0/command.go:902\n    main.main\n    \thelm.sh/helm/v3/cmd/helm/helm.go:83\n    runtime.main\n    \truntime/proc.go:255\n    runtime.goexit\n    \truntime/asm_amd64.s:1581\noccurred","children":[{"name":"[It] Cluster CR tests Cluster CR validation Register worker cluster","uid":"877602e953817f43","parentUid":"f135799584b84c2dd75f53a05c3a6995","status":"failed","time":{"start":1660142645000,"stop":1660142859368,"duration":214368},"flaky":false,"newFailed":false,"newPassed":false,"newBroken":false,"retriesCount":0,"retriesStatusChange":false,"parameters":[]}],"uid":"f135799584b84c2dd75f53a05c3a6995"},{"name":"Unexpected error:\n    <*shell.ErrWithCmdOutput | 0xc0005d73c8>: {\n        Underlying: <*exec.ExitError | 0xc000629080>{\n            ProcessState: {\n                pid: 6043,\n                status: 256,\n                rusage: {\n                    Utime: {Sec: 0, Usec: 134135},\n                    Stime: {Sec: 0, Usec: 81294},\n                    Maxrss: 80212,\n                    Ixrss: 0,\n                    Idrss: 0,\n                    Isrss: 0,\n                    Minflt: 11292,\n                    Majflt: 0,\n                    Nswap: 0,\n                    Inblock: 0,\n                    Oublock: 13616,\n                    Msgsnd: 0,\n                    Msgrcv: 0,\n                    Nsignals: 0,\n                    Nvcsw: 851,\n                    Nivcsw: 518,\n                },\n            },\n            Stderr: nil,\n        },\n        Output: {\n            stdout: {\n                Lines: nil,\n                merged: {\n                    Mutex: {state: 0, sema: 0},\n                    Lines: [\n                        \"error: resource mapping not found for name: \\\"profile4\\\" namespace: \\\"\\\" from \\\"/tmp/%20QosProfile%20tests%20QosProfile%20Create%20validation%20Creates%20qosprofile2832119038\\\": no matches for kind \\\"SliceQoSConfig\\\" in version \\\"controller.kubeslice.io/v1alpha1\\\"\",\n                        \"ensure CRDs are installed first\",\n                    ],\n                },\n            },\n            stderr: {\n                Lines: [\n                    \"error: resource mapping not found for name: \\\"profile4\\\" namespace: \\\"\\\" from \\\"/tmp/%20QosProfile%20tests%20QosProfile%20Create%20validation%20Creates%20qosprofile2832119038\\\": no matches for kind \\\"SliceQoSConfig\\\" in version \\\"controller.kubeslice.io/v1alpha1\\\"\",\n                    \"ensure CRDs are installed first\",\n                ],\n                merged: {\n                    Mutex: {state: 0, sema: 0},\n                    Lines: [\n                        \"error: resource mapping not found for name: \\\"profile4\\\" namespace: \\\"\\\" from \\\"/tmp/%20QosProfile%20tests%20QosProfile%20Create%20validation%20Creates%20qosprofile2832119038\\\": no matches for kind \\\"SliceQoSConfig\\\" in version \\\"controller.kubeslice.io/v1alpha1\\\"\",\n                        \"ensure CRDs are installed first\",\n                    ],\n                },\n            },\n            merged: {\n                Mutex: {state: 0, sema: 0},\n                Lines: [\n                    \"error: resource mapping not found for name: \\\"profile4\\\" namespace: \\\"\\\" from \\\"/tmp/%20QosProfile%20tests%20QosProfile%20Create%20validation%20Creates%20qosprofile2832119038\\\": no matches for kind \\\"SliceQoSConfig\\\" in version \\\"controller.kubeslice.io/v1alpha1\\\"\",\n                    \"ensure CRDs are installed first\",\n                ],\n            },\n        },\n    }\n    error while running command: exit status 1; error: resource mapping not found for name: \"profile4\" namespace: \"\" from \"/tmp/%20QosProfile%20tests%20QosProfile%20Create%20validation%20Creates%20qosprofile2832119038\": no matches for kind \"SliceQoSConfig\" in version \"controller.kubeslice.io/v1alpha1\"\n    ensure CRDs are installed first\noccurred","children":[{"name":"[It]  QosProfile tests QosProfile Create validation Creates qosprofile","uid":"b73b9a0410850db8","parentUid":"929757f2136345873a719f8f444fe574","status":"failed","time":{"start":1660142645000,"stop":1660142652579,"duration":7579},"flaky":false,"newFailed":false,"newPassed":false,"newBroken":false,"retriesCount":0,"retriesStatusChange":false,"parameters":[]}],"uid":"929757f2136345873a719f8f444fe574"},{"name":"Timed out after 210.009s.\nExpected an error to have occurred.  Got:\n    <nil>: nil","children":[{"name":"[AfterSuite]","uid":"609b84cc9f9d129a","parentUid":"dd7c81ed8d0bfce45d7c50384547b0c5","status":"failed","time":{"start":1660143888000,"stop":1660144098407,"duration":210407},"flaky":false,"newFailed":false,"newPassed":false,"newBroken":false,"retriesCount":0,"retriesStatusChange":false,"parameters":[]}],"uid":"dd7c81ed8d0bfce45d7c50384547b0c5"},{"name":"Unexpected error:\n    <*shell.ErrWithCmdOutput | 0xc000463c80>: {\n        Underlying: <*exec.ExitError | 0xc0004071e0>{\n            ProcessState: {\n                pid: 6436,\n                status: 256,\n                rusage: {\n                    Utime: {Sec: 1, Usec: 506936},\n                    Stime: {Sec: 0, Usec: 138102},\n                    Maxrss: 83772,\n                    Ixrss: 0,\n                    Idrss: 0,\n                    Isrss: 0,\n                    Minflt: 13100,\n                    Majflt: 0,\n                    Nswap: 0,\n                    Inblock: 0,\n                    Oublock: 15224,\n                    Msgsnd: 0,\n                    Msgrcv: 0,\n                    Nsignals: 0,\n                    Nvcsw: 3234,\n                    Nivcsw: 2147,\n                },\n            },\n            Stderr: nil,\n        },\n        Output: {\n            stdout: {\n                Lines: nil,\n                merged: {\n                    Mutex: {state: 0, sema: 0},\n                    Lines: [\n                        \"WARNING: Kubernetes configuration file is group-readable. This is insecure. Location: /e2e/assets/kubeconfig/kinde2e.yaml\",\n                        \"WARNING: Kubernetes configuration file is world-readable. This is insecure. Location: /e2e/assets/kubeconfig/kinde2e.yaml\",\n                        \"install.go:178: [debug] Original chart version: \\\"\\\"\",\n                        \"install.go:195: [debug] CHART PATH: /root/.cache/helm/repository/kubeslice-worker-0.4.1.tgz\",\n                        \"\",\n                        \"client.go:128: [debug] creating 1 resource(s)\",\n                        \"install.go:151: [debug] CRD serviceexports.networking.kubeslice.io is already present. Skipping.\",\n                        \"client.go:128: [debug] creating 1 resource(s)\",\n                        \"install.go:151: [debug] CRD serviceimports.networking.kubeslice.io is already present. Skipping.\",\n                        \"client.go:128: [debug] creating 1 resource(s)\",\n                        \"install.go:151: [debug] CRD slice.networking.kubeslice.io is already present. Skipping.\",\n                        \"client.go:128: [debug] creating 1 resource(s)\",\n                        \"install.go:151: [debug] CRD slicegateways.networking.kubeslice.io is already present. Skipping.\",\n                        \"client.go:128: [debug] creating 1 resource(s)\",\n                        \"install.go:151: [debug] CRD sliceresourcequotas.networking.kubeslice.io is already present. Skipping.\",\n                        \"client.go:128: [debug] creating 1 resource(s)\",\n                        \"Error: INSTALLATION FAILED: create: failed to create: secrets \\\"sh.helm.release.v1.kubeslice-worker.v1\\\" is forbidden: unable to create new content in namespace kubeslice-system because it is being terminated\",\n                        \"helm.go:84: [debug] secrets \\\"sh.helm.release.v1.kubeslice-worker.v1\\\" is forbidden: unable to create new content in namespace kubeslice-system because it is being terminated\",\n                        \"create: failed to create\",\n                        \"helm.sh/helm/v3/pkg/storage/driver.(*Secrets).Create\",\n                        \"\\thelm.sh/helm/v3/pkg/storage/driver/secrets.go:164\",\n                        \"helm.sh/helm/v3/pkg/storage.(*Storage).Create\",\n                        \"\\thelm.sh/helm/v3/pkg/storage/storage.go:69\",\n                        \"helm.sh/helm/v3/pkg/action.(*Install).RunWithContext\",\n                        \"\\thelm.sh/helm/v3/pkg/action/install.go:340\",\n                        \"main.runInstall\",\n                        \"\\thelm.sh/helm/v3/cmd/helm/install.go:264\",\n                        \"main.newInstallCmd.func2\",\n                        \"\\thelm.sh/helm/v3/cmd/helm/install.go:125\",\n                        \"github.com/spf13/cobra.(*Command).execute\",\n                        \"\\tgithub.com/spf13/cobra@v1.4.0/command.go:856\",\n                        \"github.com/spf13/cobra.(*Command).ExecuteC\",\n                        \"\\tgithub.com/spf13/cobra@v1.4.0/command.go:974\"...\n\nGomega truncated this representation as it exceeds 'format.MaxLength'.\nConsider having the object provide a custom 'GomegaStringer' representation\nor adjust the parameters in Gomega's 'format' package.\n\nLearn more here: https://onsi.github.io/gomega/#adjusting-output\n\n    error while running command: exit status 1; WARNING: Kubernetes configuration file is group-readable. This is insecure. Location: /e2e/assets/kubeconfig/kinde2e.yaml\n    WARNING: Kubernetes configuration file is world-readable. This is insecure. Location: /e2e/assets/kubeconfig/kinde2e.yaml\n    install.go:178: [debug] Original chart version: \"\"\n    install.go:195: [debug] CHART PATH: /root/.cache/helm/repository/kubeslice-worker-0.4.1.tgz\n    \n    client.go:128: [debug] creating 1 resource(s)\n    install.go:151: [debug] CRD serviceexports.networking.kubeslice.io is already present. Skipping.\n    client.go:128: [debug] creating 1 resource(s)\n    install.go:151: [debug] CRD serviceimports.networking.kubeslice.io is already present. Skipping.\n    client.go:128: [debug] creating 1 resource(s)\n    install.go:151: [debug] CRD slice.networking.kubeslice.io is already present. Skipping.\n    client.go:128: [debug] creating 1 resource(s)\n    install.go:151: [debug] CRD slicegateways.networking.kubeslice.io is already present. Skipping.\n    client.go:128: [debug] creating 1 resource(s)\n    install.go:151: [debug] CRD sliceresourcequotas.networking.kubeslice.io is already present. Skipping.\n    client.go:128: [debug] creating 1 resource(s)\n    Error: INSTALLATION FAILED: create: failed to create: secrets \"sh.helm.release.v1.kubeslice-worker.v1\" is forbidden: unable to create new content in namespace kubeslice-system because it is being terminated\n    helm.go:84: [debug] secrets \"sh.helm.release.v1.kubeslice-worker.v1\" is forbidden: unable to create new content in namespace kubeslice-system because it is being terminated\n    create: failed to create\n    helm.sh/helm/v3/pkg/storage/driver.(*Secrets).Create\n    \thelm.sh/helm/v3/pkg/storage/driver/secrets.go:164\n    helm.sh/helm/v3/pkg/storage.(*Storage).Create\n    \thelm.sh/helm/v3/pkg/storage/storage.go:69\n    helm.sh/helm/v3/pkg/action.(*Install).RunWithContext\n    \thelm.sh/helm/v3/pkg/action/install.go:340\n    main.runInstall\n    \thelm.sh/helm/v3/cmd/helm/install.go:264\n    main.newInstallCmd.func2\n    \thelm.sh/helm/v3/cmd/helm/install.go:125\n    github.com/spf13/cobra.(*Command).execute\n    \tgithub.com/spf13/cobra@v1.4.0/command.go:856\n    github.com/spf13/cobra.(*Command).ExecuteC\n    \tgithub.com/spf13/cobra@v1.4.0/command.go:974\n    github.com/spf13/cobra.(*Command).Execute\n    \tgithub.com/spf13/cobra@v1.4.0/command.go:902\n    main.main\n    \thelm.sh/helm/v3/cmd/helm/helm.go:83\n    runtime.main\n    \truntime/proc.go:255\n    runtime.goexit\n    \truntime/asm_amd64.s:1581\n    INSTALLATION FAILED\n    main.newInstallCmd.func2\n    \thelm.sh/helm/v3/cmd/helm/install.go:127\n    github.com/spf13/cobra.(*Command).execute\n    \tgithub.com/spf13/cobra@v1.4.0/command.go:856\n    github.com/spf13/cobra.(*Command).ExecuteC\n    \tgithub.com/spf13/cobra@v1.4.0/command.go:974\n    github.com/spf13/cobra.(*Command).Execute\n    \tgithub.com/spf13/cobra@v1.4.0/command.go:902\n    main.main\n    \thelm.sh/helm/v3/cmd/helm/helm.go:83\n    runtime.main\n    \truntime/proc.go:255\n    runtime.goexit\n    \truntime/asm_amd64.s:1581\noccurred","children":[{"name":"[BeforeSuite]","uid":"41a6bf182bc11da3","parentUid":"f6131713b58e4ef829db6dae4322fe14","status":"failed","time":{"start":1660143888000,"stop":1660144007332,"duration":119332},"flaky":false,"newFailed":false,"newPassed":false,"newBroken":false,"retriesCount":0,"retriesStatusChange":false,"parameters":[]}],"uid":"f6131713b58e4ef829db6dae4322fe14"}],"uid":"8fb3a91ba5aaf9de24cc8a92edc82b5d"}],"name":"categories"}