{"uid":"c769c51fecb70afd","name":"[It] Slice RBAC Tests SliceRoleTemplate Tests Create SliceRoleTempalate successful test: Creating SliceRoleTempalate read-only-role","historyId":"Controller Suite:Controller Suite#[It] Slice RBAC Tests SliceRoleTemplate Tests Create SliceRoleTempalate successful test: Creating SliceRoleTempalate read-only-role","time":{"start":1693899867000,"stop":1693899877332,"duration":10332},"status":"failed","statusMessage":"Unexpected error:\n    <*shell.ErrWithCmdOutput | 0xc000017b90>: {\n        Underlying: <*exec.ExitError | 0xc00072f6e0>{\n            ProcessState: {\n                pid: 6892,\n                status: 256,\n                rusage: {\n                    Utime: {Sec: 0, Usec: 438725},\n                    Stime: {Sec: 0, Usec: 298954},\n                    Maxrss: 112868,\n                    Ixrss: 0,\n                    Idrss: 0,\n                    Isrss: 0,\n                    Minflt: 6980,\n                    Majflt: 19,\n                    Nswap: 0,\n                    Inblock: 3280,\n                    Oublock: 20624,\n                    Msgsnd: 0,\n                    Msgrcv: 0,\n                    Nsignals: 0,\n                    Nvcsw: 1653,\n                    Nivcsw: 3826,\n                },\n            },\n            Stderr: nil,\n        },\n        Output: {\n            stdout: {\n                Lines: nil,\n                merged: {\n                    Mutex: {state: 0, sema: 0},\n                    Lines: [\n                        \"Error from server (InternalError): error when creating \\\"/tmp/Slice%20RBAC%20Tests%20SliceRoleTemplate%20Tests%20Create%20SliceRoleTempalate%20successful%20test:%20Creating%20SliceRoleTempalate%20read-only-role3754015361\\\": Internal error occurred: failed calling webhook \\\"msliceconfig.kb.io\\\": failed to call webhook: Post \\\"https://kubeslice-controller-webhook-service.kubeslice-controller.svc:443/mutate-controller-kubeslice-io-v1alpha1-sliceconfig?timeout=10s\\\": dial tcp 10.96.230.189:443: connect: connection refused\",\n                    ],\n                },\n            },\n            stderr: {\n                Lines: [\n                    \"Error from server (InternalError): error when creating \\\"/tmp/Slice%20RBAC%20Tests%20SliceRoleTemplate%20Tests%20Create%20SliceRoleTempalate%20successful%20test:%20Creating%20SliceRoleTempalate%20read-only-role3754015361\\\": Internal error occurred: failed calling webhook \\\"msliceconfig.kb.io\\\": failed to call webhook: Post \\\"https://kubeslice-controller-webhook-service.kubeslice-controller.svc:443/mutate-controller-kubeslice-io-v1alpha1-sliceconfig?timeout=10s\\\": dial tcp 10.96.230.189:443: connect: connection refused\",\n                ],\n                merged: {\n                    Mutex: {state: 0, sema: 0},\n                    Lines: [\n                        \"Error from server (InternalError): error when creating \\\"/tmp/Slice%20RBAC%20Tests%20SliceRoleTemplate%20Tests%20Create%20SliceRoleTempalate%20successful%20test:%20Creating%20SliceRoleTempalate%20read-only-role3754015361\\\": Internal error occurred: failed calling webhook \\\"msliceconfig.kb.io\\\": failed to call webhook: Post \\\"https://kubeslice-controller-webhook-service.kubeslice-controller.svc:443/mutate-controller-kubeslice-io-v1alpha1-sliceconfig?timeout=10s\\\": dial tcp 10.96.230.189:443: connect: connection refused\",\n                    ],\n                },\n            },\n            merged: {\n                Mutex: {state: 0, sema: 0},\n                Lines: [\n                    \"Error from server (InternalError): error when creating \\\"/tmp/Slice%20RBAC%20Tests%20SliceRoleTemplate%20Tests%20Create%20SliceRoleTempalate%20successful%20test:%20Creating%20SliceRoleTempalate%20read-only-role3754015361\\\": Internal error occurred: failed calling webhook \\\"msliceconfig.kb.io\\\": failed to call webhook: Post \\\"https://kubeslice-controller-webhook-service.kubeslice-controller.svc:443/mutate-controller-kubeslice-io-v1alpha1-sliceconfig?timeout=10s\\\": dial tcp 10.96.230.189:443: connect: connection refused\",\n                ],\n            },\n        },\n    }\n    error while running command: exit status 1; Error from server (InternalError): error when creating \"/tmp/Slice%20RBAC%20Tests%20SliceRoleTemplate%20Tests%20Create%20SliceRoleTempalate%20successful%20test:%20Creating%20SliceRoleTempalate%20read-only-role3754015361\": Internal error occurred: failed calling webhook \"msliceconfig.kb.io\": failed to call webhook: Post \"https://kubeslice-controller-webhook-service.kubeslice-controller.svc:443/mutate-controller-kubeslice-io-v1alpha1-sliceconfig?timeout=10s\": dial tcp 10.96.230.189:443: connect: connection refused\noccurred","statusTrace":"/e2e/tests/controller/t_slicerbac_test.go:48\ngithub.com/kubeslice/kubeslice-e2e-automation-ent/tests/controller_test.glob..func6.1.1()\n\t/e2e/tests/controller/t_slicerbac_test.go:48 +0x1c3","flaky":false,"newFailed":true,"newBroken":false,"newPassed":false,"retriesCount":0,"retriesStatusChange":false,"beforeStages":[],"testStage":{"steps":[{"name":"","time":{},"steps":[],"attachments":[],"parameters":[],"stepsCount":0,"attachmentsCount":0,"shouldDisplayMessage":false,"hasContent":false},{"name":"Report Entries:","time":{},"steps":[],"attachments":[],"parameters":[],"stepsCount":0,"attachmentsCount":0,"shouldDisplayMessage":false,"hasContent":false},{"name":"By Step","time":{},"steps":[],"attachments":[],"parameters":[],"stepsCount":0,"attachmentsCount":0,"shouldDisplayMessage":false,"hasContent":false},{"name":"/e2e/tests/controller/t_slicerbac_test.go:46","time":{},"steps":[],"attachments":[],"parameters":[],"stepsCount":0,"attachmentsCount":0,"shouldDisplayMessage":false,"hasContent":false},{"name":"2023-09-05T08:15:29.939107774Z","time":{},"steps":[],"attachments":[],"parameters":[],"stepsCount":0,"attachmentsCount":0,"shouldDisplayMessage":false,"hasContent":false},{"name":"&{Text:Deploying slicered Duration:0s}","time":{},"steps":[],"attachments":[],"parameters":[],"stepsCount":0,"attachmentsCount":0,"shouldDisplayMessage":false,"hasContent":false}],"attachments":[],"parameters":[],"stepsCount":6,"attachmentsCount":0,"shouldDisplayMessage":false,"hasContent":true},"afterStages":[],"labels":[{"name":"resultFormat","value":"junit"},{"name":"suite","value":"Controller Suite"},{"name":"testClass","value":"Controller Suite"},{"name":"package","value":"Controller Suite"}],"parameters":[],"links":[],"hidden":false,"retry":false,"extra":{"severity":"normal","retries":[],"categories":[{"name":"Product defects","matchedStatuses":[],"flaky":false}],"history":{"statistic":{"failed":1,"broken":0,"skipped":0,"passed":1,"unknown":0,"total":2},"items":[{"uid":"3c9f0dd45accf71e","status":"passed","time":{"start":1693828311000,"stop":1693828336247,"duration":25247}}]},"tags":[]},"source":"c769c51fecb70afd.json","parameterValues":[]}