{"uid":"66e7b25f2cd7e850","name":"[It] Project CR test Project Update Should fail when Project is Applied with service account name as combination of special characters in Read users","historyId":"Hub Suite:Hub Suite#[It] Project CR test Project Update Should fail when Project is Applied with service account name as combination of special characters in Read users","time":{"start":1668706261000,"stop":1668706266024,"duration":5024},"status":"passed","flaky":false,"newFailed":false,"newBroken":false,"newPassed":false,"retriesCount":0,"retriesStatusChange":false,"beforeStages":[],"testStage":{"steps":[{"name":"","time":{},"steps":[],"attachments":[],"parameters":[],"stepsCount":0,"attachmentsCount":0,"shouldDisplayMessage":false,"hasContent":false},{"name":"Report Entries:","time":{},"steps":[],"attachments":[],"parameters":[],"stepsCount":0,"attachmentsCount":0,"shouldDisplayMessage":false,"hasContent":false},{"name":"By Step","time":{},"steps":[],"attachments":[],"parameters":[],"stepsCount":0,"attachmentsCount":0,"shouldDisplayMessage":false,"hasContent":false},{"name":"/e2e/tests/hub/t_project_update_test.go:86","time":{},"steps":[],"attachments":[],"parameters":[],"stepsCount":0,"attachmentsCount":0,"shouldDisplayMessage":false,"hasContent":false},{"name":"2022-11-17T17:33:03.368757873Z","time":{},"steps":[],"attachments":[],"parameters":[],"stepsCount":0,"attachmentsCount":0,"shouldDisplayMessage":false,"hasContent":false},{"name":"&{Text:Creates Project using yaml Duration:0s}","time":{},"steps":[],"attachments":[],"parameters":[],"stepsCount":0,"attachmentsCount":0,"shouldDisplayMessage":false,"hasContent":false},{"name":"--","time":{},"steps":[],"attachments":[],"parameters":[],"stepsCount":0,"attachmentsCount":0,"shouldDisplayMessage":false,"hasContent":false},{"name":"By Step","time":{},"steps":[],"attachments":[],"parameters":[],"stepsCount":0,"attachmentsCount":0,"shouldDisplayMessage":false,"hasContent":false},{"name":"/e2e/tests/hub/t_project_update_test.go:91","time":{},"steps":[],"attachments":[],"parameters":[],"stepsCount":0,"attachmentsCount":0,"shouldDisplayMessage":false,"hasContent":false},{"name":"2022-11-17T17:33:03.62079543Z","time":{},"steps":[],"attachments":[],"parameters":[],"stepsCount":0,"attachmentsCount":0,"shouldDisplayMessage":false,"hasContent":false},{"name":"&{Text:Waiting for project reconciliation Duration:0s}","time":{},"steps":[],"attachments":[],"parameters":[],"stepsCount":0,"attachmentsCount":0,"shouldDisplayMessage":false,"hasContent":false},{"name":"--","time":{},"steps":[],"attachments":[],"parameters":[],"stepsCount":0,"attachmentsCount":0,"shouldDisplayMessage":false,"hasContent":false},{"name":"By Step","time":{},"steps":[],"attachments":[],"parameters":[],"stepsCount":0,"attachmentsCount":0,"shouldDisplayMessage":false,"hasContent":false},{"name":"/e2e/tests/hub/t_project_update_test.go:176","time":{},"steps":[],"attachments":[],"parameters":[],"stepsCount":0,"attachmentsCount":0,"shouldDisplayMessage":false,"hasContent":false},{"name":"2022-11-17T17:33:04.959902774Z","time":{},"steps":[],"attachments":[],"parameters":[],"stepsCount":0,"attachmentsCount":0,"shouldDisplayMessage":false,"hasContent":false},{"name":"&{Text:Updates the existing Project Duration:0s}","time":{},"steps":[],"attachments":[],"parameters":[],"stepsCount":0,"attachmentsCount":0,"shouldDisplayMessage":false,"hasContent":false},{"name":"--","time":{},"steps":[],"attachments":[],"parameters":[],"stepsCount":0,"attachmentsCount":0,"shouldDisplayMessage":false,"hasContent":false},{"name":"By Step","time":{},"steps":[],"attachments":[],"parameters":[],"stepsCount":0,"attachmentsCount":0,"shouldDisplayMessage":false,"hasContent":false},{"name":"/e2e/tests/hub/t_project_update_test.go:97","time":{},"steps":[],"attachments":[],"parameters":[],"stepsCount":0,"attachmentsCount":0,"shouldDisplayMessage":false,"hasContent":false},{"name":"2022-11-17T17:33:05.181885802Z","time":{},"steps":[],"attachments":[],"parameters":[],"stepsCount":0,"attachmentsCount":0,"shouldDisplayMessage":false,"hasContent":false},{"name":"&{Text:Uninstall the newly created project Duration:0s}","time":{},"steps":[],"attachments":[],"parameters":[],"stepsCount":0,"attachmentsCount":0,"shouldDisplayMessage":false,"hasContent":false},{"name":"--","time":{},"steps":[],"attachments":[],"parameters":[],"stepsCount":0,"attachmentsCount":0,"shouldDisplayMessage":false,"hasContent":false},{"name":"By Step","time":{},"steps":[],"attachments":[],"parameters":[],"stepsCount":0,"attachmentsCount":0,"shouldDisplayMessage":false,"hasContent":false},{"name":"/e2e/tests/hub/t_project_update_test.go:100","time":{},"steps":[],"attachments":[],"parameters":[],"stepsCount":0,"attachmentsCount":0,"shouldDisplayMessage":false,"hasContent":false},{"name":"2022-11-17T17:33:05.371547876Z","time":{},"steps":[],"attachments":[],"parameters":[],"stepsCount":0,"attachmentsCount":0,"shouldDisplayMessage":false,"hasContent":false},{"name":"&{Text:Waiting for project deletion Duration:0s}","time":{},"steps":[],"attachments":[],"parameters":[],"stepsCount":0,"attachmentsCount":0,"shouldDisplayMessage":false,"hasContent":false}],"attachments":[],"parameters":[],"stepsCount":26,"attachmentsCount":0,"shouldDisplayMessage":false,"hasContent":true},"afterStages":[],"labels":[{"name":"resultFormat","value":"junit"},{"name":"suite","value":"Hub Suite"},{"name":"testClass","value":"Hub Suite"},{"name":"package","value":"Hub Suite"}],"parameters":[],"links":[],"hidden":false,"retry":false,"extra":{"severity":"normal","retries":[],"categories":[],"history":{"statistic":{"failed":2,"broken":0,"skipped":0,"passed":2,"unknown":0,"total":4},"items":[{"uid":"1ef6961fe6c5a864","status":"passed","time":{"start":1667840900000,"stop":1667840905971,"duration":5971}},{"uid":"e5f6a8f076b4ecb2","status":"failed","statusDetails":"Unexpected error:\n    <*shell.ErrWithCmdOutput | 0xc00000e990>: {\n        Underlying: <*exec.ExitError | 0xc0006be320>{\n            ProcessState: {\n                pid: 7640,\n                status: 256,\n                rusage: {\n                    Utime: {Sec: 0, Usec: 202709},\n                    Stime: {Sec: 0, Usec: 38982},\n                    Maxrss: 84408,\n                    Ixrss: 0,\n                    Idrss: 0,\n                    Isrss: 0,\n                    Minflt: 10340,\n                    Majflt: 0,\n                    Nswap: 0,\n                    Inblock: 0,\n                    Oublock: 13760,\n                    Msgsnd: 0,\n                    Msgrcv: 0,\n                    Nsignals: 0,\n                    Nvcsw: 632,\n                    Nivcsw: 379,\n                },\n            },\n            Stderr: nil,\n        },\n        Output: {\n            stdout: {\n                Lines: nil,\n                merged: {\n                    Mutex: {state: 0, sema: 0},\n                    Lines: [\n                        \"Error from server (InternalError): error when creating \\\"/tmp/Project%20CR%20test%20Project%20Update%20Should%20fail%20when%20Project%20is%20Applied%20with%20service%20account%20name%20as%20combination%20of%20special%20characters%20in%20Read%20users647910301\\\": Internal error occurred: failed calling webhook \\\"mproject.kb.io\\\": failed to call webhook: Post \\\"https://kubeslice-controller-webhook-service.kubeslice-controller.svc:443/mutate-controller-kubeslice-io-v1alpha1-project?timeout=10s\\\": dial tcp 10.96.94.3:443: connect: connection refused\",\n                    ],\n                },\n            },\n            stderr: {\n                Lines: [\n                    \"Error from server (InternalError): error when creating \\\"/tmp/Project%20CR%20test%20Project%20Update%20Should%20fail%20when%20Project%20is%20Applied%20with%20service%20account%20name%20as%20combination%20of%20special%20characters%20in%20Read%20users647910301\\\": Internal error occurred: failed calling webhook \\\"mproject.kb.io\\\": failed to call webhook: Post \\\"https://kubeslice-controller-webhook-service.kubeslice-controller.svc:443/mutate-controller-kubeslice-io-v1alpha1-project?timeout=10s\\\": dial tcp 10.96.94.3:443: connect: connection refused\",\n                ],\n                merged: {\n                    Mutex: {state: 0, sema: 0},\n                    Lines: [\n                        \"Error from server (InternalError): error when creating \\\"/tmp/Project%20CR%20test%20Project%20Update%20Should%20fail%20when%20Project%20is%20Applied%20with%20service%20account%20name%20as%20combination%20of%20special%20characters%20in%20Read%20users647910301\\\": Internal error occurred: failed calling webhook \\\"mproject.kb.io\\\": failed to call webhook: Post \\\"https://kubeslice-controller-webhook-service.kubeslice-controller.svc:443/mutate-controller-kubeslice-io-v1alpha1-project?timeout=10s\\\": dial tcp 10.96.94.3:443: connect: connection refused\",\n                    ],\n                },\n            },\n            merged: {\n                Mutex: {state: 0, sema: 0},\n                Lines: [\n                    \"Error from server (InternalError): error when creating \\\"/tmp/Project%20CR%20test%20Project%20Update%20Should%20fail%20when%20Project%20is%20Applied%20with%20service%20account%20name%20as%20combination%20of%20special%20characters%20in%20Read%20users647910301\\\": Internal error occurred: failed calling webhook \\\"mproject.kb.io\\\": failed to call webhook: Post \\\"https://kubeslice-controller-webhook-service.kubeslice-controller.svc:443/mutate-controller-kubeslice-io-v1alpha1-project?timeout=10s\\\": dial tcp 10.96.94.3:443: connect: connection refused\",\n                ],\n            },\n        },\n    }\n    error while running command: exit status 1; Error from server (InternalError): error when creating \"/tmp/Project%20CR%20test%20Project%20Update%20Should%20fail%20when%20Project%20is%20Applied%20with%20service%20account%20name%20as%20combination%20of%20special%20characters%20in%20Read%20users647910301\": Internal error occurred: failed calling webhook \"mproject.kb.io\": failed to call webhook: Post \"https://kubeslice-controller-webhook-service.kubeslice-controller.svc:443/mutate-controller-kubeslice-io-v1alpha1-project?timeout=10s\": dial tcp 10.96.94.3:443: connect: connection refused\noccurred","time":{"start":1665665955000,"stop":1665665955277,"duration":277}},{"uid":"42bade3689220f35","status":"failed","statusDetails":"Unexpected error:\n    <*shell.ErrWithCmdOutput | 0xc0001a52d8>: {\n        Underlying: <*exec.ExitError | 0xc0004d9b40>{\n            ProcessState: {\n                pid: 7214,\n                status: 256,\n                rusage: {\n                    Utime: {Sec: 0, Usec: 256881},\n                    Stime: {Sec: 0, Usec: 58956},\n                    Maxrss: 79860,\n                    Ixrss: 0,\n                    Idrss: 0,\n                    Isrss: 0,\n                    Minflt: 7483,\n                    Majflt: 0,\n                    Nswap: 0,\n                    Inblock: 0,\n                    Oublock: 13760,\n                    Msgsnd: 0,\n                    Msgrcv: 0,\n                    Nsignals: 0,\n                    Nvcsw: 338,\n                    Nivcsw: 443,\n                },\n            },\n            Stderr: nil,\n        },\n        Output: {\n            stdout: {\n                Lines: nil,\n                merged: {\n                    Mutex: {state: 0, sema: 0},\n                    Lines: [\n                        \"Error from server (InternalError): error when creating \\\"/tmp/Project%20CR%20test%20Project%20Update%20Should%20fail%20when%20Project%20is%20Applied%20with%20service%20account%20name%20as%20combination%20of%20special%20characters%20in%20Read%20users286678817\\\": Internal error occurred: failed calling webhook \\\"mproject.kb.io\\\": failed to call webhook: Post \\\"https://kubeslice-controller-webhook-service.kubeslice-controller.svc:443/mutate-controller-kubeslice-io-v1alpha1-project?timeout=10s\\\": dial tcp 10.96.116.233:443: connect: connection refused\",\n                    ],\n                },\n            },\n            stderr: {\n                Lines: [\n                    \"Error from server (InternalError): error when creating \\\"/tmp/Project%20CR%20test%20Project%20Update%20Should%20fail%20when%20Project%20is%20Applied%20with%20service%20account%20name%20as%20combination%20of%20special%20characters%20in%20Read%20users286678817\\\": Internal error occurred: failed calling webhook \\\"mproject.kb.io\\\": failed to call webhook: Post \\\"https://kubeslice-controller-webhook-service.kubeslice-controller.svc:443/mutate-controller-kubeslice-io-v1alpha1-project?timeout=10s\\\": dial tcp 10.96.116.233:443: connect: connection refused\",\n                ],\n                merged: {\n                    Mutex: {state: 0, sema: 0},\n                    Lines: [\n                        \"Error from server (InternalError): error when creating \\\"/tmp/Project%20CR%20test%20Project%20Update%20Should%20fail%20when%20Project%20is%20Applied%20with%20service%20account%20name%20as%20combination%20of%20special%20characters%20in%20Read%20users286678817\\\": Internal error occurred: failed calling webhook \\\"mproject.kb.io\\\": failed to call webhook: Post \\\"https://kubeslice-controller-webhook-service.kubeslice-controller.svc:443/mutate-controller-kubeslice-io-v1alpha1-project?timeout=10s\\\": dial tcp 10.96.116.233:443: connect: connection refused\",\n                    ],\n                },\n            },\n            merged: {\n                Mutex: {state: 0, sema: 0},\n                Lines: [\n                    \"Error from server (InternalError): error when creating \\\"/tmp/Project%20CR%20test%20Project%20Update%20Should%20fail%20when%20Project%20is%20Applied%20with%20service%20account%20name%20as%20combination%20of%20special%20characters%20in%20Read%20users286678817\\\": Internal error occurred: failed calling webhook \\\"mproject.kb.io\\\": failed to call webhook: Post \\\"https://kubeslice-controller-webhook-service.kubeslice-controller.svc:443/mutate-controller-kubeslice-io-v1alpha1-project?timeout=10s\\\": dial tcp 10.96.116.233:443: connect: connection refused\",\n                ],\n            },\n        },\n    }\n    error while running command: exit status 1; Error from server (InternalError): error when creating \"/tmp/Project%20CR%20test%20Project%20Update%20Should%20fail%20when%20Project%20is%20Applied%20with%20service%20account%20name%20as%20combination%20of%20special%20characters%20in%20Read%20users286678817\": Internal error occurred: failed calling webhook \"mproject.kb.io\": failed to call webhook: Post \"https://kubeslice-controller-webhook-service.kubeslice-controller.svc:443/mutate-controller-kubeslice-io-v1alpha1-project?timeout=10s\": dial tcp 10.96.116.233:443: connect: connection refused\noccurred","time":{"start":1665666027000,"stop":1665666027384,"duration":384}}]},"tags":[]},"source":"66e7b25f2cd7e850.json","parameterValues":[]}