{"uid":"befa866c0079ddf6","name":"[It] Project CR test Project Creation Should create Project while using valid manifest","historyId":"Hub Suite:Hub Suite#[It] Project CR test Project Creation Should create Project while using valid manifest","time":{"start":1662374250000,"stop":1662374250334,"duration":334},"status":"failed","statusMessage":"Unexpected error:\n    <*shell.ErrWithCmdOutput | 0xc0003529d8>: {\n        Underlying: <*exec.ExitError | 0xc0008901a0>{\n            ProcessState: {\n                pid: 7217,\n                status: 256,\n                rusage: {\n                    Utime: {Sec: 0, Usec: 216463},\n                    Stime: {Sec: 0, Usec: 38199},\n                    Maxrss: 76876,\n                    Ixrss: 0,\n                    Idrss: 0,\n                    Isrss: 0,\n                    Minflt: 2959,\n                    Majflt: 0,\n                    Nswap: 0,\n                    Inblock: 0,\n                    Oublock: 13344,\n                    Msgsnd: 0,\n                    Msgrcv: 0,\n                    Nsignals: 0,\n                    Nvcsw: 369,\n                    Nivcsw: 354,\n                },\n            },\n            Stderr: nil,\n        },\n        Output: {\n            stdout: {\n                Lines: nil,\n                merged: {\n                    Mutex: {state: 0, sema: 0},\n                    Lines: [\n                        \"Error from server (InternalError): error when creating \\\"/tmp/Project%20CR%20test%20Project%20Creation%20Should%20create%20Project%20while%20using%20valid%20manifest2596022009\\\": Internal error occurred: failed calling webhook \\\"mproject.kb.io\\\": failed to call webhook: Post \\\"https://kubeslice-controller-webhook-service.kubeslice-controller.svc:443/mutate-controller-kubeslice-io-v1alpha1-project?timeout=10s\\\": dial tcp 10.96.241.207:443: connect: connection refused\",\n                    ],\n                },\n            },\n            stderr: {\n                Lines: [\n                    \"Error from server (InternalError): error when creating \\\"/tmp/Project%20CR%20test%20Project%20Creation%20Should%20create%20Project%20while%20using%20valid%20manifest2596022009\\\": Internal error occurred: failed calling webhook \\\"mproject.kb.io\\\": failed to call webhook: Post \\\"https://kubeslice-controller-webhook-service.kubeslice-controller.svc:443/mutate-controller-kubeslice-io-v1alpha1-project?timeout=10s\\\": dial tcp 10.96.241.207:443: connect: connection refused\",\n                ],\n                merged: {\n                    Mutex: {state: 0, sema: 0},\n                    Lines: [\n                        \"Error from server (InternalError): error when creating \\\"/tmp/Project%20CR%20test%20Project%20Creation%20Should%20create%20Project%20while%20using%20valid%20manifest2596022009\\\": Internal error occurred: failed calling webhook \\\"mproject.kb.io\\\": failed to call webhook: Post \\\"https://kubeslice-controller-webhook-service.kubeslice-controller.svc:443/mutate-controller-kubeslice-io-v1alpha1-project?timeout=10s\\\": dial tcp 10.96.241.207:443: connect: connection refused\",\n                    ],\n                },\n            },\n            merged: {\n                Mutex: {state: 0, sema: 0},\n                Lines: [\n                    \"Error from server (InternalError): error when creating \\\"/tmp/Project%20CR%20test%20Project%20Creation%20Should%20create%20Project%20while%20using%20valid%20manifest2596022009\\\": Internal error occurred: failed calling webhook \\\"mproject.kb.io\\\": failed to call webhook: Post \\\"https://kubeslice-controller-webhook-service.kubeslice-controller.svc:443/mutate-controller-kubeslice-io-v1alpha1-project?timeout=10s\\\": dial tcp 10.96.241.207:443: connect: connection refused\",\n                ],\n            },\n        },\n    }\n    error while running command: exit status 1; Error from server (InternalError): error when creating \"/tmp/Project%20CR%20test%20Project%20Creation%20Should%20create%20Project%20while%20using%20valid%20manifest2596022009\": Internal error occurred: failed calling webhook \"mproject.kb.io\": failed to call webhook: Post \"https://kubeslice-controller-webhook-service.kubeslice-controller.svc:443/mutate-controller-kubeslice-io-v1alpha1-project?timeout=10s\": dial tcp 10.96.241.207:443: connect: connection refused\noccurred","statusTrace":"/e2e/tests/hub/t_project_create_test.go:98\ngithub.com/kubeslice/kubeslice-e2e-automation/tests/hub_test.glob..func4.1.3()\n\t/e2e/tests/hub/t_project_create_test.go:98 +0x143","flaky":false,"newFailed":true,"newBroken":false,"newPassed":false,"retriesCount":0,"retriesStatusChange":false,"beforeStages":[],"testStage":{"steps":[{"name":"","time":{},"steps":[],"attachments":[],"parameters":[],"stepsCount":0,"attachmentsCount":0,"shouldDisplayMessage":false,"hasContent":false},{"name":"Report Entries:","time":{},"steps":[],"attachments":[],"parameters":[],"stepsCount":0,"attachmentsCount":0,"shouldDisplayMessage":false,"hasContent":false},{"name":"By Step","time":{},"steps":[],"attachments":[],"parameters":[],"stepsCount":0,"attachmentsCount":0,"shouldDisplayMessage":false,"hasContent":false},{"name":"/e2e/tests/hub/t_project_create_test.go:95","time":{},"steps":[],"attachments":[],"parameters":[],"stepsCount":0,"attachmentsCount":0,"shouldDisplayMessage":false,"hasContent":false},{"name":"2022-09-05T10:53:22.01057268Z","time":{},"steps":[],"attachments":[],"parameters":[],"stepsCount":0,"attachmentsCount":0,"shouldDisplayMessage":false,"hasContent":false},{"name":"&{Text:Creates Project using yaml Duration:0s}","time":{},"steps":[],"attachments":[],"parameters":[],"stepsCount":0,"attachmentsCount":0,"shouldDisplayMessage":false,"hasContent":false},{"name":"--","time":{},"steps":[],"attachments":[],"parameters":[],"stepsCount":0,"attachmentsCount":0,"shouldDisplayMessage":false,"hasContent":false},{"name":"By Step","time":{},"steps":[],"attachments":[],"parameters":[],"stepsCount":0,"attachmentsCount":0,"shouldDisplayMessage":false,"hasContent":false},{"name":"/e2e/tests/hub/t_project_create_test.go:88","time":{},"steps":[],"attachments":[],"parameters":[],"stepsCount":0,"attachmentsCount":0,"shouldDisplayMessage":false,"hasContent":false},{"name":"2022-09-05T10:53:22.247206548Z","time":{},"steps":[],"attachments":[],"parameters":[],"stepsCount":0,"attachmentsCount":0,"shouldDisplayMessage":false,"hasContent":false},{"name":"&{Text:Uninstall the newly created project Duration:0s}","time":{},"steps":[],"attachments":[],"parameters":[],"stepsCount":0,"attachmentsCount":0,"shouldDisplayMessage":false,"hasContent":false},{"name":"--","time":{},"steps":[],"attachments":[],"parameters":[],"stepsCount":0,"attachmentsCount":0,"shouldDisplayMessage":false,"hasContent":false},{"name":"By Step","time":{},"steps":[],"attachments":[],"parameters":[],"stepsCount":0,"attachmentsCount":0,"shouldDisplayMessage":false,"hasContent":false},{"name":"/e2e/tests/hub/t_project_create_test.go:91","time":{},"steps":[],"attachments":[],"parameters":[],"stepsCount":0,"attachmentsCount":0,"shouldDisplayMessage":false,"hasContent":false},{"name":"2022-09-05T10:53:22.329247181Z","time":{},"steps":[],"attachments":[],"parameters":[],"stepsCount":0,"attachmentsCount":0,"shouldDisplayMessage":false,"hasContent":false},{"name":"&{Text:Waiting for project deletion Duration:0s}","time":{},"steps":[],"attachments":[],"parameters":[],"stepsCount":0,"attachmentsCount":0,"shouldDisplayMessage":false,"hasContent":false}],"attachments":[],"parameters":[],"stepsCount":16,"attachmentsCount":0,"shouldDisplayMessage":false,"hasContent":true},"afterStages":[],"labels":[{"name":"resultFormat","value":"junit"},{"name":"suite","value":"Hub Suite"},{"name":"testClass","value":"Hub Suite"},{"name":"package","value":"Hub Suite"}],"parameters":[],"links":[],"hidden":false,"retry":false,"extra":{"severity":"normal","retries":[],"categories":[{"name":"Product defects","matchedStatuses":[],"flaky":false}],"history":{"statistic":{"failed":10,"broken":0,"skipped":0,"passed":173,"unknown":0,"total":183},"items":[{"uid":"da9599a4127e0cd9","status":"passed","time":{"start":1662361116000,"stop":1662361131554,"duration":15554}},{"uid":"55cf1be788598d44","status":"passed","time":{"start":1662347286000,"stop":1662347294479,"duration":8479}},{"uid":"46207211ccdb14fd","status":"passed","time":{"start":1662049179000,"stop":1662049187925,"duration":8925}},{"uid":"765df7d40e64a53c","status":"passed","time":{"start":1662048808000,"stop":1662048816804,"duration":8804}},{"uid":"ef388b4c83e8ae8d","status":"passed","time":{"start":1662036991000,"stop":1662036998656,"duration":7656}},{"uid":"c419ebf81f1a48e3","status":"failed","statusDetails":"Timed out after 60.001s.\nExpected\n    <bool>: false\nto be true","time":{"start":1662031654000,"stop":1662031721412,"duration":67412}},{"uid":"e2e28880addbaa95","status":"passed","time":{"start":1662027354000,"stop":1662027362948,"duration":8948}},{"uid":"558d259b61e9ebf1","status":"failed","statusDetails":"Timed out after 60.000s.\nExpected\n    <bool>: false\nto be true","time":{"start":1661952242000,"stop":1661952364094,"duration":122094}},{"uid":"1e31f42a9d6ce420","status":"passed","time":{"start":1661863163000,"stop":1661863171753,"duration":8753}},{"uid":"2c8b8475c6580533","status":"passed","time":{"start":1661862437000,"stop":1661862444675,"duration":7675}},{"uid":"84027b90b3fcfa31","status":"passed","time":{"start":1661862282000,"stop":1661862289911,"duration":7911}},{"uid":"6f0fd9859f5fa66","status":"passed","time":{"start":1661861783000,"stop":1661861791643,"duration":8643}},{"uid":"efb24ff7d196b6e3","status":"passed","time":{"start":1661858395000,"stop":1661858402843,"duration":7843}},{"uid":"8925b0f4c6ab3905","status":"passed","time":{"start":1661853168000,"stop":1661853184704,"duration":16704}},{"uid":"500c88ce5133ae87","status":"passed","time":{"start":1661845706000,"stop":1661845714706,"duration":8706}},{"uid":"32ead9b81aa471ac","status":"failed","statusDetails":"Unexpected error:\n    <*shell.ErrWithCmdOutput | 0xc000a25518>: {\n        Underlying: <*exec.ExitError | 0xc00052fb40>{\n            ProcessState: {\n                pid: 6638,\n                status: 256,\n                rusage: {\n                    Utime: {Sec: 0, Usec: 238927},\n                    Stime: {Sec: 0, Usec: 39821},\n                    Maxrss: 79312,\n                    Ixrss: 0,\n                    Idrss: 0,\n                    Isrss: 0,\n                    Minflt: 4401,\n                    Majflt: 0,\n                    Nswap: 0,\n                    Inblock: 0,\n                    Oublock: 13344,\n                    Msgsnd: 0,\n                    Msgrcv: 0,\n                    Nsignals: 0,\n                    Nvcsw: 324,\n                    Nivcsw: 351,\n                },\n            },\n            Stderr: nil,\n        },\n        Output: {\n            stdout: {\n                Lines: nil,\n                merged: {\n                    Mutex: {state: 0, sema: 0},\n                    Lines: [\n                        \"Error from server (InternalError): error when creating \\\"/tmp/Project%20CR%20test%20Project%20Creation%20Should%20create%20Project%20while%20using%20valid%20manifest3707499472\\\": Internal error occurred: failed calling webhook \\\"mproject.kb.io\\\": failed to call webhook: Post \\\"https://kubeslice-controller-webhook-service.kubeslice-controller.svc:443/mutate-controller-kubeslice-io-v1alpha1-project?timeout=10s\\\": dial tcp 10.96.54.183:443: connect: connection refused\",\n                    ],\n                },\n            },\n            stderr: {\n                Lines: [\n                    \"Error from server (InternalError): error when creating \\\"/tmp/Project%20CR%20test%20Project%20Creation%20Should%20create%20Project%20while%20using%20valid%20manifest3707499472\\\": Internal error occurred: failed calling webhook \\\"mproject.kb.io\\\": failed to call webhook: Post \\\"https://kubeslice-controller-webhook-service.kubeslice-controller.svc:443/mutate-controller-kubeslice-io-v1alpha1-project?timeout=10s\\\": dial tcp 10.96.54.183:443: connect: connection refused\",\n                ],\n                merged: {\n                    Mutex: {state: 0, sema: 0},\n                    Lines: [\n                        \"Error from server (InternalError): error when creating \\\"/tmp/Project%20CR%20test%20Project%20Creation%20Should%20create%20Project%20while%20using%20valid%20manifest3707499472\\\": Internal error occurred: failed calling webhook \\\"mproject.kb.io\\\": failed to call webhook: Post \\\"https://kubeslice-controller-webhook-service.kubeslice-controller.svc:443/mutate-controller-kubeslice-io-v1alpha1-project?timeout=10s\\\": dial tcp 10.96.54.183:443: connect: connection refused\",\n                    ],\n                },\n            },\n            merged: {\n                Mutex: {state: 0, sema: 0},\n                Lines: [\n                    \"Error from server (InternalError): error when creating \\\"/tmp/Project%20CR%20test%20Project%20Creation%20Should%20create%20Project%20while%20using%20valid%20manifest3707499472\\\": Internal error occurred: failed calling webhook \\\"mproject.kb.io\\\": failed to call webhook: Post \\\"https://kubeslice-controller-webhook-service.kubeslice-controller.svc:443/mutate-controller-kubeslice-io-v1alpha1-project?timeout=10s\\\": dial tcp 10.96.54.183:443: connect: connection refused\",\n                ],\n            },\n        },\n    }\n    error while running command: exit status 1; Error from server (InternalError): error when creating \"/tmp/Project%20CR%20test%20Project%20Creation%20Should%20create%20Project%20while%20using%20valid%20manifest3707499472\": Internal error occurred: failed calling webhook \"mproject.kb.io\": failed to call webhook: Post \"https://kubeslice-controller-webhook-service.kubeslice-controller.svc:443/mutate-controller-kubeslice-io-v1alpha1-project?timeout=10s\": dial tcp 10.96.54.183:443: connect: connection refused\noccurred","time":{"start":1661843703000,"stop":1661843703373,"duration":373}},{"uid":"9215a1a4aed410ce","status":"failed","statusDetails":"Timed out after 60.001s.\nExpected\n    <bool>: false\nto be true","time":{"start":1661778217000,"stop":1661778284463,"duration":67463}},{"uid":"3a91300cc80f115b","status":"passed","time":{"start":1661753800000,"stop":1661753815623,"duration":15623}},{"uid":"4170f24da63d7c71","status":"passed","time":{"start":1661610863000,"stop":1661610870971,"duration":7971}},{"uid":"1a116ec5e9ba5419","status":"passed","time":{"start":1661584043000,"stop":1661584050781,"duration":7781}}]},"tags":[]},"source":"befa866c0079ddf6.json","parameterValues":[]}