{"uid":"4b4757e66a1912dae1a509f688f20b0f","children":[{"name":"Product defects","children":[{"name":"Unexpected error:\n    <*shell.ErrWithCmdOutput | 0xc000740bd0>: {\n        Underlying: <*exec.ExitError | 0xc00061cf40>{\n            ProcessState: {\n                pid: 6312,\n                status: 256,\n                rusage: {\n                    Utime: {Sec: 1, Usec: 160428},\n                    Stime: {Sec: 0, Usec: 133429},\n                    Maxrss: 84572,\n                    Ixrss: 0,\n                    Idrss: 0,\n                    Isrss: 0,\n                    Minflt: 13077,\n                    Majflt: 8,\n                    Nswap: 0,\n                    Inblock: 688,\n                    Oublock: 15224,\n                    Msgsnd: 0,\n                    Msgrcv: 0,\n                    Nsignals: 0,\n                    Nvcsw: 3056,\n                    Nivcsw: 1582,\n                },\n            },\n            Stderr: nil,\n        },\n        Output: {\n            stdout: {\n                Lines: nil,\n                merged: {\n                    Mutex: {state: 0, sema: 0},\n                    Lines: [\n                        \"WARNING: Kubernetes configuration file is group-readable. This is insecure. Location: /e2e/assets/kubeconfig/kinde2e.yaml\",\n                        \"WARNING: Kubernetes configuration file is world-readable. This is insecure. Location: /e2e/assets/kubeconfig/kinde2e.yaml\",\n                        \"install.go:178: [debug] Original chart version: \\\"\\\"\",\n                        \"install.go:195: [debug] CHART PATH: /root/.cache/helm/repository/kubeslice-worker-0.4.1.tgz\",\n                        \"\",\n                        \"client.go:128: [debug] creating 1 resource(s)\",\n                        \"install.go:151: [debug] CRD serviceexports.networking.kubeslice.io is already present. Skipping.\",\n                        \"client.go:128: [debug] creating 1 resource(s)\",\n                        \"install.go:151: [debug] CRD serviceimports.networking.kubeslice.io is already present. Skipping.\",\n                        \"client.go:128: [debug] creating 1 resource(s)\",\n                        \"install.go:151: [debug] CRD slice.networking.kubeslice.io is already present. Skipping.\",\n                        \"client.go:128: [debug] creating 1 resource(s)\",\n                        \"install.go:151: [debug] CRD slicegateways.networking.kubeslice.io is already present. Skipping.\",\n                        \"client.go:128: [debug] creating 1 resource(s)\",\n                        \"install.go:151: [debug] CRD sliceresourcequotas.networking.kubeslice.io is already present. Skipping.\",\n                        \"client.go:128: [debug] creating 1 resource(s)\",\n                        \"Error: INSTALLATION FAILED: create: failed to create: secrets \\\"sh.helm.release.v1.kubeslice-worker.v1\\\" is forbidden: unable to create new content in namespace kubeslice-system because it is being terminated\",\n                        \"helm.go:84: [debug] secrets \\\"sh.helm.release.v1.kubeslice-worker.v1\\\" is forbidden: unable to create new content in namespace kubeslice-system because it is being terminated\",\n                        \"create: failed to create\",\n                        \"helm.sh/helm/v3/pkg/storage/driver.(*Secrets).Create\",\n                        \"\\thelm.sh/helm/v3/pkg/storage/driver/secrets.go:164\",\n                        \"helm.sh/helm/v3/pkg/storage.(*Storage).Create\",\n                        \"\\thelm.sh/helm/v3/pkg/storage/storage.go:69\",\n                        \"helm.sh/helm/v3/pkg/action.(*Install).RunWithContext\",\n                        \"\\thelm.sh/helm/v3/pkg/action/install.go:340\",\n                        \"main.runInstall\",\n                        \"\\thelm.sh/helm/v3/cmd/helm/install.go:264\",\n                        \"main.newInstallCmd.func2\",\n                        \"\\thelm.sh/helm/v3/cmd/helm/install.go:125\",\n                        \"github.com/spf13/cobra.(*Command).execute\",\n                        \"\\tgithub.com/spf13/cobra@v1.4.0/command.go:856\",\n                        \"github.com/spf13/cobra.(*Command).ExecuteC\",\n                        \"\\tgithub.com/spf13/cobra@v1.4.0/command.go:97...\n\nGomega truncated this representation as it exceeds 'format.MaxLength'.\nConsider having the object provide a custom 'GomegaStringer' representation\nor adjust the parameters in Gomega's 'format' package.\n\nLearn more here: https://onsi.github.io/gomega/#adjusting-output\n\n    error while running command: exit status 1; WARNING: Kubernetes configuration file is group-readable. This is insecure. Location: /e2e/assets/kubeconfig/kinde2e.yaml\n    WARNING: Kubernetes configuration file is world-readable. This is insecure. Location: /e2e/assets/kubeconfig/kinde2e.yaml\n    install.go:178: [debug] Original chart version: \"\"\n    install.go:195: [debug] CHART PATH: /root/.cache/helm/repository/kubeslice-worker-0.4.1.tgz\n    \n    client.go:128: [debug] creating 1 resource(s)\n    install.go:151: [debug] CRD serviceexports.networking.kubeslice.io is already present. Skipping.\n    client.go:128: [debug] creating 1 resource(s)\n    install.go:151: [debug] CRD serviceimports.networking.kubeslice.io is already present. Skipping.\n    client.go:128: [debug] creating 1 resource(s)\n    install.go:151: [debug] CRD slice.networking.kubeslice.io is already present. Skipping.\n    client.go:128: [debug] creating 1 resource(s)\n    install.go:151: [debug] CRD slicegateways.networking.kubeslice.io is already present. Skipping.\n    client.go:128: [debug] creating 1 resource(s)\n    install.go:151: [debug] CRD sliceresourcequotas.networking.kubeslice.io is already present. Skipping.\n    client.go:128: [debug] creating 1 resource(s)\n    Error: INSTALLATION FAILED: create: failed to create: secrets \"sh.helm.release.v1.kubeslice-worker.v1\" is forbidden: unable to create new content in namespace kubeslice-system because it is being terminated\n    helm.go:84: [debug] secrets \"sh.helm.release.v1.kubeslice-worker.v1\" is forbidden: unable to create new content in namespace kubeslice-system because it is being terminated\n    create: failed to create\n    helm.sh/helm/v3/pkg/storage/driver.(*Secrets).Create\n    \thelm.sh/helm/v3/pkg/storage/driver/secrets.go:164\n    helm.sh/helm/v3/pkg/storage.(*Storage).Create\n    \thelm.sh/helm/v3/pkg/storage/storage.go:69\n    helm.sh/helm/v3/pkg/action.(*Install).RunWithContext\n    \thelm.sh/helm/v3/pkg/action/install.go:340\n    main.runInstall\n    \thelm.sh/helm/v3/cmd/helm/install.go:264\n    main.newInstallCmd.func2\n    \thelm.sh/helm/v3/cmd/helm/install.go:125\n    github.com/spf13/cobra.(*Command).execute\n    \tgithub.com/spf13/cobra@v1.4.0/command.go:856\n    github.com/spf13/cobra.(*Command).ExecuteC\n    \tgithub.com/spf13/cobra@v1.4.0/command.go:974\n    github.com/spf13/cobra.(*Command).Execute\n    \tgithub.com/spf13/cobra@v1.4.0/command.go:902\n    main.main\n    \thelm.sh/helm/v3/cmd/helm/helm.go:83\n    runtime.main\n    \truntime/proc.go:255\n    runtime.goexit\n    \truntime/asm_amd64.s:1581\n    INSTALLATION FAILED\n    main.newInstallCmd.func2\n    \thelm.sh/helm/v3/cmd/helm/install.go:127\n    github.com/spf13/cobra.(*Command).execute\n    \tgithub.com/spf13/cobra@v1.4.0/command.go:856\n    github.com/spf13/cobra.(*Command).ExecuteC\n    \tgithub.com/spf13/cobra@v1.4.0/command.go:974\n    github.com/spf13/cobra.(*Command).Execute\n    \tgithub.com/spf13/cobra@v1.4.0/command.go:902\n    main.main\n    \thelm.sh/helm/v3/cmd/helm/helm.go:83\n    runtime.main\n    \truntime/proc.go:255\n    runtime.goexit\n    \truntime/asm_amd64.s:1581\noccurred","children":[{"name":"[It] Cluster CR tests Cluster CR validation Register worker cluster","uid":"2af8248029a6fed5","parentUid":"c5fdb06f7003b15cabbee50ca122d7b6","status":"failed","time":{"start":1660138561000,"stop":1660138775325,"duration":214325},"flaky":false,"newFailed":true,"newPassed":false,"newBroken":false,"retriesCount":0,"retriesStatusChange":false,"parameters":[]}],"uid":"c5fdb06f7003b15cabbee50ca122d7b6"},{"name":"Unexpected error:\n    <*shell.ErrWithCmdOutput | 0xc000741698>: {\n        Underlying: <*exec.ExitError | 0xc0005708c0>{\n            ProcessState: {\n                pid: 6173,\n                status: 256,\n                rusage: {\n                    Utime: {Sec: 0, Usec: 129582},\n                    Stime: {Sec: 0, Usec: 62939},\n                    Maxrss: 75236,\n                    Ixrss: 0,\n                    Idrss: 0,\n                    Isrss: 0,\n                    Minflt: 8798,\n                    Majflt: 1,\n                    Nswap: 0,\n                    Inblock: 128,\n                    Oublock: 13376,\n                    Msgsnd: 0,\n                    Msgrcv: 0,\n                    Nsignals: 0,\n                    Nvcsw: 409,\n                    Nivcsw: 200,\n                },\n            },\n            Stderr: nil,\n        },\n        Output: {\n            stdout: {\n                Lines: nil,\n                merged: {\n                    Mutex: {state: 0, sema: 0},\n                    Lines: [\n                        \"The Project \\\"projectupdatetest\\\" is invalid: project namespace: Invalid value: \\\"kubeslice-projectupdatetest\\\": already exists\",\n                    ],\n                },\n            },\n            stderr: {\n                Lines: [\n                    \"The Project \\\"projectupdatetest\\\" is invalid: project namespace: Invalid value: \\\"kubeslice-projectupdatetest\\\": already exists\",\n                ],\n                merged: {\n                    Mutex: {state: 0, sema: 0},\n                    Lines: [\n                        \"The Project \\\"projectupdatetest\\\" is invalid: project namespace: Invalid value: \\\"kubeslice-projectupdatetest\\\": already exists\",\n                    ],\n                },\n            },\n            merged: {\n                Mutex: {state: 0, sema: 0},\n                Lines: [\n                    \"The Project \\\"projectupdatetest\\\" is invalid: project namespace: Invalid value: \\\"kubeslice-projectupdatetest\\\": already exists\",\n                ],\n            },\n        },\n    }\n    error while running command: exit status 1; The Project \"projectupdatetest\" is invalid: project namespace: Invalid value: \"kubeslice-projectupdatetest\": already exists\noccurred","children":[{"name":"[It] Project CR test Project Update Should update successfully when Project Applied while removing a service account name in Read users","uid":"bbd5f5afa1ac313d","parentUid":"5555943168ac2818bb6e8b027673ad1b","status":"failed","time":{"start":1660138561000,"stop":1660138621240,"duration":60240},"flaky":false,"newFailed":true,"newPassed":false,"newBroken":false,"retriesCount":0,"retriesStatusChange":false,"parameters":[]}],"uid":"5555943168ac2818bb6e8b027673ad1b"},{"name":"Unexpected error:\n    <*shell.ErrWithCmdOutput | 0xc000740150>: {\n        Underlying: <*exec.ExitError | 0xc0006703c0>{\n            ProcessState: {\n                pid: 6184,\n                status: 256,\n                rusage: {\n                    Utime: {Sec: 0, Usec: 125430},\n                    Stime: {Sec: 0, Usec: 34841},\n                    Maxrss: 85848,\n                    Ixrss: 0,\n                    Idrss: 0,\n                    Isrss: 0,\n                    Minflt: 11201,\n                    Majflt: 0,\n                    Nswap: 0,\n                    Inblock: 0,\n                    Oublock: 13376,\n                    Msgsnd: 0,\n                    Msgrcv: 0,\n                    Nsignals: 0,\n                    Nvcsw: 446,\n                    Nivcsw: 270,\n                },\n            },\n            Stderr: nil,\n        },\n        Output: {\n            stdout: {\n                Lines: nil,\n                merged: {\n                    Mutex: {state: 0, sema: 0},\n                    Lines: [\n                        \"The Project \\\"projectupdatetest\\\" is invalid: project namespace: Invalid value: \\\"kubeslice-projectupdatetest\\\": already exists\",\n                    ],\n                },\n            },\n            stderr: {\n                Lines: [\n                    \"The Project \\\"projectupdatetest\\\" is invalid: project namespace: Invalid value: \\\"kubeslice-projectupdatetest\\\": already exists\",\n                ],\n                merged: {\n                    Mutex: {state: 0, sema: 0},\n                    Lines: [\n                        \"The Project \\\"projectupdatetest\\\" is invalid: project namespace: Invalid value: \\\"kubeslice-projectupdatetest\\\": already exists\",\n                    ],\n                },\n            },\n            merged: {\n                Mutex: {state: 0, sema: 0},\n                Lines: [\n                    \"The Project \\\"projectupdatetest\\\" is invalid: project namespace: Invalid value: \\\"kubeslice-projectupdatetest\\\": already exists\",\n                ],\n            },\n        },\n    }\n    error while running command: exit status 1; The Project \"projectupdatetest\" is invalid: project namespace: Invalid value: \"kubeslice-projectupdatetest\": already exists\noccurred","children":[{"name":"[It] Project CR test Project Update Should update successfully when Project Applied while removing a service account name in Write users","uid":"d250d5e285aa9f3a","parentUid":"ef20213960c58e60f8043bbc0dbf7ad7","status":"failed","time":{"start":1660138561000,"stop":1660138621216,"duration":60216},"flaky":false,"newFailed":true,"newPassed":false,"newBroken":false,"retriesCount":0,"retriesStatusChange":false,"parameters":[]}],"uid":"ef20213960c58e60f8043bbc0dbf7ad7"},{"name":"Unexpected error:\n    <*shell.ErrWithCmdOutput | 0xc00000fc68>: {\n        Underlying: <*exec.ExitError | 0xc0006f68c0>{\n            ProcessState: {\n                pid: 6285,\n                status: 256,\n                rusage: {\n                    Utime: {Sec: 0, Usec: 122839},\n                    Stime: {Sec: 0, Usec: 40946},\n                    Maxrss: 81816,\n                    Ixrss: 0,\n                    Idrss: 0,\n                    Isrss: 0,\n                    Minflt: 8674,\n                    Majflt: 1,\n                    Nswap: 0,\n                    Inblock: 144,\n                    Oublock: 13392,\n                    Msgsnd: 0,\n                    Msgrcv: 0,\n                    Nsignals: 0,\n                    Nvcsw: 341,\n                    Nivcsw: 340,\n                },\n            },\n            Stderr: nil,\n        },\n        Output: {\n            stdout: {\n                Lines: nil,\n                merged: {\n                    Mutex: {state: 0, sema: 0},\n                    Lines: [\n                        \"The Project \\\"projectdeletetest\\\" is invalid: project namespace: Invalid value: \\\"kubeslice-projectdeletetest\\\": already exists\",\n                    ],\n                },\n            },\n            stderr: {\n                Lines: [\n                    \"The Project \\\"projectdeletetest\\\" is invalid: project namespace: Invalid value: \\\"kubeslice-projectdeletetest\\\": already exists\",\n                ],\n                merged: {\n                    Mutex: {state: 0, sema: 0},\n                    Lines: [\n                        \"The Project \\\"projectdeletetest\\\" is invalid: project namespace: Invalid value: \\\"kubeslice-projectdeletetest\\\": already exists\",\n                    ],\n                },\n            },\n            merged: {\n                Mutex: {state: 0, sema: 0},\n                Lines: [\n                    \"The Project \\\"projectdeletetest\\\" is invalid: project namespace: Invalid value: \\\"kubeslice-projectdeletetest\\\": already exists\",\n                ],\n            },\n        },\n    }\n    error while running command: exit status 1; The Project \"projectdeletetest\" is invalid: project namespace: Invalid value: \"kubeslice-projectdeletetest\": already exists\noccurred","children":[{"name":"[It] Project CR test Project Deletion Should Delete an existing project successfully","uid":"bbdc98003265002c","parentUid":"c999d854831ea755d8396830b2bae912","status":"failed","time":{"start":1660138561000,"stop":1660138621215,"duration":60215},"flaky":false,"newFailed":true,"newPassed":false,"newBroken":false,"retriesCount":0,"retriesStatusChange":false,"parameters":[]}],"uid":"c999d854831ea755d8396830b2bae912"},{"name":"Unexpected error:\n    <*shell.ErrWithCmdOutput | 0xc00000eb10>: {\n        Underlying: <*exec.ExitError | 0xc00044a340>{\n            ProcessState: {\n                pid: 6203,\n                status: 256,\n                rusage: {\n                    Utime: {Sec: 0, Usec: 123735},\n                    Stime: {Sec: 0, Usec: 55880},\n                    Maxrss: 80836,\n                    Ixrss: 0,\n                    Idrss: 0,\n                    Isrss: 0,\n                    Minflt: 14145,\n                    Majflt: 0,\n                    Nswap: 0,\n                    Inblock: 0,\n                    Oublock: 13376,\n                    Msgsnd: 0,\n                    Msgrcv: 0,\n                    Nsignals: 0,\n                    Nvcsw: 355,\n                    Nivcsw: 335,\n                },\n            },\n            Stderr: nil,\n        },\n        Output: {\n            stdout: {\n                Lines: nil,\n                merged: {\n                    Mutex: {state: 0, sema: 0},\n                    Lines: [\n                        \"The Project \\\"projectupdatetest\\\" is invalid: project namespace: Invalid value: \\\"kubeslice-projectupdatetest\\\": already exists\",\n                    ],\n                },\n            },\n            stderr: {\n                Lines: [\n                    \"The Project \\\"projectupdatetest\\\" is invalid: project namespace: Invalid value: \\\"kubeslice-projectupdatetest\\\": already exists\",\n                ],\n                merged: {\n                    Mutex: {state: 0, sema: 0},\n                    Lines: [\n                        \"The Project \\\"projectupdatetest\\\" is invalid: project namespace: Invalid value: \\\"kubeslice-projectupdatetest\\\": already exists\",\n                    ],\n                },\n            },\n            merged: {\n                Mutex: {state: 0, sema: 0},\n                Lines: [\n                    \"The Project \\\"projectupdatetest\\\" is invalid: project namespace: Invalid value: \\\"kubeslice-projectupdatetest\\\": already exists\",\n                ],\n            },\n        },\n    }\n    error while running command: exit status 1; The Project \"projectupdatetest\" is invalid: project namespace: Invalid value: \"kubeslice-projectupdatetest\": already exists\noccurred","children":[{"name":"[It] Project CR test Project Update Should fail when Project is Applied with service account name as blank in Read users","uid":"e10473aa50dee902","parentUid":"ed274dd4ace3d62768cb9100fb1d3597","status":"failed","time":{"start":1660138561000,"stop":1660138621251,"duration":60251},"flaky":false,"newFailed":true,"newPassed":false,"newBroken":false,"retriesCount":0,"retriesStatusChange":false,"parameters":[]}],"uid":"ed274dd4ace3d62768cb9100fb1d3597"},{"name":"Timed out after 120.001s.\nExpected an error to have occurred.  Got:\n    <nil>: nil","children":[{"name":"[It] Cluster negative tests Worker Cluster Registration with Wrong endpoint","uid":"7855071a04737240","parentUid":"96e24c0bb9b908fdd9c47b5d4a9cb2bb","status":"failed","time":{"start":1660138561000,"stop":1660139021359,"duration":460359},"flaky":false,"newFailed":true,"newPassed":false,"newBroken":false,"retriesCount":0,"retriesStatusChange":false,"parameters":[]}],"uid":"96e24c0bb9b908fdd9c47b5d4a9cb2bb"},{"name":"Timed out after 60.001s.\nExpected an error to have occurred.  Got:\n    <nil>: nil","children":[{"name":"[It] Project CR test Project Creation Should create Project while using valid manifest","uid":"557742b7efd909c4","parentUid":"c3605d3c35f7c6c4b2c288f323d39711","status":"failed","time":{"start":1660138561000,"stop":1660138622496,"duration":61496},"flaky":false,"newFailed":true,"newPassed":false,"newBroken":false,"retriesCount":0,"retriesStatusChange":false,"parameters":[]},{"name":"[It] Project CR test Project Creation Should create Multiple Projects in controller using valid manifest","uid":"84fa00f504583871","parentUid":"c3605d3c35f7c6c4b2c288f323d39711","status":"failed","time":{"start":1660138561000,"stop":1660138682572,"duration":121572},"flaky":false,"newFailed":true,"newPassed":false,"newBroken":false,"retriesCount":0,"retriesStatusChange":false,"parameters":[]},{"name":"[It] Project CR test Project Creation Should fail while creating service accounts as combination of special characters","uid":"ab95fec6ec0ed1c1","parentUid":"c3605d3c35f7c6c4b2c288f323d39711","status":"failed","time":{"start":1660138561000,"stop":1660138621258,"duration":60258},"flaky":false,"newFailed":true,"newPassed":false,"newBroken":false,"retriesCount":0,"retriesStatusChange":false,"parameters":[]},{"name":"[It] Project CR test Project Deletion Should fail when deleting a project that does not exist","uid":"237efaea7021a1fc","parentUid":"c3605d3c35f7c6c4b2c288f323d39711","status":"failed","time":{"start":1660138561000,"stop":1660138622639,"duration":61639},"flaky":false,"newFailed":true,"newPassed":false,"newBroken":false,"retriesCount":0,"retriesStatusChange":false,"parameters":[]}],"uid":"c3605d3c35f7c6c4b2c288f323d39711"},{"name":"Unexpected error:\n    <*shell.ErrWithCmdOutput | 0xc0003519f8>: {\n        Underlying: <*exec.ExitError | 0xc0006b1c00>{\n            ProcessState: {\n                pid: 6193,\n                status: 256,\n                rusage: {\n                    Utime: {Sec: 0, Usec: 137348},\n                    Stime: {Sec: 0, Usec: 43166},\n                    Maxrss: 68720,\n                    Ixrss: 0,\n                    Idrss: 0,\n                    Isrss: 0,\n                    Minflt: 8756,\n                    Majflt: 0,\n                    Nswap: 0,\n                    Inblock: 0,\n                    Oublock: 13376,\n                    Msgsnd: 0,\n                    Msgrcv: 0,\n                    Nsignals: 0,\n                    Nvcsw: 286,\n                    Nivcsw: 251,\n                },\n            },\n            Stderr: nil,\n        },\n        Output: {\n            stdout: {\n                Lines: nil,\n                merged: {\n                    Mutex: {state: 0, sema: 0},\n                    Lines: [\n                        \"The Project \\\"projectupdatetest\\\" is invalid: project namespace: Invalid value: \\\"kubeslice-projectupdatetest\\\": already exists\",\n                    ],\n                },\n            },\n            stderr: {\n                Lines: [\n                    \"The Project \\\"projectupdatetest\\\" is invalid: project namespace: Invalid value: \\\"kubeslice-projectupdatetest\\\": already exists\",\n                ],\n                merged: {\n                    Mutex: {state: 0, sema: 0},\n                    Lines: [\n                        \"The Project \\\"projectupdatetest\\\" is invalid: project namespace: Invalid value: \\\"kubeslice-projectupdatetest\\\": already exists\",\n                    ],\n                },\n            },\n            merged: {\n                Mutex: {state: 0, sema: 0},\n                Lines: [\n                    \"The Project \\\"projectupdatetest\\\" is invalid: project namespace: Invalid value: \\\"kubeslice-projectupdatetest\\\": already exists\",\n                ],\n            },\n        },\n    }\n    error while running command: exit status 1; The Project \"projectupdatetest\" is invalid: project namespace: Invalid value: \"kubeslice-projectupdatetest\": already exists\noccurred","children":[{"name":"[It] Project CR test Project Update Should fail when Project is Applied with service account name as combination of special characters in Read users","uid":"181139210755628e","parentUid":"2c1adc42f7bebf82ad8e6567ee7f73f2","status":"failed","time":{"start":1660138561000,"stop":1660138621221,"duration":60221},"flaky":false,"newFailed":true,"newPassed":false,"newBroken":false,"retriesCount":0,"retriesStatusChange":false,"parameters":[]}],"uid":"2c1adc42f7bebf82ad8e6567ee7f73f2"},{"name":"Unexpected error:\n    <*shell.ErrWithCmdOutput | 0xc000350318>: {\n        Underlying: <*exec.ExitError | 0xc00059a3e0>{\n            ProcessState: {\n                pid: 6042,\n                status: 256,\n                rusage: {\n                    Utime: {Sec: 0, Usec: 148815},\n                    Stime: {Sec: 0, Usec: 27413},\n                    Maxrss: 78180,\n                    Ixrss: 0,\n                    Idrss: 0,\n                    Isrss: 0,\n                    Minflt: 7722,\n                    Majflt: 1,\n                    Nswap: 0,\n                    Inblock: 256,\n                    Oublock: 13376,\n                    Msgsnd: 0,\n                    Msgrcv: 0,\n                    Nsignals: 0,\n                    Nvcsw: 411,\n                    Nivcsw: 242,\n                },\n            },\n            Stderr: nil,\n        },\n        Output: {\n            stdout: {\n                Lines: nil,\n                merged: {\n                    Mutex: {state: 0, sema: 0},\n                    Lines: [\n                        \"The Project \\\"projecttest\\\" is invalid: project namespace: Invalid value: \\\"kubeslice-projecttest\\\": already exists\",\n                    ],\n                },\n            },\n            stderr: {\n                Lines: [\n                    \"The Project \\\"projecttest\\\" is invalid: project namespace: Invalid value: \\\"kubeslice-projecttest\\\": already exists\",\n                ],\n                merged: {\n                    Mutex: {state: 0, sema: 0},\n                    Lines: [\n                        \"The Project \\\"projecttest\\\" is invalid: project namespace: Invalid value: \\\"kubeslice-projecttest\\\": already exists\",\n                    ],\n                },\n            },\n            merged: {\n                Mutex: {state: 0, sema: 0},\n                Lines: [\n                    \"The Project \\\"projecttest\\\" is invalid: project namespace: Invalid value: \\\"kubeslice-projecttest\\\": already exists\",\n                ],\n            },\n        },\n    }\n    error while running command: exit status 1; The Project \"projecttest\" is invalid: project namespace: Invalid value: \"kubeslice-projecttest\": already exists\noccurred","children":[{"name":"[It] Project CR test Project Creation Should update Project while applying valid manifest with existing Project name","uid":"66b2b06f65494820","parentUid":"e3f8c1ab68927d27b5acf6374d96e77b","status":"failed","time":{"start":1660138561000,"stop":1660138621227,"duration":60227},"flaky":false,"newFailed":true,"newPassed":false,"newBroken":false,"retriesCount":0,"retriesStatusChange":false,"parameters":[]}],"uid":"e3f8c1ab68927d27b5acf6374d96e77b"},{"name":"Unexpected error:\n    <*shell.ErrWithCmdOutput | 0xc000480ac8>: {\n        Underlying: <*exec.ExitError | 0xc00060e900>{\n            ProcessState: {\n                pid: 6236,\n                status: 256,\n                rusage: {\n                    Utime: {Sec: 0, Usec: 159343},\n                    Stime: {Sec: 0, Usec: 62182},\n                    Maxrss: 72504,\n                    Ixrss: 0,\n                    Idrss: 0,\n                    Isrss: 0,\n                    Minflt: 15031,\n                    Majflt: 0,\n                    Nswap: 0,\n                    Inblock: 0,\n                    Oublock: 14288,\n                    Msgsnd: 0,\n                    Msgrcv: 0,\n                    Nsignals: 0,\n                    Nvcsw: 1017,\n                    Nivcsw: 499,\n                },\n            },\n            Stderr: nil,\n        },\n        Output: {\n            stdout: {\n                Lines: nil,\n                merged: {\n                    Mutex: {state: 0, sema: 0},\n                    Lines: [\n                        \"error: resource mapping not found for name: \\\"profile4\\\" namespace: \\\"\\\" from \\\"/tmp/%20QosProfile%20tests%20QosProfile%20Create%20validation%20Creates%20qosprofile4265601235\\\": no matches for kind \\\"SliceQoSConfig\\\" in version \\\"controller.kubeslice.io/v1alpha1\\\"\",\n                        \"ensure CRDs are installed first\",\n                    ],\n                },\n            },\n            stderr: {\n                Lines: [\n                    \"error: resource mapping not found for name: \\\"profile4\\\" namespace: \\\"\\\" from \\\"/tmp/%20QosProfile%20tests%20QosProfile%20Create%20validation%20Creates%20qosprofile4265601235\\\": no matches for kind \\\"SliceQoSConfig\\\" in version \\\"controller.kubeslice.io/v1alpha1\\\"\",\n                    \"ensure CRDs are installed first\",\n                ],\n                merged: {\n                    Mutex: {state: 0, sema: 0},\n                    Lines: [\n                        \"error: resource mapping not found for name: \\\"profile4\\\" namespace: \\\"\\\" from \\\"/tmp/%20QosProfile%20tests%20QosProfile%20Create%20validation%20Creates%20qosprofile4265601235\\\": no matches for kind \\\"SliceQoSConfig\\\" in version \\\"controller.kubeslice.io/v1alpha1\\\"\",\n                        \"ensure CRDs are installed first\",\n                    ],\n                },\n            },\n            merged: {\n                Mutex: {state: 0, sema: 0},\n                Lines: [\n                    \"error: resource mapping not found for name: \\\"profile4\\\" namespace: \\\"\\\" from \\\"/tmp/%20QosProfile%20tests%20QosProfile%20Create%20validation%20Creates%20qosprofile4265601235\\\": no matches for kind \\\"SliceQoSConfig\\\" in version \\\"controller.kubeslice.io/v1alpha1\\\"\",\n                    \"ensure CRDs are installed first\",\n                ],\n            },\n        },\n    }\n    error while running command: exit status 1; error: resource mapping not found for name: \"profile4\" namespace: \"\" from \"/tmp/%20QosProfile%20tests%20QosProfile%20Create%20validation%20Creates%20qosprofile4265601235\": no matches for kind \"SliceQoSConfig\" in version \"controller.kubeslice.io/v1alpha1\"\n    ensure CRDs are installed first\noccurred","children":[{"name":"[It]  QosProfile tests QosProfile Create validation Creates qosprofile","uid":"cb10c1293ec9584b","parentUid":"6ac6cec55d45be89a6c7754ad97bfc85","status":"failed","time":{"start":1660138561000,"stop":1660138622535,"duration":61535},"flaky":false,"newFailed":false,"newPassed":false,"newBroken":false,"retriesCount":0,"retriesStatusChange":false,"parameters":[]}],"uid":"6ac6cec55d45be89a6c7754ad97bfc85"},{"name":"Unexpected error:\n    <*shell.ErrWithCmdOutput | 0xc000350030>: {\n        Underlying: <*exec.ExitError | 0xc000882040>{\n            ProcessState: {\n                pid: 6245,\n                status: 256,\n                rusage: {\n                    Utime: {Sec: 0, Usec: 140282},\n                    Stime: {Sec: 0, Usec: 31173},\n                    Maxrss: 75660,\n                    Ixrss: 0,\n                    Idrss: 0,\n                    Isrss: 0,\n                    Minflt: 11930,\n                    Majflt: 0,\n                    Nswap: 0,\n                    Inblock: 0,\n                    Oublock: 13392,\n                    Msgsnd: 0,\n                    Msgrcv: 0,\n                    Nsignals: 0,\n                    Nvcsw: 308,\n                    Nivcsw: 306,\n                },\n            },\n            Stderr: nil,\n        },\n        Output: {\n            stdout: {\n                Lines: nil,\n                merged: {\n                    Mutex: {state: 0, sema: 0},\n                    Lines: [\n                        \"The Project \\\"qostest\\\" is invalid: project namespace: Invalid value: \\\"kubeslice-qostest\\\": already exists\",\n                    ],\n                },\n            },\n            stderr: {\n                Lines: [\n                    \"The Project \\\"qostest\\\" is invalid: project namespace: Invalid value: \\\"kubeslice-qostest\\\": already exists\",\n                ],\n                merged: {\n                    Mutex: {state: 0, sema: 0},\n                    Lines: [\n                        \"The Project \\\"qostest\\\" is invalid: project namespace: Invalid value: \\\"kubeslice-qostest\\\": already exists\",\n                    ],\n                },\n            },\n            merged: {\n                Mutex: {state: 0, sema: 0},\n                Lines: [\n                    \"The Project \\\"qostest\\\" is invalid: project namespace: Invalid value: \\\"kubeslice-qostest\\\": already exists\",\n                ],\n            },\n        },\n    }\n    error while running command: exit status 1; The Project \"qostest\" is invalid: project namespace: Invalid value: \"kubeslice-qostest\": already exists\noccurred","children":[{"name":"[It]  QosProfile tests QosProfile delete validation Delete qos profile - negative scenario","uid":"78b4d108e91f188a","parentUid":"bc0eafc986ebff5a465aa51ebc46d499","status":"failed","time":{"start":1660138561000,"stop":1660138561246,"duration":246},"flaky":false,"newFailed":false,"newPassed":false,"newBroken":false,"retriesCount":0,"retriesStatusChange":false,"parameters":[]}],"uid":"bc0eafc986ebff5a465aa51ebc46d499"},{"name":"Unexpected error:\n    <*shell.ErrWithCmdOutput | 0xc0007401c8>: {\n        Underlying: <*exec.ExitError | 0xc000883f40>{\n            ProcessState: {\n                pid: 6222,\n                status: 256,\n                rusage: {\n                    Utime: {Sec: 0, Usec: 142304},\n                    Stime: {Sec: 0, Usec: 44724},\n                    Maxrss: 78268,\n                    Ixrss: 0,\n                    Idrss: 0,\n                    Isrss: 0,\n                    Minflt: 15397,\n                    Majflt: 0,\n                    Nswap: 0,\n                    Inblock: 0,\n                    Oublock: 13376,\n                    Msgsnd: 0,\n                    Msgrcv: 0,\n                    Nsignals: 0,\n                    Nvcsw: 453,\n                    Nivcsw: 315,\n                },\n            },\n            Stderr: nil,\n        },\n        Output: {\n            stdout: {\n                Lines: nil,\n                merged: {\n                    Mutex: {state: 0, sema: 0},\n                    Lines: [\n                        \"The Project \\\"projectupdatetest\\\" is invalid: project namespace: Invalid value: \\\"kubeslice-projectupdatetest\\\": already exists\",\n                    ],\n                },\n            },\n            stderr: {\n                Lines: [\n                    \"The Project \\\"projectupdatetest\\\" is invalid: project namespace: Invalid value: \\\"kubeslice-projectupdatetest\\\": already exists\",\n                ],\n                merged: {\n                    Mutex: {state: 0, sema: 0},\n                    Lines: [\n                        \"The Project \\\"projectupdatetest\\\" is invalid: project namespace: Invalid value: \\\"kubeslice-projectupdatetest\\\": already exists\",\n                    ],\n                },\n            },\n            merged: {\n                Mutex: {state: 0, sema: 0},\n                Lines: [\n                    \"The Project \\\"projectupdatetest\\\" is invalid: project namespace: Invalid value: \\\"kubeslice-projectupdatetest\\\": already exists\",\n                ],\n            },\n        },\n    }\n    error while running command: exit status 1; The Project \"projectupdatetest\" is invalid: project namespace: Invalid value: \"kubeslice-projectupdatetest\": already exists\noccurred","children":[{"name":"[It] Project CR test Project Update Should fail when Project is applied with service account name as blank in Write users","uid":"d4b3ab160ec3680e","parentUid":"958251cf1ae8df8569f36922cd0b888b","status":"failed","time":{"start":1660138561000,"stop":1660138621239,"duration":60239},"flaky":false,"newFailed":true,"newPassed":false,"newBroken":false,"retriesCount":0,"retriesStatusChange":false,"parameters":[]}],"uid":"958251cf1ae8df8569f36922cd0b888b"},{"name":"Timed out after 60.000s.\nExpected an error to have occurred.  Got:\n    <nil>: nil","children":[{"name":"[It] Project CR test Project Update Should Update successfullyy when Project is Applied with valid service account name in Read users","uid":"1c447c77637ef6e6","parentUid":"e1a88608c5bcfcf2888de6205e8787ce","status":"failed","time":{"start":1660138561000,"stop":1660138622974,"duration":61974},"flaky":false,"newFailed":true,"newPassed":false,"newBroken":false,"retriesCount":0,"retriesStatusChange":false,"parameters":[]}],"uid":"e1a88608c5bcfcf2888de6205e8787ce"},{"name":"Unexpected error:\n    <*shell.ErrWithCmdOutput | 0xc00000e2d0>: {\n        Underlying: <*exec.ExitError | 0xc00070d9a0>{\n            ProcessState: {\n                pid: 6163,\n                status: 256,\n                rusage: {\n                    Utime: {Sec: 0, Usec: 125726},\n                    Stime: {Sec: 0, Usec: 50290},\n                    Maxrss: 80680,\n                    Ixrss: 0,\n                    Idrss: 0,\n                    Isrss: 0,\n                    Minflt: 11880,\n                    Majflt: 0,\n                    Nswap: 0,\n                    Inblock: 0,\n                    Oublock: 13376,\n                    Msgsnd: 0,\n                    Msgrcv: 0,\n                    Nsignals: 0,\n                    Nvcsw: 357,\n                    Nivcsw: 221,\n                },\n            },\n            Stderr: nil,\n        },\n        Output: {\n            stdout: {\n                Lines: nil,\n                merged: {\n                    Mutex: {state: 0, sema: 0},\n                    Lines: [\n                        \"The Project \\\"projectupdatetest\\\" is invalid: project namespace: Invalid value: \\\"kubeslice-projectupdatetest\\\": already exists\",\n                    ],\n                },\n            },\n            stderr: {\n                Lines: [\n                    \"The Project \\\"projectupdatetest\\\" is invalid: project namespace: Invalid value: \\\"kubeslice-projectupdatetest\\\": already exists\",\n                ],\n                merged: {\n                    Mutex: {state: 0, sema: 0},\n                    Lines: [\n                        \"The Project \\\"projectupdatetest\\\" is invalid: project namespace: Invalid value: \\\"kubeslice-projectupdatetest\\\": already exists\",\n                    ],\n                },\n            },\n            merged: {\n                Mutex: {state: 0, sema: 0},\n                Lines: [\n                    \"The Project \\\"projectupdatetest\\\" is invalid: project namespace: Invalid value: \\\"kubeslice-projectupdatetest\\\": already exists\",\n                ],\n            },\n        },\n    }\n    error while running command: exit status 1; The Project \"projectupdatetest\" is invalid: project namespace: Invalid value: \"kubeslice-projectupdatetest\": already exists\noccurred","children":[{"name":"[It] Project CR test Project Update Should update successfully when Project applied with valid service account name in Write users","uid":"4b27d2266b825be1","parentUid":"5454cdfb22cd914ac6561c5e70a07a24","status":"failed","time":{"start":1660138561000,"stop":1660138621220,"duration":60220},"flaky":false,"newFailed":true,"newPassed":false,"newBroken":false,"retriesCount":0,"retriesStatusChange":false,"parameters":[]}],"uid":"5454cdfb22cd914ac6561c5e70a07a24"},{"name":"Unexpected error:\n    <*shell.ErrWithCmdOutput | 0xc000740810>: {\n        Underlying: <*exec.ExitError | 0xc000605860>{\n            ProcessState: {\n                pid: 6213,\n                status: 256,\n                rusage: {\n                    Utime: {Sec: 0, Usec: 124256},\n                    Stime: {Sec: 0, Usec: 44377},\n                    Maxrss: 76504,\n                    Ixrss: 0,\n                    Idrss: 0,\n                    Isrss: 0,\n                    Minflt: 14290,\n                    Majflt: 0,\n                    Nswap: 0,\n                    Inblock: 0,\n                    Oublock: 13376,\n                    Msgsnd: 0,\n                    Msgrcv: 0,\n                    Nsignals: 0,\n                    Nvcsw: 331,\n                    Nivcsw: 223,\n                },\n            },\n            Stderr: nil,\n        },\n        Output: {\n            stdout: {\n                Lines: nil,\n                merged: {\n                    Mutex: {state: 0, sema: 0},\n                    Lines: [\n                        \"The Project \\\"projectupdatetest\\\" is invalid: project namespace: Invalid value: \\\"kubeslice-projectupdatetest\\\": already exists\",\n                    ],\n                },\n            },\n            stderr: {\n                Lines: [\n                    \"The Project \\\"projectupdatetest\\\" is invalid: project namespace: Invalid value: \\\"kubeslice-projectupdatetest\\\": already exists\",\n                ],\n                merged: {\n                    Mutex: {state: 0, sema: 0},\n                    Lines: [\n                        \"The Project \\\"projectupdatetest\\\" is invalid: project namespace: Invalid value: \\\"kubeslice-projectupdatetest\\\": already exists\",\n                    ],\n                },\n            },\n            merged: {\n                Mutex: {state: 0, sema: 0},\n                Lines: [\n                    \"The Project \\\"projectupdatetest\\\" is invalid: project namespace: Invalid value: \\\"kubeslice-projectupdatetest\\\": already exists\",\n                ],\n            },\n        },\n    }\n    error while running command: exit status 1; The Project \"projectupdatetest\" is invalid: project namespace: Invalid value: \"kubeslice-projectupdatetest\": already exists\noccurred","children":[{"name":"[It] Project CR test Project Update Should fail when Project is Applied with service account name as combination of special characters in Write users","uid":"77175311e1f78a79","parentUid":"e1452cf97074c931e489f82ca7b7a5e6","status":"failed","time":{"start":1660138561000,"stop":1660138621228,"duration":60228},"flaky":false,"newFailed":true,"newPassed":false,"newBroken":false,"retriesCount":0,"retriesStatusChange":false,"parameters":[]}],"uid":"e1452cf97074c931e489f82ca7b7a5e6"},{"name":"Timed out after 210.004s.\nExpected an error to have occurred.  Got:\n    <nil>: nil","children":[{"name":"[AfterSuite]","uid":"e04308c4ddda2b80","parentUid":"c2296c6c7b3ca2ec966a340e9e31d37c","status":"failed","time":{"start":1660140253000,"stop":1660140463399,"duration":210399},"flaky":false,"newFailed":true,"newPassed":false,"newBroken":false,"retriesCount":0,"retriesStatusChange":false,"parameters":[]}],"uid":"c2296c6c7b3ca2ec966a340e9e31d37c"},{"name":"Unexpected error:\n    <*shell.ErrWithCmdOutput | 0xc0005160a8>: {\n        Underlying: <*exec.ExitError | 0xc00088a060>{\n            ProcessState: {\n                pid: 6387,\n                status: 256,\n                rusage: {\n                    Utime: {Sec: 1, Usec: 334564},\n                    Stime: {Sec: 0, Usec: 144612},\n                    Maxrss: 87036,\n                    Ixrss: 0,\n                    Idrss: 0,\n                    Isrss: 0,\n                    Minflt: 15334,\n                    Majflt: 0,\n                    Nswap: 0,\n                    Inblock: 24,\n                    Oublock: 15224,\n                    Msgsnd: 0,\n                    Msgrcv: 0,\n                    Nsignals: 0,\n                    Nvcsw: 2832,\n                    Nivcsw: 1603,\n                },\n            },\n            Stderr: nil,\n        },\n        Output: {\n            stdout: {\n                Lines: nil,\n                merged: {\n                    Mutex: {state: 0, sema: 0},\n                    Lines: [\n                        \"WARNING: Kubernetes configuration file is group-readable. This is insecure. Location: /e2e/assets/kubeconfig/kinde2e.yaml\",\n                        \"WARNING: Kubernetes configuration file is world-readable. This is insecure. Location: /e2e/assets/kubeconfig/kinde2e.yaml\",\n                        \"install.go:178: [debug] Original chart version: \\\"\\\"\",\n                        \"install.go:195: [debug] CHART PATH: /root/.cache/helm/repository/kubeslice-worker-0.4.1.tgz\",\n                        \"\",\n                        \"client.go:128: [debug] creating 1 resource(s)\",\n                        \"install.go:151: [debug] CRD serviceexports.networking.kubeslice.io is already present. Skipping.\",\n                        \"client.go:128: [debug] creating 1 resource(s)\",\n                        \"install.go:151: [debug] CRD serviceimports.networking.kubeslice.io is already present. Skipping.\",\n                        \"client.go:128: [debug] creating 1 resource(s)\",\n                        \"install.go:151: [debug] CRD slice.networking.kubeslice.io is already present. Skipping.\",\n                        \"client.go:128: [debug] creating 1 resource(s)\",\n                        \"install.go:151: [debug] CRD slicegateways.networking.kubeslice.io is already present. Skipping.\",\n                        \"client.go:128: [debug] creating 1 resource(s)\",\n                        \"install.go:151: [debug] CRD sliceresourcequotas.networking.kubeslice.io is already present. Skipping.\",\n                        \"client.go:128: [debug] creating 1 resource(s)\",\n                        \"Error: INSTALLATION FAILED: create: failed to create: secrets \\\"sh.helm.release.v1.kubeslice-worker.v1\\\" is forbidden: unable to create new content in namespace kubeslice-system because it is being terminated\",\n                        \"helm.go:84: [debug] secrets \\\"sh.helm.release.v1.kubeslice-worker.v1\\\" is forbidden: unable to create new content in namespace kubeslice-system because it is being terminated\",\n                        \"create: failed to create\",\n                        \"helm.sh/helm/v3/pkg/storage/driver.(*Secrets).Create\",\n                        \"\\thelm.sh/helm/v3/pkg/storage/driver/secrets.go:164\",\n                        \"helm.sh/helm/v3/pkg/storage.(*Storage).Create\",\n                        \"\\thelm.sh/helm/v3/pkg/storage/storage.go:69\",\n                        \"helm.sh/helm/v3/pkg/action.(*Install).RunWithContext\",\n                        \"\\thelm.sh/helm/v3/pkg/action/install.go:340\",\n                        \"main.runInstall\",\n                        \"\\thelm.sh/helm/v3/cmd/helm/install.go:264\",\n                        \"main.newInstallCmd.func2\",\n                        \"\\thelm.sh/helm/v3/cmd/helm/install.go:125\",\n                        \"github.com/spf13/cobra.(*Command).execute\",\n                        \"\\tgithub.com/spf13/cobra@v1.4.0/command.go:856\",\n                        \"github.com/spf13/cobra.(*Command).ExecuteC\",\n                        \"\\tgithub.com/spf13/cobra@v1.4.0/command.go:974...\n\nGomega truncated this representation as it exceeds 'format.MaxLength'.\nConsider having the object provide a custom 'GomegaStringer' representation\nor adjust the parameters in Gomega's 'format' package.\n\nLearn more here: https://onsi.github.io/gomega/#adjusting-output\n\n    error while running command: exit status 1; WARNING: Kubernetes configuration file is group-readable. This is insecure. Location: /e2e/assets/kubeconfig/kinde2e.yaml\n    WARNING: Kubernetes configuration file is world-readable. This is insecure. Location: /e2e/assets/kubeconfig/kinde2e.yaml\n    install.go:178: [debug] Original chart version: \"\"\n    install.go:195: [debug] CHART PATH: /root/.cache/helm/repository/kubeslice-worker-0.4.1.tgz\n    \n    client.go:128: [debug] creating 1 resource(s)\n    install.go:151: [debug] CRD serviceexports.networking.kubeslice.io is already present. Skipping.\n    client.go:128: [debug] creating 1 resource(s)\n    install.go:151: [debug] CRD serviceimports.networking.kubeslice.io is already present. Skipping.\n    client.go:128: [debug] creating 1 resource(s)\n    install.go:151: [debug] CRD slice.networking.kubeslice.io is already present. Skipping.\n    client.go:128: [debug] creating 1 resource(s)\n    install.go:151: [debug] CRD slicegateways.networking.kubeslice.io is already present. Skipping.\n    client.go:128: [debug] creating 1 resource(s)\n    install.go:151: [debug] CRD sliceresourcequotas.networking.kubeslice.io is already present. Skipping.\n    client.go:128: [debug] creating 1 resource(s)\n    Error: INSTALLATION FAILED: create: failed to create: secrets \"sh.helm.release.v1.kubeslice-worker.v1\" is forbidden: unable to create new content in namespace kubeslice-system because it is being terminated\n    helm.go:84: [debug] secrets \"sh.helm.release.v1.kubeslice-worker.v1\" is forbidden: unable to create new content in namespace kubeslice-system because it is being terminated\n    create: failed to create\n    helm.sh/helm/v3/pkg/storage/driver.(*Secrets).Create\n    \thelm.sh/helm/v3/pkg/storage/driver/secrets.go:164\n    helm.sh/helm/v3/pkg/storage.(*Storage).Create\n    \thelm.sh/helm/v3/pkg/storage/storage.go:69\n    helm.sh/helm/v3/pkg/action.(*Install).RunWithContext\n    \thelm.sh/helm/v3/pkg/action/install.go:340\n    main.runInstall\n    \thelm.sh/helm/v3/cmd/helm/install.go:264\n    main.newInstallCmd.func2\n    \thelm.sh/helm/v3/cmd/helm/install.go:125\n    github.com/spf13/cobra.(*Command).execute\n    \tgithub.com/spf13/cobra@v1.4.0/command.go:856\n    github.com/spf13/cobra.(*Command).ExecuteC\n    \tgithub.com/spf13/cobra@v1.4.0/command.go:974\n    github.com/spf13/cobra.(*Command).Execute\n    \tgithub.com/spf13/cobra@v1.4.0/command.go:902\n    main.main\n    \thelm.sh/helm/v3/cmd/helm/helm.go:83\n    runtime.main\n    \truntime/proc.go:255\n    runtime.goexit\n    \truntime/asm_amd64.s:1581\n    INSTALLATION FAILED\n    main.newInstallCmd.func2\n    \thelm.sh/helm/v3/cmd/helm/install.go:127\n    github.com/spf13/cobra.(*Command).execute\n    \tgithub.com/spf13/cobra@v1.4.0/command.go:856\n    github.com/spf13/cobra.(*Command).ExecuteC\n    \tgithub.com/spf13/cobra@v1.4.0/command.go:974\n    github.com/spf13/cobra.(*Command).Execute\n    \tgithub.com/spf13/cobra@v1.4.0/command.go:902\n    main.main\n    \thelm.sh/helm/v3/cmd/helm/helm.go:83\n    runtime.main\n    \truntime/proc.go:255\n    runtime.goexit\n    \truntime/asm_amd64.s:1581\noccurred","children":[{"name":"[BeforeSuite]","uid":"46c8e42a43003597","parentUid":"992410a86ed84e2a1622b0c246cdc406","status":"failed","time":{"start":1660140253000,"stop":1660140382402,"duration":129402},"flaky":false,"newFailed":false,"newPassed":false,"newBroken":false,"retriesCount":0,"retriesStatusChange":false,"parameters":[]}],"uid":"992410a86ed84e2a1622b0c246cdc406"}],"uid":"8fb3a91ba5aaf9de24cc8a92edc82b5d"}],"name":"categories"}