{"uid":"e72bdfe4039e6780","name":"[It] Project CR test Project Update Should update successfully when Project applied with valid service account name in Write users","historyId":"Hub Suite:Hub Suite#[It] Project CR test Project Update Should update successfully when Project applied with valid service account name in Write users","time":{"start":1663221793000,"stop":1663221862368,"duration":69368},"status":"failed","statusMessage":"Timed out after 60.000s.\nExpected\n    <bool>: false\nto be true","statusTrace":"/e2e/tests/hub/t_project_update_test.go:50\ngithub.com/kubeslice/kubeslice-e2e-automation/tests/hub_test.__ValidateProject({0x7f4e3092aaf8, 0xc0004c3140}, 0xc000080340, {{0x17fdad7, 0x11}, {0xc0004eb240, 0x1, 0x1}, {0xc0004eb280, 0x1, ...}})\n\t/e2e/tests/hub/t_project_update_test.go:50 +0x2bb\ngithub.com/kubeslice/kubeslice-e2e-automation/tests/hub_test.glob..func6.1.1()\n\t/e2e/tests/hub/t_project_update_test.go:93 +0x365","flaky":false,"newFailed":false,"newBroken":false,"newPassed":false,"retriesCount":0,"retriesStatusChange":false,"beforeStages":[],"testStage":{"steps":[{"name":"","time":{},"steps":[],"attachments":[],"parameters":[],"stepsCount":0,"attachmentsCount":0,"shouldDisplayMessage":false,"hasContent":false},{"name":"Report Entries:","time":{},"steps":[],"attachments":[],"parameters":[],"stepsCount":0,"attachmentsCount":0,"shouldDisplayMessage":false,"hasContent":false},{"name":"By Step","time":{},"steps":[],"attachments":[],"parameters":[],"stepsCount":0,"attachmentsCount":0,"shouldDisplayMessage":false,"hasContent":false},{"name":"/e2e/tests/hub/t_project_update_test.go:86","time":{},"steps":[],"attachments":[],"parameters":[],"stepsCount":0,"attachmentsCount":0,"shouldDisplayMessage":false,"hasContent":false},{"name":"2022-09-15T06:06:01.046304415Z","time":{},"steps":[],"attachments":[],"parameters":[],"stepsCount":0,"attachmentsCount":0,"shouldDisplayMessage":false,"hasContent":false},{"name":"&{Text:Creates Project using yaml Duration:0s}","time":{},"steps":[],"attachments":[],"parameters":[],"stepsCount":0,"attachmentsCount":0,"shouldDisplayMessage":false,"hasContent":false},{"name":"--","time":{},"steps":[],"attachments":[],"parameters":[],"stepsCount":0,"attachmentsCount":0,"shouldDisplayMessage":false,"hasContent":false},{"name":"By Step","time":{},"steps":[],"attachments":[],"parameters":[],"stepsCount":0,"attachmentsCount":0,"shouldDisplayMessage":false,"hasContent":false},{"name":"/e2e/tests/hub/t_project_update_test.go:91","time":{},"steps":[],"attachments":[],"parameters":[],"stepsCount":0,"attachmentsCount":0,"shouldDisplayMessage":false,"hasContent":false},{"name":"2022-09-15T06:06:01.304680264Z","time":{},"steps":[],"attachments":[],"parameters":[],"stepsCount":0,"attachmentsCount":0,"shouldDisplayMessage":false,"hasContent":false},{"name":"&{Text:Waiting for project reconciliation Duration:0s}","time":{},"steps":[],"attachments":[],"parameters":[],"stepsCount":0,"attachmentsCount":0,"shouldDisplayMessage":false,"hasContent":false},{"name":"--","time":{},"steps":[],"attachments":[],"parameters":[],"stepsCount":0,"attachmentsCount":0,"shouldDisplayMessage":false,"hasContent":false},{"name":"By Step","time":{},"steps":[],"attachments":[],"parameters":[],"stepsCount":0,"attachmentsCount":0,"shouldDisplayMessage":false,"hasContent":false},{"name":"/e2e/tests/hub/t_project_update_test.go:97","time":{},"steps":[],"attachments":[],"parameters":[],"stepsCount":0,"attachmentsCount":0,"shouldDisplayMessage":false,"hasContent":false},{"name":"2022-09-15T06:07:02.315395608Z","time":{},"steps":[],"attachments":[],"parameters":[],"stepsCount":0,"attachmentsCount":0,"shouldDisplayMessage":false,"hasContent":false},{"name":"&{Text:Uninstall the newly created project Duration:0s}","time":{},"steps":[],"attachments":[],"parameters":[],"stepsCount":0,"attachmentsCount":0,"shouldDisplayMessage":false,"hasContent":false},{"name":"--","time":{},"steps":[],"attachments":[],"parameters":[],"stepsCount":0,"attachmentsCount":0,"shouldDisplayMessage":false,"hasContent":false},{"name":"By Step","time":{},"steps":[],"attachments":[],"parameters":[],"stepsCount":0,"attachmentsCount":0,"shouldDisplayMessage":false,"hasContent":false},{"name":"/e2e/tests/hub/t_project_update_test.go:100","time":{},"steps":[],"attachments":[],"parameters":[],"stepsCount":0,"attachmentsCount":0,"shouldDisplayMessage":false,"hasContent":false},{"name":"2022-09-15T06:07:05.373037509Z","time":{},"steps":[],"attachments":[],"parameters":[],"stepsCount":0,"attachmentsCount":0,"shouldDisplayMessage":false,"hasContent":false},{"name":"&{Text:Waiting for project deletion Duration:0s}","time":{},"steps":[],"attachments":[],"parameters":[],"stepsCount":0,"attachmentsCount":0,"shouldDisplayMessage":false,"hasContent":false}],"attachments":[],"parameters":[],"stepsCount":21,"attachmentsCount":0,"shouldDisplayMessage":false,"hasContent":true},"afterStages":[],"labels":[{"name":"resultFormat","value":"junit"},{"name":"suite","value":"Hub Suite"},{"name":"testClass","value":"Hub Suite"},{"name":"package","value":"Hub Suite"}],"parameters":[],"links":[],"hidden":false,"retry":false,"extra":{"severity":"normal","retries":[],"categories":[{"name":"Product defects","matchedStatuses":[],"flaky":false}],"history":{"statistic":{"failed":20,"broken":0,"skipped":0,"passed":174,"unknown":0,"total":194},"items":[{"uid":"49c1ffb1f3e04a80","status":"failed","statusDetails":"Timed out after 60.001s.\nExpected\n    <bool>: false\nto be true","time":{"start":1663214989000,"stop":1663215055906,"duration":66906}},{"uid":"c7eb196f30cb7fb7","status":"failed","statusDetails":"Timed out after 60.000s.\nExpected\n    <bool>: false\nto be true","time":{"start":1663181177000,"stop":1663181298315,"duration":121315}},{"uid":"a38b7cbabc139a1b","status":"failed","statusDetails":"Unexpected error:\n    <*shell.ErrWithCmdOutput | 0xc000276d80>: {\n        Underlying: <*exec.ExitError | 0xc0005f2020>{\n            ProcessState: {\n                pid: 7548,\n                status: 256,\n                rusage: {\n                    Utime: {Sec: 0, Usec: 231434},\n                    Stime: {Sec: 0, Usec: 45460},\n                    Maxrss: 83196,\n                    Ixrss: 0,\n                    Idrss: 0,\n                    Isrss: 0,\n                    Minflt: 4045,\n                    Majflt: 0,\n                    Nswap: 0,\n                    Inblock: 0,\n                    Oublock: 12880,\n                    Msgsnd: 0,\n                    Msgrcv: 0,\n                    Nsignals: 0,\n                    Nvcsw: 385,\n                    Nivcsw: 251,\n                },\n            },\n            Stderr: nil,\n        },\n        Output: {\n            stdout: {\n                Lines: nil,\n                merged: {\n                    Mutex: {state: 0, sema: 0},\n                    Lines: [\n                        \"Error from server (InternalError): error when creating \\\"/tmp/Project%20CR%20test%20Project%20Update%20Should%20update%20successfully%20when%20Project%20applied%20with%20valid%20service%20account%20name%20in%20Write%20users972447956\\\": Internal error occurred: failed calling webhook \\\"mproject.kb.io\\\": failed to call webhook: Post \\\"https://kubeslice-controller-webhook-service.kubeslice-controller.svc:443/mutate-controller-kubeslice-io-v1alpha1-project?timeout=10s\\\": dial tcp 10.96.166.127:443: connect: connection refused\",\n                    ],\n                },\n            },\n            stderr: {\n                Lines: [\n                    \"Error from server (InternalError): error when creating \\\"/tmp/Project%20CR%20test%20Project%20Update%20Should%20update%20successfully%20when%20Project%20applied%20with%20valid%20service%20account%20name%20in%20Write%20users972447956\\\": Internal error occurred: failed calling webhook \\\"mproject.kb.io\\\": failed to call webhook: Post \\\"https://kubeslice-controller-webhook-service.kubeslice-controller.svc:443/mutate-controller-kubeslice-io-v1alpha1-project?timeout=10s\\\": dial tcp 10.96.166.127:443: connect: connection refused\",\n                ],\n                merged: {\n                    Mutex: {state: 0, sema: 0},\n                    Lines: [\n                        \"Error from server (InternalError): error when creating \\\"/tmp/Project%20CR%20test%20Project%20Update%20Should%20update%20successfully%20when%20Project%20applied%20with%20valid%20service%20account%20name%20in%20Write%20users972447956\\\": Internal error occurred: failed calling webhook \\\"mproject.kb.io\\\": failed to call webhook: Post \\\"https://kubeslice-controller-webhook-service.kubeslice-controller.svc:443/mutate-controller-kubeslice-io-v1alpha1-project?timeout=10s\\\": dial tcp 10.96.166.127:443: connect: connection refused\",\n                    ],\n                },\n            },\n            merged: {\n                Mutex: {state: 0, sema: 0},\n                Lines: [\n                    \"Error from server (InternalError): error when creating \\\"/tmp/Project%20CR%20test%20Project%20Update%20Should%20update%20successfully%20when%20Project%20applied%20with%20valid%20service%20account%20name%20in%20Write%20users972447956\\\": Internal error occurred: failed calling webhook \\\"mproject.kb.io\\\": failed to call webhook: Post \\\"https://kubeslice-controller-webhook-service.kubeslice-controller.svc:443/mutate-controller-kubeslice-io-v1alpha1-project?timeout=10s\\\": dial tcp 10.96.166.127:443: connect: connection refused\",\n                ],\n            },\n        },\n    }\n    error while running command: exit status 1; Error from server (InternalError): error when creating \"/tmp/Project%20CR%20test%20Project%20Update%20Should%20update%20successfully%20when%20Project%20applied%20with%20valid%20service%20account%20name%20in%20Write%20users972447956\": Internal error occurred: failed calling webhook \"mproject.kb.io\": failed to call webhook: Post \"https://kubeslice-controller-webhook-service.kubeslice-controller.svc:443/mutate-controller-kubeslice-io-v1alpha1-project?timeout=10s\": dial tcp 10.96.166.127:443: connect: connection refused\noccurred","time":{"start":1663179164000,"stop":1663179164337,"duration":337}},{"uid":"7aa9caa47a6aa6e3","status":"passed","time":{"start":1663042493000,"stop":1663042497225,"duration":4225}},{"uid":"b9b2bc8a047e8604","status":"passed","time":{"start":1663041865000,"stop":1663041869495,"duration":4495}},{"uid":"e0e0c5457daf9c48","status":"failed","statusDetails":"Timed out after 60.001s.\nExpected\n    <bool>: false\nto be true","time":{"start":1663039902000,"stop":1663039968530,"duration":66530}},{"uid":"df30b7445b8acad4","status":"passed","time":{"start":1663009431000,"stop":1663009435254,"duration":4254}},{"uid":"e4174face24546fe","status":"passed","time":{"start":1662978562000,"stop":1662978566522,"duration":4522}},{"uid":"c2513ee65636d512","status":"passed","time":{"start":1662702362000,"stop":1662702367150,"duration":5150}},{"uid":"1ae1088a53113f9e","status":"failed","statusDetails":"Timed out after 60.001s.\nExpected\n    <bool>: false\nto be true","time":{"start":1662553059000,"stop":1662553126501,"duration":67501}},{"uid":"9be54b046d86d320","status":"failed","statusDetails":"Timed out after 60.001s.\nExpected\n    <bool>: false\nto be true","time":{"start":1662553042000,"stop":1662553163299,"duration":121299}},{"uid":"2d716a1a2f20beff","status":"passed","time":{"start":1662467486000,"stop":1662467491127,"duration":5127}},{"uid":"49f5cafe38f26cf2","status":"failed","statusDetails":"Timed out after 60.000s.\nExpected\n    <bool>: false\nto be true","time":{"start":1662374048000,"stop":1662374169349,"duration":121349}},{"uid":"245281f4b9ca89bf","status":"failed","statusDetails":"Unexpected error:\n    <*shell.ErrWithCmdOutput | 0xc0003cc138>: {\n        Underlying: <*exec.ExitError | 0xc000706040>{\n            ProcessState: {\n                pid: 7153,\n                status: 256,\n                rusage: {\n                    Utime: {Sec: 0, Usec: 234562},\n                    Stime: {Sec: 0, Usec: 47781},\n                    Maxrss: 84968,\n                    Ixrss: 0,\n                    Idrss: 0,\n                    Isrss: 0,\n                    Minflt: 3032,\n                    Majflt: 0,\n                    Nswap: 0,\n                    Inblock: 0,\n                    Oublock: 13344,\n                    Msgsnd: 0,\n                    Msgrcv: 0,\n                    Nsignals: 0,\n                    Nvcsw: 350,\n                    Nivcsw: 295,\n                },\n            },\n            Stderr: nil,\n        },\n        Output: {\n            stdout: {\n                Lines: nil,\n                merged: {\n                    Mutex: {state: 0, sema: 0},\n                    Lines: [\n                        \"Error from server (InternalError): error when creating \\\"/tmp/Project%20CR%20test%20Project%20Update%20Should%20update%20successfully%20when%20Project%20applied%20with%20valid%20service%20account%20name%20in%20Write%20users1354068921\\\": Internal error occurred: failed calling webhook \\\"mproject.kb.io\\\": failed to call webhook: Post \\\"https://kubeslice-controller-webhook-service.kubeslice-controller.svc:443/mutate-controller-kubeslice-io-v1alpha1-project?timeout=10s\\\": dial tcp 10.96.241.207:443: connect: connection refused\",\n                    ],\n                },\n            },\n            stderr: {\n                Lines: [\n                    \"Error from server (InternalError): error when creating \\\"/tmp/Project%20CR%20test%20Project%20Update%20Should%20update%20successfully%20when%20Project%20applied%20with%20valid%20service%20account%20name%20in%20Write%20users1354068921\\\": Internal error occurred: failed calling webhook \\\"mproject.kb.io\\\": failed to call webhook: Post \\\"https://kubeslice-controller-webhook-service.kubeslice-controller.svc:443/mutate-controller-kubeslice-io-v1alpha1-project?timeout=10s\\\": dial tcp 10.96.241.207:443: connect: connection refused\",\n                ],\n                merged: {\n                    Mutex: {state: 0, sema: 0},\n                    Lines: [\n                        \"Error from server (InternalError): error when creating \\\"/tmp/Project%20CR%20test%20Project%20Update%20Should%20update%20successfully%20when%20Project%20applied%20with%20valid%20service%20account%20name%20in%20Write%20users1354068921\\\": Internal error occurred: failed calling webhook \\\"mproject.kb.io\\\": failed to call webhook: Post \\\"https://kubeslice-controller-webhook-service.kubeslice-controller.svc:443/mutate-controller-kubeslice-io-v1alpha1-project?timeout=10s\\\": dial tcp 10.96.241.207:443: connect: connection refused\",\n                    ],\n                },\n            },\n            merged: {\n                Mutex: {state: 0, sema: 0},\n                Lines: [\n                    \"Error from server (InternalError): error when creating \\\"/tmp/Project%20CR%20test%20Project%20Update%20Should%20update%20successfully%20when%20Project%20applied%20with%20valid%20service%20account%20name%20in%20Write%20users1354068921\\\": Internal error occurred: failed calling webhook \\\"mproject.kb.io\\\": failed to call webhook: Post \\\"https://kubeslice-controller-webhook-service.kubeslice-controller.svc:443/mutate-controller-kubeslice-io-v1alpha1-project?timeout=10s\\\": dial tcp 10.96.241.207:443: connect: connection refused\",\n                ],\n            },\n        },\n    }\n    error while running command: exit status 1; Error from server (InternalError): error when creating \"/tmp/Project%20CR%20test%20Project%20Update%20Should%20update%20successfully%20when%20Project%20applied%20with%20valid%20service%20account%20name%20in%20Write%20users1354068921\": Internal error occurred: failed calling webhook \"mproject.kb.io\": failed to call webhook: Post \"https://kubeslice-controller-webhook-service.kubeslice-controller.svc:443/mutate-controller-kubeslice-io-v1alpha1-project?timeout=10s\": dial tcp 10.96.241.207:443: connect: connection refused\noccurred","time":{"start":1662374250000,"stop":1662374250333,"duration":333}},{"uid":"c178cb61eb1e5f2b","status":"passed","time":{"start":1662361116000,"stop":1662361121163,"duration":5163}},{"uid":"5daface006d6f9ad","status":"passed","time":{"start":1662347286000,"stop":1662347291164,"duration":5164}},{"uid":"5d571f8de3845747","status":"passed","time":{"start":1662049179000,"stop":1662049183659,"duration":4659}},{"uid":"6d0da5f0006f1ef","status":"passed","time":{"start":1662048808000,"stop":1662048812453,"duration":4453}},{"uid":"fc990ea1b07ba8f4","status":"passed","time":{"start":1662036991000,"stop":1662036996125,"duration":5125}},{"uid":"7f112da4ef629a28","status":"failed","statusDetails":"Unexpected error:\n    <*shell.ErrWithCmdOutput | 0xc0007bb128>: {\n        Underlying: <*exec.ExitError | 0xc00091dca0>{\n            ProcessState: {\n                pid: 9099,\n                status: 256,\n                rusage: {\n                    Utime: {Sec: 0, Usec: 141659},\n                    Stime: {Sec: 0, Usec: 60711},\n                    Maxrss: 84436,\n                    Ixrss: 0,\n                    Idrss: 0,\n                    Isrss: 0,\n                    Minflt: 4369,\n                    Majflt: 0,\n                    Nswap: 0,\n                    Inblock: 0,\n                    Oublock: 13344,\n                    Msgsnd: 0,\n                    Msgrcv: 0,\n                    Nsignals: 0,\n                    Nvcsw: 363,\n                    Nivcsw: 279,\n                },\n            },\n            Stderr: nil,\n        },\n        Output: {\n            stdout: {\n                Lines: nil,\n                merged: {\n                    Mutex: {state: 0, sema: 0},\n                    Lines: [\n                        \"Error from server (InternalError): error when applying patch:\",\n                        \"{\\\"status\\\":{}}\",\n                        \"to:\",\n                        \"Resource: \\\"controller.kubeslice.io/v1alpha1, Resource=projects\\\", GroupVersionKind: \\\"controller.kubeslice.io/v1alpha1, Kind=Project\\\"\",\n                        \"Name: \\\"projectupdatetest\\\", Namespace: \\\"kubeslice-controller\\\"\",\n                        \"for: \\\"/tmp/Project%20CR%20test%20Project%20Update%20Should%20update%20successfully%20when%20Project%20applied%20with%20valid%20service%20account%20name%20in%20Write%20users1081897832\\\": error when patching \\\"/tmp/Project%20CR%20test%20Project%20Update%20Should%20update%20successfully%20when%20Project%20applied%20with%20valid%20service%20account%20name%20in%20Write%20users1081897832\\\": Internal error occurred: failed calling webhook \\\"mproject.kb.io\\\": failed to call webhook: Post \\\"https://kubeslice-controller-webhook-service.kubeslice-controller.svc:443/mutate-controller-kubeslice-io-v1alpha1-project?timeout=10s\\\": dial tcp 10.96.231.22:443: connect: connection refused\",\n                    ],\n                },\n            },\n            stderr: {\n                Lines: [\n                    \"Error from server (InternalError): error when applying patch:\",\n                    \"{\\\"status\\\":{}}\",\n                    \"to:\",\n                    \"Resource: \\\"controller.kubeslice.io/v1alpha1, Resource=projects\\\", GroupVersionKind: \\\"controller.kubeslice.io/v1alpha1, Kind=Project\\\"\",\n                    \"Name: \\\"projectupdatetest\\\", Namespace: \\\"kubeslice-controller\\\"\",\n                    \"for: \\\"/tmp/Project%20CR%20test%20Project%20Update%20Should%20update%20successfully%20when%20Project%20applied%20with%20valid%20service%20account%20name%20in%20Write%20users1081897832\\\": error when patching \\\"/tmp/Project%20CR%20test%20Project%20Update%20Should%20update%20successfully%20when%20Project%20applied%20with%20valid%20service%20account%20name%20in%20Write%20users1081897832\\\": Internal error occurred: failed calling webhook \\\"mproject.kb.io\\\": failed to call webhook: Post \\\"https://kubeslice-controller-webhook-service.kubeslice-controller.svc:443/mutate-controller-kubeslice-io-v1alpha1-project?timeout=10s\\\": dial tcp 10.96.231.22:443: connect: connection refused\",\n                ],\n                merged: {\n                    Mutex: {state: 0, sema: 0},\n                    Lines: [\n                        \"Error from server (InternalError): error when applying patch:\",\n                        \"{\\\"status\\\":{}}\",\n                        \"to:\",\n                        \"Resource: \\\"controller.kubeslice.io/v1alpha1, Resource=projects\\\", GroupVersionKind: \\\"controller.kubeslice.io/v1alpha1, Kind=Project\\\"\",\n                        \"Name: \\\"projectupdatetest\\\", Namespace: \\\"kubeslice-controller\\\"\",\n                        \"for: \\\"/tmp/Project%20CR%20test%20Project%20Update%20Should%20update%20successfully%20when%20Project%20applied%20with%20valid%20service%20account%20n...\n\nGomega truncated this representation as it exceeds 'format.MaxLength'.\nConsider having the object provide a custom 'GomegaStringer' representation\nor adjust the parameters in Gomega's 'format' package.\n\nLearn more here: https://onsi.github.io/gomega/#adjusting-output\n\n    error while running command: exit status 1; Error from server (InternalError): error when applying patch:\n    {\"status\":{}}\n    to:\n    Resource: \"controller.kubeslice.io/v1alpha1, Resource=projects\", GroupVersionKind: \"controller.kubeslice.io/v1alpha1, Kind=Project\"\n    Name: \"projectupdatetest\", Namespace: \"kubeslice-controller\"\n    for: \"/tmp/Project%20CR%20test%20Project%20Update%20Should%20update%20successfully%20when%20Project%20applied%20with%20valid%20service%20account%20name%20in%20Write%20users1081897832\": error when patching \"/tmp/Project%20CR%20test%20Project%20Update%20Should%20update%20successfully%20when%20Project%20applied%20with%20valid%20service%20account%20name%20in%20Write%20users1081897832\": Internal error occurred: failed calling webhook \"mproject.kb.io\": failed to call webhook: Post \"https://kubeslice-controller-webhook-service.kubeslice-controller.svc:443/mutate-controller-kubeslice-io-v1alpha1-project?timeout=10s\": dial tcp 10.96.231.22:443: connect: connection refused\noccurred","time":{"start":1662031654000,"stop":1662031714303,"duration":60303}}]},"tags":[]},"source":"e72bdfe4039e6780.json","parameterValues":[]}