{"uid":"4b4757e66a1912dae1a509f688f20b0f","children":[{"name":"Product defects","children":[{"name":"Unexpected error:\n    <*shell.ErrWithCmdOutput | 0xc000440588>: {\n        Underlying: <*exec.ExitError | 0xc00069ce80>{\n            ProcessState: {\n                pid: 6207,\n                status: 256,\n                rusage: {\n                    Utime: {Sec: 0, Usec: 142940},\n                    Stime: {Sec: 0, Usec: 54085},\n                    Maxrss: 71516,\n                    Ixrss: 0,\n                    Idrss: 0,\n                    Isrss: 0,\n                    Minflt: 9785,\n                    Majflt: 0,\n                    Nswap: 0,\n                    Inblock: 0,\n                    Oublock: 13392,\n                    Msgsnd: 0,\n                    Msgrcv: 0,\n                    Nsignals: 0,\n                    Nvcsw: 360,\n                    Nivcsw: 433,\n                },\n            },\n            Stderr: nil,\n        },\n        Output: {\n            stdout: {\n                Lines: nil,\n                merged: {\n                    Mutex: {state: 0, sema: 0},\n                    Lines: [\n                        \"The Project \\\"projectupdatetest\\\" is invalid: project namespace: Invalid value: \\\"kubeslice-projectupdatetest\\\": already exists\",\n                    ],\n                },\n            },\n            stderr: {\n                Lines: [\n                    \"The Project \\\"projectupdatetest\\\" is invalid: project namespace: Invalid value: \\\"kubeslice-projectupdatetest\\\": already exists\",\n                ],\n                merged: {\n                    Mutex: {state: 0, sema: 0},\n                    Lines: [\n                        \"The Project \\\"projectupdatetest\\\" is invalid: project namespace: Invalid value: \\\"kubeslice-projectupdatetest\\\": already exists\",\n                    ],\n                },\n            },\n            merged: {\n                Mutex: {state: 0, sema: 0},\n                Lines: [\n                    \"The Project \\\"projectupdatetest\\\" is invalid: project namespace: Invalid value: \\\"kubeslice-projectupdatetest\\\": already exists\",\n                ],\n            },\n        },\n    }\n    error while running command: exit status 1; The Project \"projectupdatetest\" is invalid: project namespace: Invalid value: \"kubeslice-projectupdatetest\": already exists\noccurred","children":[{"name":"[It] Project CR test Project Update Should update successfully when Project Applied while removing a service account name in Write users","uid":"41d250106816d54b","parentUid":"6b49ec3a9f6468859f98305195aca17d","status":"failed","time":{"start":1660060680000,"stop":1660060740279,"duration":60279},"flaky":false,"newFailed":true,"newPassed":false,"newBroken":false,"retriesCount":0,"retriesStatusChange":false,"parameters":[]}],"uid":"6b49ec3a9f6468859f98305195aca17d"},{"name":"Unexpected error:\n    <*shell.ErrWithCmdOutput | 0xc00060cdb0>: {\n        Underlying: <*exec.ExitError | 0xc0004252e0>{\n            ProcessState: {\n                pid: 6197,\n                status: 256,\n                rusage: {\n                    Utime: {Sec: 0, Usec: 149465},\n                    Stime: {Sec: 0, Usec: 35399},\n                    Maxrss: 78268,\n                    Ixrss: 0,\n                    Idrss: 0,\n                    Isrss: 0,\n                    Minflt: 8179,\n                    Majflt: 0,\n                    Nswap: 0,\n                    Inblock: 0,\n                    Oublock: 13392,\n                    Msgsnd: 0,\n                    Msgrcv: 0,\n                    Nsignals: 0,\n                    Nvcsw: 378,\n                    Nivcsw: 213,\n                },\n            },\n            Stderr: nil,\n        },\n        Output: {\n            stdout: {\n                Lines: nil,\n                merged: {\n                    Mutex: {state: 0, sema: 0},\n                    Lines: [\n                        \"The Project \\\"projectupdatetest\\\" is invalid: project namespace: Invalid value: \\\"kubeslice-projectupdatetest\\\": already exists\",\n                    ],\n                },\n            },\n            stderr: {\n                Lines: [\n                    \"The Project \\\"projectupdatetest\\\" is invalid: project namespace: Invalid value: \\\"kubeslice-projectupdatetest\\\": already exists\",\n                ],\n                merged: {\n                    Mutex: {state: 0, sema: 0},\n                    Lines: [\n                        \"The Project \\\"projectupdatetest\\\" is invalid: project namespace: Invalid value: \\\"kubeslice-projectupdatetest\\\": already exists\",\n                    ],\n                },\n            },\n            merged: {\n                Mutex: {state: 0, sema: 0},\n                Lines: [\n                    \"The Project \\\"projectupdatetest\\\" is invalid: project namespace: Invalid value: \\\"kubeslice-projectupdatetest\\\": already exists\",\n                ],\n            },\n        },\n    }\n    error while running command: exit status 1; The Project \"projectupdatetest\" is invalid: project namespace: Invalid value: \"kubeslice-projectupdatetest\": already exists\noccurred","children":[{"name":"[It] Project CR test Project Update Should update successfully when Project Applied while removing a service account name in Read users","uid":"e98d1bd13a3a07c6","parentUid":"7b0583c14abe007e0005bebb606f8fbc","status":"failed","time":{"start":1660060680000,"stop":1660060740234,"duration":60234},"flaky":false,"newFailed":true,"newPassed":false,"newBroken":false,"retriesCount":0,"retriesStatusChange":false,"parameters":[]}],"uid":"7b0583c14abe007e0005bebb606f8fbc"},{"name":"Timed out after 60.000s.\nExpected an error to have occurred.  Got:\n    <nil>: nil","children":[{"name":"[It] Project CR test Project Creation Should fail while creating service accounts as combination of special characters","uid":"7ef5d2d43892af9e","parentUid":"e1a88608c5bcfcf2888de6205e8787ce","status":"failed","time":{"start":1660060680000,"stop":1660060740246,"duration":60246},"flaky":false,"newFailed":true,"newPassed":false,"newBroken":false,"retriesCount":0,"retriesStatusChange":false,"parameters":[]},{"name":"[It] Project CR test Project Creation Should create Project while using valid manifest","uid":"aad422cbc9db9a0e","parentUid":"e1a88608c5bcfcf2888de6205e8787ce","status":"failed","time":{"start":1660060680000,"stop":1660060741576,"duration":61576},"flaky":false,"newFailed":true,"newPassed":false,"newBroken":false,"retriesCount":0,"retriesStatusChange":false,"parameters":[]},{"name":"[It] Project CR test Project Update Should Update successfullyy when Project is Applied with valid service account name in Read users","uid":"779a1354bf4bee19","parentUid":"e1a88608c5bcfcf2888de6205e8787ce","status":"failed","time":{"start":1660060680000,"stop":1660060742122,"duration":62122},"flaky":false,"newFailed":true,"newPassed":false,"newBroken":false,"retriesCount":0,"retriesStatusChange":false,"parameters":[]}],"uid":"e1a88608c5bcfcf2888de6205e8787ce"},{"name":"Unexpected error:\n    <*shell.ErrWithCmdOutput | 0xc0005f8018>: {\n        Underlying: <*exec.ExitError | 0xc00014a040>{\n            ProcessState: {\n                pid: 6188,\n                status: 256,\n                rusage: {\n                    Utime: {Sec: 0, Usec: 130925},\n                    Stime: {Sec: 0, Usec: 50059},\n                    Maxrss: 75668,\n                    Ixrss: 0,\n                    Idrss: 0,\n                    Isrss: 0,\n                    Minflt: 6343,\n                    Majflt: 0,\n                    Nswap: 0,\n                    Inblock: 0,\n                    Oublock: 13392,\n                    Msgsnd: 0,\n                    Msgrcv: 0,\n                    Nsignals: 0,\n                    Nvcsw: 370,\n                    Nivcsw: 270,\n                },\n            },\n            Stderr: nil,\n        },\n        Output: {\n            stdout: {\n                Lines: nil,\n                merged: {\n                    Mutex: {state: 0, sema: 0},\n                    Lines: [\n                        \"The Project \\\"projectupdatetest\\\" is invalid: project namespace: Invalid value: \\\"kubeslice-projectupdatetest\\\": already exists\",\n                    ],\n                },\n            },\n            stderr: {\n                Lines: [\n                    \"The Project \\\"projectupdatetest\\\" is invalid: project namespace: Invalid value: \\\"kubeslice-projectupdatetest\\\": already exists\",\n                ],\n                merged: {\n                    Mutex: {state: 0, sema: 0},\n                    Lines: [\n                        \"The Project \\\"projectupdatetest\\\" is invalid: project namespace: Invalid value: \\\"kubeslice-projectupdatetest\\\": already exists\",\n                    ],\n                },\n            },\n            merged: {\n                Mutex: {state: 0, sema: 0},\n                Lines: [\n                    \"The Project \\\"projectupdatetest\\\" is invalid: project namespace: Invalid value: \\\"kubeslice-projectupdatetest\\\": already exists\",\n                ],\n            },\n        },\n    }\n    error while running command: exit status 1; The Project \"projectupdatetest\" is invalid: project namespace: Invalid value: \"kubeslice-projectupdatetest\": already exists\noccurred","children":[{"name":"[It] Project CR test Project Update Should update successfully when Project applied with valid service account name in Write users","uid":"617f2816f7cb3ff6","parentUid":"1f294a2c3e9034129663049a486b5bd8","status":"failed","time":{"start":1660060680000,"stop":1660060740241,"duration":60241},"flaky":false,"newFailed":true,"newPassed":false,"newBroken":false,"retriesCount":0,"retriesStatusChange":false,"parameters":[]}],"uid":"1f294a2c3e9034129663049a486b5bd8"},{"name":"Timed out after 60.001s.\nExpected an error to have occurred.  Got:\n    <nil>: nil","children":[{"name":"[It] Project CR test Project Creation Should create Multiple Projects in controller using valid manifest","uid":"bedd78fdd1861db2","parentUid":"c3605d3c35f7c6c4b2c288f323d39711","status":"failed","time":{"start":1660060680000,"stop":1660060801582,"duration":121582},"flaky":false,"newFailed":true,"newPassed":false,"newBroken":false,"retriesCount":0,"retriesStatusChange":false,"parameters":[]},{"name":"[It] Project CR test Project Deletion Should fail when deleting a project that does not exist","uid":"cd8efa348f4bffb9","parentUid":"c3605d3c35f7c6c4b2c288f323d39711","status":"failed","time":{"start":1660060680000,"stop":1660060741664,"duration":61664},"flaky":false,"newFailed":true,"newPassed":false,"newBroken":false,"retriesCount":0,"retriesStatusChange":false,"parameters":[]}],"uid":"c3605d3c35f7c6c4b2c288f323d39711"},{"name":"Unexpected error:\n    <*shell.ErrWithCmdOutput | 0xc0005f9128>: {\n        Underlying: <*exec.ExitError | 0xc000499aa0>{\n            ProcessState: {\n                pid: 6234,\n                status: 256,\n                rusage: {\n                    Utime: {Sec: 0, Usec: 141945},\n                    Stime: {Sec: 0, Usec: 66797},\n                    Maxrss: 78596,\n                    Ixrss: 0,\n                    Idrss: 0,\n                    Isrss: 0,\n                    Minflt: 14907,\n                    Majflt: 0,\n                    Nswap: 0,\n                    Inblock: 0,\n                    Oublock: 13392,\n                    Msgsnd: 0,\n                    Msgrcv: 0,\n                    Nsignals: 0,\n                    Nvcsw: 339,\n                    Nivcsw: 256,\n                },\n            },\n            Stderr: nil,\n        },\n        Output: {\n            stdout: {\n                Lines: nil,\n                merged: {\n                    Mutex: {state: 0, sema: 0},\n                    Lines: [\n                        \"The Project \\\"projectupdatetest\\\" is invalid: project namespace: Invalid value: \\\"kubeslice-projectupdatetest\\\": already exists\",\n                    ],\n                },\n            },\n            stderr: {\n                Lines: [\n                    \"The Project \\\"projectupdatetest\\\" is invalid: project namespace: Invalid value: \\\"kubeslice-projectupdatetest\\\": already exists\",\n                ],\n                merged: {\n                    Mutex: {state: 0, sema: 0},\n                    Lines: [\n                        \"The Project \\\"projectupdatetest\\\" is invalid: project namespace: Invalid value: \\\"kubeslice-projectupdatetest\\\": already exists\",\n                    ],\n                },\n            },\n            merged: {\n                Mutex: {state: 0, sema: 0},\n                Lines: [\n                    \"The Project \\\"projectupdatetest\\\" is invalid: project namespace: Invalid value: \\\"kubeslice-projectupdatetest\\\": already exists\",\n                ],\n            },\n        },\n    }\n    error while running command: exit status 1; The Project \"projectupdatetest\" is invalid: project namespace: Invalid value: \"kubeslice-projectupdatetest\": already exists\noccurred","children":[{"name":"[It] Project CR test Project Update Should fail when Project is Applied with service account name as combination of special characters in Write users","uid":"aed5fa0a2ff89887","parentUid":"9505c610a8097fffcb63a7360374ec33","status":"failed","time":{"start":1660060680000,"stop":1660060740269,"duration":60269},"flaky":false,"newFailed":true,"newPassed":false,"newBroken":false,"retriesCount":0,"retriesStatusChange":false,"parameters":[]}],"uid":"9505c610a8097fffcb63a7360374ec33"},{"name":"Unexpected error:\n    <*shell.ErrWithCmdOutput | 0xc00034ec18>: {\n        Underlying: <*exec.ExitError | 0xc00061cf80>{\n            ProcessState: {\n                pid: 6226,\n                status: 256,\n                rusage: {\n                    Utime: {Sec: 0, Usec: 148110},\n                    Stime: {Sec: 0, Usec: 59244},\n                    Maxrss: 74228,\n                    Ixrss: 0,\n                    Idrss: 0,\n                    Isrss: 0,\n                    Minflt: 12641,\n                    Majflt: 0,\n                    Nswap: 0,\n                    Inblock: 0,\n                    Oublock: 13392,\n                    Msgsnd: 0,\n                    Msgrcv: 0,\n                    Nsignals: 0,\n                    Nvcsw: 449,\n                    Nivcsw: 456,\n                },\n            },\n            Stderr: nil,\n        },\n        Output: {\n            stdout: {\n                Lines: nil,\n                merged: {\n                    Mutex: {state: 0, sema: 0},\n                    Lines: [\n                        \"The Project \\\"projectupdatetest\\\" is invalid: project namespace: Invalid value: \\\"kubeslice-projectupdatetest\\\": already exists\",\n                    ],\n                },\n            },\n            stderr: {\n                Lines: [\n                    \"The Project \\\"projectupdatetest\\\" is invalid: project namespace: Invalid value: \\\"kubeslice-projectupdatetest\\\": already exists\",\n                ],\n                merged: {\n                    Mutex: {state: 0, sema: 0},\n                    Lines: [\n                        \"The Project \\\"projectupdatetest\\\" is invalid: project namespace: Invalid value: \\\"kubeslice-projectupdatetest\\\": already exists\",\n                    ],\n                },\n            },\n            merged: {\n                Mutex: {state: 0, sema: 0},\n                Lines: [\n                    \"The Project \\\"projectupdatetest\\\" is invalid: project namespace: Invalid value: \\\"kubeslice-projectupdatetest\\\": already exists\",\n                ],\n            },\n        },\n    }\n    error while running command: exit status 1; The Project \"projectupdatetest\" is invalid: project namespace: Invalid value: \"kubeslice-projectupdatetest\": already exists\noccurred","children":[{"name":"[It] Project CR test Project Update Should fail when Project is Applied with service account name as blank in Read users","uid":"3cf1120f7d333096","parentUid":"a6ece456be6ce60b7d465db5ea5d1480","status":"failed","time":{"start":1660060680000,"stop":1660060740265,"duration":60265},"flaky":false,"newFailed":true,"newPassed":false,"newBroken":false,"retriesCount":0,"retriesStatusChange":false,"parameters":[]}],"uid":"a6ece456be6ce60b7d465db5ea5d1480"},{"name":"Unexpected error:\n    <*shell.ErrWithCmdOutput | 0xc000131680>: {\n        Underlying: <*exec.ExitError | 0xc00039faa0>{\n            ProcessState: {\n                pid: 6216,\n                status: 256,\n                rusage: {\n                    Utime: {Sec: 0, Usec: 153469},\n                    Stime: {Sec: 0, Usec: 58069},\n                    Maxrss: 73716,\n                    Ixrss: 0,\n                    Idrss: 0,\n                    Isrss: 0,\n                    Minflt: 10019,\n                    Majflt: 0,\n                    Nswap: 0,\n                    Inblock: 0,\n                    Oublock: 13392,\n                    Msgsnd: 0,\n                    Msgrcv: 0,\n                    Nsignals: 0,\n                    Nvcsw: 450,\n                    Nivcsw: 332,\n                },\n            },\n            Stderr: nil,\n        },\n        Output: {\n            stdout: {\n                Lines: nil,\n                merged: {\n                    Mutex: {state: 0, sema: 0},\n                    Lines: [\n                        \"The Project \\\"projectupdatetest\\\" is invalid: project namespace: Invalid value: \\\"kubeslice-projectupdatetest\\\": already exists\",\n                    ],\n                },\n            },\n            stderr: {\n                Lines: [\n                    \"The Project \\\"projectupdatetest\\\" is invalid: project namespace: Invalid value: \\\"kubeslice-projectupdatetest\\\": already exists\",\n                ],\n                merged: {\n                    Mutex: {state: 0, sema: 0},\n                    Lines: [\n                        \"The Project \\\"projectupdatetest\\\" is invalid: project namespace: Invalid value: \\\"kubeslice-projectupdatetest\\\": already exists\",\n                    ],\n                },\n            },\n            merged: {\n                Mutex: {state: 0, sema: 0},\n                Lines: [\n                    \"The Project \\\"projectupdatetest\\\" is invalid: project namespace: Invalid value: \\\"kubeslice-projectupdatetest\\\": already exists\",\n                ],\n            },\n        },\n    }\n    error while running command: exit status 1; The Project \"projectupdatetest\" is invalid: project namespace: Invalid value: \"kubeslice-projectupdatetest\": already exists\noccurred","children":[{"name":"[It] Project CR test Project Update Should fail when Project is Applied with service account name as combination of special characters in Read users","uid":"ab9c2128b56ca70d","parentUid":"8aa13f1a810b9dfc55b8606beb695924","status":"failed","time":{"start":1660060680000,"stop":1660060740258,"duration":60258},"flaky":false,"newFailed":true,"newPassed":false,"newBroken":false,"retriesCount":0,"retriesStatusChange":false,"parameters":[]}],"uid":"8aa13f1a810b9dfc55b8606beb695924"},{"name":"Timed out after 120.001s.\nExpected an error to have occurred.  Got:\n    <nil>: nil","children":[{"name":"[It] Cluster negative tests Worker Cluster Registration with Wrong endpoint","uid":"84b095835a3b8f2e","parentUid":"96e24c0bb9b908fdd9c47b5d4a9cb2bb","status":"failed","time":{"start":1660060680000,"stop":1660061018876,"duration":338876},"flaky":true,"newFailed":true,"newPassed":false,"newBroken":false,"retriesCount":0,"retriesStatusChange":false,"parameters":[]}],"uid":"96e24c0bb9b908fdd9c47b5d4a9cb2bb"},{"name":"Unexpected error:\n    <*shell.ErrWithCmdOutput | 0xc0005f8018>: {\n        Underlying: <*exec.ExitError | 0xc0006d8000>{\n            ProcessState: {\n                pid: 5961,\n                status: 256,\n                rusage: {\n                    Utime: {Sec: 1, Usec: 954009},\n                    Stime: {Sec: 0, Usec: 150308},\n                    Maxrss: 91572,\n                    Ixrss: 0,\n                    Idrss: 0,\n                    Isrss: 0,\n                    Minflt: 11597,\n                    Majflt: 0,\n                    Nswap: 0,\n                    Inblock: 0,\n                    Oublock: 13808,\n                    Msgsnd: 0,\n                    Msgrcv: 0,\n                    Nsignals: 0,\n                    Nvcsw: 4840,\n                    Nivcsw: 3453,\n                },\n            },\n            Stderr: nil,\n        },\n        Output: {\n            stdout: {\n                Lines: nil,\n                merged: {\n                    Mutex: {state: 0, sema: 0},\n                    Lines: [\n                        \"WARNING: Kubernetes configuration file is group-readable. This is insecure. Location: /e2e/assets/kubeconfig/kinde2e.yaml\",\n                        \"WARNING: Kubernetes configuration file is world-readable. This is insecure. Location: /e2e/assets/kubeconfig/kinde2e.yaml\",\n                        \"install.go:178: [debug] Original chart version: \\\"\\\"\",\n                        \"install.go:195: [debug] CHART PATH: /root/.cache/helm/repository/kubeslice-worker-0.4.0.tgz\",\n                        \"\",\n                        \"client.go:128: [debug] creating 1 resource(s)\",\n                        \"client.go:128: [debug] creating 1 resource(s)\",\n                        \"client.go:128: [debug] creating 1 resource(s)\",\n                        \"client.go:128: [debug] creating 1 resource(s)\",\n                        \"client.go:128: [debug] creating 1 resource(s)\",\n                        \"install.go:165: [debug] Clearing discovery cache\",\n                        \"wait.go:48: [debug] beginning wait for 5 resources with timeout of 1m0s\",\n                        \"client.go:128: [debug] creating 1 resource(s)\",\n                        \"client.go:128: [debug] creating 1 resource(s)\",\n                        \"client.go:128: [debug] creating 1 resource(s)\",\n                        \"client.go:128: [debug] creating 1 resource(s)\",\n                        \"client.go:128: [debug] creating 1 resource(s)\",\n                        \"client.go:128: [debug] creating 1 resource(s)\",\n                        \"client.go:540: [debug] Watching for changes to Job kubeslice-worker-preinstall-job with timeout of 2m0s\",\n                        \"client.go:568: [debug] Add/Modify event for kubeslice-worker-preinstall-job: ADDED\",\n                        \"client.go:607: [debug] kubeslice-worker-preinstall-job: Jobs active: 0, jobs failed: 0, jobs succeeded: 0\",\n                        \"client.go:568: [debug] Add/Modify event for kubeslice-worker-preinstall-job: MODIFIED\",\n                        \"client.go:607: [debug] kubeslice-worker-preinstall-job: Jobs active: 1, jobs failed: 0, jobs succeeded: 0\",\n                        \"client.go:568: [debug] Add/Modify event for kubeslice-worker-preinstall-job: MODIFIED\",\n                        \"client.go:607: [debug] kubeslice-worker-preinstall-job: Jobs active: 1, jobs failed: 1, jobs succeeded: 0\",\n                        \"client.go:568: [debug] Add/Modify event for kubeslice-worker-preinstall-job: MODIFIED\",\n                        \"client.go:607: [debug] kubeslice-worker-preinstall-job: Jobs active: 1, jobs failed: 2, jobs succeeded: 0\",\n                        \"client.go:310: [debug] Starting delete for \\\"kubeslice-worker-preinstall-job\\\" Job\",\n                        \"install.go:441: [debug] Install failed and atomic is set, uninstalling release\",\n                        \"uninstall.go:95: [debug] uninstall: Deleting kubeslice-worker\",\n                        \"client.go:310: [debug] Starting delete for \\\"kubeslice-webhook-service\\\" Service\",\n            ...\n\nGomega truncated this representation as it exceeds 'format.MaxLength'.\nConsider having the object provide a custom 'GomegaStringer' representation\nor adjust the parameters in Gomega's 'format' package.\n\nLearn more here: https://onsi.github.io/gomega/#adjusting-output\n\n    error while running command: exit status 1; WARNING: Kubernetes configuration file is group-readable. This is insecure. Location: /e2e/assets/kubeconfig/kinde2e.yaml\n    WARNING: Kubernetes configuration file is world-readable. This is insecure. Location: /e2e/assets/kubeconfig/kinde2e.yaml\n    install.go:178: [debug] Original chart version: \"\"\n    install.go:195: [debug] CHART PATH: /root/.cache/helm/repository/kubeslice-worker-0.4.0.tgz\n    \n    client.go:128: [debug] creating 1 resource(s)\n    client.go:128: [debug] creating 1 resource(s)\n    client.go:128: [debug] creating 1 resource(s)\n    client.go:128: [debug] creating 1 resource(s)\n    client.go:128: [debug] creating 1 resource(s)\n    install.go:165: [debug] Clearing discovery cache\n    wait.go:48: [debug] beginning wait for 5 resources with timeout of 1m0s\n    client.go:128: [debug] creating 1 resource(s)\n    client.go:128: [debug] creating 1 resource(s)\n    client.go:128: [debug] creating 1 resource(s)\n    client.go:128: [debug] creating 1 resource(s)\n    client.go:128: [debug] creating 1 resource(s)\n    client.go:128: [debug] creating 1 resource(s)\n    client.go:540: [debug] Watching for changes to Job kubeslice-worker-preinstall-job with timeout of 2m0s\n    client.go:568: [debug] Add/Modify event for kubeslice-worker-preinstall-job: ADDED\n    client.go:607: [debug] kubeslice-worker-preinstall-job: Jobs active: 0, jobs failed: 0, jobs succeeded: 0\n    client.go:568: [debug] Add/Modify event for kubeslice-worker-preinstall-job: MODIFIED\n    client.go:607: [debug] kubeslice-worker-preinstall-job: Jobs active: 1, jobs failed: 0, jobs succeeded: 0\n    client.go:568: [debug] Add/Modify event for kubeslice-worker-preinstall-job: MODIFIED\n    client.go:607: [debug] kubeslice-worker-preinstall-job: Jobs active: 1, jobs failed: 1, jobs succeeded: 0\n    client.go:568: [debug] Add/Modify event for kubeslice-worker-preinstall-job: MODIFIED\n    client.go:607: [debug] kubeslice-worker-preinstall-job: Jobs active: 1, jobs failed: 2, jobs succeeded: 0\n    client.go:310: [debug] Starting delete for \"kubeslice-worker-preinstall-job\" Job\n    install.go:441: [debug] Install failed and atomic is set, uninstalling release\n    uninstall.go:95: [debug] uninstall: Deleting kubeslice-worker\n    client.go:310: [debug] Starting delete for \"kubeslice-webhook-service\" Service\n    client.go:310: [debug] Starting delete for \"jaeger\" Service\n    client.go:310: [debug] Starting delete for \"nsm-admission-webhook-svc\" Service\n    client.go:310: [debug] Starting delete for \"kubeslice-dns\" Service\n    client.go:339: [debug] services \"kubeslice-webhook-service\" not found\n    client.go:339: [debug] services \"jaeger\" not found\n    client.go:339: [debug] services \"kubeslice-dns\" not found\n    client.go:339: [debug] services \"nsm-admission-webhook-svc\" not found\n    client.go:310: [debug] Starting delete for \"jaeger\" Deployment\n    client.go:310: [debug] Starting delete for \"kubeslice-dns\" Deployment\n    client.go:310: [debug] Starting delete for \"kubeslice-operator\" Deployment\n    client.go:310: [debug] Starting delete for \"nsm-admission-webhook\" Deployment\n    client.go:310: [debug] Starting delete for \"prefix-service\" Deployment\n    client.go:339: [debug] deployments.apps \"jaeger\" not found\n    client.go:339: [debug] deployments.apps \"kubeslice-dns\" not found\n    client.go:339: [debug] deployments.apps \"prefix-service\" not found\n    client.go:339: [debug] deployments.apps \"nsm-admission-webhook\" not found\n    client.go:339: [debug] deployments.apps \"kubeslice-operator\" not found\n    client.go:310: [debug] Starting delete for \"kubeslice-netop\" DaemonSet\n    client.go:310: [debug] Starting delete for \"nsm-kernel-forwarder\" DaemonSet\n    client.go:310: [debug] Starting delete for \"nsmgr\" DaemonSet\n    client.go:339: [debug] daemonsets.apps \"nsmgr\" not found\n    client.go:339: [debug] daemonsets.apps \"nsm-kernel-forwarder\" not found\n    client.go:339: [debug] daemonsets.apps \"kubeslice-netop\" not found\n    client.go:310: [debug] Starting delete for \"kubeslice-leader-election-rolebinding\" RoleBinding\n    client.go:339: [debug] rolebindings.rbac.authorization.k8s.io \"kubeslice-leader-election-rolebinding\" not found\n    client.go:310: [debug] Starting delete for \"kubeslice-leader-election-role\" Role\n    client.go:339: [debug] roles.rbac.authorization.k8s.io \"kubeslice-leader-election-role\" not found\n    client.go:310: [debug] Starting delete for \"kubeslice-kubernetes-dashboard\" ClusterRoleBinding\n    client.go:310: [debug] Starting delete for \"nsm-role-binding\" ClusterRoleBinding\n    client.go:310: [debug] Starting delete for \"kubeslice-dns-rolebinding\" ClusterRoleBinding\n    client.go:310: [debug] Starting delete for \"kubeslice-manager-rolebinding\" ClusterRoleBinding\n    client.go:310: [debug] Starting delete for \"kubeslice-proxy-rolebinding\" ClusterRoleBinding\n    client.go:339: [debug] clusterrolebindings.rbac.authorization.k8s.io \"kubeslice-dns-rolebinding\" not found\n    client.go:339: [debug] clusterrolebindings.rbac.authorization.k8s.io \"kubeslice-kubernetes-dashboard\" not found\n    client.go:339: [debug] clusterrolebindings.rbac.authorization.k8s.io \"nsm-role-binding\" not found\n    client.go:339: [debug] clusterrolebindings.rbac.authorization.k8s.io \"kubeslice-proxy-rolebinding\" not found\n    client.go:339: [debug] clusterrolebindings.rbac.authorization.k8s.io \"kubeslice-manager-rolebinding\" not found\n    client.go:310: [debug] Starting delete for \"kubeslice-kubernetes-dashboard\" ClusterRole\n    client.go:310: [debug] Starting delete for \"nsm-role\" ClusterRole\n    client.go:310: [debug] Starting delete for \"aggregate-network-services-view\" ClusterRole\n    client.go:310: [debug] Starting delete for \"kubeslice-dns-role\" ClusterRole\n    client.go:310: [debug] Starting delete for \"kubeslice-manager-role\" ClusterRole\n    client.go:310: [debug] Starting delete for \"kubeslice-metrics-reader\" ClusterRole\n    client.go:310: [debug] Starting delete for \"kubeslice-proxy-role\" ClusterRole\n    client.go:339: [debug] clusterroles.rbac.authorization.k8s.io \"kubeslice-manager-role\" not found\n    client.go:339: [debug] clusterroles.rbac.authorization.k8s.io \"nsm-role\" not found\n    client.go:339: [debug] clusterroles.rbac.authorization.k8s.io \"kubeslice-dns-role\" not found\n    client.go:339: [debug] clusterroles.rbac.authorization.k8s.io \"aggregate-network-services-view\" not found\n    client.go:339: [debug] clusterroles.rbac.authorization.k8s.io \"kubeslice-metrics-reader\" not found\n    client.go:339: [debug] clusterroles.rbac.authorization.k8s.io \"kubeslice-kubernetes-dashboard\" not found\n    client.go:339: [debug] clusterroles.rbac.authorization.k8s.io \"kubeslice-proxy-role\" not found\n    client.go:310: [debug] Starting delete for \"networkservices.networkservicemesh.io\" CustomResourceDefinition\n    client.go:310: [debug] Starting delete for \"networkserviceendpoints.networkservicemesh.io\" CustomResourceDefinition\n    client.go:310: [debug] Starting delete for \"networkservicemanagers.networkservicemesh.io\" CustomResourceDefinition\n    client.go:339: [debug] customresourcedefinitions.apiextensions.k8s.io \"networkservices.networkservicemesh.io\" not found\n    client.go:339: [debug] customresourcedefinitions.apiextensions.k8s.io \"networkserviceendpoints.networkservicemesh.io\" not found\n    client.go:339: [debug] customresourcedefinitions.apiextensions.k8s.io \"networkservicemanagers.networkservicemesh.io\" not found\n    client.go:310: [debug] Starting delete for \"kubeslice-manager-config\" ConfigMap\n    client.go:310: [debug] Starting delete for \"nsm-config\" ConfigMap\n    client.go:339: [debug] configmaps \"nsm-config\" not found\n    client.go:339: [debug] configmaps \"kubeslice-manager-config\" not found\n    client.go:310: [debug] Starting delete for \"kubeslice-admission-webhook-certs\" Secret\n    client.go:310: [debug] Starting delete for \"nsm-admission-webhook-certs\" Secret\n    client.go:310: [debug] Starting delete for \"kubeslice-hub\" Secret\n    client.go:339: [debug] secrets \"kubeslice-admission-webhook-certs\" not found\n    client.go:339: [debug] secrets \"nsm-admission-webhook-certs\" not found\n    client.go:339: [debug] secrets \"kubeslice-hub\" not found\n    client.go:310: [debug] Starting delete for \"kubeslice-controller-manager\" ServiceAccount\n    client.go:310: [debug] Starting delete for \"nse-acc\" ServiceAccount\n    client.go:310: [debug] Starting delete for \"nsc-acc\" ServiceAccount\n    client.go:310: [debug] Starting delete for \"kubeslice-kubernetes-dashboard\" ServiceAccount\n    client.go:310: [debug] Starting delete for \"nsmgr-acc\" ServiceAccount\n    client.go:310: [debug] Starting delete for \"forward-plane-acc\" ServiceAccount\n    client.go:310: [debug] Starting delete for \"kubeslice-dns\" ServiceAccount\n    client.go:310: [debug] Starting delete for \"kubeslice-netop\" ServiceAccount\n    client.go:310: [debug] Starting delete for \"vpn-gateway-server\" ServiceAccount\n    client.go:310: [debug] Starting delete for \"vpn-gateway-client\" ServiceAccount\n    client.go:310: [debug] Starting delete for \"slice-router\" ServiceAccount\n    client.go:339: [debug] serviceaccounts \"nse-acc\" not found\n    client.go:339: [debug] serviceaccounts \"vpn-gateway-client\" not found\n    client.go:339: [debug] serviceaccounts \"vpn-gateway-server\" not found\n    client.go:339: [debug] serviceaccounts \"nsc-acc\" not found\n    client.go:339: [debug] serviceaccounts \"kubeslice-netop\" not found\n    client.go:339: [debug] serviceaccounts \"kubeslice-dns\" not found\n    client.go:339: [debug] serviceaccounts \"kubeslice-controller-manager\" not found\n    client.go:339: [debug] serviceaccounts \"kubeslice-kubernetes-dashboard\" not found\n    client.go:339: [debug] serviceaccounts \"forward-plane-acc\" not found\n    client.go:339: [debug] serviceaccounts \"nsmgr-acc\" not found\n    client.go:339: [debug] serviceaccounts \"slice-router\" not found\n    client.go:310: [debug] Starting delete for \"kubeslice-mutating-webhook-configuration\" MutatingWebhookConfiguration\n    client.go:310: [debug] Starting delete for \"nsm-admission-webhook-cfg\" MutatingWebhookConfiguration\n    client.go:339: [debug] mutatingwebhookconfigurations.admissionregistration.k8s.io \"kubeslice-mutating-webhook-configuration\" not found\n    client.go:339: [debug] mutatingwebhookconfigurations.admissionregistration.k8s.io \"nsm-admission-webhook-cfg\" not found\n    uninstall.go:144: [debug] purge requested for kubeslice-worker\n    Error: INSTALLATION FAILED: release kubeslice-worker failed, and has been uninstalled due to atomic being set: failed pre-install: timed out waiting for the condition\n    helm.go:84: [debug] failed pre-install: timed out waiting for the condition\n    release kubeslice-worker failed, and has been uninstalled due to atomic being set\n    helm.sh/helm/v3/pkg/action.(*Install).failRelease\n    \thelm.sh/helm/v3/pkg/action/install.go:449\n    helm.sh/helm/v3/pkg/action.(*Install).reportToRun\n    \thelm.sh/helm/v3/pkg/action/install.go:433\n    helm.sh/helm/v3/pkg/action.(*Install).performInstall\n    \thelm.sh/helm/v3/pkg/action/install.go:361\n    runtime.goexit\n    \truntime/asm_amd64.s:1581\n    INSTALLATION FAILED\n    main.newInstallCmd.func2\n    \thelm.sh/helm/v3/cmd/helm/install.go:127\n    github.com/spf13/cobra.(*Command).execute\n    \tgithub.com/spf13/cobra@v1.4.0/command.go:856\n    github.com/spf13/cobra.(*Command).ExecuteC\n    \tgithub.com/spf13/cobra@v1.4.0/command.go:974\n    github.com/spf13/cobra.(*Command).Execute\n    \tgithub.com/spf13/cobra@v1.4.0/command.go:902\n    main.main\n    \thelm.sh/helm/v3/cmd/helm/helm.go:83\n    runtime.main\n    \truntime/proc.go:255\n    runtime.goexit\n    \truntime/asm_amd64.s:1581\noccurred","children":[{"name":"[It] Cluster CR tests Cluster CR validation Register worker cluster","uid":"648854a1d6269abe","parentUid":"76b6e0dcba583126843dd63966ca903c","status":"failed","time":{"start":1660060680000,"stop":1660061017454,"duration":337454},"flaky":true,"newFailed":false,"newPassed":false,"newBroken":false,"retriesCount":0,"retriesStatusChange":false,"parameters":[]}],"uid":"76b6e0dcba583126843dd63966ca903c"},{"name":"Unexpected error:\n    <*shell.ErrWithCmdOutput | 0xc0005f9b90>: {\n        Underlying: <*exec.ExitError | 0xc000620f40>{\n            ProcessState: {\n                pid: 6244,\n                status: 256,\n                rusage: {\n                    Utime: {Sec: 0, Usec: 135504},\n                    Stime: {Sec: 0, Usec: 58073},\n                    Maxrss: 73148,\n                    Ixrss: 0,\n                    Idrss: 0,\n                    Isrss: 0,\n                    Minflt: 12986,\n                    Majflt: 0,\n                    Nswap: 0,\n                    Inblock: 0,\n                    Oublock: 13392,\n                    Msgsnd: 0,\n                    Msgrcv: 0,\n                    Nsignals: 0,\n                    Nvcsw: 393,\n                    Nivcsw: 214,\n                },\n            },\n            Stderr: nil,\n        },\n        Output: {\n            stdout: {\n                Lines: nil,\n                merged: {\n                    Mutex: {state: 0, sema: 0},\n                    Lines: [\n                        \"The Project \\\"projectupdatetest\\\" is invalid: project namespace: Invalid value: \\\"kubeslice-projectupdatetest\\\": already exists\",\n                    ],\n                },\n            },\n            stderr: {\n                Lines: [\n                    \"The Project \\\"projectupdatetest\\\" is invalid: project namespace: Invalid value: \\\"kubeslice-projectupdatetest\\\": already exists\",\n                ],\n                merged: {\n                    Mutex: {state: 0, sema: 0},\n                    Lines: [\n                        \"The Project \\\"projectupdatetest\\\" is invalid: project namespace: Invalid value: \\\"kubeslice-projectupdatetest\\\": already exists\",\n                    ],\n                },\n            },\n            merged: {\n                Mutex: {state: 0, sema: 0},\n                Lines: [\n                    \"The Project \\\"projectupdatetest\\\" is invalid: project namespace: Invalid value: \\\"kubeslice-projectupdatetest\\\": already exists\",\n                ],\n            },\n        },\n    }\n    error while running command: exit status 1; The Project \"projectupdatetest\" is invalid: project namespace: Invalid value: \"kubeslice-projectupdatetest\": already exists\noccurred","children":[{"name":"[It] Project CR test Project Update Should fail when Project is applied with service account name as blank in Write users","uid":"52be067d7ecb51c2","parentUid":"c782285da30227ce0817b75efdd05a70","status":"failed","time":{"start":1660060680000,"stop":1660060740250,"duration":60250},"flaky":false,"newFailed":true,"newPassed":false,"newBroken":false,"retriesCount":0,"retriesStatusChange":false,"parameters":[]}],"uid":"c782285da30227ce0817b75efdd05a70"},{"name":"Unexpected error:\n    <*shell.ErrWithCmdOutput | 0xc00048d080>: {\n        Underlying: <*exec.ExitError | 0xc00039e0e0>{\n            ProcessState: {\n                pid: 6085,\n                status: 256,\n                rusage: {\n                    Utime: {Sec: 0, Usec: 150563},\n                    Stime: {Sec: 0, Usec: 50187},\n                    Maxrss: 77652,\n                    Ixrss: 0,\n                    Idrss: 0,\n                    Isrss: 0,\n                    Minflt: 7353,\n                    Majflt: 0,\n                    Nswap: 0,\n                    Inblock: 0,\n                    Oublock: 13392,\n                    Msgsnd: 0,\n                    Msgrcv: 0,\n                    Nsignals: 0,\n                    Nvcsw: 351,\n                    Nivcsw: 408,\n                },\n            },\n            Stderr: nil,\n        },\n        Output: {\n            stdout: {\n                Lines: nil,\n                merged: {\n                    Mutex: {state: 0, sema: 0},\n                    Lines: [\n                        \"The Project \\\"qostest\\\" is invalid: project namespace: Invalid value: \\\"kubeslice-qostest\\\": already exists\",\n                    ],\n                },\n            },\n            stderr: {\n                Lines: [\n                    \"The Project \\\"qostest\\\" is invalid: project namespace: Invalid value: \\\"kubeslice-qostest\\\": already exists\",\n                ],\n                merged: {\n                    Mutex: {state: 0, sema: 0},\n                    Lines: [\n                        \"The Project \\\"qostest\\\" is invalid: project namespace: Invalid value: \\\"kubeslice-qostest\\\": already exists\",\n                    ],\n                },\n            },\n            merged: {\n                Mutex: {state: 0, sema: 0},\n                Lines: [\n                    \"The Project \\\"qostest\\\" is invalid: project namespace: Invalid value: \\\"kubeslice-qostest\\\": already exists\",\n                ],\n            },\n        },\n    }\n    error while running command: exit status 1; The Project \"qostest\" is invalid: project namespace: Invalid value: \"kubeslice-qostest\": already exists\noccurred","children":[{"name":"[It]  QosProfile tests QosProfile delete validation Delete qos profile - negative scenario","uid":"5166ede12ab5468a","parentUid":"15050bf6971035c7c200a57d4b1790df","status":"failed","time":{"start":1660060680000,"stop":1660060680267,"duration":267},"flaky":false,"newFailed":false,"newPassed":false,"newBroken":false,"retriesCount":0,"retriesStatusChange":false,"parameters":[]}],"uid":"15050bf6971035c7c200a57d4b1790df"},{"name":"Unexpected error:\n    <*shell.ErrWithCmdOutput | 0xc0005f8018>: {\n        Underlying: <*exec.ExitError | 0xc000424040>{\n            ProcessState: {\n                pid: 6001,\n                status: 256,\n                rusage: {\n                    Utime: {Sec: 0, Usec: 143873},\n                    Stime: {Sec: 0, Usec: 49327},\n                    Maxrss: 75196,\n                    Ixrss: 0,\n                    Idrss: 0,\n                    Isrss: 0,\n                    Minflt: 4591,\n                    Majflt: 0,\n                    Nswap: 0,\n                    Inblock: 0,\n                    Oublock: 13376,\n                    Msgsnd: 0,\n                    Msgrcv: 0,\n                    Nsignals: 0,\n                    Nvcsw: 330,\n                    Nivcsw: 387,\n                },\n            },\n            Stderr: nil,\n        },\n        Output: {\n            stdout: {\n                Lines: nil,\n                merged: {\n                    Mutex: {state: 0, sema: 0},\n                    Lines: [\n                        \"The Project \\\"projecttest\\\" is invalid: project namespace: Invalid value: \\\"kubeslice-projecttest\\\": already exists\",\n                    ],\n                },\n            },\n            stderr: {\n                Lines: [\n                    \"The Project \\\"projecttest\\\" is invalid: project namespace: Invalid value: \\\"kubeslice-projecttest\\\": already exists\",\n                ],\n                merged: {\n                    Mutex: {state: 0, sema: 0},\n                    Lines: [\n                        \"The Project \\\"projecttest\\\" is invalid: project namespace: Invalid value: \\\"kubeslice-projecttest\\\": already exists\",\n                    ],\n                },\n            },\n            merged: {\n                Mutex: {state: 0, sema: 0},\n                Lines: [\n                    \"The Project \\\"projecttest\\\" is invalid: project namespace: Invalid value: \\\"kubeslice-projecttest\\\": already exists\",\n                ],\n            },\n        },\n    }\n    error while running command: exit status 1; The Project \"projecttest\" is invalid: project namespace: Invalid value: \"kubeslice-projecttest\": already exists\noccurred","children":[{"name":"[It] Project CR test Project Creation Should update Project while applying valid manifest with existing Project name","uid":"e036f1fae258ef43","parentUid":"90564cd30cec290cfc9ae80ee5c31eb9","status":"failed","time":{"start":1660060680000,"stop":1660060740267,"duration":60267},"flaky":false,"newFailed":true,"newPassed":false,"newBroken":false,"retriesCount":0,"retriesStatusChange":false,"parameters":[]}],"uid":"90564cd30cec290cfc9ae80ee5c31eb9"},{"name":"Unexpected error:\n    <*shell.ErrWithCmdOutput | 0xc00000f950>: {\n        Underlying: <*exec.ExitError | 0xc000640300>{\n            ProcessState: {\n                pid: 6075,\n                status: 256,\n                rusage: {\n                    Utime: {Sec: 0, Usec: 163693},\n                    Stime: {Sec: 0, Usec: 59888},\n                    Maxrss: 73128,\n                    Ixrss: 0,\n                    Idrss: 0,\n                    Isrss: 0,\n                    Minflt: 3526,\n                    Majflt: 0,\n                    Nswap: 0,\n                    Inblock: 0,\n                    Oublock: 14288,\n                    Msgsnd: 0,\n                    Msgrcv: 0,\n                    Nsignals: 0,\n                    Nvcsw: 743,\n                    Nivcsw: 533,\n                },\n            },\n            Stderr: nil,\n        },\n        Output: {\n            stdout: {\n                Lines: nil,\n                merged: {\n                    Mutex: {state: 0, sema: 0},\n                    Lines: [\n                        \"error: resource mapping not found for name: \\\"profile4\\\" namespace: \\\"\\\" from \\\"/tmp/%20QosProfile%20tests%20QosProfile%20Create%20validation%20Creates%20qosprofile2182344557\\\": no matches for kind \\\"SliceQoSConfig\\\" in version \\\"controller.kubeslice.io/v1alpha1\\\"\",\n                        \"ensure CRDs are installed first\",\n                    ],\n                },\n            },\n            stderr: {\n                Lines: [\n                    \"error: resource mapping not found for name: \\\"profile4\\\" namespace: \\\"\\\" from \\\"/tmp/%20QosProfile%20tests%20QosProfile%20Create%20validation%20Creates%20qosprofile2182344557\\\": no matches for kind \\\"SliceQoSConfig\\\" in version \\\"controller.kubeslice.io/v1alpha1\\\"\",\n                    \"ensure CRDs are installed first\",\n                ],\n                merged: {\n                    Mutex: {state: 0, sema: 0},\n                    Lines: [\n                        \"error: resource mapping not found for name: \\\"profile4\\\" namespace: \\\"\\\" from \\\"/tmp/%20QosProfile%20tests%20QosProfile%20Create%20validation%20Creates%20qosprofile2182344557\\\": no matches for kind \\\"SliceQoSConfig\\\" in version \\\"controller.kubeslice.io/v1alpha1\\\"\",\n                        \"ensure CRDs are installed first\",\n                    ],\n                },\n            },\n            merged: {\n                Mutex: {state: 0, sema: 0},\n                Lines: [\n                    \"error: resource mapping not found for name: \\\"profile4\\\" namespace: \\\"\\\" from \\\"/tmp/%20QosProfile%20tests%20QosProfile%20Create%20validation%20Creates%20qosprofile2182344557\\\": no matches for kind \\\"SliceQoSConfig\\\" in version \\\"controller.kubeslice.io/v1alpha1\\\"\",\n                    \"ensure CRDs are installed first\",\n                ],\n            },\n        },\n    }\n    error while running command: exit status 1; error: resource mapping not found for name: \"profile4\" namespace: \"\" from \"/tmp/%20QosProfile%20tests%20QosProfile%20Create%20validation%20Creates%20qosprofile2182344557\": no matches for kind \"SliceQoSConfig\" in version \"controller.kubeslice.io/v1alpha1\"\n    ensure CRDs are installed first\noccurred","children":[{"name":"[It]  QosProfile tests QosProfile Create validation Creates qosprofile","uid":"5c446640a8e55d0d","parentUid":"e3db443f1acb64f594512c9681491e62","status":"failed","time":{"start":1660060680000,"stop":1660060741499,"duration":61499},"flaky":false,"newFailed":false,"newPassed":false,"newBroken":false,"retriesCount":0,"retriesStatusChange":false,"parameters":[]}],"uid":"e3db443f1acb64f594512c9681491e62"},{"name":"Unexpected error:\n    <*shell.ErrWithCmdOutput | 0xc0005f9608>: {\n        Underlying: <*exec.ExitError | 0xc00083e3a0>{\n            ProcessState: {\n                pid: 6127,\n                status: 256,\n                rusage: {\n                    Utime: {Sec: 0, Usec: 139948},\n                    Stime: {Sec: 0, Usec: 50890},\n                    Maxrss: 73884,\n                    Ixrss: 0,\n                    Idrss: 0,\n                    Isrss: 0,\n                    Minflt: 4488,\n                    Majflt: 0,\n                    Nswap: 0,\n                    Inblock: 0,\n                    Oublock: 13392,\n                    Msgsnd: 0,\n                    Msgrcv: 0,\n                    Nsignals: 0,\n                    Nvcsw: 331,\n                    Nivcsw: 250,\n                },\n            },\n            Stderr: nil,\n        },\n        Output: {\n            stdout: {\n                Lines: nil,\n                merged: {\n                    Mutex: {state: 0, sema: 0},\n                    Lines: [\n                        \"The Project \\\"projectdeletetest\\\" is invalid: project namespace: Invalid value: \\\"kubeslice-projectdeletetest\\\": already exists\",\n                    ],\n                },\n            },\n            stderr: {\n                Lines: [\n                    \"The Project \\\"projectdeletetest\\\" is invalid: project namespace: Invalid value: \\\"kubeslice-projectdeletetest\\\": already exists\",\n                ],\n                merged: {\n                    Mutex: {state: 0, sema: 0},\n                    Lines: [\n                        \"The Project \\\"projectdeletetest\\\" is invalid: project namespace: Invalid value: \\\"kubeslice-projectdeletetest\\\": already exists\",\n                    ],\n                },\n            },\n            merged: {\n                Mutex: {state: 0, sema: 0},\n                Lines: [\n                    \"The Project \\\"projectdeletetest\\\" is invalid: project namespace: Invalid value: \\\"kubeslice-projectdeletetest\\\": already exists\",\n                ],\n            },\n        },\n    }\n    error while running command: exit status 1; The Project \"projectdeletetest\" is invalid: project namespace: Invalid value: \"kubeslice-projectdeletetest\": already exists\noccurred","children":[{"name":"[It] Project CR test Project Deletion Should Delete an existing project successfully","uid":"e43ccc430109346b","parentUid":"64b41d160c60a6918be4bea48f3035d9","status":"failed","time":{"start":1660060680000,"stop":1660060740271,"duration":60271},"flaky":false,"newFailed":true,"newPassed":false,"newBroken":false,"retriesCount":0,"retriesStatusChange":false,"parameters":[]}],"uid":"64b41d160c60a6918be4bea48f3035d9"},{"name":"Unexpected error:\n    <*shell.ErrWithCmdOutput | 0xc0006ee750>: {\n        Underlying: <*exec.ExitError | 0xc0006171c0>{\n            ProcessState: {\n                pid: 6350,\n                status: 256,\n                rusage: {\n                    Utime: {Sec: 1, Usec: 313487},\n                    Stime: {Sec: 0, Usec: 110137},\n                    Maxrss: 83756,\n                    Ixrss: 0,\n                    Idrss: 0,\n                    Isrss: 0,\n                    Minflt: 10712,\n                    Majflt: 7,\n                    Nswap: 0,\n                    Inblock: 464,\n                    Oublock: 15216,\n                    Msgsnd: 0,\n                    Msgrcv: 0,\n                    Nsignals: 0,\n                    Nvcsw: 3365,\n                    Nivcsw: 2071,\n                },\n            },\n            Stderr: nil,\n        },\n        Output: {\n            stdout: {\n                Lines: nil,\n                merged: {\n                    Mutex: {state: 0, sema: 0},\n                    Lines: [\n                        \"WARNING: Kubernetes configuration file is group-readable. This is insecure. Location: /e2e/assets/kubeconfig/kinde2e.yaml\",\n                        \"WARNING: Kubernetes configuration file is world-readable. This is insecure. Location: /e2e/assets/kubeconfig/kinde2e.yaml\",\n                        \"install.go:178: [debug] Original chart version: \\\"\\\"\",\n                        \"install.go:195: [debug] CHART PATH: /root/.cache/helm/repository/kubeslice-worker-0.4.0.tgz\",\n                        \"\",\n                        \"client.go:128: [debug] creating 1 resource(s)\",\n                        \"install.go:151: [debug] CRD serviceexports.networking.kubeslice.io is already present. Skipping.\",\n                        \"client.go:128: [debug] creating 1 resource(s)\",\n                        \"install.go:151: [debug] CRD serviceimports.networking.kubeslice.io is already present. Skipping.\",\n                        \"client.go:128: [debug] creating 1 resource(s)\",\n                        \"install.go:151: [debug] CRD slice.networking.kubeslice.io is already present. Skipping.\",\n                        \"client.go:128: [debug] creating 1 resource(s)\",\n                        \"install.go:151: [debug] CRD slicegateways.networking.kubeslice.io is already present. Skipping.\",\n                        \"client.go:128: [debug] creating 1 resource(s)\",\n                        \"install.go:151: [debug] CRD sliceresourcequotas.networking.kubeslice.io is already present. Skipping.\",\n                        \"client.go:128: [debug] creating 1 resource(s)\",\n                        \"Error: INSTALLATION FAILED: create: failed to create: secrets \\\"sh.helm.release.v1.kubeslice-worker.v1\\\" is forbidden: unable to create new content in namespace kubeslice-system because it is being terminated\",\n                        \"helm.go:84: [debug] secrets \\\"sh.helm.release.v1.kubeslice-worker.v1\\\" is forbidden: unable to create new content in namespace kubeslice-system because it is being terminated\",\n                        \"create: failed to create\",\n                        \"helm.sh/helm/v3/pkg/storage/driver.(*Secrets).Create\",\n                        \"\\thelm.sh/helm/v3/pkg/storage/driver/secrets.go:164\",\n                        \"helm.sh/helm/v3/pkg/storage.(*Storage).Create\",\n                        \"\\thelm.sh/helm/v3/pkg/storage/storage.go:69\",\n                        \"helm.sh/helm/v3/pkg/action.(*Install).RunWithContext\",\n                        \"\\thelm.sh/helm/v3/pkg/action/install.go:340\",\n                        \"main.runInstall\",\n                        \"\\thelm.sh/helm/v3/cmd/helm/install.go:264\",\n                        \"main.newInstallCmd.func2\",\n                        \"\\thelm.sh/helm/v3/cmd/helm/install.go:125\",\n                        \"github.com/spf13/cobra.(*Command).execute\",\n                        \"\\tgithub.com/spf13/cobra@v1.4.0/command.go:856\",\n                        \"github.com/spf13/cobra.(*Command).ExecuteC\",\n                        \"\\tgithub.com/spf13/cobra@v1.4.0/command.go:97...\n\nGomega truncated this representation as it exceeds 'format.MaxLength'.\nConsider having the object provide a custom 'GomegaStringer' representation\nor adjust the parameters in Gomega's 'format' package.\n\nLearn more here: https://onsi.github.io/gomega/#adjusting-output\n\n    error while running command: exit status 1; WARNING: Kubernetes configuration file is group-readable. This is insecure. Location: /e2e/assets/kubeconfig/kinde2e.yaml\n    WARNING: Kubernetes configuration file is world-readable. This is insecure. Location: /e2e/assets/kubeconfig/kinde2e.yaml\n    install.go:178: [debug] Original chart version: \"\"\n    install.go:195: [debug] CHART PATH: /root/.cache/helm/repository/kubeslice-worker-0.4.0.tgz\n    \n    client.go:128: [debug] creating 1 resource(s)\n    install.go:151: [debug] CRD serviceexports.networking.kubeslice.io is already present. Skipping.\n    client.go:128: [debug] creating 1 resource(s)\n    install.go:151: [debug] CRD serviceimports.networking.kubeslice.io is already present. Skipping.\n    client.go:128: [debug] creating 1 resource(s)\n    install.go:151: [debug] CRD slice.networking.kubeslice.io is already present. Skipping.\n    client.go:128: [debug] creating 1 resource(s)\n    install.go:151: [debug] CRD slicegateways.networking.kubeslice.io is already present. Skipping.\n    client.go:128: [debug] creating 1 resource(s)\n    install.go:151: [debug] CRD sliceresourcequotas.networking.kubeslice.io is already present. Skipping.\n    client.go:128: [debug] creating 1 resource(s)\n    Error: INSTALLATION FAILED: create: failed to create: secrets \"sh.helm.release.v1.kubeslice-worker.v1\" is forbidden: unable to create new content in namespace kubeslice-system because it is being terminated\n    helm.go:84: [debug] secrets \"sh.helm.release.v1.kubeslice-worker.v1\" is forbidden: unable to create new content in namespace kubeslice-system because it is being terminated\n    create: failed to create\n    helm.sh/helm/v3/pkg/storage/driver.(*Secrets).Create\n    \thelm.sh/helm/v3/pkg/storage/driver/secrets.go:164\n    helm.sh/helm/v3/pkg/storage.(*Storage).Create\n    \thelm.sh/helm/v3/pkg/storage/storage.go:69\n    helm.sh/helm/v3/pkg/action.(*Install).RunWithContext\n    \thelm.sh/helm/v3/pkg/action/install.go:340\n    main.runInstall\n    \thelm.sh/helm/v3/cmd/helm/install.go:264\n    main.newInstallCmd.func2\n    \thelm.sh/helm/v3/cmd/helm/install.go:125\n    github.com/spf13/cobra.(*Command).execute\n    \tgithub.com/spf13/cobra@v1.4.0/command.go:856\n    github.com/spf13/cobra.(*Command).ExecuteC\n    \tgithub.com/spf13/cobra@v1.4.0/command.go:974\n    github.com/spf13/cobra.(*Command).Execute\n    \tgithub.com/spf13/cobra@v1.4.0/command.go:902\n    main.main\n    \thelm.sh/helm/v3/cmd/helm/helm.go:83\n    runtime.main\n    \truntime/proc.go:255\n    runtime.goexit\n    \truntime/asm_amd64.s:1581\n    INSTALLATION FAILED\n    main.newInstallCmd.func2\n    \thelm.sh/helm/v3/cmd/helm/install.go:127\n    github.com/spf13/cobra.(*Command).execute\n    \tgithub.com/spf13/cobra@v1.4.0/command.go:856\n    github.com/spf13/cobra.(*Command).ExecuteC\n    \tgithub.com/spf13/cobra@v1.4.0/command.go:974\n    github.com/spf13/cobra.(*Command).Execute\n    \tgithub.com/spf13/cobra@v1.4.0/command.go:902\n    main.main\n    \thelm.sh/helm/v3/cmd/helm/helm.go:83\n    runtime.main\n    \truntime/proc.go:255\n    runtime.goexit\n    \truntime/asm_amd64.s:1581\noccurred","children":[{"name":"[BeforeSuite]","uid":"f83b5ebba3d70548","parentUid":"b6f38944f9c123708955ceebb7b96a89","status":"failed","time":{"start":1660062373000,"stop":1660062474109,"duration":101109},"flaky":true,"newFailed":false,"newPassed":false,"newBroken":false,"retriesCount":0,"retriesStatusChange":false,"parameters":[]}],"uid":"b6f38944f9c123708955ceebb7b96a89"},{"name":"Timed out after 210.009s.\nExpected an error to have occurred.  Got:\n    <nil>: nil","children":[{"name":"[AfterSuite]","uid":"702a22245daa72be","parentUid":"dd7c81ed8d0bfce45d7c50384547b0c5","status":"failed","time":{"start":1660062373000,"stop":1660062583424,"duration":210424},"flaky":false,"newFailed":true,"newPassed":false,"newBroken":false,"retriesCount":0,"retriesStatusChange":false,"parameters":[]}],"uid":"dd7c81ed8d0bfce45d7c50384547b0c5"}],"uid":"8fb3a91ba5aaf9de24cc8a92edc82b5d"}],"name":"categories"}