{"uid":"2f9076ea8c933234","name":"[It] Project CR test Project Creation Should create Multiple Projects in controller using valid manifest","historyId":"Hub Suite:Hub Suite#[It] Project CR test Project Creation Should create Multiple Projects in controller using valid manifest","time":{"start":1662031654000,"stop":1662031715269,"duration":61269},"status":"failed","statusMessage":"Timed out after 60.000s.\nExpected\n    <bool>: false\nto be true","statusTrace":"/e2e/tests/hub/t_project_create_test.go:50\ngithub.com/kubeslice/kubeslice-e2e-automation/tests/hub_test.ValidateProject({0x7fb880e0b938, 0xc000851640}, 0xc0004b6340, {{0x17f5317, 0xc}, {0xc0006c9ea0, 0x1, 0x1}, {0xc0006c9eb0, 0x1, ...}})\n\t/e2e/tests/hub/t_project_create_test.go:50 +0x2bb\ngithub.com/kubeslice/kubeslice-e2e-automation/tests/hub_test.glob..func4.1.5()\n\t/e2e/tests/hub/t_project_create_test.go:130 +0x326","flaky":true,"newFailed":true,"newBroken":false,"newPassed":false,"retriesCount":0,"retriesStatusChange":false,"beforeStages":[],"testStage":{"steps":[{"name":"","time":{},"steps":[],"attachments":[],"parameters":[],"stepsCount":0,"attachmentsCount":0,"shouldDisplayMessage":false,"hasContent":false},{"name":"Report Entries:","time":{},"steps":[],"attachments":[],"parameters":[],"stepsCount":0,"attachmentsCount":0,"shouldDisplayMessage":false,"hasContent":false},{"name":"By Step","time":{},"steps":[],"attachments":[],"parameters":[],"stepsCount":0,"attachmentsCount":0,"shouldDisplayMessage":false,"hasContent":false},{"name":"/e2e/tests/hub/t_project_create_test.go:123","time":{},"steps":[],"attachments":[],"parameters":[],"stepsCount":0,"attachmentsCount":0,"shouldDisplayMessage":false,"hasContent":false},{"name":"2022-09-01T11:34:36.479607863Z","time":{},"steps":[],"attachments":[],"parameters":[],"stepsCount":0,"attachmentsCount":0,"shouldDisplayMessage":false,"hasContent":false},{"name":"&{Text:Creates New Project using yaml Duration:0s}","time":{},"steps":[],"attachments":[],"parameters":[],"stepsCount":0,"attachmentsCount":0,"shouldDisplayMessage":false,"hasContent":false},{"name":"--","time":{},"steps":[],"attachments":[],"parameters":[],"stepsCount":0,"attachmentsCount":0,"shouldDisplayMessage":false,"hasContent":false},{"name":"By Step","time":{},"steps":[],"attachments":[],"parameters":[],"stepsCount":0,"attachmentsCount":0,"shouldDisplayMessage":false,"hasContent":false},{"name":"/e2e/tests/hub/t_project_create_test.go:128","time":{},"steps":[],"attachments":[],"parameters":[],"stepsCount":0,"attachmentsCount":0,"shouldDisplayMessage":false,"hasContent":false},{"name":"2022-09-01T11:34:36.672861892Z","time":{},"steps":[],"attachments":[],"parameters":[],"stepsCount":0,"attachmentsCount":0,"shouldDisplayMessage":false,"hasContent":false},{"name":"&{Text:Waiting for new  project reconciliation Duration:0s}","time":{},"steps":[],"attachments":[],"parameters":[],"stepsCount":0,"attachmentsCount":0,"shouldDisplayMessage":false,"hasContent":false},{"name":"--","time":{},"steps":[],"attachments":[],"parameters":[],"stepsCount":0,"attachmentsCount":0,"shouldDisplayMessage":false,"hasContent":false},{"name":"By Step","time":{},"steps":[],"attachments":[],"parameters":[],"stepsCount":0,"attachmentsCount":0,"shouldDisplayMessage":false,"hasContent":false},{"name":"/e2e/tests/hub/t_project_create_test.go:88","time":{},"steps":[],"attachments":[],"parameters":[],"stepsCount":0,"attachmentsCount":0,"shouldDisplayMessage":false,"hasContent":false},{"name":"2022-09-01T11:35:37.681077154Z","time":{},"steps":[],"attachments":[],"parameters":[],"stepsCount":0,"attachmentsCount":0,"shouldDisplayMessage":false,"hasContent":false},{"name":"&{Text:Uninstall the newly created project Duration:0s}","time":{},"steps":[],"attachments":[],"parameters":[],"stepsCount":0,"attachmentsCount":0,"shouldDisplayMessage":false,"hasContent":false},{"name":"--","time":{},"steps":[],"attachments":[],"parameters":[],"stepsCount":0,"attachmentsCount":0,"shouldDisplayMessage":false,"hasContent":false},{"name":"By Step","time":{},"steps":[],"attachments":[],"parameters":[],"stepsCount":0,"attachmentsCount":0,"shouldDisplayMessage":false,"hasContent":false},{"name":"/e2e/tests/hub/t_project_create_test.go:91","time":{},"steps":[],"attachments":[],"parameters":[],"stepsCount":0,"attachmentsCount":0,"shouldDisplayMessage":false,"hasContent":false},{"name":"2022-09-01T11:35:37.745307804Z","time":{},"steps":[],"attachments":[],"parameters":[],"stepsCount":0,"attachmentsCount":0,"shouldDisplayMessage":false,"hasContent":false},{"name":"&{Text:Waiting for project deletion Duration:0s}","time":{},"steps":[],"attachments":[],"parameters":[],"stepsCount":0,"attachmentsCount":0,"shouldDisplayMessage":false,"hasContent":false}],"attachments":[],"parameters":[],"stepsCount":21,"attachmentsCount":0,"shouldDisplayMessage":false,"hasContent":true},"afterStages":[],"labels":[{"name":"resultFormat","value":"junit"},{"name":"suite","value":"Hub Suite"},{"name":"testClass","value":"Hub Suite"},{"name":"package","value":"Hub Suite"}],"parameters":[],"links":[],"hidden":false,"retry":false,"extra":{"severity":"normal","retries":[],"categories":[{"name":"Product defects","matchedStatuses":[],"flaky":false}],"history":{"statistic":{"failed":9,"broken":0,"skipped":0,"passed":168,"unknown":0,"total":177},"items":[{"uid":"c53491d97fd545fb","status":"passed","time":{"start":1662027354000,"stop":1662027362000,"duration":8000}},{"uid":"85fc74f2b5690e00","status":"failed","statusDetails":"Timed out after 60.000s.\nExpected\n    <bool>: false\nto be true","time":{"start":1661952242000,"stop":1661952303316,"duration":61316}},{"uid":"3726a6000c152915","status":"passed","time":{"start":1661863163000,"stop":1661863170976,"duration":7976}},{"uid":"51fc077831389802","status":"passed","time":{"start":1661862437000,"stop":1661862444734,"duration":7734}},{"uid":"8a2eab98426b94cc","status":"passed","time":{"start":1661862282000,"stop":1661862289916,"duration":7916}},{"uid":"cf52e03a7d452a96","status":"passed","time":{"start":1661861783000,"stop":1661861790807,"duration":7807}},{"uid":"baa29438b86f760","status":"passed","time":{"start":1661858395000,"stop":1661858402950,"duration":7950}},{"uid":"d377be4b1076bc7f","status":"passed","time":{"start":1661853168000,"stop":1661853175728,"duration":7728}},{"uid":"99294eb75ee70134","status":"passed","time":{"start":1661845706000,"stop":1661845714011,"duration":8011}},{"uid":"bacc98409bf2bf9a","status":"failed","statusDetails":"Unexpected error:\n    <*shell.ErrWithCmdOutput | 0xc000a25c50>: {\n        Underlying: <*exec.ExitError | 0xc0004d4ac0>{\n            ProcessState: {\n                pid: 6658,\n                status: 256,\n                rusage: {\n                    Utime: {Sec: 0, Usec: 218652},\n                    Stime: {Sec: 0, Usec: 55656},\n                    Maxrss: 73300,\n                    Ixrss: 0,\n                    Idrss: 0,\n                    Isrss: 0,\n                    Minflt: 2936,\n                    Majflt: 0,\n                    Nswap: 0,\n                    Inblock: 0,\n                    Oublock: 13344,\n                    Msgsnd: 0,\n                    Msgrcv: 0,\n                    Nsignals: 0,\n                    Nvcsw: 426,\n                    Nivcsw: 395,\n                },\n            },\n            Stderr: nil,\n        },\n        Output: {\n            stdout: {\n                Lines: nil,\n                merged: {\n                    Mutex: {state: 0, sema: 0},\n                    Lines: [\n                        \"Error from server (InternalError): error when creating \\\"/tmp/Project%20CR%20test%20Project%20Creation%20Should%20create%20Multiple%20Projects%20in%20controller%20using%20valid%20manifest1177632619\\\": Internal error occurred: failed calling webhook \\\"mproject.kb.io\\\": failed to call webhook: Post \\\"https://kubeslice-controller-webhook-service.kubeslice-controller.svc:443/mutate-controller-kubeslice-io-v1alpha1-project?timeout=10s\\\": dial tcp 10.96.54.183:443: connect: connection refused\",\n                    ],\n                },\n            },\n            stderr: {\n                Lines: [\n                    \"Error from server (InternalError): error when creating \\\"/tmp/Project%20CR%20test%20Project%20Creation%20Should%20create%20Multiple%20Projects%20in%20controller%20using%20valid%20manifest1177632619\\\": Internal error occurred: failed calling webhook \\\"mproject.kb.io\\\": failed to call webhook: Post \\\"https://kubeslice-controller-webhook-service.kubeslice-controller.svc:443/mutate-controller-kubeslice-io-v1alpha1-project?timeout=10s\\\": dial tcp 10.96.54.183:443: connect: connection refused\",\n                ],\n                merged: {\n                    Mutex: {state: 0, sema: 0},\n                    Lines: [\n                        \"Error from server (InternalError): error when creating \\\"/tmp/Project%20CR%20test%20Project%20Creation%20Should%20create%20Multiple%20Projects%20in%20controller%20using%20valid%20manifest1177632619\\\": Internal error occurred: failed calling webhook \\\"mproject.kb.io\\\": failed to call webhook: Post \\\"https://kubeslice-controller-webhook-service.kubeslice-controller.svc:443/mutate-controller-kubeslice-io-v1alpha1-project?timeout=10s\\\": dial tcp 10.96.54.183:443: connect: connection refused\",\n                    ],\n                },\n            },\n            merged: {\n                Mutex: {state: 0, sema: 0},\n                Lines: [\n                    \"Error from server (InternalError): error when creating \\\"/tmp/Project%20CR%20test%20Project%20Creation%20Should%20create%20Multiple%20Projects%20in%20controller%20using%20valid%20manifest1177632619\\\": Internal error occurred: failed calling webhook \\\"mproject.kb.io\\\": failed to call webhook: Post \\\"https://kubeslice-controller-webhook-service.kubeslice-controller.svc:443/mutate-controller-kubeslice-io-v1alpha1-project?timeout=10s\\\": dial tcp 10.96.54.183:443: connect: connection refused\",\n                ],\n            },\n        },\n    }\n    error while running command: exit status 1; Error from server (InternalError): error when creating \"/tmp/Project%20CR%20test%20Project%20Creation%20Should%20create%20Multiple%20Projects%20in%20controller%20using%20valid%20manifest1177632619\": Internal error occurred: failed calling webhook \"mproject.kb.io\": failed to call webhook: Post \"https://kubeslice-controller-webhook-service.kubeslice-controller.svc:443/mutate-controller-kubeslice-io-v1alpha1-project?timeout=10s\": dial tcp 10.96.54.183:443: connect: connection refused\noccurred","time":{"start":1661843703000,"stop":1661843703339,"duration":339}},{"uid":"3ff002f438e6858f","status":"failed","statusDetails":"Unexpected error:\n    <*shell.ErrWithCmdOutput | 0xc00000e4c8>: {\n        Underlying: <*exec.ExitError | 0xc00076e2c0>{\n            ProcessState: {\n                pid: 11977,\n                status: 256,\n                rusage: {\n                    Utime: {Sec: 0, Usec: 191426},\n                    Stime: {Sec: 0, Usec: 42973},\n                    Maxrss: 82948,\n                    Ixrss: 0,\n                    Idrss: 0,\n                    Isrss: 0,\n                    Minflt: 3698,\n                    Majflt: 0,\n                    Nswap: 0,\n                    Inblock: 0,\n                    Oublock: 13344,\n                    Msgsnd: 0,\n                    Msgrcv: 0,\n                    Nsignals: 0,\n                    Nvcsw: 305,\n                    Nivcsw: 368,\n                },\n            },\n            Stderr: nil,\n        },\n        Output: {\n            stdout: {\n                Lines: nil,\n                merged: {\n                    Mutex: {state: 0, sema: 0},\n                    Lines: [\n                        \"Error from server (InternalError): error when creating \\\"/tmp/Project%20CR%20test%20Project%20Creation%20Should%20create%20Multiple%20Projects%20in%20controller%20using%20valid%20manifest2154338401\\\": Internal error occurred: failed calling webhook \\\"mproject.kb.io\\\": failed to call webhook: Post \\\"https://kubeslice-controller-webhook-service.kubeslice-controller.svc:443/mutate-controller-kubeslice-io-v1alpha1-project?timeout=10s\\\": dial tcp 10.96.24.88:443: connect: connection refused\",\n                    ],\n                },\n            },\n            stderr: {\n                Lines: [\n                    \"Error from server (InternalError): error when creating \\\"/tmp/Project%20CR%20test%20Project%20Creation%20Should%20create%20Multiple%20Projects%20in%20controller%20using%20valid%20manifest2154338401\\\": Internal error occurred: failed calling webhook \\\"mproject.kb.io\\\": failed to call webhook: Post \\\"https://kubeslice-controller-webhook-service.kubeslice-controller.svc:443/mutate-controller-kubeslice-io-v1alpha1-project?timeout=10s\\\": dial tcp 10.96.24.88:443: connect: connection refused\",\n                ],\n                merged: {\n                    Mutex: {state: 0, sema: 0},\n                    Lines: [\n                        \"Error from server (InternalError): error when creating \\\"/tmp/Project%20CR%20test%20Project%20Creation%20Should%20create%20Multiple%20Projects%20in%20controller%20using%20valid%20manifest2154338401\\\": Internal error occurred: failed calling webhook \\\"mproject.kb.io\\\": failed to call webhook: Post \\\"https://kubeslice-controller-webhook-service.kubeslice-controller.svc:443/mutate-controller-kubeslice-io-v1alpha1-project?timeout=10s\\\": dial tcp 10.96.24.88:443: connect: connection refused\",\n                    ],\n                },\n            },\n            merged: {\n                Mutex: {state: 0, sema: 0},\n                Lines: [\n                    \"Error from server (InternalError): error when creating \\\"/tmp/Project%20CR%20test%20Project%20Creation%20Should%20create%20Multiple%20Projects%20in%20controller%20using%20valid%20manifest2154338401\\\": Internal error occurred: failed calling webhook \\\"mproject.kb.io\\\": failed to call webhook: Post \\\"https://kubeslice-controller-webhook-service.kubeslice-controller.svc:443/mutate-controller-kubeslice-io-v1alpha1-project?timeout=10s\\\": dial tcp 10.96.24.88:443: connect: connection refused\",\n                ],\n            },\n        },\n    }\n    error while running command: exit status 1; Error from server (InternalError): error when creating \"/tmp/Project%20CR%20test%20Project%20Creation%20Should%20create%20Multiple%20Projects%20in%20controller%20using%20valid%20manifest2154338401\": Internal error occurred: failed calling webhook \"mproject.kb.io\": failed to call webhook: Post \"https://kubeslice-controller-webhook-service.kubeslice-controller.svc:443/mutate-controller-kubeslice-io-v1alpha1-project?timeout=10s\": dial tcp 10.96.24.88:443: connect: connection refused\noccurred","time":{"start":1661778217000,"stop":1661778277293,"duration":60293}},{"uid":"b759b61424d5ff0a","status":"passed","time":{"start":1661753800000,"stop":1661753807812,"duration":7812}},{"uid":"753b7b97d9e0f674","status":"passed","time":{"start":1661610863000,"stop":1661610870996,"duration":7996}},{"uid":"6e3acb2d16d2e924","status":"passed","time":{"start":1661584043000,"stop":1661584050867,"duration":7867}},{"uid":"79b2cbef921ab99a","status":"passed","time":{"start":1661579021000,"stop":1661579028788,"duration":7788}},{"uid":"6a53c82b5174b1db","status":"passed","time":{"start":1661577465000,"stop":1661577472929,"duration":7929}},{"uid":"8a3da232d607655f","status":"passed","time":{"start":1661575400000,"stop":1661575407742,"duration":7742}},{"uid":"5fe14fc7d4213e4d","status":"passed","time":{"start":1661574038000,"stop":1661574045733,"duration":7733}},{"uid":"c2711e5ad2871437","status":"passed","time":{"start":1661571393000,"stop":1661571400948,"duration":7948}},{"uid":"38735e3ea9caf6ef","status":"passed","time":{"start":1661501311000,"stop":1661501318610,"duration":7610}}]},"tags":[]},"source":"2f9076ea8c933234.json","parameterValues":[]}