{"uid":"57921a1c04862dbd","name":"[It] Project CR test Project Update Should Update successfullyy when Project is Applied with valid service account name in Read users","historyId":"Hub Suite:Hub Suite#[It] Project CR test Project Update Should Update successfullyy when Project is Applied with valid service account name in Read users","time":{"start":1662031654000,"stop":1662031775989,"duration":121989},"status":"failed","statusMessage":"Timed out after 60.000s.\nExpected\n    <bool>: false\nto be true","statusTrace":"/e2e/tests/hub/t_project_update_test.go:50\ngithub.com/kubeslice/kubeslice-e2e-automation/tests/hub_test.__ValidateProject({0x7fb880e0b938, 0xc0007641c0}, 0xc0004b6340, {{0x17fdad7, 0x11}, {0xc0004374c0, 0x1, 0x1}, {0xc0004375c0, 0x1, ...}})\n\t/e2e/tests/hub/t_project_update_test.go:50 +0x2bb\ngithub.com/kubeslice/kubeslice-e2e-automation/tests/hub_test.glob..func6.1.1()\n\t/e2e/tests/hub/t_project_update_test.go:93 +0x365","flaky":true,"newFailed":true,"newBroken":false,"newPassed":false,"retriesCount":0,"retriesStatusChange":false,"beforeStages":[],"testStage":{"steps":[{"name":"","time":{},"steps":[],"attachments":[],"parameters":[],"stepsCount":0,"attachmentsCount":0,"shouldDisplayMessage":false,"hasContent":false},{"name":"Report Entries:","time":{},"steps":[],"attachments":[],"parameters":[],"stepsCount":0,"attachmentsCount":0,"shouldDisplayMessage":false,"hasContent":false},{"name":"By Step","time":{},"steps":[],"attachments":[],"parameters":[],"stepsCount":0,"attachmentsCount":0,"shouldDisplayMessage":false,"hasContent":false},{"name":"/e2e/tests/hub/t_project_update_test.go:86","time":{},"steps":[],"attachments":[],"parameters":[],"stepsCount":0,"attachmentsCount":0,"shouldDisplayMessage":false,"hasContent":false},{"name":"2022-09-01T11:45:26.589679876Z","time":{},"steps":[],"attachments":[],"parameters":[],"stepsCount":0,"attachmentsCount":0,"shouldDisplayMessage":false,"hasContent":false},{"name":"&{Text:Creates Project using yaml Duration:0s}","time":{},"steps":[],"attachments":[],"parameters":[],"stepsCount":0,"attachmentsCount":0,"shouldDisplayMessage":false,"hasContent":false},{"name":"--","time":{},"steps":[],"attachments":[],"parameters":[],"stepsCount":0,"attachmentsCount":0,"shouldDisplayMessage":false,"hasContent":false},{"name":"By Step","time":{},"steps":[],"attachments":[],"parameters":[],"stepsCount":0,"attachmentsCount":0,"shouldDisplayMessage":false,"hasContent":false},{"name":"/e2e/tests/hub/t_project_update_test.go:91","time":{},"steps":[],"attachments":[],"parameters":[],"stepsCount":0,"attachmentsCount":0,"shouldDisplayMessage":false,"hasContent":false},{"name":"2022-09-01T11:45:27.507479368Z","time":{},"steps":[],"attachments":[],"parameters":[],"stepsCount":0,"attachmentsCount":0,"shouldDisplayMessage":false,"hasContent":false},{"name":"&{Text:Waiting for project reconciliation Duration:0s}","time":{},"steps":[],"attachments":[],"parameters":[],"stepsCount":0,"attachmentsCount":0,"shouldDisplayMessage":false,"hasContent":false},{"name":"--","time":{},"steps":[],"attachments":[],"parameters":[],"stepsCount":0,"attachmentsCount":0,"shouldDisplayMessage":false,"hasContent":false},{"name":"By Step","time":{},"steps":[],"attachments":[],"parameters":[],"stepsCount":0,"attachmentsCount":0,"shouldDisplayMessage":false,"hasContent":false},{"name":"/e2e/tests/hub/t_project_update_test.go:97","time":{},"steps":[],"attachments":[],"parameters":[],"stepsCount":0,"attachmentsCount":0,"shouldDisplayMessage":false,"hasContent":false},{"name":"2022-09-01T11:46:28.516213862Z","time":{},"steps":[],"attachments":[],"parameters":[],"stepsCount":0,"attachmentsCount":0,"shouldDisplayMessage":false,"hasContent":false},{"name":"&{Text:Uninstall the newly created project Duration:0s}","time":{},"steps":[],"attachments":[],"parameters":[],"stepsCount":0,"attachmentsCount":0,"shouldDisplayMessage":false,"hasContent":false},{"name":"--","time":{},"steps":[],"attachments":[],"parameters":[],"stepsCount":0,"attachmentsCount":0,"shouldDisplayMessage":false,"hasContent":false},{"name":"By Step","time":{},"steps":[],"attachments":[],"parameters":[],"stepsCount":0,"attachmentsCount":0,"shouldDisplayMessage":false,"hasContent":false},{"name":"/e2e/tests/hub/t_project_update_test.go:100","time":{},"steps":[],"attachments":[],"parameters":[],"stepsCount":0,"attachmentsCount":0,"shouldDisplayMessage":false,"hasContent":false},{"name":"2022-09-01T11:46:28.57885296Z","time":{},"steps":[],"attachments":[],"parameters":[],"stepsCount":0,"attachmentsCount":0,"shouldDisplayMessage":false,"hasContent":false},{"name":"&{Text:Waiting for project deletion Duration:0s}","time":{},"steps":[],"attachments":[],"parameters":[],"stepsCount":0,"attachmentsCount":0,"shouldDisplayMessage":false,"hasContent":false}],"attachments":[],"parameters":[],"stepsCount":21,"attachmentsCount":0,"shouldDisplayMessage":false,"hasContent":true},"afterStages":[],"labels":[{"name":"resultFormat","value":"junit"},{"name":"suite","value":"Hub Suite"},{"name":"testClass","value":"Hub Suite"},{"name":"package","value":"Hub Suite"}],"parameters":[],"links":[],"hidden":false,"retry":false,"extra":{"severity":"normal","retries":[],"categories":[{"name":"Product defects","matchedStatuses":[],"flaky":false}],"history":{"statistic":{"failed":11,"broken":0,"skipped":0,"passed":163,"unknown":0,"total":174},"items":[{"uid":"598a928f1f6d8a3b","status":"passed","time":{"start":1662027354000,"stop":1662027363263,"duration":9263}},{"uid":"f4d8d91e10503eb2","status":"failed","statusDetails":"Unexpected error:\n    <*shell.ErrWithCmdOutput | 0xc00000f788>: {\n        Underlying: <*exec.ExitError | 0xc000905b20>{\n            ProcessState: {\n                pid: 7683,\n                status: 256,\n                rusage: {\n                    Utime: {Sec: 0, Usec: 198823},\n                    Stime: {Sec: 0, Usec: 24852},\n                    Maxrss: 83960,\n                    Ixrss: 0,\n                    Idrss: 0,\n                    Isrss: 0,\n                    Minflt: 5302,\n                    Majflt: 0,\n                    Nswap: 0,\n                    Inblock: 0,\n                    Oublock: 13344,\n                    Msgsnd: 0,\n                    Msgrcv: 0,\n                    Nsignals: 0,\n                    Nvcsw: 290,\n                    Nivcsw: 285,\n                },\n            },\n            Stderr: nil,\n        },\n        Output: {\n            stdout: {\n                Lines: nil,\n                merged: {\n                    Mutex: {state: 0, sema: 0},\n                    Lines: [\n                        \"Error from server (InternalError): error when creating \\\"/tmp/Project%20CR%20test%20Project%20Update%20Should%20Update%20successfullyy%20when%20Project%20is%20Applied%20with%20valid%20service%20account%20name%20in%20Read%20users1553601793\\\": Internal error occurred: failed calling webhook \\\"mproject.kb.io\\\": failed to call webhook: Post \\\"https://kubeslice-controller-webhook-service.kubeslice-controller.svc:443/mutate-controller-kubeslice-io-v1alpha1-project?timeout=10s\\\": dial tcp 10.96.242.99:443: connect: connection refused\",\n                    ],\n                },\n            },\n            stderr: {\n                Lines: [\n                    \"Error from server (InternalError): error when creating \\\"/tmp/Project%20CR%20test%20Project%20Update%20Should%20Update%20successfullyy%20when%20Project%20is%20Applied%20with%20valid%20service%20account%20name%20in%20Read%20users1553601793\\\": Internal error occurred: failed calling webhook \\\"mproject.kb.io\\\": failed to call webhook: Post \\\"https://kubeslice-controller-webhook-service.kubeslice-controller.svc:443/mutate-controller-kubeslice-io-v1alpha1-project?timeout=10s\\\": dial tcp 10.96.242.99:443: connect: connection refused\",\n                ],\n                merged: {\n                    Mutex: {state: 0, sema: 0},\n                    Lines: [\n                        \"Error from server (InternalError): error when creating \\\"/tmp/Project%20CR%20test%20Project%20Update%20Should%20Update%20successfullyy%20when%20Project%20is%20Applied%20with%20valid%20service%20account%20name%20in%20Read%20users1553601793\\\": Internal error occurred: failed calling webhook \\\"mproject.kb.io\\\": failed to call webhook: Post \\\"https://kubeslice-controller-webhook-service.kubeslice-controller.svc:443/mutate-controller-kubeslice-io-v1alpha1-project?timeout=10s\\\": dial tcp 10.96.242.99:443: connect: connection refused\",\n                    ],\n                },\n            },\n            merged: {\n                Mutex: {state: 0, sema: 0},\n                Lines: [\n                    \"Error from server (InternalError): error when creating \\\"/tmp/Project%20CR%20test%20Project%20Update%20Should%20Update%20successfullyy%20when%20Project%20is%20Applied%20with%20valid%20service%20account%20name%20in%20Read%20users1553601793\\\": Internal error occurred: failed calling webhook \\\"mproject.kb.io\\\": failed to call webhook: Post \\\"https://kubeslice-controller-webhook-service.kubeslice-controller.svc:443/mutate-controller-kubeslice-io-v1alpha1-project?timeout=10s\\\": dial tcp 10.96.242.99:443: connect: connection refused\",\n                ],\n            },\n        },\n    }\n    error while running command: exit status 1; Error from server (InternalError): error when creating \"/tmp/Project%20CR%20test%20Project%20Update%20Should%20Update%20successfullyy%20when%20Project%20is%20Applied%20with%20valid%20service%20account%20name%20in%20Read%20users1553601793\": Internal error occurred: failed calling webhook \"mproject.kb.io\": failed to call webhook: Post \"https://kubeslice-controller-webhook-service.kubeslice-controller.svc:443/mutate-controller-kubeslice-io-v1alpha1-project?timeout=10s\": dial tcp 10.96.242.99:443: connect: connection refused\noccurred","time":{"start":1661952242000,"stop":1661952242276,"duration":276}},{"uid":"c284032f8b279c61","status":"passed","time":{"start":1661863163000,"stop":1661863172506,"duration":9506}},{"uid":"2f6a9941d3df494b","status":"passed","time":{"start":1661862437000,"stop":1661862446055,"duration":9055}},{"uid":"440af0b428f7cd7a","status":"passed","time":{"start":1661862282000,"stop":1661862290564,"duration":8564}},{"uid":"bb5ab34c0a3d910c","status":"passed","time":{"start":1661861783000,"stop":1661861792138,"duration":9138}},{"uid":"e7c7d6c4a6cc715b","status":"passed","time":{"start":1661858395000,"stop":1661858403521,"duration":8521}},{"uid":"55fd564ecc4d1c1b","status":"passed","time":{"start":1661853168000,"stop":1661853176241,"duration":8241}},{"uid":"9b7c015f3c30cbdd","status":"passed","time":{"start":1661845706000,"stop":1661845714647,"duration":8647}},{"uid":"ec00897133887a24","status":"failed","statusDetails":"Unexpected error:\n    <*shell.ErrWithCmdOutput | 0xc00081a258>: {\n        Underlying: <*exec.ExitError | 0xc00060a320>{\n            ProcessState: {\n                pid: 6696,\n                status: 256,\n                rusage: {\n                    Utime: {Sec: 0, Usec: 220800},\n                    Stime: {Sec: 0, Usec: 44908},\n                    Maxrss: 75500,\n                    Ixrss: 0,\n                    Idrss: 0,\n                    Isrss: 0,\n                    Minflt: 2870,\n                    Majflt: 0,\n                    Nswap: 0,\n                    Inblock: 0,\n                    Oublock: 13344,\n                    Msgsnd: 0,\n                    Msgrcv: 0,\n                    Nsignals: 0,\n                    Nvcsw: 381,\n                    Nivcsw: 499,\n                },\n            },\n            Stderr: nil,\n        },\n        Output: {\n            stdout: {\n                Lines: nil,\n                merged: {\n                    Mutex: {state: 0, sema: 0},\n                    Lines: [\n                        \"Error from server (InternalError): error when creating \\\"/tmp/Project%20CR%20test%20Project%20Update%20Should%20Update%20successfullyy%20when%20Project%20is%20Applied%20with%20valid%20service%20account%20name%20in%20Read%20users704737040\\\": Internal error occurred: failed calling webhook \\\"mproject.kb.io\\\": failed to call webhook: Post \\\"https://kubeslice-controller-webhook-service.kubeslice-controller.svc:443/mutate-controller-kubeslice-io-v1alpha1-project?timeout=10s\\\": dial tcp 10.96.54.183:443: connect: connection refused\",\n                    ],\n                },\n            },\n            stderr: {\n                Lines: [\n                    \"Error from server (InternalError): error when creating \\\"/tmp/Project%20CR%20test%20Project%20Update%20Should%20Update%20successfullyy%20when%20Project%20is%20Applied%20with%20valid%20service%20account%20name%20in%20Read%20users704737040\\\": Internal error occurred: failed calling webhook \\\"mproject.kb.io\\\": failed to call webhook: Post \\\"https://kubeslice-controller-webhook-service.kubeslice-controller.svc:443/mutate-controller-kubeslice-io-v1alpha1-project?timeout=10s\\\": dial tcp 10.96.54.183:443: connect: connection refused\",\n                ],\n                merged: {\n                    Mutex: {state: 0, sema: 0},\n                    Lines: [\n                        \"Error from server (InternalError): error when creating \\\"/tmp/Project%20CR%20test%20Project%20Update%20Should%20Update%20successfullyy%20when%20Project%20is%20Applied%20with%20valid%20service%20account%20name%20in%20Read%20users704737040\\\": Internal error occurred: failed calling webhook \\\"mproject.kb.io\\\": failed to call webhook: Post \\\"https://kubeslice-controller-webhook-service.kubeslice-controller.svc:443/mutate-controller-kubeslice-io-v1alpha1-project?timeout=10s\\\": dial tcp 10.96.54.183:443: connect: connection refused\",\n                    ],\n                },\n            },\n            merged: {\n                Mutex: {state: 0, sema: 0},\n                Lines: [\n                    \"Error from server (InternalError): error when creating \\\"/tmp/Project%20CR%20test%20Project%20Update%20Should%20Update%20successfullyy%20when%20Project%20is%20Applied%20with%20valid%20service%20account%20name%20in%20Read%20users704737040\\\": Internal error occurred: failed calling webhook \\\"mproject.kb.io\\\": failed to call webhook: Post \\\"https://kubeslice-controller-webhook-service.kubeslice-controller.svc:443/mutate-controller-kubeslice-io-v1alpha1-project?timeout=10s\\\": dial tcp 10.96.54.183:443: connect: connection refused\",\n                ],\n            },\n        },\n    }\n    error while running command: exit status 1; Error from server (InternalError): error when creating \"/tmp/Project%20CR%20test%20Project%20Update%20Should%20Update%20successfullyy%20when%20Project%20is%20Applied%20with%20valid%20service%20account%20name%20in%20Read%20users704737040\": Internal error occurred: failed calling webhook \"mproject.kb.io\": failed to call webhook: Post \"https://kubeslice-controller-webhook-service.kubeslice-controller.svc:443/mutate-controller-kubeslice-io-v1alpha1-project?timeout=10s\": dial tcp 10.96.54.183:443: connect: connection refused\noccurred","time":{"start":1661843703000,"stop":1661843703345,"duration":345}},{"uid":"23541c3937a54c77","status":"failed","statusDetails":"Timed out after 60.000s.\nExpected\n    <bool>: false\nto be true","time":{"start":1661778217000,"stop":1661778285415,"duration":68415}},{"uid":"16104b9e4f1ed9fb","status":"passed","time":{"start":1661753800000,"stop":1661753808273,"duration":8273}},{"uid":"7dec6bfcf095f327","status":"passed","time":{"start":1661610863000,"stop":1661610871815,"duration":8815}},{"uid":"5eae0bc468cafdf0","status":"passed","time":{"start":1661584043000,"stop":1661584052247,"duration":9247}},{"uid":"ed72deeb9d3a8666","status":"passed","time":{"start":1661579021000,"stop":1661579029363,"duration":8363}},{"uid":"781ec36f22451490","status":"passed","time":{"start":1661577465000,"stop":1661577474317,"duration":9317}},{"uid":"6bdb3ae9a3e8a483","status":"passed","time":{"start":1661575400000,"stop":1661575414084,"duration":14084}},{"uid":"36f6ac0e9b89c13b","status":"passed","time":{"start":1661574038000,"stop":1661574047050,"duration":9050}},{"uid":"bcc1ccb40f45d93a","status":"passed","time":{"start":1661571393000,"stop":1661571402424,"duration":9424}},{"uid":"2ea96716828eeffd","status":"passed","time":{"start":1661501311000,"stop":1661501319820,"duration":8820}}]},"tags":[]},"source":"57921a1c04862dbd.json","parameterValues":[]}