{"uid":"7f112da4ef629a28","name":"[It] Project CR test Project Update Should update successfully when Project applied with valid service account name in Write users","historyId":"Hub Suite:Hub Suite#[It] Project CR test Project Update Should update successfully when Project applied with valid service account name in Write users","time":{"start":1662031654000,"stop":1662031714303,"duration":60303},"status":"failed","statusMessage":"Unexpected error:\n    <*shell.ErrWithCmdOutput | 0xc0007bb128>: {\n        Underlying: <*exec.ExitError | 0xc00091dca0>{\n            ProcessState: {\n                pid: 9099,\n                status: 256,\n                rusage: {\n                    Utime: {Sec: 0, Usec: 141659},\n                    Stime: {Sec: 0, Usec: 60711},\n                    Maxrss: 84436,\n                    Ixrss: 0,\n                    Idrss: 0,\n                    Isrss: 0,\n                    Minflt: 4369,\n                    Majflt: 0,\n                    Nswap: 0,\n                    Inblock: 0,\n                    Oublock: 13344,\n                    Msgsnd: 0,\n                    Msgrcv: 0,\n                    Nsignals: 0,\n                    Nvcsw: 363,\n                    Nivcsw: 279,\n                },\n            },\n            Stderr: nil,\n        },\n        Output: {\n            stdout: {\n                Lines: nil,\n                merged: {\n                    Mutex: {state: 0, sema: 0},\n                    Lines: [\n                        \"Error from server (InternalError): error when applying patch:\",\n                        \"{\\\"status\\\":{}}\",\n                        \"to:\",\n                        \"Resource: \\\"controller.kubeslice.io/v1alpha1, Resource=projects\\\", GroupVersionKind: \\\"controller.kubeslice.io/v1alpha1, Kind=Project\\\"\",\n                        \"Name: \\\"projectupdatetest\\\", Namespace: \\\"kubeslice-controller\\\"\",\n                        \"for: \\\"/tmp/Project%20CR%20test%20Project%20Update%20Should%20update%20successfully%20when%20Project%20applied%20with%20valid%20service%20account%20name%20in%20Write%20users1081897832\\\": error when patching \\\"/tmp/Project%20CR%20test%20Project%20Update%20Should%20update%20successfully%20when%20Project%20applied%20with%20valid%20service%20account%20name%20in%20Write%20users1081897832\\\": Internal error occurred: failed calling webhook \\\"mproject.kb.io\\\": failed to call webhook: Post \\\"https://kubeslice-controller-webhook-service.kubeslice-controller.svc:443/mutate-controller-kubeslice-io-v1alpha1-project?timeout=10s\\\": dial tcp 10.96.231.22:443: connect: connection refused\",\n                    ],\n                },\n            },\n            stderr: {\n                Lines: [\n                    \"Error from server (InternalError): error when applying patch:\",\n                    \"{\\\"status\\\":{}}\",\n                    \"to:\",\n                    \"Resource: \\\"controller.kubeslice.io/v1alpha1, Resource=projects\\\", GroupVersionKind: \\\"controller.kubeslice.io/v1alpha1, Kind=Project\\\"\",\n                    \"Name: \\\"projectupdatetest\\\", Namespace: \\\"kubeslice-controller\\\"\",\n                    \"for: \\\"/tmp/Project%20CR%20test%20Project%20Update%20Should%20update%20successfully%20when%20Project%20applied%20with%20valid%20service%20account%20name%20in%20Write%20users1081897832\\\": error when patching \\\"/tmp/Project%20CR%20test%20Project%20Update%20Should%20update%20successfully%20when%20Project%20applied%20with%20valid%20service%20account%20name%20in%20Write%20users1081897832\\\": Internal error occurred: failed calling webhook \\\"mproject.kb.io\\\": failed to call webhook: Post \\\"https://kubeslice-controller-webhook-service.kubeslice-controller.svc:443/mutate-controller-kubeslice-io-v1alpha1-project?timeout=10s\\\": dial tcp 10.96.231.22:443: connect: connection refused\",\n                ],\n                merged: {\n                    Mutex: {state: 0, sema: 0},\n                    Lines: [\n                        \"Error from server (InternalError): error when applying patch:\",\n                        \"{\\\"status\\\":{}}\",\n                        \"to:\",\n                        \"Resource: \\\"controller.kubeslice.io/v1alpha1, Resource=projects\\\", GroupVersionKind: \\\"controller.kubeslice.io/v1alpha1, Kind=Project\\\"\",\n                        \"Name: \\\"projectupdatetest\\\", Namespace: \\\"kubeslice-controller\\\"\",\n                        \"for: \\\"/tmp/Project%20CR%20test%20Project%20Update%20Should%20update%20successfully%20when%20Project%20applied%20with%20valid%20service%20account%20n...\n\nGomega truncated this representation as it exceeds 'format.MaxLength'.\nConsider having the object provide a custom 'GomegaStringer' representation\nor adjust the parameters in Gomega's 'format' package.\n\nLearn more here: https://onsi.github.io/gomega/#adjusting-output\n\n    error while running command: exit status 1; Error from server (InternalError): error when applying patch:\n    {\"status\":{}}\n    to:\n    Resource: \"controller.kubeslice.io/v1alpha1, Resource=projects\", GroupVersionKind: \"controller.kubeslice.io/v1alpha1, Kind=Project\"\n    Name: \"projectupdatetest\", Namespace: \"kubeslice-controller\"\n    for: \"/tmp/Project%20CR%20test%20Project%20Update%20Should%20update%20successfully%20when%20Project%20applied%20with%20valid%20service%20account%20name%20in%20Write%20users1081897832\": error when patching \"/tmp/Project%20CR%20test%20Project%20Update%20Should%20update%20successfully%20when%20Project%20applied%20with%20valid%20service%20account%20name%20in%20Write%20users1081897832\": Internal error occurred: failed calling webhook \"mproject.kb.io\": failed to call webhook: Post \"https://kubeslice-controller-webhook-service.kubeslice-controller.svc:443/mutate-controller-kubeslice-io-v1alpha1-project?timeout=10s\": dial tcp 10.96.231.22:443: connect: connection refused\noccurred","statusTrace":"/e2e/tests/hub/t_project_update_test.go:89\ngithub.com/kubeslice/kubeslice-e2e-automation/tests/hub_test.glob..func6.1.1()\n\t/e2e/tests/hub/t_project_update_test.go:89 +0x273","flaky":true,"newFailed":true,"newBroken":false,"newPassed":false,"retriesCount":0,"retriesStatusChange":false,"beforeStages":[],"testStage":{"steps":[{"name":"","time":{},"steps":[],"attachments":[],"parameters":[],"stepsCount":0,"attachmentsCount":0,"shouldDisplayMessage":false,"hasContent":false},{"name":"Report Entries:","time":{},"steps":[],"attachments":[],"parameters":[],"stepsCount":0,"attachmentsCount":0,"shouldDisplayMessage":false,"hasContent":false},{"name":"By Step","time":{},"steps":[],"attachments":[],"parameters":[],"stepsCount":0,"attachmentsCount":0,"shouldDisplayMessage":false,"hasContent":false},{"name":"/e2e/tests/hub/t_project_update_test.go:86","time":{},"steps":[],"attachments":[],"parameters":[],"stepsCount":0,"attachmentsCount":0,"shouldDisplayMessage":false,"hasContent":false},{"name":"2022-09-01T11:47:28.582636313Z","time":{},"steps":[],"attachments":[],"parameters":[],"stepsCount":0,"attachmentsCount":0,"shouldDisplayMessage":false,"hasContent":false},{"name":"&{Text:Creates Project using yaml Duration:0s}","time":{},"steps":[],"attachments":[],"parameters":[],"stepsCount":0,"attachmentsCount":0,"shouldDisplayMessage":false,"hasContent":false},{"name":"--","time":{},"steps":[],"attachments":[],"parameters":[],"stepsCount":0,"attachmentsCount":0,"shouldDisplayMessage":false,"hasContent":false},{"name":"By Step","time":{},"steps":[],"attachments":[],"parameters":[],"stepsCount":0,"attachmentsCount":0,"shouldDisplayMessage":false,"hasContent":false},{"name":"/e2e/tests/hub/t_project_update_test.go:97","time":{},"steps":[],"attachments":[],"parameters":[],"stepsCount":0,"attachmentsCount":0,"shouldDisplayMessage":false,"hasContent":false},{"name":"2022-09-01T11:47:28.790502457Z","time":{},"steps":[],"attachments":[],"parameters":[],"stepsCount":0,"attachmentsCount":0,"shouldDisplayMessage":false,"hasContent":false},{"name":"&{Text:Uninstall the newly created project Duration:0s}","time":{},"steps":[],"attachments":[],"parameters":[],"stepsCount":0,"attachmentsCount":0,"shouldDisplayMessage":false,"hasContent":false},{"name":"--","time":{},"steps":[],"attachments":[],"parameters":[],"stepsCount":0,"attachmentsCount":0,"shouldDisplayMessage":false,"hasContent":false},{"name":"By Step","time":{},"steps":[],"attachments":[],"parameters":[],"stepsCount":0,"attachmentsCount":0,"shouldDisplayMessage":false,"hasContent":false},{"name":"/e2e/tests/hub/t_project_update_test.go:100","time":{},"steps":[],"attachments":[],"parameters":[],"stepsCount":0,"attachmentsCount":0,"shouldDisplayMessage":false,"hasContent":false},{"name":"2022-09-01T11:47:28.885710607Z","time":{},"steps":[],"attachments":[],"parameters":[],"stepsCount":0,"attachmentsCount":0,"shouldDisplayMessage":false,"hasContent":false},{"name":"&{Text:Waiting for project deletion Duration:0s}","time":{},"steps":[],"attachments":[],"parameters":[],"stepsCount":0,"attachmentsCount":0,"shouldDisplayMessage":false,"hasContent":false}],"attachments":[],"parameters":[],"stepsCount":16,"attachmentsCount":0,"shouldDisplayMessage":false,"hasContent":true},"afterStages":[],"labels":[{"name":"resultFormat","value":"junit"},{"name":"suite","value":"Hub Suite"},{"name":"testClass","value":"Hub Suite"},{"name":"package","value":"Hub Suite"}],"parameters":[],"links":[],"hidden":false,"retry":false,"extra":{"severity":"normal","retries":[],"categories":[{"name":"Product defects","matchedStatuses":[],"flaky":false}],"history":{"statistic":{"failed":11,"broken":0,"skipped":0,"passed":163,"unknown":0,"total":174},"items":[{"uid":"14e48bb19f9e4060","status":"passed","time":{"start":1662027354000,"stop":1662027358460,"duration":4460}},{"uid":"25a4d45eceb78583","status":"failed","statusDetails":"Unexpected error:\n    <*shell.ErrWithCmdOutput | 0xc00000f8d8>: {\n        Underlying: <*exec.ExitError | 0xc0006d8060>{\n            ProcessState: {\n                pid: 7692,\n                status: 256,\n                rusage: {\n                    Utime: {Sec: 0, Usec: 162291},\n                    Stime: {Sec: 0, Usec: 57961},\n                    Maxrss: 77032,\n                    Ixrss: 0,\n                    Idrss: 0,\n                    Isrss: 0,\n                    Minflt: 5472,\n                    Majflt: 0,\n                    Nswap: 0,\n                    Inblock: 0,\n                    Oublock: 13344,\n                    Msgsnd: 0,\n                    Msgrcv: 0,\n                    Nsignals: 0,\n                    Nvcsw: 396,\n                    Nivcsw: 242,\n                },\n            },\n            Stderr: nil,\n        },\n        Output: {\n            stdout: {\n                Lines: nil,\n                merged: {\n                    Mutex: {state: 0, sema: 0},\n                    Lines: [\n                        \"Error from server (InternalError): error when creating \\\"/tmp/Project%20CR%20test%20Project%20Update%20Should%20update%20successfully%20when%20Project%20applied%20with%20valid%20service%20account%20name%20in%20Write%20users3471566378\\\": Internal error occurred: failed calling webhook \\\"mproject.kb.io\\\": failed to call webhook: Post \\\"https://kubeslice-controller-webhook-service.kubeslice-controller.svc:443/mutate-controller-kubeslice-io-v1alpha1-project?timeout=10s\\\": dial tcp 10.96.242.99:443: connect: connection refused\",\n                    ],\n                },\n            },\n            stderr: {\n                Lines: [\n                    \"Error from server (InternalError): error when creating \\\"/tmp/Project%20CR%20test%20Project%20Update%20Should%20update%20successfully%20when%20Project%20applied%20with%20valid%20service%20account%20name%20in%20Write%20users3471566378\\\": Internal error occurred: failed calling webhook \\\"mproject.kb.io\\\": failed to call webhook: Post \\\"https://kubeslice-controller-webhook-service.kubeslice-controller.svc:443/mutate-controller-kubeslice-io-v1alpha1-project?timeout=10s\\\": dial tcp 10.96.242.99:443: connect: connection refused\",\n                ],\n                merged: {\n                    Mutex: {state: 0, sema: 0},\n                    Lines: [\n                        \"Error from server (InternalError): error when creating \\\"/tmp/Project%20CR%20test%20Project%20Update%20Should%20update%20successfully%20when%20Project%20applied%20with%20valid%20service%20account%20name%20in%20Write%20users3471566378\\\": Internal error occurred: failed calling webhook \\\"mproject.kb.io\\\": failed to call webhook: Post \\\"https://kubeslice-controller-webhook-service.kubeslice-controller.svc:443/mutate-controller-kubeslice-io-v1alpha1-project?timeout=10s\\\": dial tcp 10.96.242.99:443: connect: connection refused\",\n                    ],\n                },\n            },\n            merged: {\n                Mutex: {state: 0, sema: 0},\n                Lines: [\n                    \"Error from server (InternalError): error when creating \\\"/tmp/Project%20CR%20test%20Project%20Update%20Should%20update%20successfully%20when%20Project%20applied%20with%20valid%20service%20account%20name%20in%20Write%20users3471566378\\\": Internal error occurred: failed calling webhook \\\"mproject.kb.io\\\": failed to call webhook: Post \\\"https://kubeslice-controller-webhook-service.kubeslice-controller.svc:443/mutate-controller-kubeslice-io-v1alpha1-project?timeout=10s\\\": dial tcp 10.96.242.99:443: connect: connection refused\",\n                ],\n            },\n        },\n    }\n    error while running command: exit status 1; Error from server (InternalError): error when creating \"/tmp/Project%20CR%20test%20Project%20Update%20Should%20update%20successfully%20when%20Project%20applied%20with%20valid%20service%20account%20name%20in%20Write%20users3471566378\": Internal error occurred: failed calling webhook \"mproject.kb.io\": failed to call webhook: Post \"https://kubeslice-controller-webhook-service.kubeslice-controller.svc:443/mutate-controller-kubeslice-io-v1alpha1-project?timeout=10s\": dial tcp 10.96.242.99:443: connect: connection refused\noccurred","time":{"start":1661952242000,"stop":1661952242273,"duration":273}},{"uid":"dd330fc1d4e345a8","status":"passed","time":{"start":1661863163000,"stop":1661863167439,"duration":4439}},{"uid":"4ecdee07b53a1671","status":"passed","time":{"start":1661862437000,"stop":1661862441291,"duration":4291}},{"uid":"bd18632a0cd57cab","status":"passed","time":{"start":1661862282000,"stop":1661862286536,"duration":4536}},{"uid":"40194fc30c3ffd00","status":"passed","time":{"start":1661861783000,"stop":1661861788222,"duration":5222}},{"uid":"947f43e97846ea40","status":"passed","time":{"start":1661858395000,"stop":1661858399491,"duration":4491}},{"uid":"646ed5bf40131742","status":"passed","time":{"start":1661853168000,"stop":1661853172290,"duration":4290}},{"uid":"2f80b61a8d819d05","status":"passed","time":{"start":1661845706000,"stop":1661845710491,"duration":4491}},{"uid":"c10aff47b9cc79bb","status":"failed","statusDetails":"Unexpected error:\n    <*shell.ErrWithCmdOutput | 0xc00081a588>: {\n        Underlying: <*exec.ExitError | 0xc00060ab40>{\n            ProcessState: {\n                pid: 6705,\n                status: 256,\n                rusage: {\n                    Utime: {Sec: 0, Usec: 223396},\n                    Stime: {Sec: 0, Usec: 47870},\n                    Maxrss: 73440,\n                    Ixrss: 0,\n                    Idrss: 0,\n                    Isrss: 0,\n                    Minflt: 3210,\n                    Majflt: 0,\n                    Nswap: 0,\n                    Inblock: 0,\n                    Oublock: 13344,\n                    Msgsnd: 0,\n                    Msgrcv: 0,\n                    Nsignals: 0,\n                    Nvcsw: 322,\n                    Nivcsw: 509,\n                },\n            },\n            Stderr: nil,\n        },\n        Output: {\n            stdout: {\n                Lines: nil,\n                merged: {\n                    Mutex: {state: 0, sema: 0},\n                    Lines: [\n                        \"Error from server (InternalError): error when creating \\\"/tmp/Project%20CR%20test%20Project%20Update%20Should%20update%20successfully%20when%20Project%20applied%20with%20valid%20service%20account%20name%20in%20Write%20users1058481140\\\": Internal error occurred: failed calling webhook \\\"mproject.kb.io\\\": failed to call webhook: Post \\\"https://kubeslice-controller-webhook-service.kubeslice-controller.svc:443/mutate-controller-kubeslice-io-v1alpha1-project?timeout=10s\\\": dial tcp 10.96.54.183:443: connect: connection refused\",\n                    ],\n                },\n            },\n            stderr: {\n                Lines: [\n                    \"Error from server (InternalError): error when creating \\\"/tmp/Project%20CR%20test%20Project%20Update%20Should%20update%20successfully%20when%20Project%20applied%20with%20valid%20service%20account%20name%20in%20Write%20users1058481140\\\": Internal error occurred: failed calling webhook \\\"mproject.kb.io\\\": failed to call webhook: Post \\\"https://kubeslice-controller-webhook-service.kubeslice-controller.svc:443/mutate-controller-kubeslice-io-v1alpha1-project?timeout=10s\\\": dial tcp 10.96.54.183:443: connect: connection refused\",\n                ],\n                merged: {\n                    Mutex: {state: 0, sema: 0},\n                    Lines: [\n                        \"Error from server (InternalError): error when creating \\\"/tmp/Project%20CR%20test%20Project%20Update%20Should%20update%20successfully%20when%20Project%20applied%20with%20valid%20service%20account%20name%20in%20Write%20users1058481140\\\": Internal error occurred: failed calling webhook \\\"mproject.kb.io\\\": failed to call webhook: Post \\\"https://kubeslice-controller-webhook-service.kubeslice-controller.svc:443/mutate-controller-kubeslice-io-v1alpha1-project?timeout=10s\\\": dial tcp 10.96.54.183:443: connect: connection refused\",\n                    ],\n                },\n            },\n            merged: {\n                Mutex: {state: 0, sema: 0},\n                Lines: [\n                    \"Error from server (InternalError): error when creating \\\"/tmp/Project%20CR%20test%20Project%20Update%20Should%20update%20successfully%20when%20Project%20applied%20with%20valid%20service%20account%20name%20in%20Write%20users1058481140\\\": Internal error occurred: failed calling webhook \\\"mproject.kb.io\\\": failed to call webhook: Post \\\"https://kubeslice-controller-webhook-service.kubeslice-controller.svc:443/mutate-controller-kubeslice-io-v1alpha1-project?timeout=10s\\\": dial tcp 10.96.54.183:443: connect: connection refused\",\n                ],\n            },\n        },\n    }\n    error while running command: exit status 1; Error from server (InternalError): error when creating \"/tmp/Project%20CR%20test%20Project%20Update%20Should%20update%20successfully%20when%20Project%20applied%20with%20valid%20service%20account%20name%20in%20Write%20users1058481140\": Internal error occurred: failed calling webhook \"mproject.kb.io\": failed to call webhook: Post \"https://kubeslice-controller-webhook-service.kubeslice-controller.svc:443/mutate-controller-kubeslice-io-v1alpha1-project?timeout=10s\": dial tcp 10.96.54.183:443: connect: connection refused\noccurred","time":{"start":1661843703000,"stop":1661843703338,"duration":338}},{"uid":"fdf401e0fc4f683a","status":"failed","statusDetails":"Timed out after 60.001s.\nExpected\n    <bool>: false\nto be true","time":{"start":1661778217000,"stop":1661778283574,"duration":66574}},{"uid":"22030103d4b0bb82","status":"passed","time":{"start":1661753800000,"stop":1661753804236,"duration":4236}},{"uid":"22f6718fa4bb9d5b","status":"passed","time":{"start":1661610863000,"stop":1661610867839,"duration":4839}},{"uid":"788a30101a1bb489","status":"passed","time":{"start":1661584043000,"stop":1661584047407,"duration":4407}},{"uid":"cb9fd5d899678f71","status":"passed","time":{"start":1661579021000,"stop":1661579026231,"duration":5231}},{"uid":"fd8a1d551b849750","status":"passed","time":{"start":1661577465000,"stop":1661577469446,"duration":4446}},{"uid":"bcda804bea3b5c27","status":"passed","time":{"start":1661575400000,"stop":1661575405135,"duration":5135}},{"uid":"d1868ef03f7562d4","status":"passed","time":{"start":1661574038000,"stop":1661574043214,"duration":5214}},{"uid":"9dc9de41e2f2a9d5","status":"passed","time":{"start":1661571393000,"stop":1661571397486,"duration":4486}},{"uid":"da441c87565b8b30","status":"passed","time":{"start":1661501311000,"stop":1661501316040,"duration":5040}}]},"tags":[]},"source":"7f112da4ef629a28.json","parameterValues":[]}