{"uid":"4b4757e66a1912dae1a509f688f20b0f","children":[{"name":"Product defects","children":[{"name":"Timed out after 210.002s.\nExpected an error to have occurred.  Got:\n    <nil>: nil","children":[{"name":"[It] Cluster negative tests Worker Cluster Registration with Wrong clustername","uid":"109b58041a991efc","parentUid":"827296ab5f23271eb56711cb47c36422","status":"failed","time":{"start":1661778217000,"stop":1661778572397,"duration":355397},"flaky":false,"newFailed":true,"newPassed":false,"newBroken":false,"retriesCount":0,"retriesStatusChange":false,"parameters":[]}],"uid":"827296ab5f23271eb56711cb47c36422"},{"name":"Timed out after 60.000s.\nExpected\n    <bool>: false\nto be true","children":[{"name":"[It] Project CR test Project Update Should update successfully when Project Applied while removing a service account name in Write users","uid":"207bd57bbe2ade94","parentUid":"cad0674b2306dd77b62a2ba0a795baef","status":"failed","time":{"start":1661778217000,"stop":1661778338282,"duration":121282},"flaky":false,"newFailed":true,"newPassed":false,"newBroken":false,"retriesCount":0,"retriesStatusChange":false,"parameters":[]},{"name":"[It] Project CR test Project Deletion Should fail when deleting a project that does not exist","uid":"6942a3be68c3a58c","parentUid":"cad0674b2306dd77b62a2ba0a795baef","status":"failed","time":{"start":1661778217000,"stop":1661778285224,"duration":68224},"flaky":false,"newFailed":true,"newPassed":false,"newBroken":false,"retriesCount":0,"retriesStatusChange":false,"parameters":[]},{"name":"[It] Project CR test Project Creation Should update Project while applying valid manifest with existing Project name","uid":"22c11cd31b9aa1","parentUid":"cad0674b2306dd77b62a2ba0a795baef","status":"failed","time":{"start":1661778217000,"stop":1661778338290,"duration":121290},"flaky":false,"newFailed":true,"newPassed":false,"newBroken":false,"retriesCount":0,"retriesStatusChange":false,"parameters":[]},{"name":"[It] Project CR test Project Update Should update successfully when Project Applied while removing a service account name in Read users","uid":"4232b9a16db7ad5a","parentUid":"cad0674b2306dd77b62a2ba0a795baef","status":"failed","time":{"start":1661778217000,"stop":1661778284615,"duration":67615},"flaky":false,"newFailed":true,"newPassed":false,"newBroken":false,"retriesCount":0,"retriesStatusChange":false,"parameters":[]},{"name":"[It] Project CR test Project Update Should Update successfullyy when Project is Applied with valid service account name in Read users","uid":"23541c3937a54c77","parentUid":"cad0674b2306dd77b62a2ba0a795baef","status":"failed","time":{"start":1661778217000,"stop":1661778285415,"duration":68415},"flaky":false,"newFailed":true,"newPassed":false,"newBroken":false,"retriesCount":0,"retriesStatusChange":false,"parameters":[]}],"uid":"cad0674b2306dd77b62a2ba0a795baef"},{"name":"Unexpected error:\n    <*shell.ErrWithCmdOutput | 0xc00000e4c8>: {\n        Underlying: <*exec.ExitError | 0xc00076e2c0>{\n            ProcessState: {\n                pid: 11977,\n                status: 256,\n                rusage: {\n                    Utime: {Sec: 0, Usec: 191426},\n                    Stime: {Sec: 0, Usec: 42973},\n                    Maxrss: 82948,\n                    Ixrss: 0,\n                    Idrss: 0,\n                    Isrss: 0,\n                    Minflt: 3698,\n                    Majflt: 0,\n                    Nswap: 0,\n                    Inblock: 0,\n                    Oublock: 13344,\n                    Msgsnd: 0,\n                    Msgrcv: 0,\n                    Nsignals: 0,\n                    Nvcsw: 305,\n                    Nivcsw: 368,\n                },\n            },\n            Stderr: nil,\n        },\n        Output: {\n            stdout: {\n                Lines: nil,\n                merged: {\n                    Mutex: {state: 0, sema: 0},\n                    Lines: [\n                        \"Error from server (InternalError): error when creating \\\"/tmp/Project%20CR%20test%20Project%20Creation%20Should%20create%20Multiple%20Projects%20in%20controller%20using%20valid%20manifest2154338401\\\": Internal error occurred: failed calling webhook \\\"mproject.kb.io\\\": failed to call webhook: Post \\\"https://kubeslice-controller-webhook-service.kubeslice-controller.svc:443/mutate-controller-kubeslice-io-v1alpha1-project?timeout=10s\\\": dial tcp 10.96.24.88:443: connect: connection refused\",\n                    ],\n                },\n            },\n            stderr: {\n                Lines: [\n                    \"Error from server (InternalError): error when creating \\\"/tmp/Project%20CR%20test%20Project%20Creation%20Should%20create%20Multiple%20Projects%20in%20controller%20using%20valid%20manifest2154338401\\\": Internal error occurred: failed calling webhook \\\"mproject.kb.io\\\": failed to call webhook: Post \\\"https://kubeslice-controller-webhook-service.kubeslice-controller.svc:443/mutate-controller-kubeslice-io-v1alpha1-project?timeout=10s\\\": dial tcp 10.96.24.88:443: connect: connection refused\",\n                ],\n                merged: {\n                    Mutex: {state: 0, sema: 0},\n                    Lines: [\n                        \"Error from server (InternalError): error when creating \\\"/tmp/Project%20CR%20test%20Project%20Creation%20Should%20create%20Multiple%20Projects%20in%20controller%20using%20valid%20manifest2154338401\\\": Internal error occurred: failed calling webhook \\\"mproject.kb.io\\\": failed to call webhook: Post \\\"https://kubeslice-controller-webhook-service.kubeslice-controller.svc:443/mutate-controller-kubeslice-io-v1alpha1-project?timeout=10s\\\": dial tcp 10.96.24.88:443: connect: connection refused\",\n                    ],\n                },\n            },\n            merged: {\n                Mutex: {state: 0, sema: 0},\n                Lines: [\n                    \"Error from server (InternalError): error when creating \\\"/tmp/Project%20CR%20test%20Project%20Creation%20Should%20create%20Multiple%20Projects%20in%20controller%20using%20valid%20manifest2154338401\\\": Internal error occurred: failed calling webhook \\\"mproject.kb.io\\\": failed to call webhook: Post \\\"https://kubeslice-controller-webhook-service.kubeslice-controller.svc:443/mutate-controller-kubeslice-io-v1alpha1-project?timeout=10s\\\": dial tcp 10.96.24.88:443: connect: connection refused\",\n                ],\n            },\n        },\n    }\n    error while running command: exit status 1; Error from server (InternalError): error when creating \"/tmp/Project%20CR%20test%20Project%20Creation%20Should%20create%20Multiple%20Projects%20in%20controller%20using%20valid%20manifest2154338401\": Internal error occurred: failed calling webhook \"mproject.kb.io\": failed to call webhook: Post \"https://kubeslice-controller-webhook-service.kubeslice-controller.svc:443/mutate-controller-kubeslice-io-v1alpha1-project?timeout=10s\": dial tcp 10.96.24.88:443: connect: connection refused\noccurred","children":[{"name":"[It] Project CR test Project Creation Should create Multiple Projects in controller using valid manifest","uid":"3ff002f438e6858f","parentUid":"3a7cd517d0a95e534ae37af94be71972","status":"failed","time":{"start":1661778217000,"stop":1661778277293,"duration":60293},"flaky":false,"newFailed":true,"newPassed":false,"newBroken":false,"retriesCount":0,"retriesStatusChange":false,"parameters":[]}],"uid":"3a7cd517d0a95e534ae37af94be71972"},{"name":"Timed out after 60.001s.\nExpected\n    <bool>: false\nto be true","children":[{"name":"[It] Project CR test Project Deletion Should Delete an existing project successfully","uid":"2f273e4b7427f46","parentUid":"bdb6f7322995205e885b5ea7481ccb7f","status":"failed","time":{"start":1661778217000,"stop":1661778338286,"duration":121286},"flaky":false,"newFailed":true,"newPassed":false,"newBroken":false,"retriesCount":0,"retriesStatusChange":false,"parameters":[]},{"name":"[It] Project CR test Project Update Should fail when Project is Applied with service account name as combination of special characters in Read users","uid":"59a6b66fcb082ba4","parentUid":"bdb6f7322995205e885b5ea7481ccb7f","status":"failed","time":{"start":1661778217000,"stop":1661778283625,"duration":66625},"flaky":false,"newFailed":true,"newPassed":false,"newBroken":false,"retriesCount":0,"retriesStatusChange":false,"parameters":[]},{"name":"[It] Project CR test Project Update Should fail when Project is Applied with service account name as blank in Read users","uid":"c09017384879ae1d","parentUid":"bdb6f7322995205e885b5ea7481ccb7f","status":"failed","time":{"start":1661778217000,"stop":1661778283544,"duration":66544},"flaky":false,"newFailed":true,"newPassed":false,"newBroken":false,"retriesCount":0,"retriesStatusChange":false,"parameters":[]},{"name":"[It] Project CR test Project Update Should fail when Project is Applied with service account name as combination of special characters in Write users","uid":"ec1ac957780768e8","parentUid":"bdb6f7322995205e885b5ea7481ccb7f","status":"failed","time":{"start":1661778217000,"stop":1661778284433,"duration":67433},"flaky":false,"newFailed":true,"newPassed":false,"newBroken":false,"retriesCount":0,"retriesStatusChange":false,"parameters":[]},{"name":"[It] Project CR test Project Update Should update successfully when Project applied with valid service account name in Write users","uid":"fdf401e0fc4f683a","parentUid":"bdb6f7322995205e885b5ea7481ccb7f","status":"failed","time":{"start":1661778217000,"stop":1661778283574,"duration":66574},"flaky":false,"newFailed":true,"newPassed":false,"newBroken":false,"retriesCount":0,"retriesStatusChange":false,"parameters":[]},{"name":"[It] Project CR test Project Creation Should create Project while using valid manifest","uid":"9215a1a4aed410ce","parentUid":"bdb6f7322995205e885b5ea7481ccb7f","status":"failed","time":{"start":1661778217000,"stop":1661778284463,"duration":67463},"flaky":false,"newFailed":true,"newPassed":false,"newBroken":false,"retriesCount":0,"retriesStatusChange":false,"parameters":[]},{"name":"[It] Project CR test Project Update Should fail when Project is applied with service account name as blank in Write users","uid":"aab42d0ed3a9d407","parentUid":"bdb6f7322995205e885b5ea7481ccb7f","status":"failed","time":{"start":1661778217000,"stop":1661778338312,"duration":121312},"flaky":false,"newFailed":true,"newPassed":false,"newBroken":false,"retriesCount":0,"retriesStatusChange":false,"parameters":[]}],"uid":"bdb6f7322995205e885b5ea7481ccb7f"},{"name":"Timed out after 60.001s.\nExpected an error to have occurred.  Got:\n    <nil>: nil","children":[{"name":"[It] Project CR test Project Creation Should fail while creating service accounts as combination of special characters","uid":"65287f0728245042","parentUid":"c3605d3c35f7c6c4b2c288f323d39711","status":"failed","time":{"start":1661778217000,"stop":1661778277263,"duration":60263},"flaky":false,"newFailed":true,"newPassed":false,"newBroken":false,"retriesCount":0,"retriesStatusChange":false,"parameters":[]}],"uid":"c3605d3c35f7c6c4b2c288f323d39711"},{"name":"Unexpected error:\n    <*shell.ErrWithCmdOutput | 0xc0003527c8>: {\n        Underlying: <*exec.ExitError | 0xc00014a540>{\n            ProcessState: {\n                pid: 12110,\n                status: 256,\n                rusage: {\n                    Utime: {Sec: 0, Usec: 192922},\n                    Stime: {Sec: 0, Usec: 92602},\n                    Maxrss: 84188,\n                    Ixrss: 0,\n                    Idrss: 0,\n                    Isrss: 0,\n                    Minflt: 6131,\n                    Majflt: 0,\n                    Nswap: 0,\n                    Inblock: 0,\n                    Oublock: 13344,\n                    Msgsnd: 0,\n                    Msgrcv: 0,\n                    Nsignals: 0,\n                    Nvcsw: 388,\n                    Nivcsw: 316,\n                },\n            },\n            Stderr: nil,\n        },\n        Output: {\n            stdout: {\n                Lines: nil,\n                merged: {\n                    Mutex: {state: 0, sema: 0},\n                    Lines: [\n                        \"Error from server (MethodNotAllowed): error when creating \\\"/tmp/3912911542\\\": create not allowed while custom resource definition is terminating\",\n                    ],\n                },\n            },\n            stderr: {\n                Lines: [\n                    \"Error from server (MethodNotAllowed): error when creating \\\"/tmp/3912911542\\\": create not allowed while custom resource definition is terminating\",\n                ],\n                merged: {\n                    Mutex: {state: 0, sema: 0},\n                    Lines: [\n                        \"Error from server (MethodNotAllowed): error when creating \\\"/tmp/3912911542\\\": create not allowed while custom resource definition is terminating\",\n                    ],\n                },\n            },\n            merged: {\n                Mutex: {state: 0, sema: 0},\n                Lines: [\n                    \"Error from server (MethodNotAllowed): error when creating \\\"/tmp/3912911542\\\": create not allowed while custom resource definition is terminating\",\n                ],\n            },\n        },\n    }\n    error while running command: exit status 1; Error from server (MethodNotAllowed): error when creating \"/tmp/3912911542\": create not allowed while custom resource definition is terminating\noccurred","children":[{"name":"[BeforeSuite]","uid":"121f81e9e0d4086b","parentUid":"8beb7516b4c33bf01a06b659a583b20d","status":"failed","time":{"start":1661780555000,"stop":1661780637789,"duration":82789},"flaky":false,"newFailed":false,"newPassed":false,"newBroken":false,"retriesCount":0,"retriesStatusChange":false,"parameters":[]}],"uid":"8beb7516b4c33bf01a06b659a583b20d"},{"name":"Unexpected error:\n    <*shell.ErrWithCmdOutput | 0xc000445278>: {\n        Underlying: <*exec.ExitError | 0xc0005ba220>{\n            ProcessState: {\n                pid: 12125,\n                status: 256,\n                rusage: {\n                    Utime: {Sec: 0, Usec: 15465},\n                    Stime: {Sec: 0, Usec: 30930},\n                    Maxrss: 41996,\n                    Ixrss: 0,\n                    Idrss: 0,\n                    Isrss: 0,\n                    Minflt: 1923,\n                    Majflt: 0,\n                    Nswap: 0,\n                    Inblock: 0,\n                    Oublock: 0,\n                    Msgsnd: 0,\n                    Msgrcv: 0,\n                    Nsignals: 0,\n                    Nvcsw: 132,\n                    Nivcsw: 55,\n                },\n            },\n            Stderr: nil,\n        },\n        Output: {\n            stdout: {\n                Lines: nil,\n                merged: {\n                    Mutex: {state: 0, sema: 0},\n                    Lines: [\n                        \"Error: uninstall: Release not loaded: istiod: release: not found\",\n                    ],\n                },\n            },\n            stderr: {\n                Lines: [\n                    \"Error: uninstall: Release not loaded: istiod: release: not found\",\n                ],\n                merged: {\n                    Mutex: {state: 0, sema: 0},\n                    Lines: [\n                        \"Error: uninstall: Release not loaded: istiod: release: not found\",\n                    ],\n                },\n            },\n            merged: {\n                Mutex: {state: 0, sema: 0},\n                Lines: [\n                    \"Error: uninstall: Release not loaded: istiod: release: not found\",\n                ],\n            },\n        },\n    }\n    error while running command: exit status 1; Error: uninstall: Release not loaded: istiod: release: not found\noccurred","children":[{"name":"[AfterSuite]","uid":"81943bc2acbaa56e","parentUid":"62371b0eddf5d3df9a702907dc8498ad","status":"failed","time":{"start":1661780555000,"stop":1661780555158,"duration":158},"flaky":false,"newFailed":false,"newPassed":false,"newBroken":false,"retriesCount":0,"retriesStatusChange":false,"parameters":[]}],"uid":"62371b0eddf5d3df9a702907dc8498ad"},{"name":"Unexpected error:\n    <*shell.ErrWithCmdOutput | 0xc00000e228>: {\n        Underlying: <*exec.ExitError | 0xc0004927e0>{\n            ProcessState: {\n                pid: 12142,\n                status: 256,\n                rusage: {\n                    Utime: {Sec: 0, Usec: 123277},\n                    Stime: {Sec: 0, Usec: 30819},\n                    Maxrss: 54472,\n                    Ixrss: 0,\n                    Idrss: 0,\n                    Isrss: 0,\n                    Minflt: 2196,\n                    Majflt: 0,\n                    Nswap: 0,\n                    Inblock: 0,\n                    Oublock: 360,\n                    Msgsnd: 0,\n                    Msgrcv: 0,\n                    Nsignals: 0,\n                    Nvcsw: 671,\n                    Nivcsw: 344,\n                },\n            },\n            Stderr: nil,\n        },\n        Output: {\n            stdout: {\n                Lines: nil,\n                merged: {\n                    Mutex: {state: 0, sema: 0},\n                    Lines: [\n                        \"install.go:178: [debug] Original chart version: \\\"v1.8.0\\\"\",\n                        \"install.go:195: [debug] CHART PATH: /root/.cache/helm/repository/cert-manager-v1.8.0.tgz\",\n                        \"\",\n                        \"Error: INSTALLATION FAILED: cannot re-use a name that is still in use\",\n                        \"helm.go:84: [debug] cannot re-use a name that is still in use\",\n                        \"helm.sh/helm/v3/pkg/action.(*Install).availableName\",\n                        \"\\thelm.sh/helm/v3/pkg/action/install.go:483\",\n                        \"helm.sh/helm/v3/pkg/action.(*Install).RunWithContext\",\n                        \"\\thelm.sh/helm/v3/pkg/action/install.go:197\",\n                        \"main.runInstall\",\n                        \"\\thelm.sh/helm/v3/cmd/helm/install.go:264\",\n                        \"main.newInstallCmd.func2\",\n                        \"\\thelm.sh/helm/v3/cmd/helm/install.go:125\",\n                        \"github.com/spf13/cobra.(*Command).execute\",\n                        \"\\tgithub.com/spf13/cobra@v1.4.0/command.go:856\",\n                        \"github.com/spf13/cobra.(*Command).ExecuteC\",\n                        \"\\tgithub.com/spf13/cobra@v1.4.0/command.go:974\",\n                        \"github.com/spf13/cobra.(*Command).Execute\",\n                        \"\\tgithub.com/spf13/cobra@v1.4.0/command.go:902\",\n                        \"main.main\",\n                        \"\\thelm.sh/helm/v3/cmd/helm/helm.go:83\",\n                        \"runtime.main\",\n                        \"\\truntime/proc.go:255\",\n                        \"runtime.goexit\",\n                        \"\\truntime/asm_amd64.s:1581\",\n                        \"INSTALLATION FAILED\",\n                        \"main.newInstallCmd.func2\",\n                        \"\\thelm.sh/helm/v3/cmd/helm/install.go:127\",\n                        \"github.com/spf13/cobra.(*Command).execute\",\n                        \"\\tgithub.com/spf13/cobra@v1.4.0/command.go:856\",\n                        \"github.com/spf13/cobra.(*Command).ExecuteC\",\n                        \"\\tgithub.com/spf13/cobra@v1.4.0/command.go:974\",\n                        \"github.com/spf13/cobra.(*Command).Execute\",\n                        \"\\tgithub.com/spf13/cobra@v1.4.0/command.go:902\",\n                        \"main.main\",\n                        \"\\thelm.sh/helm/v3/cmd/helm/helm.go:83\",\n                        \"runtime.main\",\n                        \"\\truntime/proc.go:255\",\n                        \"runtime.goexit\",\n                        \"\\truntime/asm_amd64.s:1581\",\n                    ],\n                },\n            },\n            stderr: {\n                Lines: [\n                    \"install.go:178: [debug] Original chart version: \\\"v1.8.0\\\"\",\n                    \"install.go:195: [debug] CHART PATH: /root/.cache/helm/repository/cert-manager-v1.8.0.tgz\",\n                    \"\",\n                    \"Error: INSTALLATION FAILED: cannot re-use a name that is still in use\",\n                    \"helm.go:84: [debug] cannot re-use a name that is still in...\n\nGomega truncated this representation as it exceeds 'format.MaxLength'.\nConsider having the object provide a custom 'GomegaStringer' representation\nor adjust the parameters in Gomega's 'format' package.\n\nLearn more here: https://onsi.github.io/gomega/#adjusting-output\n\n    error while running command: exit status 1; install.go:178: [debug] Original chart version: \"v1.8.0\"\n    install.go:195: [debug] CHART PATH: /root/.cache/helm/repository/cert-manager-v1.8.0.tgz\n    \n    Error: INSTALLATION FAILED: cannot re-use a name that is still in use\n    helm.go:84: [debug] cannot re-use a name that is still in use\n    helm.sh/helm/v3/pkg/action.(*Install).availableName\n    \thelm.sh/helm/v3/pkg/action/install.go:483\n    helm.sh/helm/v3/pkg/action.(*Install).RunWithContext\n    \thelm.sh/helm/v3/pkg/action/install.go:197\n    main.runInstall\n    \thelm.sh/helm/v3/cmd/helm/install.go:264\n    main.newInstallCmd.func2\n    \thelm.sh/helm/v3/cmd/helm/install.go:125\n    github.com/spf13/cobra.(*Command).execute\n    \tgithub.com/spf13/cobra@v1.4.0/command.go:856\n    github.com/spf13/cobra.(*Command).ExecuteC\n    \tgithub.com/spf13/cobra@v1.4.0/command.go:974\n    github.com/spf13/cobra.(*Command).Execute\n    \tgithub.com/spf13/cobra@v1.4.0/command.go:902\n    main.main\n    \thelm.sh/helm/v3/cmd/helm/helm.go:83\n    runtime.main\n    \truntime/proc.go:255\n    runtime.goexit\n    \truntime/asm_amd64.s:1581\n    INSTALLATION FAILED\n    main.newInstallCmd.func2\n    \thelm.sh/helm/v3/cmd/helm/install.go:127\n    github.com/spf13/cobra.(*Command).execute\n    \tgithub.com/spf13/cobra@v1.4.0/command.go:856\n    github.com/spf13/cobra.(*Command).ExecuteC\n    \tgithub.com/spf13/cobra@v1.4.0/command.go:974\n    github.com/spf13/cobra.(*Command).Execute\n    \tgithub.com/spf13/cobra@v1.4.0/command.go:902\n    main.main\n    \thelm.sh/helm/v3/cmd/helm/helm.go:83\n    runtime.main\n    \truntime/proc.go:255\n    runtime.goexit\n    \truntime/asm_amd64.s:1581\noccurred","children":[{"name":"[BeforeSuite]","uid":"bfe4f25a2c615a1b","parentUid":"910476916004546294e8c3cc2299f882","status":"failed","time":{"start":1661780638000,"stop":1661780638401,"duration":401},"flaky":false,"newFailed":false,"newPassed":false,"newBroken":false,"retriesCount":0,"retriesStatusChange":false,"parameters":[]}],"uid":"910476916004546294e8c3cc2299f882"}],"uid":"8fb3a91ba5aaf9de24cc8a92edc82b5d"}],"name":"categories"}