{"uid":"4b4757e66a1912dae1a509f688f20b0f","children":[{"name":"Product defects","children":[{"name":"Unexpected error:\n    <*shell.ErrWithCmdOutput | 0xc000889500>: {\n        Underlying: <*exec.ExitError | 0xc00067fac0>{\n            ProcessState: {\n                pid: 6324,\n                status: 256,\n                rusage: {\n                    Utime: {Sec: 0, Usec: 139587},\n                    Stime: {Sec: 0, Usec: 43621},\n                    Maxrss: 83256,\n                    Ixrss: 0,\n                    Idrss: 0,\n                    Isrss: 0,\n                    Minflt: 8209,\n                    Majflt: 0,\n                    Nswap: 0,\n                    Inblock: 0,\n                    Oublock: 14304,\n                    Msgsnd: 0,\n                    Msgrcv: 0,\n                    Nsignals: 0,\n                    Nvcsw: 1659,\n                    Nivcsw: 484,\n                },\n            },\n            Stderr: nil,\n        },\n        Output: {\n            stdout: {\n                Lines: nil,\n                merged: {\n                    Mutex: {state: 0, sema: 0},\n                    Lines: [\n                        \"error: resource mapping not found for name: \\\"profile4\\\" namespace: \\\"\\\" from \\\"/tmp/%20QosProfile%20tests%20QosProfile%20Create%20validation%20Creates%20qosprofile381256948\\\": no matches for kind \\\"SliceQoSConfig\\\" in version \\\"controller.kubeslice.io/v1alpha1\\\"\",\n                        \"ensure CRDs are installed first\",\n                    ],\n                },\n            },\n            stderr: {\n                Lines: [\n                    \"error: resource mapping not found for name: \\\"profile4\\\" namespace: \\\"\\\" from \\\"/tmp/%20QosProfile%20tests%20QosProfile%20Create%20validation%20Creates%20qosprofile381256948\\\": no matches for kind \\\"SliceQoSConfig\\\" in version \\\"controller.kubeslice.io/v1alpha1\\\"\",\n                    \"ensure CRDs are installed first\",\n                ],\n                merged: {\n                    Mutex: {state: 0, sema: 0},\n                    Lines: [\n                        \"error: resource mapping not found for name: \\\"profile4\\\" namespace: \\\"\\\" from \\\"/tmp/%20QosProfile%20tests%20QosProfile%20Create%20validation%20Creates%20qosprofile381256948\\\": no matches for kind \\\"SliceQoSConfig\\\" in version \\\"controller.kubeslice.io/v1alpha1\\\"\",\n                        \"ensure CRDs are installed first\",\n                    ],\n                },\n            },\n            merged: {\n                Mutex: {state: 0, sema: 0},\n                Lines: [\n                    \"error: resource mapping not found for name: \\\"profile4\\\" namespace: \\\"\\\" from \\\"/tmp/%20QosProfile%20tests%20QosProfile%20Create%20validation%20Creates%20qosprofile381256948\\\": no matches for kind \\\"SliceQoSConfig\\\" in version \\\"controller.kubeslice.io/v1alpha1\\\"\",\n                    \"ensure CRDs are installed first\",\n                ],\n            },\n        },\n    }\n    error while running command: exit status 1; error: resource mapping not found for name: \"profile4\" namespace: \"\" from \"/tmp/%20QosProfile%20tests%20QosProfile%20Create%20validation%20Creates%20qosprofile381256948\": no matches for kind \"SliceQoSConfig\" in version \"controller.kubeslice.io/v1alpha1\"\n    ensure CRDs are installed first\noccurred","children":[{"name":"[It]  QosProfile tests QosProfile Create validation Creates qosprofile","uid":"3334de3d29ff01cc","parentUid":"f302df772bd0f464b5fef950ed426584","status":"failed","time":{"start":1660101116000,"stop":1660101177979,"duration":61979},"flaky":false,"newFailed":false,"newPassed":false,"newBroken":false,"retriesCount":0,"retriesStatusChange":false,"parameters":[]}],"uid":"f302df772bd0f464b5fef950ed426584"},{"name":"Unexpected error:\n    <*shell.ErrWithCmdOutput | 0xc00060fb30>: {\n        Underlying: <*exec.ExitError | 0xc00061a140>{\n            ProcessState: {\n                pid: 6245,\n                status: 256,\n                rusage: {\n                    Utime: {Sec: 0, Usec: 131451},\n                    Stime: {Sec: 0, Usec: 27196},\n                    Maxrss: 66220,\n                    Ixrss: 0,\n                    Idrss: 0,\n                    Isrss: 0,\n                    Minflt: 3941,\n                    Majflt: 0,\n                    Nswap: 0,\n                    Inblock: 0,\n                    Oublock: 13392,\n                    Msgsnd: 0,\n                    Msgrcv: 0,\n                    Nsignals: 0,\n                    Nvcsw: 371,\n                    Nivcsw: 324,\n                },\n            },\n            Stderr: nil,\n        },\n        Output: {\n            stdout: {\n                Lines: nil,\n                merged: {\n                    Mutex: {state: 0, sema: 0},\n                    Lines: [\n                        \"The Project \\\"projecttest\\\" is invalid: project namespace: Invalid value: \\\"kubeslice-projecttest\\\": already exists\",\n                    ],\n                },\n            },\n            stderr: {\n                Lines: [\n                    \"The Project \\\"projecttest\\\" is invalid: project namespace: Invalid value: \\\"kubeslice-projecttest\\\": already exists\",\n                ],\n                merged: {\n                    Mutex: {state: 0, sema: 0},\n                    Lines: [\n                        \"The Project \\\"projecttest\\\" is invalid: project namespace: Invalid value: \\\"kubeslice-projecttest\\\": already exists\",\n                    ],\n                },\n            },\n            merged: {\n                Mutex: {state: 0, sema: 0},\n                Lines: [\n                    \"The Project \\\"projecttest\\\" is invalid: project namespace: Invalid value: \\\"kubeslice-projecttest\\\": already exists\",\n                ],\n            },\n        },\n    }\n    error while running command: exit status 1; The Project \"projecttest\" is invalid: project namespace: Invalid value: \"kubeslice-projecttest\": already exists\noccurred","children":[{"name":"[It] Project CR test Project Creation Should update Project while applying valid manifest with existing Project name","uid":"a9386dc2dc6b1521","parentUid":"2ba37df5d3930736eafc035b89c8fa62","status":"failed","time":{"start":1660101116000,"stop":1660101176242,"duration":60242},"flaky":true,"newFailed":true,"newPassed":false,"newBroken":false,"retriesCount":0,"retriesStatusChange":false,"parameters":[]}],"uid":"2ba37df5d3930736eafc035b89c8fa62"},{"name":"Timed out after 60.000s.\nExpected an error to have occurred.  Got:\n    <nil>: nil","children":[{"name":"[It] Project CR test Project Creation Should create Project while using valid manifest","uid":"3e899087e8485be","parentUid":"e1a88608c5bcfcf2888de6205e8787ce","status":"failed","time":{"start":1660101116000,"stop":1660101177656,"duration":61656},"flaky":true,"newFailed":true,"newPassed":false,"newBroken":false,"retriesCount":0,"retriesStatusChange":false,"parameters":[]}],"uid":"e1a88608c5bcfcf2888de6205e8787ce"},{"name":"Unexpected error:\n    <*shell.ErrWithCmdOutput | 0xc00060f638>: {\n        Underlying: <*exec.ExitError | 0xc00070c340>{\n            ProcessState: {\n                pid: 6121,\n                status: 256,\n                rusage: {\n                    Utime: {Sec: 0, Usec: 148592},\n                    Stime: {Sec: 0, Usec: 7248},\n                    Maxrss: 77604,\n                    Ixrss: 0,\n                    Idrss: 0,\n                    Isrss: 0,\n                    Minflt: 6225,\n                    Majflt: 0,\n                    Nswap: 0,\n                    Inblock: 0,\n                    Oublock: 13376,\n                    Msgsnd: 0,\n                    Msgrcv: 0,\n                    Nsignals: 0,\n                    Nvcsw: 408,\n                    Nivcsw: 331,\n                },\n            },\n            Stderr: nil,\n        },\n        Output: {\n            stdout: {\n                Lines: nil,\n                merged: {\n                    Mutex: {state: 0, sema: 0},\n                    Lines: [\n                        \"The Project \\\"projectupdatetest\\\" is invalid: project namespace: Invalid value: \\\"kubeslice-projectupdatetest\\\": already exists\",\n                    ],\n                },\n            },\n            stderr: {\n                Lines: [\n                    \"The Project \\\"projectupdatetest\\\" is invalid: project namespace: Invalid value: \\\"kubeslice-projectupdatetest\\\": already exists\",\n                ],\n                merged: {\n                    Mutex: {state: 0, sema: 0},\n                    Lines: [\n                        \"The Project \\\"projectupdatetest\\\" is invalid: project namespace: Invalid value: \\\"kubeslice-projectupdatetest\\\": already exists\",\n                    ],\n                },\n            },\n            merged: {\n                Mutex: {state: 0, sema: 0},\n                Lines: [\n                    \"The Project \\\"projectupdatetest\\\" is invalid: project namespace: Invalid value: \\\"kubeslice-projectupdatetest\\\": already exists\",\n                ],\n            },\n        },\n    }\n    error while running command: exit status 1; The Project \"projectupdatetest\" is invalid: project namespace: Invalid value: \"kubeslice-projectupdatetest\": already exists\noccurred","children":[{"name":"[It] Project CR test Project Update Should update successfully when Project Applied while removing a service account name in Read users","uid":"2912f9b5f3897725","parentUid":"2a14eb6db5863edff3cb9d24f7f63ab9","status":"failed","time":{"start":1660101116000,"stop":1660101176229,"duration":60229},"flaky":true,"newFailed":true,"newPassed":false,"newBroken":false,"retriesCount":0,"retriesStatusChange":false,"parameters":[]}],"uid":"2a14eb6db5863edff3cb9d24f7f63ab9"},{"name":"Unexpected error:\n    <*shell.ErrWithCmdOutput | 0xc000889bd8>: {\n        Underlying: <*exec.ExitError | 0xc000645800>{\n            ProcessState: {\n                pid: 6141,\n                status: 256,\n                rusage: {\n                    Utime: {Sec: 0, Usec: 110562},\n                    Stime: {Sec: 0, Usec: 34019},\n                    Maxrss: 80124,\n                    Ixrss: 0,\n                    Idrss: 0,\n                    Isrss: 0,\n                    Minflt: 5094,\n                    Majflt: 0,\n                    Nswap: 0,\n                    Inblock: 0,\n                    Oublock: 13376,\n                    Msgsnd: 0,\n                    Msgrcv: 0,\n                    Nsignals: 0,\n                    Nvcsw: 360,\n                    Nivcsw: 270,\n                },\n            },\n            Stderr: nil,\n        },\n        Output: {\n            stdout: {\n                Lines: nil,\n                merged: {\n                    Mutex: {state: 0, sema: 0},\n                    Lines: [\n                        \"The Project \\\"projectupdatetest\\\" is invalid: project namespace: Invalid value: \\\"kubeslice-projectupdatetest\\\": already exists\",\n                    ],\n                },\n            },\n            stderr: {\n                Lines: [\n                    \"The Project \\\"projectupdatetest\\\" is invalid: project namespace: Invalid value: \\\"kubeslice-projectupdatetest\\\": already exists\",\n                ],\n                merged: {\n                    Mutex: {state: 0, sema: 0},\n                    Lines: [\n                        \"The Project \\\"projectupdatetest\\\" is invalid: project namespace: Invalid value: \\\"kubeslice-projectupdatetest\\\": already exists\",\n                    ],\n                },\n            },\n            merged: {\n                Mutex: {state: 0, sema: 0},\n                Lines: [\n                    \"The Project \\\"projectupdatetest\\\" is invalid: project namespace: Invalid value: \\\"kubeslice-projectupdatetest\\\": already exists\",\n                ],\n            },\n        },\n    }\n    error while running command: exit status 1; The Project \"projectupdatetest\" is invalid: project namespace: Invalid value: \"kubeslice-projectupdatetest\": already exists\noccurred","children":[{"name":"[It] Project CR test Project Update Should fail when Project is Applied with service account name as combination of special characters in Read users","uid":"899f1b919a84e14a","parentUid":"9fda2a6c910fc6f5e0dd4fb6b861eaeb","status":"failed","time":{"start":1660101116000,"stop":1660101176224,"duration":60224},"flaky":true,"newFailed":true,"newPassed":false,"newBroken":false,"retriesCount":0,"retriesStatusChange":false,"parameters":[]}],"uid":"9fda2a6c910fc6f5e0dd4fb6b861eaeb"},{"name":"Unexpected error:\n    <*shell.ErrWithCmdOutput | 0xc00060fc38>: {\n        Underlying: <*exec.ExitError | 0xc000524c00>{\n            ProcessState: {\n                pid: 6161,\n                status: 256,\n                rusage: {\n                    Utime: {Sec: 0, Usec: 122521},\n                    Stime: {Sec: 0, Usec: 18017},\n                    Maxrss: 81556,\n                    Ixrss: 0,\n                    Idrss: 0,\n                    Isrss: 0,\n                    Minflt: 5058,\n                    Majflt: 0,\n                    Nswap: 0,\n                    Inblock: 0,\n                    Oublock: 13376,\n                    Msgsnd: 0,\n                    Msgrcv: 0,\n                    Nsignals: 0,\n                    Nvcsw: 408,\n                    Nivcsw: 160,\n                },\n            },\n            Stderr: nil,\n        },\n        Output: {\n            stdout: {\n                Lines: nil,\n                merged: {\n                    Mutex: {state: 0, sema: 0},\n                    Lines: [\n                        \"The Project \\\"projectupdatetest\\\" is invalid: project namespace: Invalid value: \\\"kubeslice-projectupdatetest\\\": already exists\",\n                    ],\n                },\n            },\n            stderr: {\n                Lines: [\n                    \"The Project \\\"projectupdatetest\\\" is invalid: project namespace: Invalid value: \\\"kubeslice-projectupdatetest\\\": already exists\",\n                ],\n                merged: {\n                    Mutex: {state: 0, sema: 0},\n                    Lines: [\n                        \"The Project \\\"projectupdatetest\\\" is invalid: project namespace: Invalid value: \\\"kubeslice-projectupdatetest\\\": already exists\",\n                    ],\n                },\n            },\n            merged: {\n                Mutex: {state: 0, sema: 0},\n                Lines: [\n                    \"The Project \\\"projectupdatetest\\\" is invalid: project namespace: Invalid value: \\\"kubeslice-projectupdatetest\\\": already exists\",\n                ],\n            },\n        },\n    }\n    error while running command: exit status 1; The Project \"projectupdatetest\" is invalid: project namespace: Invalid value: \"kubeslice-projectupdatetest\": already exists\noccurred","children":[{"name":"[It] Project CR test Project Update Should fail when Project is Applied with service account name as combination of special characters in Write users","uid":"de662d49e6d64d9c","parentUid":"28a3d9ca8857a33238c13e00167dd592","status":"failed","time":{"start":1660101116000,"stop":1660101176217,"duration":60217},"flaky":true,"newFailed":true,"newPassed":false,"newBroken":false,"retriesCount":0,"retriesStatusChange":false,"parameters":[]}],"uid":"28a3d9ca8857a33238c13e00167dd592"},{"name":"Unexpected error:\n    <*shell.ErrWithCmdOutput | 0xc0004f4060>: {\n        Underlying: <*exec.ExitError | 0xc00047c040>{\n            ProcessState: {\n                pid: 6171,\n                status: 256,\n                rusage: {\n                    Utime: {Sec: 0, Usec: 124393},\n                    Stime: {Sec: 0, Usec: 20732},\n                    Maxrss: 81136,\n                    Ixrss: 0,\n                    Idrss: 0,\n                    Isrss: 0,\n                    Minflt: 3413,\n                    Majflt: 0,\n                    Nswap: 0,\n                    Inblock: 0,\n                    Oublock: 13376,\n                    Msgsnd: 0,\n                    Msgrcv: 0,\n                    Nsignals: 0,\n                    Nvcsw: 415,\n                    Nivcsw: 233,\n                },\n            },\n            Stderr: nil,\n        },\n        Output: {\n            stdout: {\n                Lines: nil,\n                merged: {\n                    Mutex: {state: 0, sema: 0},\n                    Lines: [\n                        \"The Project \\\"projectupdatetest\\\" is invalid: project namespace: Invalid value: \\\"kubeslice-projectupdatetest\\\": already exists\",\n                    ],\n                },\n            },\n            stderr: {\n                Lines: [\n                    \"The Project \\\"projectupdatetest\\\" is invalid: project namespace: Invalid value: \\\"kubeslice-projectupdatetest\\\": already exists\",\n                ],\n                merged: {\n                    Mutex: {state: 0, sema: 0},\n                    Lines: [\n                        \"The Project \\\"projectupdatetest\\\" is invalid: project namespace: Invalid value: \\\"kubeslice-projectupdatetest\\\": already exists\",\n                    ],\n                },\n            },\n            merged: {\n                Mutex: {state: 0, sema: 0},\n                Lines: [\n                    \"The Project \\\"projectupdatetest\\\" is invalid: project namespace: Invalid value: \\\"kubeslice-projectupdatetest\\\": already exists\",\n                ],\n            },\n        },\n    }\n    error while running command: exit status 1; The Project \"projectupdatetest\" is invalid: project namespace: Invalid value: \"kubeslice-projectupdatetest\": already exists\noccurred","children":[{"name":"[It] Project CR test Project Update Should fail when Project is applied with service account name as blank in Write users","uid":"e9c81ad7e523b9c8","parentUid":"6cf7d4ae7b4f68dc0ca087d8dab714b3","status":"failed","time":{"start":1660101116000,"stop":1660101176217,"duration":60217},"flaky":true,"newFailed":true,"newPassed":false,"newBroken":false,"retriesCount":0,"retriesStatusChange":false,"parameters":[]}],"uid":"6cf7d4ae7b4f68dc0ca087d8dab714b3"},{"name":"Timed out after 60.001s.\nExpected an error to have occurred.  Got:\n    <nil>: nil","children":[{"name":"[It] Project CR test Project Creation Should fail while creating service accounts as combination of special characters","uid":"f4d9c412011fec1f","parentUid":"c3605d3c35f7c6c4b2c288f323d39711","status":"failed","time":{"start":1660101116000,"stop":1660101176248,"duration":60248},"flaky":true,"newFailed":true,"newPassed":false,"newBroken":false,"retriesCount":0,"retriesStatusChange":false,"parameters":[]},{"name":"[It] Project CR test Project Creation Should create Multiple Projects in controller using valid manifest","uid":"3ac6cdbca55df7e4","parentUid":"c3605d3c35f7c6c4b2c288f323d39711","status":"failed","time":{"start":1660101116000,"stop":1660101237881,"duration":121881},"flaky":true,"newFailed":true,"newPassed":false,"newBroken":false,"retriesCount":0,"retriesStatusChange":false,"parameters":[]},{"name":"[It] Project CR test Project Update Should Update successfullyy when Project is Applied with valid service account name in Read users","uid":"8fc4f5358d3132ee","parentUid":"c3605d3c35f7c6c4b2c288f323d39711","status":"failed","time":{"start":1660101116000,"stop":1660101177911,"duration":61911},"flaky":true,"newFailed":true,"newPassed":false,"newBroken":false,"retriesCount":0,"retriesStatusChange":false,"parameters":[]}],"uid":"c3605d3c35f7c6c4b2c288f323d39711"},{"name":"Unexpected error:\n    <*shell.ErrWithCmdOutput | 0xc00069c018>: {\n        Underlying: <*exec.ExitError | 0xc0007f8040>{\n            ProcessState: {\n                pid: 6151,\n                status: 256,\n                rusage: {\n                    Utime: {Sec: 0, Usec: 113830},\n                    Stime: {Sec: 0, Usec: 27476},\n                    Maxrss: 78888,\n                    Ixrss: 0,\n                    Idrss: 0,\n                    Isrss: 0,\n                    Minflt: 3854,\n                    Majflt: 0,\n                    Nswap: 0,\n                    Inblock: 0,\n                    Oublock: 13376,\n                    Msgsnd: 0,\n                    Msgrcv: 0,\n                    Nsignals: 0,\n                    Nvcsw: 561,\n                    Nivcsw: 254,\n                },\n            },\n            Stderr: nil,\n        },\n        Output: {\n            stdout: {\n                Lines: nil,\n                merged: {\n                    Mutex: {state: 0, sema: 0},\n                    Lines: [\n                        \"The Project \\\"projectupdatetest\\\" is invalid: project namespace: Invalid value: \\\"kubeslice-projectupdatetest\\\": already exists\",\n                    ],\n                },\n            },\n            stderr: {\n                Lines: [\n                    \"The Project \\\"projectupdatetest\\\" is invalid: project namespace: Invalid value: \\\"kubeslice-projectupdatetest\\\": already exists\",\n                ],\n                merged: {\n                    Mutex: {state: 0, sema: 0},\n                    Lines: [\n                        \"The Project \\\"projectupdatetest\\\" is invalid: project namespace: Invalid value: \\\"kubeslice-projectupdatetest\\\": already exists\",\n                    ],\n                },\n            },\n            merged: {\n                Mutex: {state: 0, sema: 0},\n                Lines: [\n                    \"The Project \\\"projectupdatetest\\\" is invalid: project namespace: Invalid value: \\\"kubeslice-projectupdatetest\\\": already exists\",\n                ],\n            },\n        },\n    }\n    error while running command: exit status 1; The Project \"projectupdatetest\" is invalid: project namespace: Invalid value: \"kubeslice-projectupdatetest\": already exists\noccurred","children":[{"name":"[It] Project CR test Project Update Should fail when Project is Applied with service account name as blank in Read users","uid":"9e4e7cc4e080c93","parentUid":"6a3c83f82d47b50096c6b74d7f928ed9","status":"failed","time":{"start":1660101116000,"stop":1660101176222,"duration":60222},"flaky":true,"newFailed":true,"newPassed":false,"newBroken":false,"retriesCount":0,"retriesStatusChange":false,"parameters":[]}],"uid":"6a3c83f82d47b50096c6b74d7f928ed9"},{"name":"Unexpected error:\n    <*shell.ErrWithCmdOutput | 0xc0008895d8>: {\n        Underlying: <*exec.ExitError | 0xc000718840>{\n            ProcessState: {\n                pid: 6204,\n                status: 256,\n                rusage: {\n                    Utime: {Sec: 1, Usec: 468838},\n                    Stime: {Sec: 0, Usec: 135395},\n                    Maxrss: 91288,\n                    Ixrss: 0,\n                    Idrss: 0,\n                    Isrss: 0,\n                    Minflt: 8151,\n                    Majflt: 0,\n                    Nswap: 0,\n                    Inblock: 0,\n                    Oublock: 15136,\n                    Msgsnd: 0,\n                    Msgrcv: 0,\n                    Nsignals: 0,\n                    Nvcsw: 5197,\n                    Nivcsw: 2243,\n                },\n            },\n            Stderr: nil,\n        },\n        Output: {\n            stdout: {\n                Lines: nil,\n                merged: {\n                    Mutex: {state: 0, sema: 0},\n                    Lines: [\n                        \"WARNING: Kubernetes configuration file is group-readable. This is insecure. Location: /e2e/assets/kubeconfig/kinde2e.yaml\",\n                        \"WARNING: Kubernetes configuration file is world-readable. This is insecure. Location: /e2e/assets/kubeconfig/kinde2e.yaml\",\n                        \"install.go:178: [debug] Original chart version: \\\"\\\"\",\n                        \"install.go:195: [debug] CHART PATH: /root/.cache/helm/repository/kubeslice-worker-0.4.0.tgz\",\n                        \"\",\n                        \"client.go:128: [debug] creating 1 resource(s)\",\n                        \"install.go:151: [debug] CRD serviceexports.networking.kubeslice.io is already present. Skipping.\",\n                        \"client.go:128: [debug] creating 1 resource(s)\",\n                        \"install.go:151: [debug] CRD serviceimports.networking.kubeslice.io is already present. Skipping.\",\n                        \"client.go:128: [debug] creating 1 resource(s)\",\n                        \"install.go:151: [debug] CRD slice.networking.kubeslice.io is already present. Skipping.\",\n                        \"client.go:128: [debug] creating 1 resource(s)\",\n                        \"install.go:151: [debug] CRD slicegateways.networking.kubeslice.io is already present. Skipping.\",\n                        \"client.go:128: [debug] creating 1 resource(s)\",\n                        \"install.go:151: [debug] CRD sliceresourcequotas.networking.kubeslice.io is already present. Skipping.\",\n                        \"client.go:128: [debug] creating 1 resource(s)\",\n                        \"Error: INSTALLATION FAILED: create: failed to create: secrets \\\"sh.helm.release.v1.kubeslice-worker.v1\\\" is forbidden: unable to create new content in namespace kubeslice-system because it is being terminated\",\n                        \"helm.go:84: [debug] secrets \\\"sh.helm.release.v1.kubeslice-worker.v1\\\" is forbidden: unable to create new content in namespace kubeslice-system because it is being terminated\",\n                        \"create: failed to create\",\n                        \"helm.sh/helm/v3/pkg/storage/driver.(*Secrets).Create\",\n                        \"\\thelm.sh/helm/v3/pkg/storage/driver/secrets.go:164\",\n                        \"helm.sh/helm/v3/pkg/storage.(*Storage).Create\",\n                        \"\\thelm.sh/helm/v3/pkg/storage/storage.go:69\",\n                        \"helm.sh/helm/v3/pkg/action.(*Install).RunWithContext\",\n                        \"\\thelm.sh/helm/v3/pkg/action/install.go:340\",\n                        \"main.runInstall\",\n                        \"\\thelm.sh/helm/v3/cmd/helm/install.go:264\",\n                        \"main.newInstallCmd.func2\",\n                        \"\\thelm.sh/helm/v3/cmd/helm/install.go:125\",\n                        \"github.com/spf13/cobra.(*Command).execute\",\n                        \"\\tgithub.com/spf13/cobra@v1.4.0/command.go:856\",\n                        \"github.com/spf13/cobra.(*Command).ExecuteC\",\n                        \"\\tgithub.com/spf13/cobra@v1.4.0/command.go:974\",...\n\nGomega truncated this representation as it exceeds 'format.MaxLength'.\nConsider having the object provide a custom 'GomegaStringer' representation\nor adjust the parameters in Gomega's 'format' package.\n\nLearn more here: https://onsi.github.io/gomega/#adjusting-output\n\n    error while running command: exit status 1; WARNING: Kubernetes configuration file is group-readable. This is insecure. Location: /e2e/assets/kubeconfig/kinde2e.yaml\n    WARNING: Kubernetes configuration file is world-readable. This is insecure. Location: /e2e/assets/kubeconfig/kinde2e.yaml\n    install.go:178: [debug] Original chart version: \"\"\n    install.go:195: [debug] CHART PATH: /root/.cache/helm/repository/kubeslice-worker-0.4.0.tgz\n    \n    client.go:128: [debug] creating 1 resource(s)\n    install.go:151: [debug] CRD serviceexports.networking.kubeslice.io is already present. Skipping.\n    client.go:128: [debug] creating 1 resource(s)\n    install.go:151: [debug] CRD serviceimports.networking.kubeslice.io is already present. Skipping.\n    client.go:128: [debug] creating 1 resource(s)\n    install.go:151: [debug] CRD slice.networking.kubeslice.io is already present. Skipping.\n    client.go:128: [debug] creating 1 resource(s)\n    install.go:151: [debug] CRD slicegateways.networking.kubeslice.io is already present. Skipping.\n    client.go:128: [debug] creating 1 resource(s)\n    install.go:151: [debug] CRD sliceresourcequotas.networking.kubeslice.io is already present. Skipping.\n    client.go:128: [debug] creating 1 resource(s)\n    Error: INSTALLATION FAILED: create: failed to create: secrets \"sh.helm.release.v1.kubeslice-worker.v1\" is forbidden: unable to create new content in namespace kubeslice-system because it is being terminated\n    helm.go:84: [debug] secrets \"sh.helm.release.v1.kubeslice-worker.v1\" is forbidden: unable to create new content in namespace kubeslice-system because it is being terminated\n    create: failed to create\n    helm.sh/helm/v3/pkg/storage/driver.(*Secrets).Create\n    \thelm.sh/helm/v3/pkg/storage/driver/secrets.go:164\n    helm.sh/helm/v3/pkg/storage.(*Storage).Create\n    \thelm.sh/helm/v3/pkg/storage/storage.go:69\n    helm.sh/helm/v3/pkg/action.(*Install).RunWithContext\n    \thelm.sh/helm/v3/pkg/action/install.go:340\n    main.runInstall\n    \thelm.sh/helm/v3/cmd/helm/install.go:264\n    main.newInstallCmd.func2\n    \thelm.sh/helm/v3/cmd/helm/install.go:125\n    github.com/spf13/cobra.(*Command).execute\n    \tgithub.com/spf13/cobra@v1.4.0/command.go:856\n    github.com/spf13/cobra.(*Command).ExecuteC\n    \tgithub.com/spf13/cobra@v1.4.0/command.go:974\n    github.com/spf13/cobra.(*Command).Execute\n    \tgithub.com/spf13/cobra@v1.4.0/command.go:902\n    main.main\n    \thelm.sh/helm/v3/cmd/helm/helm.go:83\n    runtime.main\n    \truntime/proc.go:255\n    runtime.goexit\n    \truntime/asm_amd64.s:1581\n    INSTALLATION FAILED\n    main.newInstallCmd.func2\n    \thelm.sh/helm/v3/cmd/helm/install.go:127\n    github.com/spf13/cobra.(*Command).execute\n    \tgithub.com/spf13/cobra@v1.4.0/command.go:856\n    github.com/spf13/cobra.(*Command).ExecuteC\n    \tgithub.com/spf13/cobra@v1.4.0/command.go:974\n    github.com/spf13/cobra.(*Command).Execute\n    \tgithub.com/spf13/cobra@v1.4.0/command.go:902\n    main.main\n    \thelm.sh/helm/v3/cmd/helm/helm.go:83\n    runtime.main\n    \truntime/proc.go:255\n    runtime.goexit\n    \truntime/asm_amd64.s:1581\noccurred","children":[{"name":"[It] Cluster CR tests Cluster CR validation Register worker cluster","uid":"cb2694782b528a98","parentUid":"d09feb2eab91e5d5e1a5099f7ae02ddf","status":"failed","time":{"start":1660101116000,"stop":1660101331684,"duration":215684},"flaky":true,"newFailed":true,"newPassed":false,"newBroken":false,"retriesCount":0,"retriesStatusChange":false,"parameters":[]}],"uid":"d09feb2eab91e5d5e1a5099f7ae02ddf"},{"name":"Unexpected error:\n    <*shell.ErrWithCmdOutput | 0xc0004f5128>: {\n        Underlying: <*exec.ExitError | 0xc00045fee0>{\n            ProcessState: {\n                pid: 6111,\n                status: 256,\n                rusage: {\n                    Utime: {Sec: 0, Usec: 129458},\n                    Stime: {Sec: 0, Usec: 26653},\n                    Maxrss: 76660,\n                    Ixrss: 0,\n                    Idrss: 0,\n                    Isrss: 0,\n                    Minflt: 3674,\n                    Majflt: 0,\n                    Nswap: 0,\n                    Inblock: 0,\n                    Oublock: 13376,\n                    Msgsnd: 0,\n                    Msgrcv: 0,\n                    Nsignals: 0,\n                    Nvcsw: 440,\n                    Nivcsw: 280,\n                },\n            },\n            Stderr: nil,\n        },\n        Output: {\n            stdout: {\n                Lines: nil,\n                merged: {\n                    Mutex: {state: 0, sema: 0},\n                    Lines: [\n                        \"The Project \\\"projectupdatetest\\\" is invalid: project namespace: Invalid value: \\\"kubeslice-projectupdatetest\\\": already exists\",\n                    ],\n                },\n            },\n            stderr: {\n                Lines: [\n                    \"The Project \\\"projectupdatetest\\\" is invalid: project namespace: Invalid value: \\\"kubeslice-projectupdatetest\\\": already exists\",\n                ],\n                merged: {\n                    Mutex: {state: 0, sema: 0},\n                    Lines: [\n                        \"The Project \\\"projectupdatetest\\\" is invalid: project namespace: Invalid value: \\\"kubeslice-projectupdatetest\\\": already exists\",\n                    ],\n                },\n            },\n            merged: {\n                Mutex: {state: 0, sema: 0},\n                Lines: [\n                    \"The Project \\\"projectupdatetest\\\" is invalid: project namespace: Invalid value: \\\"kubeslice-projectupdatetest\\\": already exists\",\n                ],\n            },\n        },\n    }\n    error while running command: exit status 1; The Project \"projectupdatetest\" is invalid: project namespace: Invalid value: \"kubeslice-projectupdatetest\": already exists\noccurred","children":[{"name":"[It] Project CR test Project Update Should update successfully when Project applied with valid service account name in Write users","uid":"67c1d7d48286a50f","parentUid":"5241793faef6fd3a34ec50ed32572e4f","status":"failed","time":{"start":1660101116000,"stop":1660101176214,"duration":60214},"flaky":true,"newFailed":true,"newPassed":false,"newBroken":false,"retriesCount":0,"retriesStatusChange":false,"parameters":[]}],"uid":"5241793faef6fd3a34ec50ed32572e4f"},{"name":"Unexpected error:\n    <*shell.ErrWithCmdOutput | 0xc00060f248>: {\n        Underlying: <*exec.ExitError | 0xc0001f44a0>{\n            ProcessState: {\n                pid: 6131,\n                status: 256,\n                rusage: {\n                    Utime: {Sec: 0, Usec: 124084},\n                    Stime: {Sec: 0, Usec: 28019},\n                    Maxrss: 78924,\n                    Ixrss: 0,\n                    Idrss: 0,\n                    Isrss: 0,\n                    Minflt: 3431,\n                    Majflt: 0,\n                    Nswap: 0,\n                    Inblock: 0,\n                    Oublock: 13376,\n                    Msgsnd: 0,\n                    Msgrcv: 0,\n                    Nsignals: 0,\n                    Nvcsw: 437,\n                    Nivcsw: 334,\n                },\n            },\n            Stderr: nil,\n        },\n        Output: {\n            stdout: {\n                Lines: nil,\n                merged: {\n                    Mutex: {state: 0, sema: 0},\n                    Lines: [\n                        \"The Project \\\"projectupdatetest\\\" is invalid: project namespace: Invalid value: \\\"kubeslice-projectupdatetest\\\": already exists\",\n                    ],\n                },\n            },\n            stderr: {\n                Lines: [\n                    \"The Project \\\"projectupdatetest\\\" is invalid: project namespace: Invalid value: \\\"kubeslice-projectupdatetest\\\": already exists\",\n                ],\n                merged: {\n                    Mutex: {state: 0, sema: 0},\n                    Lines: [\n                        \"The Project \\\"projectupdatetest\\\" is invalid: project namespace: Invalid value: \\\"kubeslice-projectupdatetest\\\": already exists\",\n                    ],\n                },\n            },\n            merged: {\n                Mutex: {state: 0, sema: 0},\n                Lines: [\n                    \"The Project \\\"projectupdatetest\\\" is invalid: project namespace: Invalid value: \\\"kubeslice-projectupdatetest\\\": already exists\",\n                ],\n            },\n        },\n    }\n    error while running command: exit status 1; The Project \"projectupdatetest\" is invalid: project namespace: Invalid value: \"kubeslice-projectupdatetest\": already exists\noccurred","children":[{"name":"[It] Project CR test Project Update Should update successfully when Project Applied while removing a service account name in Write users","uid":"1ee82e9ef47a0526","parentUid":"96d5a7daa15d679453d12937e5e18c9c","status":"failed","time":{"start":1660101116000,"stop":1660101176232,"duration":60232},"flaky":true,"newFailed":true,"newPassed":false,"newBroken":false,"retriesCount":0,"retriesStatusChange":false,"parameters":[]}],"uid":"96d5a7daa15d679453d12937e5e18c9c"},{"name":"Unexpected error:\n    <*shell.ErrWithCmdOutput | 0xc000889428>: {\n        Underlying: <*exec.ExitError | 0xc0008a2f80>{\n            ProcessState: {\n                pid: 6335,\n                status: 256,\n                rusage: {\n                    Utime: {Sec: 0, Usec: 137192},\n                    Stime: {Sec: 0, Usec: 32280},\n                    Maxrss: 75792,\n                    Ixrss: 0,\n                    Idrss: 0,\n                    Isrss: 0,\n                    Minflt: 8129,\n                    Majflt: 0,\n                    Nswap: 0,\n                    Inblock: 0,\n                    Oublock: 13392,\n                    Msgsnd: 0,\n                    Msgrcv: 0,\n                    Nsignals: 0,\n                    Nvcsw: 419,\n                    Nivcsw: 279,\n                },\n            },\n            Stderr: nil,\n        },\n        Output: {\n            stdout: {\n                Lines: nil,\n                merged: {\n                    Mutex: {state: 0, sema: 0},\n                    Lines: [\n                        \"The Project \\\"qostest\\\" is invalid: project namespace: Invalid value: \\\"kubeslice-qostest\\\": already exists\",\n                    ],\n                },\n            },\n            stderr: {\n                Lines: [\n                    \"The Project \\\"qostest\\\" is invalid: project namespace: Invalid value: \\\"kubeslice-qostest\\\": already exists\",\n                ],\n                merged: {\n                    Mutex: {state: 0, sema: 0},\n                    Lines: [\n                        \"The Project \\\"qostest\\\" is invalid: project namespace: Invalid value: \\\"kubeslice-qostest\\\": already exists\",\n                    ],\n                },\n            },\n            merged: {\n                Mutex: {state: 0, sema: 0},\n                Lines: [\n                    \"The Project \\\"qostest\\\" is invalid: project namespace: Invalid value: \\\"kubeslice-qostest\\\": already exists\",\n                ],\n            },\n        },\n    }\n    error while running command: exit status 1; The Project \"qostest\" is invalid: project namespace: Invalid value: \"kubeslice-qostest\": already exists\noccurred","children":[{"name":"[It]  QosProfile tests QosProfile delete validation Delete qos profile - negative scenario","uid":"e51173d11b9485e","parentUid":"e0d3a5a58e2e1b25966105546cbb4293","status":"failed","time":{"start":1660101116000,"stop":1660101116249,"duration":249},"flaky":false,"newFailed":false,"newPassed":false,"newBroken":false,"retriesCount":0,"retriesStatusChange":false,"parameters":[]}],"uid":"e0d3a5a58e2e1b25966105546cbb4293"},{"name":"Timed out after 120.001s.\nExpected an error to have occurred.  Got:\n    <nil>: nil","children":[{"name":"[It] Cluster negative tests Worker Cluster Registration with Wrong endpoint","uid":"1ef94faca9d639b8","parentUid":"96e24c0bb9b908fdd9c47b5d4a9cb2bb","status":"failed","time":{"start":1660101116000,"stop":1660101578090,"duration":462090},"flaky":true,"newFailed":true,"newPassed":false,"newBroken":false,"retriesCount":0,"retriesStatusChange":false,"parameters":[]}],"uid":"96e24c0bb9b908fdd9c47b5d4a9cb2bb"},{"name":"Timed out after 210.006s.\nExpected an error to have occurred.  Got:\n    <nil>: nil","children":[{"name":"[AfterSuite]","uid":"2c993129effaebf7","parentUid":"6f4e263c49fcd6a46df71c276068ced9","status":"failed","time":{"start":1660102709000,"stop":1660102919381,"duration":210381},"flaky":true,"newFailed":true,"newPassed":false,"newBroken":false,"retriesCount":0,"retriesStatusChange":false,"parameters":[]}],"uid":"6f4e263c49fcd6a46df71c276068ced9"},{"name":"Unexpected error:\n    <*shell.ErrWithCmdOutput | 0xc000724c90>: {\n        Underlying: <*exec.ExitError | 0xc000555320>{\n            ProcessState: {\n                pid: 6404,\n                status: 256,\n                rusage: {\n                    Utime: {Sec: 1, Usec: 197578},\n                    Stime: {Sec: 0, Usec: 99109},\n                    Maxrss: 85476,\n                    Ixrss: 0,\n                    Idrss: 0,\n                    Isrss: 0,\n                    Minflt: 10335,\n                    Majflt: 0,\n                    Nswap: 0,\n                    Inblock: 0,\n                    Oublock: 15216,\n                    Msgsnd: 0,\n                    Msgrcv: 0,\n                    Nsignals: 0,\n                    Nvcsw: 5224,\n                    Nivcsw: 1793,\n                },\n            },\n            Stderr: nil,\n        },\n        Output: {\n            stdout: {\n                Lines: nil,\n                merged: {\n                    Mutex: {state: 0, sema: 0},\n                    Lines: [\n                        \"WARNING: Kubernetes configuration file is group-readable. This is insecure. Location: /e2e/assets/kubeconfig/kinde2e.yaml\",\n                        \"WARNING: Kubernetes configuration file is world-readable. This is insecure. Location: /e2e/assets/kubeconfig/kinde2e.yaml\",\n                        \"install.go:178: [debug] Original chart version: \\\"\\\"\",\n                        \"install.go:195: [debug] CHART PATH: /root/.cache/helm/repository/kubeslice-worker-0.4.0.tgz\",\n                        \"\",\n                        \"client.go:128: [debug] creating 1 resource(s)\",\n                        \"install.go:151: [debug] CRD serviceexports.networking.kubeslice.io is already present. Skipping.\",\n                        \"client.go:128: [debug] creating 1 resource(s)\",\n                        \"install.go:151: [debug] CRD serviceimports.networking.kubeslice.io is already present. Skipping.\",\n                        \"client.go:128: [debug] creating 1 resource(s)\",\n                        \"install.go:151: [debug] CRD slice.networking.kubeslice.io is already present. Skipping.\",\n                        \"client.go:128: [debug] creating 1 resource(s)\",\n                        \"install.go:151: [debug] CRD slicegateways.networking.kubeslice.io is already present. Skipping.\",\n                        \"client.go:128: [debug] creating 1 resource(s)\",\n                        \"install.go:151: [debug] CRD sliceresourcequotas.networking.kubeslice.io is already present. Skipping.\",\n                        \"client.go:128: [debug] creating 1 resource(s)\",\n                        \"Error: INSTALLATION FAILED: create: failed to create: secrets \\\"sh.helm.release.v1.kubeslice-worker.v1\\\" is forbidden: unable to create new content in namespace kubeslice-system because it is being terminated\",\n                        \"helm.go:84: [debug] secrets \\\"sh.helm.release.v1.kubeslice-worker.v1\\\" is forbidden: unable to create new content in namespace kubeslice-system because it is being terminated\",\n                        \"create: failed to create\",\n                        \"helm.sh/helm/v3/pkg/storage/driver.(*Secrets).Create\",\n                        \"\\thelm.sh/helm/v3/pkg/storage/driver/secrets.go:164\",\n                        \"helm.sh/helm/v3/pkg/storage.(*Storage).Create\",\n                        \"\\thelm.sh/helm/v3/pkg/storage/storage.go:69\",\n                        \"helm.sh/helm/v3/pkg/action.(*Install).RunWithContext\",\n                        \"\\thelm.sh/helm/v3/pkg/action/install.go:340\",\n                        \"main.runInstall\",\n                        \"\\thelm.sh/helm/v3/cmd/helm/install.go:264\",\n                        \"main.newInstallCmd.func2\",\n                        \"\\thelm.sh/helm/v3/cmd/helm/install.go:125\",\n                        \"github.com/spf13/cobra.(*Command).execute\",\n                        \"\\tgithub.com/spf13/cobra@v1.4.0/command.go:856\",\n                        \"github.com/spf13/cobra.(*Command).ExecuteC\",\n                        \"\\tgithub.com/spf13/cobra@v1.4.0/command.go:974\",...\n\nGomega truncated this representation as it exceeds 'format.MaxLength'.\nConsider having the object provide a custom 'GomegaStringer' representation\nor adjust the parameters in Gomega's 'format' package.\n\nLearn more here: https://onsi.github.io/gomega/#adjusting-output\n\n    error while running command: exit status 1; WARNING: Kubernetes configuration file is group-readable. This is insecure. Location: /e2e/assets/kubeconfig/kinde2e.yaml\n    WARNING: Kubernetes configuration file is world-readable. This is insecure. Location: /e2e/assets/kubeconfig/kinde2e.yaml\n    install.go:178: [debug] Original chart version: \"\"\n    install.go:195: [debug] CHART PATH: /root/.cache/helm/repository/kubeslice-worker-0.4.0.tgz\n    \n    client.go:128: [debug] creating 1 resource(s)\n    install.go:151: [debug] CRD serviceexports.networking.kubeslice.io is already present. Skipping.\n    client.go:128: [debug] creating 1 resource(s)\n    install.go:151: [debug] CRD serviceimports.networking.kubeslice.io is already present. Skipping.\n    client.go:128: [debug] creating 1 resource(s)\n    install.go:151: [debug] CRD slice.networking.kubeslice.io is already present. Skipping.\n    client.go:128: [debug] creating 1 resource(s)\n    install.go:151: [debug] CRD slicegateways.networking.kubeslice.io is already present. Skipping.\n    client.go:128: [debug] creating 1 resource(s)\n    install.go:151: [debug] CRD sliceresourcequotas.networking.kubeslice.io is already present. Skipping.\n    client.go:128: [debug] creating 1 resource(s)\n    Error: INSTALLATION FAILED: create: failed to create: secrets \"sh.helm.release.v1.kubeslice-worker.v1\" is forbidden: unable to create new content in namespace kubeslice-system because it is being terminated\n    helm.go:84: [debug] secrets \"sh.helm.release.v1.kubeslice-worker.v1\" is forbidden: unable to create new content in namespace kubeslice-system because it is being terminated\n    create: failed to create\n    helm.sh/helm/v3/pkg/storage/driver.(*Secrets).Create\n    \thelm.sh/helm/v3/pkg/storage/driver/secrets.go:164\n    helm.sh/helm/v3/pkg/storage.(*Storage).Create\n    \thelm.sh/helm/v3/pkg/storage/storage.go:69\n    helm.sh/helm/v3/pkg/action.(*Install).RunWithContext\n    \thelm.sh/helm/v3/pkg/action/install.go:340\n    main.runInstall\n    \thelm.sh/helm/v3/cmd/helm/install.go:264\n    main.newInstallCmd.func2\n    \thelm.sh/helm/v3/cmd/helm/install.go:125\n    github.com/spf13/cobra.(*Command).execute\n    \tgithub.com/spf13/cobra@v1.4.0/command.go:856\n    github.com/spf13/cobra.(*Command).ExecuteC\n    \tgithub.com/spf13/cobra@v1.4.0/command.go:974\n    github.com/spf13/cobra.(*Command).Execute\n    \tgithub.com/spf13/cobra@v1.4.0/command.go:902\n    main.main\n    \thelm.sh/helm/v3/cmd/helm/helm.go:83\n    runtime.main\n    \truntime/proc.go:255\n    runtime.goexit\n    \truntime/asm_amd64.s:1581\n    INSTALLATION FAILED\n    main.newInstallCmd.func2\n    \thelm.sh/helm/v3/cmd/helm/install.go:127\n    github.com/spf13/cobra.(*Command).execute\n    \tgithub.com/spf13/cobra@v1.4.0/command.go:856\n    github.com/spf13/cobra.(*Command).ExecuteC\n    \tgithub.com/spf13/cobra@v1.4.0/command.go:974\n    github.com/spf13/cobra.(*Command).Execute\n    \tgithub.com/spf13/cobra@v1.4.0/command.go:902\n    main.main\n    \thelm.sh/helm/v3/cmd/helm/helm.go:83\n    runtime.main\n    \truntime/proc.go:255\n    runtime.goexit\n    \truntime/asm_amd64.s:1581\noccurred","children":[{"name":"[BeforeSuite]","uid":"3a8207bc1d7d7975","parentUid":"a075303ad5404c0982994ee054dc4ae6","status":"failed","time":{"start":1660102709000,"stop":1660102815135,"duration":106135},"flaky":true,"newFailed":false,"newPassed":false,"newBroken":false,"retriesCount":0,"retriesStatusChange":false,"parameters":[]}],"uid":"a075303ad5404c0982994ee054dc4ae6"}],"uid":"8fb3a91ba5aaf9de24cc8a92edc82b5d"}],"name":"categories"}