{"uid":"4b4757e66a1912dae1a509f688f20b0f","children":[{"name":"Product defects","children":[{"name":"Timed out after 60.001s.\nExpected\n    <bool>: false\nto be true","children":[{"name":"[It] Project CR test Project Update Should Update successfullyy when Project is Applied with valid service account name in Read users","uid":"dac3080eaaf88b98","parentUid":"bdb6f7322995205e885b5ea7481ccb7f","status":"failed","time":{"start":1662553059000,"stop":1662553125545,"duration":66545},"flaky":true,"newFailed":false,"newPassed":false,"newBroken":false,"retriesCount":0,"retriesStatusChange":false,"parameters":[]},{"name":"[It] Project CR test Project Creation Should create Project while using valid manifest","uid":"37d90046d980a40c","parentUid":"bdb6f7322995205e885b5ea7481ccb7f","status":"failed","time":{"start":1662553059000,"stop":1662553127191,"duration":68191},"flaky":true,"newFailed":false,"newPassed":false,"newBroken":false,"retriesCount":0,"retriesStatusChange":false,"parameters":[]},{"name":"[It] Project CR test Project Creation Should update Project while applying valid manifest with existing Project name","uid":"7f0c18e64daaedb4","parentUid":"bdb6f7322995205e885b5ea7481ccb7f","status":"failed","time":{"start":1662553059000,"stop":1662553125594,"duration":66594},"flaky":true,"newFailed":false,"newPassed":false,"newBroken":false,"retriesCount":0,"retriesStatusChange":false,"parameters":[]},{"name":"[It] Project CR test Project Update Should fail when Project is Applied with service account name as blank in Read users","uid":"38037ada10d9c534","parentUid":"bdb6f7322995205e885b5ea7481ccb7f","status":"failed","time":{"start":1662553059000,"stop":1662553125651,"duration":66651},"flaky":true,"newFailed":false,"newPassed":false,"newBroken":false,"retriesCount":0,"retriesStatusChange":false,"parameters":[]},{"name":"[It] Project CR test Project Update Should update successfully when Project applied with valid service account name in Write users","uid":"1ae1088a53113f9e","parentUid":"bdb6f7322995205e885b5ea7481ccb7f","status":"failed","time":{"start":1662553059000,"stop":1662553126501,"duration":67501},"flaky":true,"newFailed":false,"newPassed":false,"newBroken":false,"retriesCount":0,"retriesStatusChange":false,"parameters":[]},{"name":"[It] Project CR test Project Update Should fail when Project is Applied with service account name as combination of special characters in Write users","uid":"f2cf220bf3dd46d","parentUid":"bdb6f7322995205e885b5ea7481ccb7f","status":"failed","time":{"start":1662553059000,"stop":1662553180312,"duration":121312},"flaky":true,"newFailed":false,"newPassed":false,"newBroken":false,"retriesCount":0,"retriesStatusChange":false,"parameters":[]},{"name":"[It] Project CR test Project Update Should update successfully when Project Applied while removing a service account name in Write users","uid":"3beb19a01100c046","parentUid":"bdb6f7322995205e885b5ea7481ccb7f","status":"failed","time":{"start":1662553059000,"stop":1662553125638,"duration":66638},"flaky":true,"newFailed":false,"newPassed":false,"newBroken":false,"retriesCount":0,"retriesStatusChange":false,"parameters":[]}],"uid":"bdb6f7322995205e885b5ea7481ccb7f"},{"name":"Timed out after 60.000s.\nExpected\n    <bool>: false\nto be true","children":[{"name":"[It] Project CR test Project Deletion Should fail when deleting a project that does not exist","uid":"e38cf9e6b0de96be","parentUid":"cad0674b2306dd77b62a2ba0a795baef","status":"failed","time":{"start":1662553059000,"stop":1662553180326,"duration":121326},"flaky":true,"newFailed":false,"newPassed":false,"newBroken":false,"retriesCount":0,"retriesStatusChange":false,"parameters":[]},{"name":"[It] Project CR test Project Update Should fail when Project is applied with service account name as blank in Write users","uid":"f6e04de0bdcf06ed","parentUid":"cad0674b2306dd77b62a2ba0a795baef","status":"failed","time":{"start":1662553059000,"stop":1662553125658,"duration":66658},"flaky":true,"newFailed":false,"newPassed":false,"newBroken":false,"retriesCount":0,"retriesStatusChange":false,"parameters":[]},{"name":"[It] Project CR test Project Update Should fail when Project is Applied with service account name as combination of special characters in Read users","uid":"354783cb8fe6093e","parentUid":"cad0674b2306dd77b62a2ba0a795baef","status":"failed","time":{"start":1662553059000,"stop":1662553180292,"duration":121292},"flaky":true,"newFailed":false,"newPassed":false,"newBroken":false,"retriesCount":0,"retriesStatusChange":false,"parameters":[]},{"name":"[It] Project CR test Project Update Should update successfully when Project Applied while removing a service account name in Read users","uid":"77a1d51b1caa2fc5","parentUid":"cad0674b2306dd77b62a2ba0a795baef","status":"failed","time":{"start":1662553059000,"stop":1662553180291,"duration":121291},"flaky":true,"newFailed":false,"newPassed":false,"newBroken":false,"retriesCount":0,"retriesStatusChange":false,"parameters":[]},{"name":"[It] Project CR test Project Creation Should create Multiple Projects in controller using valid manifest","uid":"eb7a7e48c0be74bd","parentUid":"cad0674b2306dd77b62a2ba0a795baef","status":"failed","time":{"start":1662553059000,"stop":1662553120316,"duration":61316},"flaky":true,"newFailed":false,"newPassed":false,"newBroken":false,"retriesCount":0,"retriesStatusChange":false,"parameters":[]}],"uid":"cad0674b2306dd77b62a2ba0a795baef"},{"name":"Unexpected error:\n    <*shell.ErrWithCmdOutput | 0xc00050f290>: {\n        Underlying: <*exec.ExitError | 0xc000704cc0>{\n            ProcessState: {\n                pid: 12037,\n                status: 256,\n                rusage: {\n                    Utime: {Sec: 0, Usec: 190721},\n                    Stime: {Sec: 0, Usec: 83917},\n                    Maxrss: 87392,\n                    Ixrss: 0,\n                    Idrss: 0,\n                    Isrss: 0,\n                    Minflt: 10744,\n                    Majflt: 5,\n                    Nswap: 0,\n                    Inblock: 432,\n                    Oublock: 13344,\n                    Msgsnd: 0,\n                    Msgrcv: 0,\n                    Nsignals: 0,\n                    Nvcsw: 481,\n                    Nivcsw: 410,\n                },\n            },\n            Stderr: nil,\n        },\n        Output: {\n            stdout: {\n                Lines: nil,\n                merged: {\n                    Mutex: {state: 0, sema: 0},\n                    Lines: [\n                        \"Error from server (InternalError): error when creating \\\"/tmp/Cluster%20negative%20tests%20Worker%20Cluster%20Registration%20with%20Wrong%20endpoint2728869890\\\": Internal error occurred: failed calling webhook \\\"mproject.kb.io\\\": failed to call webhook: Post \\\"https://kubeslice-controller-webhook-service.kubeslice-controller.svc:443/mutate-controller-kubeslice-io-v1alpha1-project?timeout=10s\\\": dial tcp 10.96.67.103:443: connect: connection refused\",\n                    ],\n                },\n            },\n            stderr: {\n                Lines: [\n                    \"Error from server (InternalError): error when creating \\\"/tmp/Cluster%20negative%20tests%20Worker%20Cluster%20Registration%20with%20Wrong%20endpoint2728869890\\\": Internal error occurred: failed calling webhook \\\"mproject.kb.io\\\": failed to call webhook: Post \\\"https://kubeslice-controller-webhook-service.kubeslice-controller.svc:443/mutate-controller-kubeslice-io-v1alpha1-project?timeout=10s\\\": dial tcp 10.96.67.103:443: connect: connection refused\",\n                ],\n                merged: {\n                    Mutex: {state: 0, sema: 0},\n                    Lines: [\n                        \"Error from server (InternalError): error when creating \\\"/tmp/Cluster%20negative%20tests%20Worker%20Cluster%20Registration%20with%20Wrong%20endpoint2728869890\\\": Internal error occurred: failed calling webhook \\\"mproject.kb.io\\\": failed to call webhook: Post \\\"https://kubeslice-controller-webhook-service.kubeslice-controller.svc:443/mutate-controller-kubeslice-io-v1alpha1-project?timeout=10s\\\": dial tcp 10.96.67.103:443: connect: connection refused\",\n                    ],\n                },\n            },\n            merged: {\n                Mutex: {state: 0, sema: 0},\n                Lines: [\n                    \"Error from server (InternalError): error when creating \\\"/tmp/Cluster%20negative%20tests%20Worker%20Cluster%20Registration%20with%20Wrong%20endpoint2728869890\\\": Internal error occurred: failed calling webhook \\\"mproject.kb.io\\\": failed to call webhook: Post \\\"https://kubeslice-controller-webhook-service.kubeslice-controller.svc:443/mutate-controller-kubeslice-io-v1alpha1-project?timeout=10s\\\": dial tcp 10.96.67.103:443: connect: connection refused\",\n                ],\n            },\n        },\n    }\n    error while running command: exit status 1; Error from server (InternalError): error when creating \"/tmp/Cluster%20negative%20tests%20Worker%20Cluster%20Registration%20with%20Wrong%20endpoint2728869890\": Internal error occurred: failed calling webhook \"mproject.kb.io\": failed to call webhook: Post \"https://kubeslice-controller-webhook-service.kubeslice-controller.svc:443/mutate-controller-kubeslice-io-v1alpha1-project?timeout=10s\": dial tcp 10.96.67.103:443: connect: connection refused\noccurred","children":[{"name":"[It] Cluster negative tests Worker Cluster Registration with Wrong endpoint","uid":"b839dc8b18a0b543","parentUid":"69a3e43fbc09c0803184c1047a122456","status":"failed","time":{"start":1662553059000,"stop":1662553059464,"duration":464},"flaky":true,"newFailed":false,"newPassed":false,"newBroken":false,"retriesCount":0,"retriesStatusChange":false,"parameters":[]}],"uid":"69a3e43fbc09c0803184c1047a122456"},{"name":"Unexpected error:\n    <*shell.ErrWithCmdOutput | 0xc0000bf620>: {\n        Underlying: <*exec.ExitError | 0xc0003dd860>{\n            ProcessState: {\n                pid: 12028,\n                status: 256,\n                rusage: {\n                    Utime: {Sec: 0, Usec: 181406},\n                    Stime: {Sec: 0, Usec: 51267},\n                    Maxrss: 80608,\n                    Ixrss: 0,\n                    Idrss: 0,\n                    Isrss: 0,\n                    Minflt: 4993,\n                    Majflt: 0,\n                    Nswap: 0,\n                    Inblock: 0,\n                    Oublock: 13344,\n                    Msgsnd: 0,\n                    Msgrcv: 0,\n                    Nsignals: 0,\n                    Nvcsw: 331,\n                    Nivcsw: 266,\n                },\n            },\n            Stderr: nil,\n        },\n        Output: {\n            stdout: {\n                Lines: nil,\n                merged: {\n                    Mutex: {state: 0, sema: 0},\n                    Lines: [\n                        \"Error from server (InternalError): error when applying patch:\",\n                        \"{\\\"status\\\":{}}\",\n                        \"to:\",\n                        \"Resource: \\\"controller.kubeslice.io/v1alpha1, Resource=projects\\\", GroupVersionKind: \\\"controller.kubeslice.io/v1alpha1, Kind=Project\\\"\",\n                        \"Name: \\\"projectdeletetest\\\", Namespace: \\\"kubeslice-controller\\\"\",\n                        \"for: \\\"/tmp/Project%20CR%20test%20Project%20Deletion%20Should%20Delete%20an%20existing%20project%20successfully255208318\\\": error when patching \\\"/tmp/Project%20CR%20test%20Project%20Deletion%20Should%20Delete%20an%20existing%20project%20successfully255208318\\\": Internal error occurred: failed calling webhook \\\"mproject.kb.io\\\": failed to call webhook: Post \\\"https://kubeslice-controller-webhook-service.kubeslice-controller.svc:443/mutate-controller-kubeslice-io-v1alpha1-project?timeout=10s\\\": dial tcp 10.96.67.103:443: connect: connection refused\",\n                    ],\n                },\n            },\n            stderr: {\n                Lines: [\n                    \"Error from server (InternalError): error when applying patch:\",\n                    \"{\\\"status\\\":{}}\",\n                    \"to:\",\n                    \"Resource: \\\"controller.kubeslice.io/v1alpha1, Resource=projects\\\", GroupVersionKind: \\\"controller.kubeslice.io/v1alpha1, Kind=Project\\\"\",\n                    \"Name: \\\"projectdeletetest\\\", Namespace: \\\"kubeslice-controller\\\"\",\n                    \"for: \\\"/tmp/Project%20CR%20test%20Project%20Deletion%20Should%20Delete%20an%20existing%20project%20successfully255208318\\\": error when patching \\\"/tmp/Project%20CR%20test%20Project%20Deletion%20Should%20Delete%20an%20existing%20project%20successfully255208318\\\": Internal error occurred: failed calling webhook \\\"mproject.kb.io\\\": failed to call webhook: Post \\\"https://kubeslice-controller-webhook-service.kubeslice-controller.svc:443/mutate-controller-kubeslice-io-v1alpha1-project?timeout=10s\\\": dial tcp 10.96.67.103:443: connect: connection refused\",\n                ],\n                merged: {\n                    Mutex: {state: 0, sema: 0},\n                    Lines: [\n                        \"Error from server (InternalError): error when applying patch:\",\n                        \"{\\\"status\\\":{}}\",\n                        \"to:\",\n                        \"Resource: \\\"controller.kubeslice.io/v1alpha1, Resource=projects\\\", GroupVersionKind: \\\"controller.kubeslice.io/v1alpha1, Kind=Project\\\"\",\n                        \"Name: \\\"projectdeletetest\\\", Namespace: \\\"kubeslice-controller\\\"\",\n                        \"for: \\\"/tmp/Project%20CR%20test%20Project%20Deletion%20Should%20Delete%20an%20existing%20project%20successfully255208318\\\": error when patching \\\"/tmp/Project%20CR%20test%20Project%20Deletion%20Should%20Delete%20an%20existing%20project%20successfully255208318\\\": Internal error occurred: failed calling webhook \\\"mproject.kb.io\\\": failed to call webhook: Post \\\"https://kubeslice-controller-webhook-s...\n\nGomega truncated this representation as it exceeds 'format.MaxLength'.\nConsider having the object provide a custom 'GomegaStringer' representation\nor adjust the parameters in Gomega's 'format' package.\n\nLearn more here: https://onsi.github.io/gomega/#adjusting-output\n\n    error while running command: exit status 1; Error from server (InternalError): error when applying patch:\n    {\"status\":{}}\n    to:\n    Resource: \"controller.kubeslice.io/v1alpha1, Resource=projects\", GroupVersionKind: \"controller.kubeslice.io/v1alpha1, Kind=Project\"\n    Name: \"projectdeletetest\", Namespace: \"kubeslice-controller\"\n    for: \"/tmp/Project%20CR%20test%20Project%20Deletion%20Should%20Delete%20an%20existing%20project%20successfully255208318\": error when patching \"/tmp/Project%20CR%20test%20Project%20Deletion%20Should%20Delete%20an%20existing%20project%20successfully255208318\": Internal error occurred: failed calling webhook \"mproject.kb.io\": failed to call webhook: Post \"https://kubeslice-controller-webhook-service.kubeslice-controller.svc:443/mutate-controller-kubeslice-io-v1alpha1-project?timeout=10s\": dial tcp 10.96.67.103:443: connect: connection refused\noccurred","children":[{"name":"[It] Project CR test Project Deletion Should Delete an existing project successfully","uid":"9617866376689dff","parentUid":"c7b0ba8f53a976c2984f5bded1cf2505","status":"failed","time":{"start":1662553059000,"stop":1662553119280,"duration":60280},"flaky":true,"newFailed":false,"newPassed":false,"newBroken":false,"retriesCount":0,"retriesStatusChange":false,"parameters":[]}],"uid":"c7b0ba8f53a976c2984f5bded1cf2505"},{"name":"Unexpected error:\n    <*shell.ErrWithCmdOutput | 0xc0004d2300>: {\n        Underlying: <*exec.ExitError | 0xc0004e42a0>{\n            ProcessState: {\n                pid: 12095,\n                status: 256,\n                rusage: {\n                    Utime: {Sec: 0, Usec: 186330},\n                    Stime: {Sec: 0, Usec: 62110},\n                    Maxrss: 76492,\n                    Ixrss: 0,\n                    Idrss: 0,\n                    Isrss: 0,\n                    Minflt: 8428,\n                    Majflt: 0,\n                    Nswap: 0,\n                    Inblock: 0,\n                    Oublock: 13344,\n                    Msgsnd: 0,\n                    Msgrcv: 0,\n                    Nsignals: 0,\n                    Nvcsw: 317,\n                    Nivcsw: 265,\n                },\n            },\n            Stderr: nil,\n        },\n        Output: {\n            stdout: {\n                Lines: nil,\n                merged: {\n                    Mutex: {state: 0, sema: 0},\n                    Lines: [\n                        \"Error from server (MethodNotAllowed): error when creating \\\"/tmp/3026235394\\\": create not allowed while custom resource definition is terminating\",\n                    ],\n                },\n            },\n            stderr: {\n                Lines: [\n                    \"Error from server (MethodNotAllowed): error when creating \\\"/tmp/3026235394\\\": create not allowed while custom resource definition is terminating\",\n                ],\n                merged: {\n                    Mutex: {state: 0, sema: 0},\n                    Lines: [\n                        \"Error from server (MethodNotAllowed): error when creating \\\"/tmp/3026235394\\\": create not allowed while custom resource definition is terminating\",\n                    ],\n                },\n            },\n            merged: {\n                Mutex: {state: 0, sema: 0},\n                Lines: [\n                    \"Error from server (MethodNotAllowed): error when creating \\\"/tmp/3026235394\\\": create not allowed while custom resource definition is terminating\",\n                ],\n            },\n        },\n    }\n    error while running command: exit status 1; Error from server (MethodNotAllowed): error when creating \"/tmp/3026235394\": create not allowed while custom resource definition is terminating\noccurred","children":[{"name":"[BeforeSuite]","uid":"2fba5dc94a6f2a59","parentUid":"cfb3cd50c45857e3513d61d72c91810c","status":"failed","time":{"start":1662554584000,"stop":1662554683006,"duration":99006},"flaky":true,"newFailed":true,"newPassed":false,"newBroken":false,"retriesCount":0,"retriesStatusChange":false,"parameters":[]}],"uid":"cfb3cd50c45857e3513d61d72c91810c"},{"name":"Unexpected error:\n    <*shell.ErrWithCmdOutput | 0xc00000e7f8>: {\n        Underlying: <*exec.ExitError | 0xc00042ed60>{\n            ProcessState: {\n                pid: 12107,\n                status: 256,\n                rusage: {\n                    Utime: {Sec: 0, Usec: 16894},\n                    Stime: {Sec: 0, Usec: 29565},\n                    Maxrss: 39720,\n                    Ixrss: 0,\n                    Idrss: 0,\n                    Isrss: 0,\n                    Minflt: 1896,\n                    Majflt: 0,\n                    Nswap: 0,\n                    Inblock: 0,\n                    Oublock: 0,\n                    Msgsnd: 0,\n                    Msgrcv: 0,\n                    Nsignals: 0,\n                    Nvcsw: 139,\n                    Nivcsw: 87,\n                },\n            },\n            Stderr: nil,\n        },\n        Output: {\n            stdout: {\n                Lines: nil,\n                merged: {\n                    Mutex: {state: 0, sema: 0},\n                    Lines: [\n                        \"Error: uninstall: Release not loaded: istiod: release: not found\",\n                    ],\n                },\n            },\n            stderr: {\n                Lines: [\n                    \"Error: uninstall: Release not loaded: istiod: release: not found\",\n                ],\n                merged: {\n                    Mutex: {state: 0, sema: 0},\n                    Lines: [\n                        \"Error: uninstall: Release not loaded: istiod: release: not found\",\n                    ],\n                },\n            },\n            merged: {\n                Mutex: {state: 0, sema: 0},\n                Lines: [\n                    \"Error: uninstall: Release not loaded: istiod: release: not found\",\n                ],\n            },\n        },\n    }\n    error while running command: exit status 1; Error: uninstall: Release not loaded: istiod: release: not found\noccurred","children":[{"name":"[AfterSuite]","uid":"dfc4dfa0f95dcf43","parentUid":"f3c3e3d252d6a041952d15c23ee56931","status":"failed","time":{"start":1662554584000,"stop":1662554584170,"duration":170},"flaky":false,"newFailed":false,"newPassed":false,"newBroken":false,"retriesCount":0,"retriesStatusChange":false,"parameters":[]}],"uid":"f3c3e3d252d6a041952d15c23ee56931"},{"name":"Unexpected error:\n    <*shell.ErrWithCmdOutput | 0xc00000e330>: {\n        Underlying: <*exec.ExitError | 0xc000074060>{\n            ProcessState: {\n                pid: 12123,\n                status: 256,\n                rusage: {\n                    Utime: {Sec: 0, Usec: 120273},\n                    Stime: {Sec: 0, Usec: 28299},\n                    Maxrss: 51952,\n                    Ixrss: 0,\n                    Idrss: 0,\n                    Isrss: 0,\n                    Minflt: 2272,\n                    Majflt: 0,\n                    Nswap: 0,\n                    Inblock: 0,\n                    Oublock: 360,\n                    Msgsnd: 0,\n                    Msgrcv: 0,\n                    Nsignals: 0,\n                    Nvcsw: 637,\n                    Nivcsw: 186,\n                },\n            },\n            Stderr: nil,\n        },\n        Output: {\n            stdout: {\n                Lines: nil,\n                merged: {\n                    Mutex: {state: 0, sema: 0},\n                    Lines: [\n                        \"install.go:178: [debug] Original chart version: \\\"v1.8.0\\\"\",\n                        \"install.go:195: [debug] CHART PATH: /root/.cache/helm/repository/cert-manager-v1.8.0.tgz\",\n                        \"\",\n                        \"Error: INSTALLATION FAILED: cannot re-use a name that is still in use\",\n                        \"helm.go:84: [debug] cannot re-use a name that is still in use\",\n                        \"helm.sh/helm/v3/pkg/action.(*Install).availableName\",\n                        \"\\thelm.sh/helm/v3/pkg/action/install.go:483\",\n                        \"helm.sh/helm/v3/pkg/action.(*Install).RunWithContext\",\n                        \"\\thelm.sh/helm/v3/pkg/action/install.go:197\",\n                        \"main.runInstall\",\n                        \"\\thelm.sh/helm/v3/cmd/helm/install.go:264\",\n                        \"main.newInstallCmd.func2\",\n                        \"\\thelm.sh/helm/v3/cmd/helm/install.go:125\",\n                        \"github.com/spf13/cobra.(*Command).execute\",\n                        \"\\tgithub.com/spf13/cobra@v1.4.0/command.go:856\",\n                        \"github.com/spf13/cobra.(*Command).ExecuteC\",\n                        \"\\tgithub.com/spf13/cobra@v1.4.0/command.go:974\",\n                        \"github.com/spf13/cobra.(*Command).Execute\",\n                        \"\\tgithub.com/spf13/cobra@v1.4.0/command.go:902\",\n                        \"main.main\",\n                        \"\\thelm.sh/helm/v3/cmd/helm/helm.go:83\",\n                        \"runtime.main\",\n                        \"\\truntime/proc.go:255\",\n                        \"runtime.goexit\",\n                        \"\\truntime/asm_amd64.s:1581\",\n                        \"INSTALLATION FAILED\",\n                        \"main.newInstallCmd.func2\",\n                        \"\\thelm.sh/helm/v3/cmd/helm/install.go:127\",\n                        \"github.com/spf13/cobra.(*Command).execute\",\n                        \"\\tgithub.com/spf13/cobra@v1.4.0/command.go:856\",\n                        \"github.com/spf13/cobra.(*Command).ExecuteC\",\n                        \"\\tgithub.com/spf13/cobra@v1.4.0/command.go:974\",\n                        \"github.com/spf13/cobra.(*Command).Execute\",\n                        \"\\tgithub.com/spf13/cobra@v1.4.0/command.go:902\",\n                        \"main.main\",\n                        \"\\thelm.sh/helm/v3/cmd/helm/helm.go:83\",\n                        \"runtime.main\",\n                        \"\\truntime/proc.go:255\",\n                        \"runtime.goexit\",\n                        \"\\truntime/asm_amd64.s:1581\",\n                    ],\n                },\n            },\n            stderr: {\n                Lines: [\n                    \"install.go:178: [debug] Original chart version: \\\"v1.8.0\\\"\",\n                    \"install.go:195: [debug] CHART PATH: /root/.cache/helm/repository/cert-manager-v1.8.0.tgz\",\n                    \"\",\n                    \"Error: INSTALLATION FAILED: cannot re-use a name that is still in use\",\n                    \"helm.go:84: [debug] cannot re-use a name that is still in...\n\nGomega truncated this representation as it exceeds 'format.MaxLength'.\nConsider having the object provide a custom 'GomegaStringer' representation\nor adjust the parameters in Gomega's 'format' package.\n\nLearn more here: https://onsi.github.io/gomega/#adjusting-output\n\n    error while running command: exit status 1; install.go:178: [debug] Original chart version: \"v1.8.0\"\n    install.go:195: [debug] CHART PATH: /root/.cache/helm/repository/cert-manager-v1.8.0.tgz\n    \n    Error: INSTALLATION FAILED: cannot re-use a name that is still in use\n    helm.go:84: [debug] cannot re-use a name that is still in use\n    helm.sh/helm/v3/pkg/action.(*Install).availableName\n    \thelm.sh/helm/v3/pkg/action/install.go:483\n    helm.sh/helm/v3/pkg/action.(*Install).RunWithContext\n    \thelm.sh/helm/v3/pkg/action/install.go:197\n    main.runInstall\n    \thelm.sh/helm/v3/cmd/helm/install.go:264\n    main.newInstallCmd.func2\n    \thelm.sh/helm/v3/cmd/helm/install.go:125\n    github.com/spf13/cobra.(*Command).execute\n    \tgithub.com/spf13/cobra@v1.4.0/command.go:856\n    github.com/spf13/cobra.(*Command).ExecuteC\n    \tgithub.com/spf13/cobra@v1.4.0/command.go:974\n    github.com/spf13/cobra.(*Command).Execute\n    \tgithub.com/spf13/cobra@v1.4.0/command.go:902\n    main.main\n    \thelm.sh/helm/v3/cmd/helm/helm.go:83\n    runtime.main\n    \truntime/proc.go:255\n    runtime.goexit\n    \truntime/asm_amd64.s:1581\n    INSTALLATION FAILED\n    main.newInstallCmd.func2\n    \thelm.sh/helm/v3/cmd/helm/install.go:127\n    github.com/spf13/cobra.(*Command).execute\n    \tgithub.com/spf13/cobra@v1.4.0/command.go:856\n    github.com/spf13/cobra.(*Command).ExecuteC\n    \tgithub.com/spf13/cobra@v1.4.0/command.go:974\n    github.com/spf13/cobra.(*Command).Execute\n    \tgithub.com/spf13/cobra@v1.4.0/command.go:902\n    main.main\n    \thelm.sh/helm/v3/cmd/helm/helm.go:83\n    runtime.main\n    \truntime/proc.go:255\n    runtime.goexit\n    \truntime/asm_amd64.s:1581\noccurred","children":[{"name":"[BeforeSuite]","uid":"eb19e525be48328","parentUid":"5c6f725aff332287b7056978fcfb9cbc","status":"failed","time":{"start":1662554683000,"stop":1662554683367,"duration":367},"flaky":false,"newFailed":false,"newPassed":false,"newBroken":false,"retriesCount":0,"retriesStatusChange":false,"parameters":[]}],"uid":"5c6f725aff332287b7056978fcfb9cbc"}],"uid":"8fb3a91ba5aaf9de24cc8a92edc82b5d"}],"name":"categories"}