{"uid":"4b4757e66a1912dae1a509f688f20b0f","children":[{"name":"Product defects","children":[{"name":"Unexpected error:\n    <*shell.ErrWithCmdOutput | 0xc0007c0a80>: {\n        Underlying: <*exec.ExitError | 0xc000691ce0>{\n            ProcessState: {\n                pid: 6341,\n                status: 256,\n                rusage: {\n                    Utime: {Sec: 0, Usec: 66709},\n                    Stime: {Sec: 0, Usec: 15696},\n                    Maxrss: 42924,\n                    Ixrss: 0,\n                    Idrss: 0,\n                    Isrss: 0,\n                    Minflt: 2491,\n                    Majflt: 0,\n                    Nswap: 0,\n                    Inblock: 0,\n                    Oublock: 0,\n                    Msgsnd: 0,\n                    Msgrcv: 0,\n                    Nsignals: 0,\n                    Nvcsw: 224,\n                    Nivcsw: 324,\n                },\n            },\n            Stderr: nil,\n        },\n        Output: {\n            stdout: {\n                Lines: nil,\n                merged: {\n                    Mutex: {state: 0, sema: 0},\n                    Lines: [\n                        \"The Cluster \\\"cluster2\\\" is invalid: metadata.name: Invalid value: \\\"cluster2\\\": can't delete cluster which is participating in any slice\",\n                    ],\n                },\n            },\n            stderr: {\n                Lines: [\n                    \"The Cluster \\\"cluster2\\\" is invalid: metadata.name: Invalid value: \\\"cluster2\\\": can't delete cluster which is participating in any slice\",\n                ],\n                merged: {\n                    Mutex: {state: 0, sema: 0},\n                    Lines: [\n                        \"The Cluster \\\"cluster2\\\" is invalid: metadata.name: Invalid value: \\\"cluster2\\\": can't delete cluster which is participating in any slice\",\n                    ],\n                },\n            },\n            merged: {\n                Mutex: {state: 0, sema: 0},\n                Lines: [\n                    \"The Cluster \\\"cluster2\\\" is invalid: metadata.name: Invalid value: \\\"cluster2\\\": can't delete cluster which is participating in any slice\",\n                ],\n            },\n        },\n    }\n    error while running command: exit status 1; The Cluster \"cluster2\" is invalid: metadata.name: Invalid value: \"cluster2\": can't delete cluster which is participating in any slice\noccurred","children":[{"name":"[It]  QosProfile tests QosProfile delete validation Delete qos profile - negative scenario","uid":"a0a0ce17e682a18b","parentUid":"03892972df7a5f59cfa0aec127e5adfe","status":"failed","time":{"start":1661066603000,"stop":1661066974882,"duration":371882},"flaky":false,"newFailed":false,"newPassed":false,"newBroken":false,"retriesCount":0,"retriesStatusChange":false,"parameters":[]}],"uid":"03892972df7a5f59cfa0aec127e5adfe"},{"name":"Timed out after 180.000s.\nExpected\n    <int>: 2\nto equal\n    <int>: 1","children":[{"name":"[It] Bookinfo tests Bookinfo Scenario 3 without egress and with ingress Should install Productpage on worker cluster-1","uid":"9359b7955083bd31","parentUid":"3c634cda405bcc644ebbb5ec0022f15c","status":"failed","time":{"start":1661067789000,"stop":1661067969265,"duration":180265},"flaky":false,"newFailed":false,"newPassed":false,"newBroken":false,"retriesCount":0,"retriesStatusChange":false,"parameters":[]}],"uid":"3c634cda405bcc644ebbb5ec0022f15c"},{"name":"Timed out after 180.000s.\nExpected\n    <int>: 0\nto equal\n    <int>: 1","children":[{"name":"[It] Bookinfo tests Bookinfo Scenario 4 with egress and ingress Should install Productpage on worker cluster-1","uid":"a224bd6eb76479a9","parentUid":"f985ec39eaad8754c662cf805e30be8f","status":"failed","time":{"start":1661067789000,"stop":1661068015278,"duration":226278},"flaky":true,"newFailed":true,"newPassed":false,"newBroken":false,"retriesCount":0,"retriesStatusChange":false,"parameters":[]}],"uid":"f985ec39eaad8754c662cf805e30be8f"},{"name":"Timed out after 210.009s.\nExpected an error to have occurred.  Got:\n    <nil>: nil","children":[{"name":"[AfterSuite]","uid":"c0f235961401dc12","parentUid":"dd7c81ed8d0bfce45d7c50384547b0c5","status":"failed","time":{"start":1661067789000,"stop":1661068009799,"duration":220799},"flaky":false,"newFailed":false,"newPassed":false,"newBroken":false,"retriesCount":0,"retriesStatusChange":false,"parameters":[]}],"uid":"dd7c81ed8d0bfce45d7c50384547b0c5"},{"name":"Timed out after 180.001s.\nExpected\n    <int>: 0\nto equal\n    <int>: 1","children":[{"name":"[It] Bookinfo tests Bookinfo Scenario 2 with egress and without ingress Should install Productpage on worker cluster-1","uid":"ce147a4e9d357862","parentUid":"3e932756bdf81f78640629990f56cc39","status":"failed","time":{"start":1661067789000,"stop":1661067969260,"duration":180260},"flaky":true,"newFailed":false,"newPassed":false,"newBroken":false,"retriesCount":0,"retriesStatusChange":false,"parameters":[]}],"uid":"3e932756bdf81f78640629990f56cc39"},{"name":"Unexpected error:\n    <*shell.ErrWithCmdOutput | 0xc00000e108>: {\n        Underlying: <*exec.ExitError | 0xc0004d4520>{\n            ProcessState: {\n                pid: 7266,\n                status: 256,\n                rusage: {\n                    Utime: {Sec: 0, Usec: 158076},\n                    Stime: {Sec: 0, Usec: 24319},\n                    Maxrss: 53384,\n                    Ixrss: 0,\n                    Idrss: 0,\n                    Isrss: 0,\n                    Minflt: 2209,\n                    Majflt: 8,\n                    Nswap: 0,\n                    Inblock: 928,\n                    Oublock: 352,\n                    Msgsnd: 0,\n                    Msgrcv: 0,\n                    Nsignals: 0,\n                    Nvcsw: 693,\n                    Nivcsw: 368,\n                },\n            },\n            Stderr: nil,\n        },\n        Output: {\n            stdout: {\n                Lines: nil,\n                merged: {\n                    Mutex: {state: 0, sema: 0},\n                    Lines: [\n                        \"install.go:178: [debug] Original chart version: \\\"v1.8.0\\\"\",\n                        \"install.go:195: [debug] CHART PATH: /root/.cache/helm/repository/cert-manager-v1.8.0.tgz\",\n                        \"\",\n                        \"Error: INSTALLATION FAILED: cannot re-use a name that is still in use\",\n                        \"helm.go:84: [debug] cannot re-use a name that is still in use\",\n                        \"helm.sh/helm/v3/pkg/action.(*Install).availableName\",\n                        \"\\thelm.sh/helm/v3/pkg/action/install.go:483\",\n                        \"helm.sh/helm/v3/pkg/action.(*Install).RunWithContext\",\n                        \"\\thelm.sh/helm/v3/pkg/action/install.go:197\",\n                        \"main.runInstall\",\n                        \"\\thelm.sh/helm/v3/cmd/helm/install.go:264\",\n                        \"main.newInstallCmd.func2\",\n                        \"\\thelm.sh/helm/v3/cmd/helm/install.go:125\",\n                        \"github.com/spf13/cobra.(*Command).execute\",\n                        \"\\tgithub.com/spf13/cobra@v1.4.0/command.go:856\",\n                        \"github.com/spf13/cobra.(*Command).ExecuteC\",\n                        \"\\tgithub.com/spf13/cobra@v1.4.0/command.go:974\",\n                        \"github.com/spf13/cobra.(*Command).Execute\",\n                        \"\\tgithub.com/spf13/cobra@v1.4.0/command.go:902\",\n                        \"main.main\",\n                        \"\\thelm.sh/helm/v3/cmd/helm/helm.go:83\",\n                        \"runtime.main\",\n                        \"\\truntime/proc.go:255\",\n                        \"runtime.goexit\",\n                        \"\\truntime/asm_amd64.s:1581\",\n                        \"INSTALLATION FAILED\",\n                        \"main.newInstallCmd.func2\",\n                        \"\\thelm.sh/helm/v3/cmd/helm/install.go:127\",\n                        \"github.com/spf13/cobra.(*Command).execute\",\n                        \"\\tgithub.com/spf13/cobra@v1.4.0/command.go:856\",\n                        \"github.com/spf13/cobra.(*Command).ExecuteC\",\n                        \"\\tgithub.com/spf13/cobra@v1.4.0/command.go:974\",\n                        \"github.com/spf13/cobra.(*Command).Execute\",\n                        \"\\tgithub.com/spf13/cobra@v1.4.0/command.go:902\",\n                        \"main.main\",\n                        \"\\thelm.sh/helm/v3/cmd/helm/helm.go:83\",\n                        \"runtime.main\",\n                        \"\\truntime/proc.go:255\",\n                        \"runtime.goexit\",\n                        \"\\truntime/asm_amd64.s:1581\",\n                    ],\n                },\n            },\n            stderr: {\n                Lines: [\n                    \"install.go:178: [debug] Original chart version: \\\"v1.8.0\\\"\",\n                    \"install.go:195: [debug] CHART PATH: /root/.cache/helm/repository/cert-manager-v1.8.0.tgz\",\n                    \"\",\n                    \"Error: INSTALLATION FAILED: cannot re-use a name that is still in use\",\n                    \"helm.go:84: [debug] cannot re-use a name that is still i...\n\nGomega truncated this representation as it exceeds 'format.MaxLength'.\nConsider having the object provide a custom 'GomegaStringer' representation\nor adjust the parameters in Gomega's 'format' package.\n\nLearn more here: https://onsi.github.io/gomega/#adjusting-output\n\n    error while running command: exit status 1; install.go:178: [debug] Original chart version: \"v1.8.0\"\n    install.go:195: [debug] CHART PATH: /root/.cache/helm/repository/cert-manager-v1.8.0.tgz\n    \n    Error: INSTALLATION FAILED: cannot re-use a name that is still in use\n    helm.go:84: [debug] cannot re-use a name that is still in use\n    helm.sh/helm/v3/pkg/action.(*Install).availableName\n    \thelm.sh/helm/v3/pkg/action/install.go:483\n    helm.sh/helm/v3/pkg/action.(*Install).RunWithContext\n    \thelm.sh/helm/v3/pkg/action/install.go:197\n    main.runInstall\n    \thelm.sh/helm/v3/cmd/helm/install.go:264\n    main.newInstallCmd.func2\n    \thelm.sh/helm/v3/cmd/helm/install.go:125\n    github.com/spf13/cobra.(*Command).execute\n    \tgithub.com/spf13/cobra@v1.4.0/command.go:856\n    github.com/spf13/cobra.(*Command).ExecuteC\n    \tgithub.com/spf13/cobra@v1.4.0/command.go:974\n    github.com/spf13/cobra.(*Command).Execute\n    \tgithub.com/spf13/cobra@v1.4.0/command.go:902\n    main.main\n    \thelm.sh/helm/v3/cmd/helm/helm.go:83\n    runtime.main\n    \truntime/proc.go:255\n    runtime.goexit\n    \truntime/asm_amd64.s:1581\n    INSTALLATION FAILED\n    main.newInstallCmd.func2\n    \thelm.sh/helm/v3/cmd/helm/install.go:127\n    github.com/spf13/cobra.(*Command).execute\n    \tgithub.com/spf13/cobra@v1.4.0/command.go:856\n    github.com/spf13/cobra.(*Command).ExecuteC\n    \tgithub.com/spf13/cobra@v1.4.0/command.go:974\n    github.com/spf13/cobra.(*Command).Execute\n    \tgithub.com/spf13/cobra@v1.4.0/command.go:902\n    main.main\n    \thelm.sh/helm/v3/cmd/helm/helm.go:83\n    runtime.main\n    \truntime/proc.go:255\n    runtime.goexit\n    \truntime/asm_amd64.s:1581\noccurred","children":[{"name":"[BeforeSuite]","uid":"631ddf7684dd345e","parentUid":"705933b695d33a40e26ce5efbf95a73f","status":"failed","time":{"start":1661069110000,"stop":1661069110504,"duration":504},"flaky":false,"newFailed":false,"newPassed":false,"newBroken":false,"retriesCount":0,"retriesStatusChange":false,"parameters":[]}],"uid":"705933b695d33a40e26ce5efbf95a73f"}],"uid":"8fb3a91ba5aaf9de24cc8a92edc82b5d"}],"name":"categories"}